4435574
2021887
8160753
5773584
6720659
6022121
-2376206
551431
12579831
10702347
11825247
10367141
1780478
2165689
1991097
8302746
-1788301
2748155
13176419
15021696
-1322367
7957767
6468046
10014268
4983437
4449633
1326920
6097646
322071
4377938
391754
11410246
2756324
13051065
4768849
-378453
9298224
3215524
7267428
10043099
7507965
1148263
2531289
6324681
7692588
10686489
5889410
8332193
3695596
5692604
11456754
13156997
5461443
3608707
5215937
7109005
3954155
9344627
3051418
3204590
9078872
10148169
13083114
8876162
2169094
-60878
6147719
8268960
6642817
9530024
7009339
3611853
10099140
5820366
4560189
1240211
11756873
7534880
832798
6586947
336977
4465019
8979859
5615341
3759513
14057285
6108475
4141553
4567865
15909576
1573861
3228089
-54903
7455507
6495053
2628549
2612567
2005341
7313163
8854690
-1508933
12241655
12807725
12948090
10624287
14587142
10872128
6287466
3967785
14172077
6264551
1413265
3494449
6671570
597107
5107301
5076276
4369723
4438263
7083777
4109971
6249435
282529
5354320
3526000
10459658
5438264
372633
3479686
5361370
2280478
7688481
3888307
13387492
17119053
-65282
4733846
1174275
5246890
10419194
3401376
13552760
1036900
148620
795846
2306533
12558894
4510083
248542
-3843889
811822
6410756
2818784
-1513931
-544838
3713760
329917
377890
4125204
12452610
6499088
6399953
1683427
8380857
4498794
2920720
2741963
5810121
12913
7786707
8227646
11301858
10243475
7280176
1509185
-600211
7570673
11182007
4176969
1609421
475836
745141
6557238
3530626
3545377
-170668
779343
8670600
6086331
2653055
13147597
5900976
1714273
16514079
821995
4012969
5861898
3435408
1636194
11363953
6471520
-88551
2078154
-2406132
3206689
9730934
2582920
13439999
191156
5595603
8172161
5482864
6594582
5122444
3685105
14542602
2971628
4379961
6822895
9464392
5000945
1134468
11613089
9167666
10361641
7143644
6996073
8260456
5745380
5412223
536459
12134026
9561962
5218324
6632005
5277153
13148016
7855709
12928408
1187155
15590172
2842092
5843422
89690
1929998
13508648
9054632
7093485
12767817
-1357406
7235198
-3233869
2176536
5832666
11711840
7056880
12099427
5800157
7397157
10191431
149955
3646390
4304522
5071795
3113138
10417820
5357407
3877265
2405726
5826486
1857409
-284538
1162941
5274060
1629612
8166068
9124738
2697630
231040
10174359
8616348
6022074
9691282
5228627
2282428
9808464
1633894
6270834
2985185
8723908
9283603
4212141
9796955
-180413
4214798
4431945
539634
13664172
-75709
7611302
2841760
7592999
4549087
1331505
9543338
6420833
6333925
7191518
7228630
621866
15327291
1003352
-2348144
5000740
-3215094
-70394
5115363
2123411
12580074
3849213
9668517
6291530
8587763
1039104
1107526
6408924
2904910
5615048
126209
2007745
3157774
4340805
8008462
1142094
9311297
10332141
1933022
5685695
3607965
3098916
3567354
4694777
5335983
6661628
2505183
6787639
9580258
7227704
2348834
-1551438
1343206
6913497
1023343
8010923
11655621
7198475
4459601
1785824
13172260
2477660
10887719
-199135
7891927
5369611
6343238
4706581
5996690
6585956
2912782
8647911
13314273
1831563
5713620
-3649317
10643856
-56777
4976865
5188393
5425711
6252060
11614866
605783
4186364
6519339
4136192
6829343
16458798
3721764
6108696
12490909
3995514
12551810
2752967
10846768
10233636
-121827
108733
8376778
128591
3976910
3563523
3814887
10543695
5847171
721452
9402804
3687951
-2229223
2893833
6496320
7468932
10210927
9824873
4969940
6579781
7042490
7704283
310078
6989879
17484933
5126470
6340296
11021687
10279498
1983136
4662796
2241607
12605259
11920238
6689621
554213
5556120
6730084
3945619
10226363
6414409
5242913
9741124
6282775
11663398
3426373
3199479
4360535
691887
1003095
2199298
7080387
6855932
-1535615
4430719
7531884
5252800
1224292
5195938
-3730448
2413242
1001465
5458410
4913278
1196924
340782
4727279
1337195
1017096
14190651
6998285
7556359
2518500
90209
5270274
7131457
5637612
2973589
12486086
3253887
5862259
2253695
3836207
5761649
5729402
7110133
6383376
6467370
10391942
382154
4633582
3908315
7229809
-138721
5302767
3610369
6531538
4428175
-1099641
10711951
-1219872
1856000
783779
4173835
10220641
7515639
9993924
11289654
-95906
4804170
2198161
410320
6124413
7101385
2027532
4819195
7739680
7758184
7096147
5746680
6601348
4104145
10434256
5385334
1058589
8982653
2763169
4174995
12333968
3544907
4465947
5830358
793093
8676163
10862849
8707016
5817592
9453221
2062664
8397022
7157226
88885
2227868
3976584
2555157
4202514
2280118
4451199
6243745
4579330
7649801
6391489
13324019
4368163
4043569
5096376
5510969
2224167
1497517
9798748
5579417
6146048
7302064
1053912
8347145
5496259
2282460
7658542
1828542
5879963
6207210
12058698
1130850
5539315
6523998
6612337
6429917
10265797
-1099127
8591725
3815006
6855227
7117265
3354612
8308531
9011032
5556767
10942164
5159004
566770
4584116
5995585
91206
4440335
6936139
4924089
9557867
11498903
6234485
9086980
6658505
1324810
1501378
12199044
9405027
10851213
14096574
730816
9950379
4794863
4764582
3630447
11680241
10393027
912132
-2567808
10254785
-155296
7385502
14580303
1540204
6415327
1813560
3453882
11218806
-87651
9884123
5107243
7306284
1012208
4195365
3224440
6163064
828460
7235330
9385924
-908339
11030931
5837939
3060266
4170479
2523837
1161209
5047694
357912
-927049
6224858
3363504
5390024
10948859
-607528
-449135
4555909
1357540
372162
5640572
8083002
9424882
-3342740
5312586
14586168
10758345
-2431501
11257935
884595
1462128
-470929
3876973
3969591
4218713
1979181
-11778
15633785
1253664
5613460
6193161
127692
13779881
15630488
2656846
7132696
7342587
7576800
5477354
17014236
1047417
4227388
3498180
7611778
5507347
5891799
6163925
-1547849
14172972
5257899
3323395
237551
5960656
8643760
6726830
6293346
5245357
1798853
3982524
20868
5111313
6403335
-124344
2754301
2751917
14812544
9870787
-3216285
9807236
-1586702
2635570
3327826
10506946
1695298
2936578
832597
-3329090
3360559
5832348
1535331
4367756
1346846
5035284
-2792576
6048877
4205746
6912665
7585107
1905929
1544697
6960427
-1399434
12196957
6955140
4779356
6217863
15496843
16251134
10856831
1088417
10803170
587926
7692567
4745623
5534492
-994192
5603907
10940506
2051750
602197
5823299
4708763
6220024
4910740
5891446
3218795
805238
204664
4073944
4848669
-305231
10981917
9375509
46244
12370388
9214637
10182627
-1148185
8109901
9904729
3293354
5443603
2915909
6398498
758754
6693183
4050688
1424372
2674516
4679891
2517427
11478020
6989387
4639307
9837973
-137454
2419317
569132
12230933
3825885
1884797
2934358
5222280
1043814
6572350
7080332
791538
6450493
574359
-1397500
18062442
6309583
4455493
14030047
3564278
13514184
4768144
11067841
10978111
15416384
9859278
1889407
11394029
3818272
7147222
5099363
3260711
924697
4653269
2805221
4823870
10562150
3792099
-1914502
508482
2944876
6032794
4435973
3882610
853781
1854911
13944592
1693944
440123
5692352
1700305
7779801
8287610
1712816
10596776
1063145
3759425
10434873
14884655
10894434
12093423
4082053
1528455
9542037
11762363
32332
3842934
3733096
6907096
6439396
2815672
6264463
3029089
5135300
4536070
-1321924
2249534
5658489
1330588
950117
7173224
15682545
8162040
264099
3226800
12154601
8612300
4905772
11466717
12597869
12253027
8528131
10280985
1544568
11620854
11964547
1654783
8510037
-63854
8936226
2947040
7184497
5387301
4424406
3442990
523227
9429434
1522439
4025202
5282546
7394451
12846096
3063051
10378401
1457069
687105
6214288
1759195
10159904
9147256
3210244
4520829
4727106
4833920
849071
4628397
10825428
8474502
672249
6394899
2468147
492049
9502989
6548500
6116343
9661055
733570
498812
10193671
12571639
745805
7303270
4214722
9598272
7051704
4519947
-89780
2313773
3528908
735964
80732
1705447
1320029
10890941
5748996
7139400
2879328
6028933
2909670
2622670
5931637
8957171
917747
1625825
4200301
8631433
6373586
14337798
3332174
2188712
1235173
7241315
2028646
791959
6110029
9108574
10451333
4253481
16560284
8401164
5767185
11860612
10013057
10235462
-1233709
2717861
5415265
2937387
4437668
634824
8140337
-1611872
2256344
9408412
4187375
1221026
4006303
6500019
6284217
3706318
14328758
3743995
268571
1325081
5517600
2836532
10427
2086978
4121888
209907
10731572
3329152
6336633
10103375
1562016
1076661
2052572
12946233
6205775
4801345
1616332
5785139
4128944
5087878
9668558
437972
-981353
4211617
-169601
15411545
14233314
12800581
11306289
515989
5625895
6174988
4158718
1902614
4710303
8398115
-877077
5711466
8028764
1203979
5281959
13457168
7071293
-3159475
510427
14576208
4941983
3666477
4339106
4391387
64963
4399741
6761820
6581558
9655655
6085251
-361718
4505229
6857187
13586175
2702211
8806512
13384207
7305588
3247072
-750829
755620
3359461
2927164
2024331
386411
11123689
9334716
4558270
10234683
2354387
-1071350
3626991
8960654
820583
8715450
586858
4350262
10382505
9722349
4505018
1628660
2875975
8741412
10278118
10631566
12793595
3165234
-3156904
2370222
9846364
4620832
2228705
34778
6521815
4246934
3555753
6908846
4752911
1145855
10990736
570182
1519515
6256753
10070736
4102659
-192842
6298805
1613004
6159607
2309445
541071
4765456
3356734
2589425
-82149
3782850
-459669
8480368
222225
2014199
1982643
4599281
2651290
254280
6620324
12621135
5589521
9441391
7011930
3066786
2956943
6728576
1031047
4305354
3790563
8094373
369045
6205828
3808359
4598702
10145933
2105554
5061157
7275633
951968
-133080
13089461
3851169
4558403
399515
355789
5507131
4197232
3295349
8029506
9084374
13007398
1427705
4380974
14756207
7563083
313891
3968762
4552490
10036785
5768190
7002127
154255
3669461
6943910
640561
273507
4573470
1938249
12289394
6528887
1590219
7393899
4446730
953464
3646854
9616992
14847602
6054816
4761880
11904845
4567062
7700501
8450562
6243729
3121587
1565643
4163981
6638276
76919
6978436
5330321
3028973
5114908
740679
7527166
2989032
6509175
1409972
5986150
-2589250
3600955
2600511
423308
-3612500
6364457
354118
8177113
12452962
5998089
-107431
3183921
11252122
8734970
14614055
9165398
6941274
3623113
11881324
1469276
1053992
-949193
2911553
1828741
2149746
10456722
2672401
3417740
183776
9297962
1003577
2534182
7212904
5145569
5295038
5390903
4449231
4910824
-2861
5598294
3139427
4067627
9722828
9721257
949400
6125594
4770582
7264942
-603799
5694302
15409321
9222320
10639725
5977255
167689
5714901
2228553
4494069
11351487
1939805
3011524
11764185
11191070
8389238
4173983
3384902
2541720
-862782
14966817
4689784
3800000
1719189
-794999
-321138
4490346
7757226
3477002
6627127
8761944
3615180
3533785
7578972
399702
5877046
5949447
2689663
9399097
5508586
4440728
2361402
845587
3664001
4580857
5157848
4303272
8581334
-3821728
4233897
6527691
4932446
2511354
14325326
-47770
8063725
1187917
4533300
10811979
4070718
3052985
2937336
575762
1443219
961565
6656481
5793585
13011227
18044
9466705
6496427
6185530
-361467
6990476
4563250
1069606
9988491
7116753
5309475
1548568
8359572
6609037
6147770
3931260
11036351
2165753
-1943612
16404547
5147378
10217807
14573515
3932564
7114999
10622430
3013985
4203708
426150
2666854
-186195
7240055
3148723
8886613
2466177
1484631
4187249
8016218
3639556
-1119547
881272
1492547
1954157
7400706
10060113
6459193
3470815
4393965
4643819
5638925
10006178
13098091
7003777
6383952
3078105
2152002
4257007
4620053
616528
1409535
2858749
1868134
14258695
5458342
4336797
519058
9345692
7218634
2895601
2298850
2038943
3938534
10368407
800621
-840605
-906590
6318973
11455637
580460
1445289
3195336
1935651
4793657
-102038
5370308
-93425
4571448
3350459
287446
4833597
4094009
2191375
106792
11377231
218992
14457791
5418019
567862
13032120
3404336
955479
2456552
7715649
7471994
4243466
1352488
1885431
7990404
924579
987026
6572113
1212957
1619720
3534217
6587187
414686
14621945
6873579
6302806
7330371
-133242
3530144
4216471
6277947
8067283
3503826
5720073
9858487
3285090
9845981
6911201
9644800
6849491
5751765
9412591
3220225
7261759
-1324909
10782601
10555878
1900131
5464655
6298029
2603407
7198810
16825202
-348010
924035
464238
967887
475395
423443
15551243
1066517
6207576
9945013
-209764
3715769
4859159
392815
1333816
5456905
-620297
4272863
10799031
10540678
2700467
11008497
4722863
4769904
7024880
5872306
47764
-1148272
624322
2848031
3490332
2118687
-518936
6043747
4589904
4888639
7030142
11565817
9070954
6430873
10029511
968986
509429
3085948
3953887
1757842
2949948
6195787
2234841
-75415
-2707167
6402447
1872044
800651
3099980
10130952
1269139
7945382
690036
9634162
4069616
6196202
8131880
9629539
9198460
5820434
7326164
1578697
8587483
14182835
1471209
6600633
12418416
3530803
2243191
6088407
6922837
9553908
4198647
5226202
7163976
5119826
9238157
-920493
-1139122
17076581
4714160
2376095
10616525
2357402
2379022
-1968069
5594950
6296750
-760150
7239568
1157656
-92038
8708583
6411824
4235346
303379
4049106
1711338
101676
3053263
2752019
1795255
4014235
15780973
2559719
15799037
8518815
6292632
741341
8208935
3541969
4323513
6070575
11353685
11962804
580420
7141211
17518584
-3480890
695133
2842680
5711990
1552631
1369537
3116491
10538927
5051899
2104446
5053553
14392551
1186038
2917658
650688
12187650
7533985
9948692
3361419
2028968
1226576
3053968
3495543
1625957
7079560
11731994
9213750
9743717
3136221
13046190
-247359
2275151
5504611
2030958
1679270
6286180
6732214
2759844
12470810
5325085
4830564
1651963
4987987
6366691
2262826
1765707
6449127
7233248
13027917
6045371
1877750
3633268
11710783
57962
-1173239
14246977
932412
1219765
9651404
7360920
1945552
13096910
13019636
662083
6638312
5734572
5601267
5037819
274523
7216334
9147999
4579375
888973
11961378
3178217
8282037
13313923
10227549
2271143
11153565
8954888
12482644
1324395
9852524
-2010456
789122
5070255
578066
14126661
7242905
7015421
9099232
583919
-783669
1156594
-1657021
-1806551
8950093
6104
11229301
5488831
7984441
1504374
10967889
6707920
3233265
-1031758
6647407
2761474
3248045
13598591
11820211
2552696
-1530870
709492
2060220
3987798
869041
-1364192
914665
8315191
10371884
613981
7821178
12607932
-677451
4214869
3730936
7486157
1312198
3524678
15753811
-90394
5975517
5658616
3447558
-3078453
13524548
1275493
3173164
10666523
1541141
1838056
2686775
5948352
4873265
2167770
7202174
6275327
4147707
7063422
2463348
5823237
1826094
4898478
9691217
7060325
6483992
1577479
4055602
1943947
6866916
8339260
4632519
2007884
8584491
3438343
7591836
16845574
2156762
4573111
2735918
3897032
12860160
5790871
2358706
-2128754
10379419
2218226
7993250
9935714
13314323
6595647
6915442
3450109
1556809
332386
5994733
3217562
-195936
10375673
6937161
-947407
1820743
7484032
13124794
6148034
4463802
15119528
4554328
6309845
16868323
1622208
10233288
10725056
5773273
5289436
4850501
1687454
3840636
9091991
5663348
5634739
2619930
16182083
10939082
6479090
5348470
6950808
1288606
4782173
1397343
5366239
9021311
10235423
10608722
2607126
12654299
5499637
11259795
-357774
3088116
9112092
4546306
120378
2861818
5623137
604453
-798611
-785132
6353655
8344657
7255460
498796
9742211
10838736
7559350
9047645
6913191
5407075
8488460
11395617
1969191
9546105
6972238
4171516
820786
15712418
283218
7423034
6758063
6584040
4766654
8695453
1402999
9063429
6716075
3170461
6652300
1551835
4993734
-113548
10576201
2071918
6708818
1208010
5608575
3093896
1332781
4973445
4393001
1687829
13702552
-628158
3489741
6771852
6238378
4692136
5980902
2864642
4832930
10684357
658528
6180610
2119468
4754025
5803203
2000929
1028645
6197959
10401373
10011923
1081845
2716561
6226036
-125717
11171139
678497
10876247
12320601
9917606
1760894
4194585
10999176
11300599
11301159
176789
9341596
-3281882
1820006
1378785
4511817
2665140
3686981
6216419
-275079
10632578
7547908
4116115
11167835
1116329
10559306
4822434
1089297
545516
15500121
7340196
10662913
-1911810
9272000
5614824
4099419
-931056
5698988
5903534
535600
962625
7049589
10734921
8501253
2180029
12000773
8530908
9435723
9588287
4993918
2945411
5338976
1234390
7512613
749758
6023964
3260470
272038
4428264
15754464
4752054
4350677
5875631
4453185
6180884
-542867
-17912
9912813
7957390
-66455
1705503
6462571
4021316
3564202
7996393
4809443
5383439
-518294
506130
2209243
12776094
5603745
1306055
2601146
1525122
3973452
7462619
4602540
11135875
8170387
13159417
3492745
7449706
13117827
2608461
3209815
10649067
3223659
16615103
7491515
1637677
5762288
12112394
13569282
2732220
15103998
-2341233
6552071
1560337
5506341
1061505
2032114
5872171
4476012
7515739
2156417
1361562
6885172
-3400365
9427698
3340760
-3478090
6107954
3925282
4299291
6143558
7848433
4469350
-219683
426049
8113029
-1132312
7185172
15775615
8584993
2693914
30547
5992302
1530805
286620
6191297
7921164
1282867
307542
1335522
1135812
-109705
4904891
7340986
6530168
1090928
10086091
177036
3173515
2592831
-120922
2816419
16588478
9571692
599966
10527579
9776350
2535501
6333671
8793699
5854436
6307363
10205953
2064187
7568068
5960514
10196809
-592923
3360380
6404896
5523734
8444025
1096360
2579308
5639720
10348268
287864
4048018
2786749
8645589
1239642
4490935
11501075
7212199
12227792
1661694
5305507
87435
6568682
4688739
4915185
10014371
14614290
13363553
6496129
8073663
727631
1843674
1710114
5616351
2333225
-537974
5555697
11519226
-357080
1408363
6450703
7364812
16646344
5434574
6528643
-90080
3428235
2941763
-1459303
-363112
2042133
8589283
13635845
-314533
5416829
4618844
5435710
725384
-352082
7719322
3815705
3089091
3309403
10172563
1647221
-203178
2371733
17787830
15897199
3951299
7702303
1296910
2717310
7123328
10983667
6337549
-1344547
14992597
859128
4268616
3617316
8844956
4755341
8964908
10219925
5886951
1975979
5161740
5285637
2008732
3334452
8824313
6432409
-2633216
5589120
2269493
92848
7060138
7097757
852382
1152112
1727283
5565866
16892055
5792050
5151119
5444061
1452275
6505168
6921127
9742887
4762038
5793849
1323182
2945778
2815648
5171959
372988
1655725
7035846
-189778
4662354
3321921
7296276
6320248
864967
1204210
9751718
10502497
2436420
6392921
9788939
-297039
4956579
6908123
6797455
21141
7009709
-1530655
6560339
10547986
5906056
5004171
-81239
4228257
3386729
3045794
933656
3817546
5229937
569887
623366
3682254
8056013
-719696
9971134
1483546
9026097
5838229
2763158
5047099
5930927
13407593
12573410
3480888
-189950
3467247
11639008
9054621
9471525
12974550
9374642
14983293
7450841
9815822
203224
-3948001
5268565
9710944
8639718
10161125
4891007
1391781
9763369
7212338
6564236
5819263
9560666
1105713
6447733
9112509
10240099
13645525
6865475
1763044
737109
-581811
3499612
8212640
7938531
763882
2787429
869277
-24547
6494661
4694296
9857712
3934011
376529
5516291
11226908
3706693
6505541
313187
375545
16320020
-1178140
3954808
13640659
3307489
13983736
7622539
5521994
9728144
883533
754224
3573403
7569835
4696216
-38179
6630014
-1415619
3808875
2652690
9619488
4922354
6165405
1749111
8095709
7506341
7253320
6780381
1582598
6316382
8161069
6260646
6436780
4260721
-2757836
2891087
564159
9133926
3103416
399264
6264021
8072246
2377567
2962368
-207241
11088657
8272899
1064744
3798902
3315650
17324970
2164481
877530
6502455
-319
5663905
4327111
786832
3631658
121636
7226253
37603
11330586
5751445
336232
8250220
2893935
10453131
844805
16562032
346491
175379
4209920
8882204
5687017
6804117
17460966
6714142
515815
506075
1786126
5774364
8629676
912630
7844264
6106555
10918938
4992706
4082399
6006763
5323329
6385004
3939324
4050740
408754
7091798
9431228
3183808
3282589
2155809
7689576
5582911
2461951
655912
7242102
5063784
5926244
10904833
-1111230
1874496
3994361
-645714
4167228
5400413
7166768
-222032
3761444
10381396
7708739
4577631
10368952
-283478
9219480
3236020
1652611
16453102
8503233
14804984
3029715
6267337
4525208
2569568
13361667
12077021
4463353
3664641
12822045
479526
41069
4306627
6540480
838096
14110
435414
8313382
390929
6303503
9973239
9504201
4999212
134716
651373
1506925
6202617
713829
6875612
4929664
3065306
5071958
8823358
12353754
259982
6876627
3105492
194824
11968117
4404563
3661800
6657513
1772594
13436615
2655829
6518067
-502286
6022193
1291550
2480895
9903730
11324162
158491
2837293
1059533
489270
1742732
4250103
6553109
1472539
7872129
3877100
-4002740
7400685
6885073
-1427119
14264081
92961
3569
3137797
3744420
10948311
9345229
6118109
12915401
5096988
4221894
4274362
-2520776
7568530
1025306
4945262
3400871
431563
9964486
572703
6135931
10420902
8349867
6573285
5033506
7581070
-197765
8148096
6664142
9245480
3074896
5702391
8483572
-99816
6100637
-119655
1473091
48615
9142466
8654134
4556170
6744211
12467705
4066958
6563859
12780218
5882804
6016339
2196607
17845405
9327622
1260582
6591029
-94040
13256573
1783145
2069661
6256751
7097417
991330
4822929
2568394
-538097
7310769
4978081
4228384
-3259090
8804962
1707367
7085796
4965976
2490799
7637355
9288204
10083398
7838765
5150605
508302
6497668
4561220
4625411
3168593
-530428
830716
-261540
6308157
5630793
2905404
8920931
5443970
-630512
-3684426
12890699
1574281
2681850
7428989
5770853
4251560
-802529
5467096
203325
4939090
5396524
-1100573
5861115
2154648
2940069
-2404
-55417
6081713
11198950
6235460
7425498
1750398
4251376
8281833
3785340
8742967
12080
10791004
1533516
-269409
8425217
5774697
141683
10064369
-3599030
4777654
4336436
1744791
4344427
8450072
4783220
-28376
8988533
7137628
15962798
6400985
387602
2191518
-572949
-1918060
4635781
744274
8537737
11146887
2721335
6551294
-3274490
8154744
11108061
9808839
7380373
3193739
584222
8958078
558138
13137347
2782883
867284
10435270
2898336
4750371
5121166
-1809395
5316040
5656220
6825887
6017442
10084234
3762546
-763965
3379338
7037798
1294203
1357933
6196923
12349575
6521907
3065393
12264649
5485787
816889
11288239
11071664
11229591
14447671
5511745
1879144
5382876
2742809
3102014
10146878
13814574
3819195
6854860
8315896
3663797
-2499
274095
10123147
2450181
1739268
8384407
7546948
3980451
-3766543
5046314
7499179
9357088
1391366
14724484
7794204
7167180
2837679
32440
10969116
4208113
10446859
6811282
7072213
6968051
8129682
449725
1863615
2196891
4835882
6797622
12068422
7383639
8904630
455380
11315074
625777
5030022
2527540
5801308
1338512
6092815
4460183
7694111
1140208
6491135
2014720
4190163
10154800
10433340
7590065
2398230
9785731
13623766
1006537
974249
6185518
-171169
5792772
535152
2099866
5191646
10936644
7783745
926612
4178502
-319052
11006069
7660323
4815566
-266709
8648875
2511074
17177594
342957
2974904
7742015
9026535
5708903
8140982
10457849
3129803
2710929
3979992
-2298124
6811309
14288270
255647
3805357
3746264
11543468
-672302
10976546
7732420
2068890
-1351214
2215737
5866236
-3507088
7351569
3925474
9285295
11128802
3965385
4537090
4318487
3379315
3244757
660077
5783845
3507909
10459751
5784835
6461886
10353105
798334
-10752
6339943
3567628
1136909
11948593
-219898
7591204
3869175
2605759
5982482
3880505
-988423
3117202
364938
14024314
10241633
-3004113
832560
-1524552
11975461
1645612
7872425
9260485
-2266444
-175400
6066519
9534399
5147244
2792238
4772107
7040845
1540749
189321
-88516
5328708
1719251
4372846
-2753839
5130135
888561
3932203
5647031
4750309
3264166
10283473
2799746
9976286
1702427
3461202
11057512
6308544
2587821
1016584
-92738
6490717
7008329
6957641
7805882
7718024
1433778
5278840
3721013
5495886
8760308
245406
5583547
5099411
5721549
10049375
409632
2723361
6796928
-558022
4921439
-77889
10507031
3634166
3917646
4085266
8321329
8253429
1466802
11932
4071197
9443227
6658661
-990351
5739286
65269
5191763
6761881
5860293
6575989
2648176
8130808
9194389
7112909
6706740
-188477
-292
15269964
6797655
3159274
6529460
6540258
7208426
5568679
2032641
4909494
2511130
220438
7223808
8388832
1288212
2371059
10202926
4483289
5648081
4635752
895665
890425
8137533
5007699
8739688
6556145
9975015
627901
9993997
5917067
9203238
1430884
836768
13269325
3021972
3286907
3209748
-206604
116542
5477343
-1297118
2719585
3546096
16189885
6274875
-2501010
4614268
4533442
-2127729
3917254
612204
-3275132
-2907906
2008066
9207840
4429919
461416
13038711
8248396
9603290
-18811
5650331
3159298
2147361
3576835
11916973
710134
14572575
1350524
-26355
2314509
9954201
4900499
9555909
11291668
6382391
1693111
9868778
8069384
13703317
-1102852
6106286
4430564
5002719
10658583
2156088
3093039
13985071
8881354
9042531
4788711
10973140
7203670
7570921
929417
5581342
7197526
12822601
4144503
-28091
3100507
5524508
-3465687
-1102595
2968434
4637926
690478
4480012
851333
-3267046
3626335
1653125
10165723
4783379
305176
3071245
253970
10532741
9543935
3046642
1122060
7107030
3859899
10869687
685127
2389312
5225564
5346211
3558823
1119361
10660223
6439353
4793640
4441637
2473486
8232268
12330621
7109712
7405518
3048162
6761450
3310832
1263633
12885257
7134325
12700822
14340843
15608618
9023517
633768
3485658
1246946
6777189
6335410
3181156
6426045
5548194
2768169
9069803
9430836
2978492
4524123
9055980
5070553
2236955
6241432
703004
4668918
2845437
-186152
5438726
3732762
2940386
753771
970547
7926412
8168016
8632059
10598879
-1087696
592916
5285917
5949762
919822
-636404
3484166
2040129
5366390
10675933
1460053
4899149
4010707
2839054
178298
11691896
2881804
2435919
9782729
-46337
10317900
4428341
8290684
1021342
14464725
2000631
3872618
12704038
263322
6341706
406704
7711643
1027063
456411
-4481119
-118339
3864174
3658283
2407695
3039743
4121920
2724346
11245758
3990419
4462020
6618582
-147937
1708282
10648615
11764028
9206063
1472322
6113439
11245555
5815952
6322178
7912403
5372975
3124512
12346069
3945599
9550017
3565906
7040348
9049966
-775695
3200039
327525
14050295
6224675
6552982
10332232
1742298
2700525
6616825
7524699
5784558
4448304
8866270
8166183
5546611
3632665
8739249
658386
7076994
14101314
3530146
1055345
5251584
2415722
8788366
1610037
2245143
4077246
-2998392
467713
16984
2656748
8461509
3605969
5460354
3233422
13738469
9248470
8828362
4125515
5517415
9409781
3836965
5991039
6103923
5966819
7318101
376373
1128635
3836833
1775939
7009188
1216556
4285495
12444958
5902422
-169644
10502571
7301753
3492559
5595454
7028652
16696555
-358300
2747193
-3621868
8526831
6259817
1185088
10193931
-43059
5002221
14491403
9710907
8409544
3063565
6487051
1206250
11580844
10399172
13385589
6604584
5071942
6184341
2816299
10441184
-445483
9989025
1813739
6111253
3439042
8729680
2105207
4463897
2750244
3004199
5575868
2033218
10941682
9084591
6495518
6789843
11367203
2961173
1163730
2666153
5631072
7640478
4382799
11413199
7369892
2123551
10101535
-2366867
581243
577614
5440896
450602
3421571
13071434
5925656
6466174
9905830
4116741
2222952
5668518
71342
3685960
3843341
7911848
4393076
11334963
2111347
11531511
3080513
6102800
10180504
1637085
150831
15361108
5973409
10607161
-137147
3876654
73754
5256620
317193
5535754
1502624
5357629
4380829
952060
5423380
3609008
906493
2936236
3974461
2421634
8508690
4437163
5691217
6992807
5306638
11741175
5020329
-2199079
6781261
2010228
-2341498
70787
1042883
6734578
15533957
4422364
10409174
3778137
-373040
9049363
3617439
16359738
3703679
2790072
5649540
8027112
2331892
3338147
7543068
1944375
2814826
1295129
5149783
1765925
-1371690
16209282
4248162
2291653
4802976
6623602
-420625
4192373
9563812
8488720
2735868
7352001
8574325
8520533
-381476
2522952
3106786
165659
1589846
3111749
10341463
7612405
3776434
9473610
5344001
2961252
5660488
3048673
8322457
9618009
3407922
2629553
10988293
338816
998544
3169859
1946251
3808269
7515796
5289519
3274074
10323484
7490248
6598531
2277712
15333604
8558591
12335570
2545831
14013006
2761762
8954679
-2707967
342237
9000986
-918117
10596853
2596024
5611141
6835236
9942708
-2270008
3180994
6144194
10041049
4411362
-1067626
186766
5102835
9350408
4095461
-1166769
272742
4858566
1937826
8526822
1478246
1739553
6928480
2576871
6214528
11246204
13056528
4986076
11288314
576410
5997749
1636325
2367801
1045961
845237
6964778
7719008
6438234
7279554
5219943
1331635
2364667
11393971
3261281
4665599
5843950
8909949
158885
6145274
-808939
5102627
5075330
1748177
3651700
4926041
1397679
7102827
4069490
3167710
1936064
-991777
3676047
7482500
14121502
-817201
769260
6993889
5201057
4967586
6280098
3953838
5117361
2628081
5869221
4113485
2814606
12024972
6854493
6366145
13536455
6113208
3784991
8277160
5585642
3949438
3711390
5075337
5453393
14495077
6843906
98179
850250
9931317
2026359
6399447
-205523
-3137199
1862090
2638897
3915437
142802
124907
1287935
697360
11472297
9525404
3580175
15747328
6365071
6953614
7803831
13001014
1384093
4466382
2637682
8269106
4305721
8898585
12655928
11672168
10620147
9635756
800793
5323813
-390680
3535220
8014357
7949871
7324729
10591625
311665
3820195
3089811
9948349
737559
796849
632500
-886853
16529722
4385684
3968571
5724618
4333982
3241158
6085189
4984388
805384
10872842
7578623
5390930
-228356
11498849
7623726
8928368
2476887
-641078
-250716
7516942
5410777
16021809
10452653
9289763
3862310
780497
4202397
5978793
7762795
2755927
6015275
5532255
1720586
8486858
9834522
5768701
3088175
1495916
6815433
9584386
7804648
-244835
12786307
90364
-709391
1379613
3639944
14297551
3524854
6835967
9401323
5104512
3417837
4465557
3829482
9898861
-23875
14221715
2766810
-1298253
6823791
5609944
3562171
733096
80896
4671513
5566612
6038931
2699439
-37259
1341739
4457673
1204539
16169
4198955
1460165
4845538
5653706
6456973
4428619
12308889
9612749
4246959
14247422
290256
-2632396
15394994
1765051
6586221
5054772
4170282
6558812
1344795
6768881
7494825
-1440541
17472816
1954398
4383879
2627734
3621978
-3309315
3095278
3684494
-390686
4148439
5611778
7997255
2858010
10954736
997270
10024455
-643299
7376673
3327494
377607
4055054
3482343
-1196323
595721
4673109
6019912
5706780
796308
1393837
2431189
8137934
3684696
4996224
11260049
1034901
12953968
10405836
10577555
1521517
15864853
9476695
9690271
4178241
4558672
8337713
5807961
2279251
-44466
262108
6538103
6758473
6838306
3216693
9467278
1433692
72801
9722889
7489742
564303
4630861
3029907
9323238
8845798
17637031
3343902
4716405
2188815
3661712
12854086
-125230
9126246
-411615
7244504
3851953
9617518
3928665
7309605
4092269
6140280
9115155
7424789
5015205
11210800
11254792
12604559
4114403
12622013
10183497
2728374
4910222
-3037097
7296430
943177
9583621
10221989
1313830
3560689
5132844
10713802
6746166
5923209
5563169
5250434
5700892
8421537
4829472
5794739
10621877
3183762
2548974
2684204
132472
5701556
2187533
5053174
2827583
4940741
351664
5573646
-26222
3028111
4983727
659181
4381369
157529
6716254
4037810
5343559
3654586
6798508
2874158
3614703
8923593
-1441419
826972
1044157
5486471
12005229
10110495
5681692
6035384
540602
9400146
3664609
1089431
468304
13091923
5737674
10211179
1805338
3254732
3636416
7226203
1845391
4103735
-523941
3766974
3987458
-3353062
5474385
5081035
6937772
7140538
6590816
17926
3583690
560502
13032970
1572757
3468888
7422765
7813916
11767905
841047
10682999
1694798
4072932
-943003
6308978
7617473
487752
4852117
8087174
6333784
16195712
3144981
8072569
11180056
-129524
-448381
6715430
5389695
-1565943
1167928
4921054
1499939
1095499
-53727
1737743
2662034
848426
2192148
3340205
2481337
7293418
12768035
1719044
6432619
4794961
4661640
7113804
6730911
735799
6679606
9081
1203018
4875129
3230106
-803226
4886517
5258158
4851005
6602721
-300594
1662002
6645927
8987149
2943580
3890381
2940049
6792830
4332209
3886054
5046318
173534
14118092
4816577
9794367
13012295
4580908
-318503
-1230605
313891
8026093
6044764
13037411
5688237
10827766
2484335
-2034403
5358607
2697365
996482
3915411
6305787
8094525
9347101
6613587
338228
-65816
1523974
4502651
4823870
11295438
9106225
9915212
3364613
6415584
3858650
11887429
8807515
7529088
4003966
6045207
2864756
4831833
5406004
5392165
1006343
4766322
1639664
6167160
-1277245
4500912
5817096
5421115
4027987
3207621
4276118
663938
3619169
1112379
2009626
9701437
1105188
10216339
6353826
10317503
1536078
5751650
5864690
7658339
10993150
7181930
3696973
615727
-1704125
457638
5946329
2675102
3171240
3413620
1917882
11903690
14549612
960748
4168906
6225235
15334873
5379559
6352863
10318350
2771994
5670729
6487296
1922284
3155352
14459272
-425722
3194615
11639584
7402036
6634945
-1074094
244366
3755385
8930538
4989665
-119322
4189732
5359920
3370469
4044721
5600181
8750165
7550459
1087982
3957740
1424034
5416440
8052933
8638960
912586
4949708
1888296
1735349
6832561
119641
5180717
15766
3552297
7809910
11971164
7167869
7494982
4228817
236378
545383
5567485
1337740
4929554
1536053
583473
2069260
2276088
5148328
1750264
7535584
3917852
6019044
1474447
6562448
-1789528
15225678
3548920
1764912
463938
3123295
1264710
-780971
118987
8046825
9414826
3457069
5834998
5533257
4471019
3176746
2036717
6002977
2942953
5217332
286485
10945310
5026738
5023420
7260683
69753
5892021
1610728
7187860
9089374
-2491046
6577040
3800813
11658640
3514225
5796429
13131640
1115427
3353344
3678762
2860373
857581
1795609
4676237
9529667
1192989
6163114
-3543064
9792960
5412892
1250882
2703517
4999226
8250271
6577488
6575838
8345061
6917174
6362597
8051816
7205825
6271294
6846908
10352125
-1058773
8739889
-3925538
5823136
8978866
5226693
485761
4344356
2557427
6744067
3102357
6260003
236250
2937379
7221239
6117300
6700996
2804175
12213748
3870218
3339078
2269841
-206824
3980053
6408198
4316070
11655034
4348256
6400374
5451862
4469783
2676524
5794234
10169716
1637840
1741408
8044153
3956488
7510281
8463453
3756501
1220667
13116657
7843248
6149544
5794366
971961
7472863
5329604
1828290
5905042
3293221
635518
3679154
2347911
10219230
8275009
6686969
4450406
10532049
6836640
798782
3690917
6218281
4836319
-3454161
4650690
4636169
6110568
743080
11091895
772932
-377112
13022512
7009353
10254026
4085415
9724797
13811939
13770485
1556489
1247437
11897386
8344253
-1284518
2405619
2151919
2664264
1540464
9683762
4314491
2766000
1355263
5201381
4954629
9303462
7727713
4981706
-5676
13320255
8395538
8174664
9424875
6513683
434438
6860637
2919597
968447
5993344
6586638
540624
-616446
5237586
880089
2627223
5716468
9102585
2699925
11467455
7332144
9753167
4708279
5553204
3828925
15738453
3189015
3545626
17156034
8212740
1171660
7784087
6336723
2850185
9034932
3735699
7878161
6599612
4965414
1274415
-320456
6712421
3513097
8826791
2714418
3683818
12008857
3626414
12420698
771216
219316
947702
4987949
6531442
16904729
4848428
8522344
1412014
1551067
10333875
12466645
6935344
2560795
1699787
2429095
1455645
1645346
9352706
6273985
1298818
4996703
4300167
3630356
1114800
1305595
11394801
3668846
4448225
2296031
5039890
6202822
1737730
5795108
-288737
2441633
4532894
10205435
11695013
1794352
1362615
2915645
3868579
123398
6044030
8058272
673402
1317114
2744496
8458111
-269763
17068762
770348
6127824
366362
3168009
10028693
13175273
232721
781648
8885365
3029854
5276663
693695
1780051
3378500
3257103
6478032
74730
2424151
11269699
6621242
-1182892
4106820
7998674
7087062
9690003
10276492
7022595
11118578
6621275
4894202
1188975
9402893
3484119
588299
10880798
5172223
1449168
3344354
3453428
11412545
4737602
3601830
798220
-2629655
4394414
3307555
32451
6196312
508145
5255944
1668538
5366556
2311127
7649049
6960904
-3454397
-111319
3279431
4107177
2259861
5303391
5369946
1823341
766282
1830477
6039342
-325054
4474247
391495
12122844
974551
7139305
5916228
1430430
8123082
4787763
4727097
2502723
7479313
11329223
8381682
3351107
-1951759
2105314
132800
1951
3569684
-2840057
6479326
10137364
9496860
7327671
2795980
7656558
4142186
10724610
2254378
3888210
11279349
2897466
3555156
7370638
525520
10300725
6158909
5764630
7439826
10980594
5778546
465692
8918810
5243950
4426421
4987253
8852218
9478170
-2534544
5540229
1298537
10111736
12556456
14036
1394405
4275594
9235796
5822921
6508501
1102313
5298153
10973928
3046623
6455320
13728260
4280287
1553055
4293572
579454
6133237
8959742
-340842
2834461
11527972
1733918
5326716
5935711
2006643
4025718
8300937
4954023
4672633
1405411
-4337410
3811796
10703785
4658164
9803238
4390280
4382685
9597733
6558204
3980128
1428282
-1184021
709944
3164968
6968566
6187567
6985374
1419926
3615157
15995736
6679770
1875783
7272039
-1648853
4447286
4434428
3388444
5129307
8239327
3356538
13313020
5342544
4152389
6399491
1204320
16494982
2892218
12118666
10478215
2394500
12909497
12120794
3189156
10368331
486889
5984467
-2247826
2438657
7049761
7227001
2374122
6529258
5400624
-2862177
1253884
310823
7862824
5859510
3290535
4492155
13413563
4438381
10444793
7961551
603414
7443863
6008174
5723847
7982408
4039813
983399
13451389
5844758
-40751
-470761
2224624
-281707
10611528
5889629
1643859
403372
10206124
9225851
2255358
9565315
371928
3094021
5533036
14911384
6855205
4319565
3621157
3249189
1087824
529562
5684519
2987262
6211296
10580510
6247109
-3297174
7975462
2588462
3159801
3333045
1698778
7556037
2950405
3533270
5273116
11118950
13639654
5705796
6622593
379726
3582355
2319253
4446804
3658118
6786438
5442472
11851743
6971715
8891028
4320818
3664207
2980492
12635976
1318418
6270913
3688443
1093922
-705974
3540926
1677728
6215443
8994811
8657381
6728145
160894
4592678
725527
-3575053
4839532
3799540
1804582
695820
6145054
10093196
-487608
4931240
481104
6986988
794204
6785260
2060747
1867663
965050
2486932
6771158
8853653
-606913
5599028
4630455
2509014
464295
8227710
190273
3529136
5067823
5340993
-388748
-498154
13232894
2584035
-291005
7325774
3198235
930952
3582658
3741663
5275718
6805318
4503873
2114133
457235
1393481
-2555434
5515373
3482466
-523729
10017853
2511663
3941150
1651403
2363373
402765
3541303
1646316
7211110
-861215
594406
2688320
1071722
1290726
2232325
7545514
7852367
2176977
6375679
4547945
1279058
5350680
5634832
2217478
5908502
6303304
936404
6377226
2012222
5513208
1092614
4938426
176828
4616934
-51030
5435157
3536784
11343561
10562052
4984090
2329839
1160876
8369671
11288637
290261
9456100
7629403
2415727
5682075
274817
3718776
11135461
13752890
211735
1282145
5424095
2451529
5428459
11854219
13089335
947042
2166379
1469107
8584172
8291909
3281977
61188
10045141
3634765
1359465
8403310
1228646
2933059
2710053
1220748
7589510
5177759
4918168
3496690
3510051
3447514
-913295
12408654
935318
7905893
7043499
392840
129368
3725803
1972281
5033997
5658511
7126408
3235549
2456083
4148267
2933399
9937503
7220950
8823988
-246500
1609060
5004483
9644180
1368095
6783490
701033
7024349
1917662
2615496
1310707
6927828
-654803
516642
3417083
1986918
472980
87903
8264777
10687988
9395135
190768
4150069
2670465
-579372
3641597
-296150
5073011
5187529
6711089
9283846
4102571
2166593
237048
7141755
67174
12304659
273103
6241798
9199400
4190106
9362715
9983878
14359600
776300
438615
2608301
6121152
2333617
3044123
407099
1463987
7708953
866341
16496105
5456078
13215472
6627942
1395739
5635395
7132956
6477980
3562450
7528765
8826643
5737067
298130
1984492
6711173
2245162
2619414
5045046
1782734
4458900
7566910
-524255
2023707
10986887
3838460
3630964
427150
-1730199
-194721
3345036
1613846
8301264
2697391
10823170
3967935
129300
3749729
7035986
840472
10898773
7068557
5831223
6423700
4990962
-359866
7129654
8462694
11503770
4161381
2857187
2911336
5901874
-392154
2997158
5753665
6906910
11532672
2941868
6799036
2420350
5921246
-1403168
9393494
726797
14477513
455259
4396802
6873636
2861739
4955834
2699399
5340953
837465
8925942
1085924
2715586
2954431
9868412
7894083
8469046
4118709
2280127
588346
848573
3274720
2649623
6525094
-689622
-78027
348514
8432527
2473419
5935201
156860
12164862
583994
-327237
-836137
2072455
-622207
2455130
4993800
8572798
900324
9890882
344555
6826366
4028524
4051214
1064674
2396763
12673269
9678702
7176607
1695503
252529
6893032
10792348
5135720
1705592
431970
2218190
7020511
1330431
6252412
15226484
6558857
2908108
3851280
-770582
1405234
575258
579927
11921603
-2269658
11528998
-166025
1310688
3328195
6484812
8543054
2005480
8379122
6077125
10214934
3455989
9527136
1951969
2689063
13672382
3856061
5724223
10802035
7926740
3420604
8493991
9296868
3410791
819989
5216078
11152217
136646
15826425
3674250
4595322
4994687
13521404
4502098
2298319
2691979
134558
10195022
10380447
4388621
11032263
3938514
3004008
6618388
2099225
180468
1211700
10230159
6410917
269398
5766914
-1307465
4460819
1506253
-1241084
6004777
12402924
4235034
4279681
5290763
8753915
11276270
4296499
1261035
4090370
7317693
6814574
-52493
2972570
8378596
8439955
2133828
5601791
3585125
5499002
9826287
1978300
9022952
4852010
384983
10293438
6586465
6986083
6284251
12343913
2797735
4450060
-424247
4149512
80498
162414
3688543
4547496
-757434
8189593
4881662
5390589
11780320
3306017
6061485
97740
9873728
-166254
5354818
3958995
1566915
10921665
10977449
9549857
5154870
17019446
-180156
-555037
5808744
6293253
7279984
6302042
5609238
-1037854
2432847
987340
8487876
7403227
7399473
8259258
7104921
10511728
7641373
2914188
5706556
11110127
2329732
9791643
5508487
1610976
7102935
6802208
5156574
3490474
789894
4104547
3297798
5131473
-172710
12656535
2545805
1268512
6790270
4717975
241073
1125558
8467543
5036899
6821871
6347734
9766355
5294801
622794
608171
1921755
-250546
6418971
4791657
6085489
556100
13223898
9101565
4854574
2998030
6379422
13102161
1191420
3466522
4705368
-204717
9808425
442223
8668269
5595330
6516242
1307862
8035367
3136046
10633074
4239432
5052348
7135856
2952023
6286122
13391359
2251918
795091
7662027
4736269
-364173
744987
423708
6193280
4035824
10112647
5833150
5671988
279116
3305391
7941206
5690965
9466915
4748082
5788381
7801718
2990718
17345999
234878
7586324
1744043
1186608
1547461
6059126
7218945
1630326
1023211
6195186
5901792
4878110
8816354
-292194
2084224
6232504
3272446
7830179
1430696
222376
4837594
3870827
9285575
8639646
2106356
-2211238
8041220
4014795
4945330
10833096
6372412
-1485812
5510482
5415884
4943497
10193782
5480197
376657
-170193
-1123570
767009
6256956
11499904
3349282
9520756
7167680
2580534
6461767
2698919
9413186
2945074
12976593
15068745
11412211
-3327975
4017698
6961109
130078
-3360464
9001771
3359251
1280448
10313964
4785747
5458336
5601499
4178918
10882974
4253060
7865609
6876357
12332978
4290336
3192674
6769729
12856437
3032006
674561
-448125
5582015
2029710
6697659
4959396
7406470
4416773
963949
-331393
2254093
15805464
3043345
337177
11044680
5706344
5578520
2044859
3634067
4456179
5952008
1790706
5688626
775613
-114869
435735
1979008
-248586
5043046
601524
7676741
3100072
687151
6553783
6459463
189230
5997335
6107224
10959323
7573174
15512362
5958381
5207324
6520367
11223992
331462
9349984
459107
504227
10667720
11426782
-4563838
5602065
3262386
5510333
111765
10109012
7807410
4558236
1838420
11078970
-646170
8932728
6237120
13266917
7801637
-130993
7599719
-90235
3858716
3649061
5019422
4338632
2270418
7490850
7634699
4002903
-1005713
1112572
1856052
713088
1178529
7044566
1482691
3367972
5905779
1904129
3444721
6240489
8042319
1828856
210182
630275
2002561
8097407
2049707
-996396
892300
3094494
55262
2201191
7970896
10152348
1778044
1244369
-1047194
-238254
6216111
10109031
6359872
4421817
15916418
6365038
7308656
12557448
6582104
2121831
1589926
264366
10140404
3977119
4227282
6672683
4132114
4875299
1586399
1545901
12825791
2098046
1620967
4634874
5463611
3431523
10993028
6845310
11308380
1467469
4125443
10792614
7183145
381229
2099378
12506818
9473756
10513364
-390174
7586427
5519703
4501564
8452847
7660463
6600104
2216247
4904649
3895023
592672
13219671
3309011
-656734
-805850
356159
7663655
5884166
5288200
7391314
4803989
6676222
2798245
8054769
5428115
4012196
17565362
4962111
3551504
-815964
3501864
12524213
6102652
317324
12346723
1262961
13126744
4291574
2836373
7208118
9567106
681997
6356746
8101057
5243099
-2632286
676770
495541
6340724
14555487
5113250
6553419
8650580
222398
274973
6170692
7685253
7905960
10235978
8037516
2469085
5880712
6316441
3748480
12356664
585102
972170
5809774
6834296
7684300
14753518
4760881
5661397
4103621
1741941
-149339
1743428
-423748
13052553
5503245
5787992
15521566
201948
2411364
2365289
1690833
12352843
9548964
802364
3587130
4981124
2496636
7173094
5131770
4226757
536843
12220550
16133414
6682654
-787980
5706208
3761498
6297078
10629128
6484039
10589403
5683891
6497983
7203194
24831
11160371
3981685
592449
4622547
1865103
11093050
4967462
5397141
3070235
348493
7264103
2274600
11700131
5339365
7127885
5951725
4671022
6989399
5099441
3072178
488733
7013345
2326399
-407754
1168069
6627539
9040244
9117241
6833885
11685626
3208328
4320485
5269442
2349727
7340702
9189456
1670575
7262231
2095426
6926826
1479594
8373643
7793159
6663593
9477135
5821050
479736
9621356
615062
3552873
5004534
8860813
4478816
351575
36988
12810692
5414284
4980432
6042625
12006372
556162
6471579
4295911
9739748
-115973
5968808
3760236
4713935
3498090
7558368
852911
4511172
15323782
9937619
3447238
4373687
4158037
3681585
842627
5995629
14436449
3316691
3205407
-2083344
7316288
-1226972
5740595
-1319727
12747786
3036035
4688047
4104023
259178
6436086
956311
8811746
8836873
5594804
132171
6676714
15749826
3025142
7273946
3881660
6699185
7056464
6019447
6556398
4969070
8154423
2934605
2523719
11559196
8769941
2868763
15243635
9193156
10901990
10378180
13123301
8387778
8125237
7657051
3046064
-1260338
253370
4564701
5918972
3728383
-709429
5417646
340140
6735904
1723640
3600206
6581026
5562544
-712155
2714460
-152237
7536745
7317996
4082205
-362965
2881072
8980612
261528
8163136
835705
854911
839211
8656203
273631
8951938
-276659
98774
9881952
-738150
2536984
13882575
-1259791
457373
2385725
2923629
603598
4489352
3635098
1690458
6384971
-1321414
5159426
86294
10444160
-13767
-152690
6785948
126321
4794600
9720775
-31642
2700858
-26662
7058515
-344497
3804537
10302728
5694049
-1113484
12412995
4335865
10864803
1288376
8240442
90145
7329173
10025640
6252773
10882591
6812204
9667637
4997649
70576
1262522
17074138
7265090
7014299
117452
14012448
6912919
-666006
9494153
4777320
6156855
2373713
393784
1410778
5033932
-31789
4404023
3014358
4237236
10009976
12887397
4364701
1379287
2036786
11707168
-117824
6465200
-316372
10930822
-1318516
11888676
8192138
754488
6300244
-148512
4020278
618303
3025820
8396129
4445822
2870077
8328466
2609187
-102863
12298484
4500479
4529528
1964157
3767810
9384911
7919329
8748749
5692688
5817614
-859396
565127
4006668
436104
-207788
7154511
12958823
5145813
-333012
20375
1899659
8514171
5364106
703015
9814827
699154
6809855
5908707
7461557
4592048
3946718
9512535
2764179
278147
994339
7821267
7113712
1244700
11454302
2704783
2684104
6243271
571196
10868381
6178290
13785162
4691080
6645676
4360507
5956698
-1113057
6415918
11164658
-1971322
4258282
4427583
6909126
2273651
8393881
9741263
4005536
-16667
9119521
2895024
2707363
3129516
910896
3747789
-2206232
11402925
7356385
6925383
1214918
4538943
2992167
3991945
10710001
5921601
-3204353
4347361
2738610
5956987
4538739
3571103
1211924
4769374
9354040
8167867
161491
9781082
-1073150
11207237
6058489
3543703
-2927404
15818735
403810
6189257
13078359
-640443
1939481
-481207
1754191
1445907
9651174
6209595
-122902
3075561
2062595
10358475
1710577
144531
-1087194
4954810
11393970
4504833
9847018
2200613
2568974
1349175
8089903
9895731
10652631
5304951
1820376
1180157
11346841
8205498
2992749
11675479
889059
1351684
10502440
6983296
-2522716
4262918
1832896
905569
13240443
6405520
5570912
8116578
16530181
5469438
2732354
8295054
13144205
11894638
-2558737
12117239
15734280
4900045
7545693
1379490
6375665
-11876
5037347
-36625
-3018359
12970595
4431915
3229968
4074251
6717591
5626857
4542141
7707418
2510237
487015
10768236
7646254
7274891
9653199
3390674
9899927
10112422
4656567
-2479837
2722638
4450659
14126375
7194255
1828624
5186146
1788
152668
5077172
1265100
6744298
10194383
7773334
-707930
-373229
11332399
1170149
10253194
1058934
8745938
337570
159275
9053760
2263177
624306
8296894
11420766
7367863
-3458382
11444738
14254882
10893377
353577
5067863
2656641
10254350
5493334
3907130
1202322
4002170
-45821
974792
3567978
5294893
7799311
500067
9099361
7363963
5582793
2891896
-2475053
2122507
5045946
5177749
2173711
1548456
5106448
3767729
-579213
7145757
3408518
2592710
9499760
9882674
4314120
10668531
4180788
8328720
-4025222
8867506
2536019
2889170
7335544
2176588
15683987
-3780147
4757175
-231212
10039786
1990891
574690
11451049
543814
11526219
4745747
849880
5828738
12206230
712232
9786947
3245717
13175263
5702798
5915056
3819911
-138028
317035
3593009
3937327
9885363
586384
15722606
-80551
7076405
7338719
9693724
1242643
9382526
8024045
6211870
2997054
13043811
3037547
3301914
3449802
10851871
5320153
7749291
5345183
-42827
11214644
-2283080
12546460
1824898
1330336
7277396
9645078
3931019
7801281
8968171
3032225
13495533
5850571
-45532
3685831
-2175903
2831141
-1223665
6240217
17116941
964746
482315
6171562
16292786
2726266
5690475
3066956
3984169
7888178
801342
1382660
-4923
3396193
7451106
2058924
7317184
2964345
6158922
9919126
5702325
5088936
5592101
9140323
5443499
-693666
2983519
1702090
7696960
5967830
6188011
1574238
1962657
7250148
10593992
3534705
7831137
5140441
5946016
4653228
1791042
8874834
4274216
-3707147
1834206
9776061
6105625
7858911
6429931
3501778
-961471
2965004
-3669779
5485390
643579
1455118
458957
5632063
6724309
10534869
1494513
6805810
9004677
6521920
10171291
942088
2483659
4214550
4193437
2640583
1129291
533265
6956872
4606626
2186205
-1109381
3893141
5374725
7317940
11526526
11780374
6821195
10793577
2138273
1034447
1168296
6266302
10432970
3818873
13476857
785817
8956666
1342476
4165840
6817608
2010235
5632082
9920741
6129056
5060597
4185356
-1392451
5948320
7367344
219211
6837058
3463723
1340992
2717137
8258989
11429567
3325801
7928291
9944829
7834323
433841
3969120
4344828
11019006
7062115
7147853
14251156
-286610
14290339
1842114
-2587116
2517335
39719
4049018
-3703529
11359957
4602553
8944986
5356020
10364135
180487
-18156
1498246
2547959
3847617
9160793
6973749
5081961
1540379
8996518
4770928
7056542
224937
13282399
-1081203
138475
408238
786689
7880083
1551533
-2667454
1409771
3208460
4482644
1302847
1464173
3957804
9678019
3592130
1740125
1717311
16692848
3237197
5165576
363017
16623102
3258442
7578029
8663112
3904566
3232983
15852069
503153
5122388
4835971
6256090
-382279
862443
4149755
17145227
4108931
2870201
7659817
6874724
4178147
13046499
3495701
7139936
5344747
9595129
-286956
396766
3904880
11969906
9938833
873546
571918
9589625
-1413810
9689743
6324859
13279058
10456355
-14055
9938509
4927097
2782483
4267171
3994983
6727021
13924598
1288289
3081501
2492556
5849547
4245121
8613696
6985008
13575137
4538383
2968247
-1002513
7891906
3456009
1587927
605545
14363563
-231042
5951561
1334514
8168330
-790824
6850242
4374529
4293631
3248078
1448281
6698619
10200172
11165295
787600
-104122
-372636
7643253
3592102
7877480
7020161
-318819
4323874
3122517
1720862
3598051
2808875
9202326
5526046
2269392
1880670
966577
10515786
-1604907
8400319
2081496
-1121661
9768978
4287167
779585
8224983
6112371
1926784
12835549
3674161
1320112
7377467
-1056372
2379771
4431278
8807952
-2563324
6619854
4354309
723803
-1586857
6933613
7926963
6383818
12752188
2699117
6260469
3849394
4441749
5589289
3385212
9181041
8988024
1991352
5395189
819367
2614251
3489861
3345237
-205738
9620367
9460569
8544822
10740350
13173229
4681217
1523934
2995565
4448144
6728876
409106
3130438
1162126
1877712
9567047
7062641
1499677
9643043
4729001
5887125
6564839
3932353
3618492
3972161
2468385
5200808
5337865
12471605
2966248
9805106
5101426
4158653
1555463
2452168
3229072
2676767
-3551103
4724593
1267292
5860602
3706921
10795012
5232807
1043470
3780375
4895266
575285
5506662
4440372
3747232
6341600
11537673
391057
-256725
1404786
5161998
1288373
8895504
2564120
-3751469
3363418
9322252
2508463
3832218
2467725
3182484
7445437
6368221
10662286
1371413
757344
5499481
10107854
3225123
3564552
9617677
11099457
7195131
6651873
10692656
2507071
11334927
10049327
7892219
4605503
4235126
651579
4643044
5184533
2168314
10152014
2048282
11338364
4655444
10772314
3982309
310009
4017982
-1240111
4858649
746180
1699011
4689283
1522086
9981652
3614528
6153352
-3049836
-33681
5054154
2451578
3562336
1192370
3440285
-2436463
9213920
2284651
13526472
4711397
969940
16978200
5423342
-247284
7530422
6167046
3463487
6535346
94033
4991865
4236635
9868372
899091
-1980025
14080796
910258
5482016
6164309
6929843
9964743
14062572
151892
9661539
8705883
1663191
8502420
2825234
-109274
6528653
8853573
9116468
4413809
8217652
10255075
13168369
2220301
-4066118
2230978
3616694
9082717
4267781
-323042
6820408
954099
7496040
9798388
3068830
4794229
3038238
460072
2524177
13025979
2806554
6927209
6270539
5089562
11029221
1709801
9617029
-1217232
-531419
10223623
8332711
2409404
-848716
5007017
1236168
550638
6042948
54915
674596
5556554
39036
7638726
1018180
396065
6855497
7681000
6840474
1628079
2983665
14613925
3985162
7929380
4883085
6774223
2373808
15972842
8300138
3586925
3424038
5516552
4789327
6070637
6138257
9050713
-115891
11739882
997236
9212862
5351789
547502
5895190
687244
5480812
10062152
7383281
5133224
4799021
2285361
6426397
6088353
7762959
1758191
8064583
5264707
6224894
5033397
9064238
3008749
8381847
6412337
5738288
4001109
605954
-1143014
10855951
1870504
3545045
5488125
8403235
5970388
3972421
599430
4387819
5718707
9688924
-3783213
4679249
4764988
3560146
1982460
913144
6122851
6153775
5371441
2321088
10994044
-761252
9811031
8018329
490236
3830960
3910300
6570503
10886406
2016896
12519820
948416
4719795
2790138
5899440
12738374
5510457
5549398
1313596
10085683
2979243
7007865
13584365
11056830
-2159068
4383942
1692269
1230420
1111964
10632941
6517942
1171340
8698212
-1166719
11240387
27728
2845276
7808166
3329842
3002249
6382122
7442810
6942471
-1006765
6505357
12919056
5831510
4453006
-2032863
3991974
-1977376
8040986
892782
2652464
-4643286
1231622
3195825
6387770
333101
-558051
494337
6620893
10813127
3437724
3571277
13737323
11775951
13956654
2149076
561600
9919966
966023
1388072
12019834
3586457
12978649
3615093
5282720
9548230
371416
8662166
5196459
4821125
2606818
-1058208
6315648
15122943
9022044
6223234
4761160
5712234
8626205
7562244
4771401
7199625
7531192
6111233
1696162
6063583
14450613
3303769
8295111
1977726
6045494
2268962
7074772
3680677
2682043
3343736
1347777
3187941
6585984
5087006
5200083
3126613
9170286
-920507
1335895
918726
-366739
12274326
5330735
3565878
-3351330
501377
2180736
-615715
3475843
13134078
2092613
17642129
2742951
10630726
1193162
1423525
3203006
6693481
4413321
7160996
11811045
7551859
3149126
10495197
1306159
3807190
-1814957
10164561
16356186
318840
-2515990
3722420
2558833
5007802
4563877
3790463
9586347
532311
11038747
3346566
3137044
5174067
217825
4711764
10020637
12998916
-3947362
848320
2155298
6231141
6962616
209219
1840998
6296961
4730760
1863949
8999448
2671966
8850224
11060531
1545534
6758091
8378976
14225955
6488862
3299713
2766613
6214664
6398353
1334235
14753842
11995788
-346494
2610181
5591807
1235247
12305410
2924090
6678949
12666002
14021977
1991721
9243052
-469137
2551105
8142124
-3885596
5248273
4737212
-1691079
3316417
5168661
11150033
294231
3448144
8521675
12283860
10051226
728147
8003778
-4223861
1905
-609746
15107590
913542
5688290
2651766
4880000
8626951
6304858
8421798
7852033
2850109
3336010
4649768
3415651
2318426
-1525529
513504
6215187
6594974
7247642
12417881
10816184
15524753
3213755
5943996
-398898
1510576
945908
8419000
3986623
-243879
10293902
7654512
4308638
9433616
4503451
8129374
12471261
2381031
1902295
16707541
6106669
5030553
9176928
13205066
-521415
1028156
10517172
2718223
3227827
4257437
4478476
9245535
4765482
4506796
5250376
2237224
8857808
2249425
6362415
9902700
9139311
6524965
14286
1003768
9468209
6673053
2260013
5313010
511338
7409194
-183197
5635642
15692387
6401776
7049945
736659
5780577
506254
3497571
361002
4198978
6134965
7711039
5547243
419012
11717149
3141940
5401455
2385647
-4177011
3926111
228014
4034624
4190459
3920129
1527201
2994432
1079446
11095620
1765967
3526946
5008245
15175321
5463080
10062123
9899064
110320
5203610
2237941
5595270
6419497
4395394
3825927
4442277
8388101
803480
5353099
6940453
10227201
13777
8389675
4946954
7030135
2341527
629457
11229692
7345739
6507764
855058
6409455
6981336
34798
1456626
3217396
3904834
3502498
9566662
7261047
3204520
16745143
372588
1326032
9580798
10301339
6133318
10289795
905931
4607136
3697468
4362933
-158074
1013418
9892731
1414434
7118666
5629683
258424
2829866
7089039
-981799
5448749
7846828
4267928
-302423
1668002
11840159
375524
12083317
5032653
12622818
-1106255
13805685
4053746
1088724
3341134
4049184
-342406
5003651
1066357
5302536
2215806
513606
6334551
3259854
1980566
3807010
1229922
3552734
5312337
-383586
4292566
-1210806
984470
6071937
1598158
1236395
5636321
3012915
9164578
3481883
10569791
-108002
4741952
-17972
10265479
6225863
5568487
6635129
6309588
1849678
3216310
6474243
353103
5543635
-1444765
4206998
9510548
1208907
3937524
7457986
7529217
3355311
15935757
5127943
6519281
6209184
11854853
4652295
766707
4501718
9293961
8923455
586216
5200583
592952
905970
7955723
1868954
6827401
10796293
4771079
3997053
12317702
2617341
5139851
4883222
10744283
1604188
2347425
6187768
6312187
5962566
12124148
3867143
264794
451003
-199080
3668454
4716115
3427820
793237
-750231
3905289
581191
4812768
1048861
1981864
3153283
9316482
10604716
661999
9029429
9268211
14441
-72152
3673710
7169027
3218199
7559573
1392321
2332423
2394101
10572357
4636608
-995007
6609963
7937259
5459490
10927213
11190200
-1227587
3537645
149204
5196599
7530565
-1422905
381359
9791467
5218696
1621458
1459468
14290141
9559834
939154
7276954
9754022
7671511
9715733
8520053
3765602
6135099
3974058
525749
6408912
7720340
7196699
3755938
15017751
7789812
4661571
3290818
8258227
505365
-944572
6579398
12464168
-359346
1747302
970512
11442289
4313454
5678397
2766225
-45225
6877014
-1756979
12197786
6689311
13528780
-1045542
658385
12851431
629998
10119153
6671167
6700661
10939461
1531583
537821
3527479
3669731
1410983
7194272
7868096
2740268
3759503
4104040
2975589
1307316
1317092
751226
389846
6637414
3606825
5591762
-25079
4930560
1553804
42166
11352714
2229567
4495969
485866
16883565
7371909
10323286
1354802
7809356
1495793
7057829
6149897
5473416
1292410
699885
16425713
4935475
8509211
4724950
1739974
16703
575006
8813233
-883848
11779356
4772709
5895038
6483065
201104
11104977
3936695
915298
-4020295
5573493
6186066
11605159
6133955
12842223
2416668
12267170
6182580
2165107
815890
-178303
3624097
-294837
5028
389078
3584639
1999094
1925845
818648
10660132
12044874
8392496
8677640
773029
5488629
6332577
11553834
108735
-321141
4875105
6874238
-661431
12622014
17500143
7773260
3331438
4234056
12433328
8485199
7993260
6574363
5154939
-298805
189129
16748747
5318946
9415817
2447642
757323
1347669
5538990
-2313100
1762435
4603230
2029492
4839177
1327665
9419659
4916046
6241346
9758533
1852107
4131435
13514963
2312633
3640983
3531873
1292968
2203148
3093229
3714457
6725068
3704408
16069850
1043507
-813358
1707233
2325118
898488
-1163417
11310247
3903914
-9944
7514885
6854880
3944460
560710
10071100
3443380
14120387
8237857
5578097
-126102
615703
1278360
6788273
212019
3385618
1110337
10739629
11447409
1539765
-298099
6676929
5593412
6499257
5031422
10839802
8151894
115354
7096385
6725799
12393030
5623991
5080991
4073677
5359491
3553779
-680635
4329486
11166047
5735927
6706706
-1410867
2758733
-3868087
1428534
-28977
6283220
946789
11158008
471889
2987824
-554660
11053664
1415171
3375820
-3078639
12646118
4417894
6276136
605210
4690042
13589118
508807
13339836
4707454
-1418114
6186879
3747210
5258389
3186023
513785
4396167
4753578
7439864
3854598
6788299
3911500
7875831
9232584
6263917
10352262
6511794
459485
17322205
659295
4659144
8249176
4457647
1182819
7442321
7874281
10715493
9589573
16915888
5234771
3793989
12533300
9271615
10630026
7601918
1874312
5816658
134559
-2843869
2853017
508366
152172
1809208
3911346
7403566
9764904
-2733122
834453
2060893
6001728
12836317
10487004
2984553
10368900
511536
5035838
2134584
12578085
986211
2165928
5744054
13126093
1210524
123502
16302348
4101344
4565803
4398315
-577614
10725887
5977636
-179819
1419084
6730975
2979253
4669575
2482474
-1348196
3873214
2099734
4107549
8907651
7026656
-218433
2959507
332660
5053829
8179112
3625137
5007254
9897197
14557018
5893322
2534756
3137491
10377225
6590967
774584
14494
-401761
1129708
2445172
543607
6489350
1655207
7507105
1097979
2671916
2797316
7803231
10573373
547907
165378
10556637
4442456
2856844
7348384
5560135
6529479
7879525
11237039
7247356
-831267
3077704
2844495
384902
3160501
6701900
6088362
9887650
5715210
181760
2563269
258806
8594692
3203795
9028
5099223
-381566
-1808737
5934123
1657400
2047693
3224982
2917273
11571705
10186045
3704500
213558
-309089
1556289
3593534
5231988
88504
10120122
10210230
5198991
10615004
3926504
6055858
387165
876923
-193450
10884094
2873012
11875959
4552820
-3547185
2912391
4404781
1451393
5005556
4709296
5454360
10295669
6892132
8048568
4324417
2900473
11192813
13071701
6653238
3823572
1003744
8554526
1092591
2881991
4781389
5106339
7222994
7510174
5999984
11198863
6034549
5206593
3089465
7139663
9687699
3005093
5090922
4293250
6198045
4877277
4957902
10465690
11364363
3574323
1235336
5561204
5792569
6653463
2890684
7952368
10434227
9528502
4971430
3738080
7690733
7281198
1309960
5973861
3567465
6274980
16600887
11462753
1871434
6085408
1277541
3029244
3469800
3465078
10037193
1065881
1652308
17224621
10714324
6405091
6406638
6762237
3284946
11327340
12976802
2890745
7466718
3061818
9776043
1744652
2535399
1302849
5778451
2604051
198632
7844233
-86903
2681412
6765892
10977825
3027724
16265990
2511579
1539211
492958
8207126
3860599
13901896
4870297
4904201
11266224
4978526
14318242
4664467
4788578
2020042
11267345
114323
7295369
12775438
13304
3936826
2382728
651730
2799468
10199934
6158593
-475647
2939763
1049753
3828223
4307204
1747582
8415449
12217018
3887522
4380904
-221085
6061550
3538237
-1159877
4925484
3242410
56283
8927464
8996920
3929256
7171461
5218975
-2796606
-4020438
2143065
3561516
7472412
1564978
7732126
5258697
1030685
1459095
9239689
3504021
8777507
13907147
1172826
-1478847
5220872
63727
9650069
561183
8559325
12819301
4698460
3114671
6256958
15846173
30685
9946199
68714
-285655
8906810
247424
-149040
2676562
8716136
8838328
2986162
246727
1937586
4001499
632633
3151328
8596953
-65254
4869443
268077
4113863
5962362
5191292
2946315
4459327
310534
15321664
4373479
614076
7497024
6946147
3296106
2528330
-144523
7658750
5361586
226092
5954479
3729999
6265513
2095291
1197567
8466330
7243975
823794
8801261
4385942
5561707
1831225
5406320
-328621
953020
243426
9761325
1313312
5163275
10404714
10369707
1709321
4864931
2170649
9570270
924946
11590587
4847596
6931528
-305764
426023
4665100
888097
3345383
3223742
4200296
2383708
3441781
14357859
3153083
4133532
9707662
8032357
13238184
3236181
-64842
5956513
12505820
3435456
5669461
200258
235454
7682072
594813
382866
9282984
2112189
14171261
5733571
7578090
7016382
-1178465
12335027
3194369
8416761
5314572
11444166
-3423734
6286230
7867764
3730528
3620004
3285291
-3836540
-2554806
2675508
4561640
8693615
1190586
1087053
10747517
5912326
893723
948659
7007958
4480082
3586541
6423691
3628814
13116071
1555801
6034862
1781427
2683553
1799316
-2793021
977252
2970317
7385928
5015111
297192
246876
5259238
11904914
523270
7113146
14511333
-305865
3217310
14688722
124444
7491607
4516414
5615304
1538311
11124435
7236505
7400483
3178296
4003747
10454449
11283868
2041824
7403910
3197435
7556828
252355
12602768
2924180
1941253
5122509
11641271
4342021
2365423
9948287
6775867
3826304
3726607
5198545
25642
3190395
-375480
215249
5892488
1825293
3487500
4885483
3859239
10629125
5879647
6674093
1663662
4669585
503367
7209005
6146
6194884
3181146
6876001
16471682
9053830
-1108156
7315203
10575847
4206993
1776027
490644
3446244
8203165
5883659
4344754
10745032
155391
208686
4066660
8266701
9612587
8101710
2050079
6146177
7209500
7193078
8286837
4208637
5472409
7506289
285075
6956572
4604004
5562333
5753936
5733640
17653735
11919325
7121788
8924338
11433347
6578011
3706821
9555909
5094192
4411917
-39177
5873214
4519653
4308541
-1437988
7545143
10929914
13946958
4696139
11909412
1102768
2855397
878097
9805580
2792654
5231947
1659224
947840
41076
15854046
5803306
1700373
767407
1981956
9050801
6581885
1566585
16526433
4732716
1674410
7493703
148193
2348498
724820
4138179
1435827
997187
8033794
9070541
9729225
4436393
1408529
1628085
9353113
7297322
3886305
4098473
1578084
562923
-1120148
8995454
-394471
73033
2760635
3883723
56970
7833673
3511192
3101425
4446947
-266721
-470439
4275732
-3167904
-128982
1759179
7064445
2187044
1617050
6625300
2542054
1358014
-209429
7378304
7259024
-3049970
6215116
9137691
6112387
3360548
11606262
5297583
-256134
6234496
-1278905
7084526
6826863
8884695
3633393
7891011
4043614
6372428
4691352
1652853
1584422
17088559
8844976
12989646
6894042
449731
3474929
5770746
10790853
8155534
1677995
-4552694
5939746
5269788
4242676
6449163
2986667
5573024
5934940
9585200
1836336
3304279
4733119
6454718
4730039
3094996
3637351
3725628
1164411
6116674
4122714
4105972
10299352
5902078
-18630
8619054
3516209
9862306
3490513
5785420
545097
11549515
1505249
6698114
2109732
3205418
-1343512
1579142
2705214
6752712
7294498
7785523
-966903
12563066
9806647
3508495
241807
3145129
141729
6771032
7370829
6093160
-988497
10514719
2565781
1793679
3000764
5000382
3757263
1018287
5794978
3051200
8648876
5127352
704276
2683012
3211546
5380391
12627645
602233
2718101
5847773
5973876
3956741
9291928
5410870
11217271
4129421
5889630
8120255
-2455902
4691109
468910
1071315
5549712
1326228
14319960
3052824
1404178
5813338
628991
6766893
12836843
6537681
2553567
7130014
4829418
6571672
544124
10642399
2192330
12246204
7292650
3571221
4549233
6940304
1272041
4771695
1228832
-354485
6230524
5565042
16949207
7551537
2987954
5611152
-434909
8881999
6374140
13280049
5386293
4765356
12917517
7322533
2158874
2381876
85435
7861074
8704503
2845956
3396169
9259560
-2944902
10471953
3670880
2994725
205791
9952953
8640678
6446829
2534793
1569299
7124263
5189310
4784655
9038563
1694627
4378694
8768817
185256
3675680
8148665
3355783
5620746
3654603
8772649
1254109
-127779
12182020
4751192
9098872
7460334
1757523
3682870
5312573
812539
7731195
13363308
-1363828
7174920
-96427
4817620
7643432
9099594
7258938
6402195
11026238
10483828
1845701
1344440
-795704
6714186
-221901
7254126
4317265
86205
6060955
3984063
3180839
6058052
8117412
7657215
10170127
3265811
9710277
2830542
6325734
6897181
2919156
6887197
3733533
14418341
8554119
381542
2043079
5106444
5487473
1391455
10272615
5839514
1231905
10038988
5823070
-792119
2715842
4009453
3991055
4164344
6600354
1282297
6609486
3859006
9171591
4831368
4262093
11248516
7211013
836641
3141766
-1479356
15547368
3820701
2550903
3970930
87405
5593566
4137731
4205524
-160865
3167078
3813594
2691601
8698863
1515589
6953317
2549983
5454507
7023509
10576811
9242132
1445428
85921
10428835
5089744
10672905
5120368
822278
16520665
2808535
8704613
16528695
-486881
4726104
4097659
3033676
4072449
12832715
11010789
12632771
10422140
13530019
3243413
9787223
3886241
2177085
1109243
9960397
5987023
8079314
5100870
8852607
7740911
2574858
7620776
7971053
7083893
10149876
5320049
2934840
5716836
12548915
-287044
7830114
4628132
5513760
2368441
6242168
852460
4991947
7927791
2254621
965209
1452698
448539
1213830
9077853
8135858
-2711055
26693
7902887
5809492
7427971
3178363
9508949
1753011
2306880
-1287616
6324682
12098848
1618634
9919206
-994868
6428366
4158642
8875380
1071287
3326083
9013215
603346
11920888
4847207
6606168
2175634
1351213
6990528
2697736
6372221
3021666
-3318503
623327
-763499
-2120667
4192430
412626
5381556
7126677
10977714
7118355
700134
808242
3180063
10276072
10509827
6452754
6992165
-1498999
5658747
791533
10105635
14559617
6966041
4230510
2240251
5836439
3507139
6266210
17223092
-3705754
12973540
-242145
11359559
9072514
-104448
11232100
11953831
3161607
15686798
8702556
4023901
2518083
8676789
4687883
6636516
283711
6538893
-3038272
958298
5934553
5146176
7406926
-265763
10559589
2218306
1219102
10680589
11030564
200175
1125918
8628096
5024844
8287673
5727159
8811284
502777
5740651
4208842
10167886
1843486
4008963
3491032
5833133
-2606009
8655010
4756960
4129326
4256614
-162982
6552182
3577526
5424979
5874824
1339498
2740013
4900534
135975
-1597398
1793612
1265444
7001088
2452032
101866
8240781
3355822
6948678
3699791
6495801
14962235
7063968
4144502
1558584
2153016
12955861
4542399
9733701
-3935561
4017549
7388933
8798605
4014968
11665267
1596681
2837169
6063257
9551517
9934294
419271
302411
1873799
7166817
5570993
17028300
716445
7317451
3643570
3457968
1852461
10726705
8630524
4893527
3645225
5290200
6153132
2649021
997243
8392923
-2533643
2969013
4429532
6470603
2202942
6269230
1435578
4104143
2862517
8524134
9792496
3676481
8847165
9124975
1662872
13557
1110795
5144322
6667969
3606831
-18423
919365
2352711
-728839
7500126
6208266
5721862
980581
9054113
1452668
5834663
2642175
5742694
8057164
403477
4222496
1864433
1422613
9723557
7036678
331089
4227853
6222779
3989320
2288108
10474857
-83465
8767234
5035761
10081384
2803451
7183577
4204099
1453937
1976859
420449
4291885
1524141
-1700629
1727051
8007778
11811032
387943
5661530
729147
-153069
6479320
-520864
2037768
5748521
2816635
1184873
4594917
2491572
17603941
13469373
6937314
188550
3298971
6097879
-808397
17018411
3688719
977531
9950230
1352310
3401515
6028506
4268008
1786509
352792
3501758
9206411
7171393
-203898
7047212
7053613
2181986
6999551
13828283
5683474
2678618
9995823
12751354
12811490
1898575
680992
6144309
869105
3896458
1416161
1154449
6987689
-631436
6867071
3054042
14000027
5599393
4608426
512684
-396936
1551065
10344348
983268
1083699
10570459
10776113
7081650
5037661
2779108
2994581
6196317
1711995
150526
519206
8131247
-1409572
5878681
10710823
1140403
8098771
10062551
-221374
6576955
827363
4739175
13061847
3575195
6872981
11511713
777052
8708442
5029546
-137272
2800995
-3984009
764693
-2515195
1238558
1058962
2552559
-97896
3498347
5959805
-613408
8261254
-1999735
434849
4809509
-406699
4338426
1147514
9389458
10533805
1689506
-2323657
3711781
493724
5543812
9494926
7879138
8456625
7548396
5902856
5692214
256816
5488837
969750
231431
2766599
9067978
8850433
5968316
4336407
5157230
8952171
2187559
5658929
6105148
15545073
5019779
3897947
3343479
5235990
8210478
4498433
2140145
1389704
1162729
6829915
2808723
5623563
6558044
7547666
2436574
6707444
4158035
6263430
8372760
6882783
4606299
10174276
5793054
8485749
1077014
-213099
5656026
6775200
7933010
4202441
9332435
5353234
8244962
7416588
-39718
4844754
11242810
6414850
3734103
13501871
-1340329
3161432
4647719
4996092
2382865
1938827
632511
-178167
6279376
4784236
12919845
451023
11764602
5402617
6742118
724903
10470896
3932354
5517426
7647591
8297204
-231324
854451
9311294
4578514
243430
3906808
2317475
6715900
10319703
3351352
-3751814
7113387
-106443
4662439
15483282
5055051
3043744
8218204
4713459
11008307
1015775
10605014
-99452
9766030
6972274
8409792
5399858
311811
782637
5569219
4365606
2486570
2420231
7239099
6627541
6805310
5088241
3412404
2791090
8288639
337423
8910104
169427
2739472
4189664
9725099
1726875
2911994
13154757
10101764
-1318336
-1052646
11240356
1221945
14051221
5742620
11425682
399372
12462922
146801
929061
7367017
10448101
5015137
13480847
59809
4498466
12919849
-1047330
12269105
659588
2953569
8872
7487539
5986322
10105405
-48843
7980422
49477
-2281647
6434574
9818725
6254555
2360371
2972914
-1328030
4313363
-504751
6551395
839669
11710038
7005209
6116133
2817184
-324268
5877302
7771259
9736300
5062602
6808145
1080484
1973832
10522549
8463654
7481919
15404919
6490265
2169465
12061907
201416
6769737
3796120
6055521
10386007
10051627
715543
9123868
-476237
2813593
7351957
1032844
839014
3804488
6433610
6216577
4174191
2720163
1622253
8198224
4020576
-1227128
7174688
916603
3099823
10636437
5777934
2402539
939810
4124835
3680900
8927418
151328
3321142
11106395
5280739
8574190
605691
1062483
2548943
7005324
7094613
9085213
2710403
3588681
9011524
1538863
5852863
4907819
4409083
3050165
6682499
5632334
3233761
12404404
10443295
9374336
5491163
11526792
3108665
1481033
3875560
1167657
10477575
7784772
3846890
3068800
8194281
550727
-709274
4002595
5553334
2860210
3493932
493208
2802124
6567843
5826530
3706681
8982741
3673291
759729
1215411
5676613
3558707
12629218
6291218
9990656
4546868
7647751
41983
6240085
-23825
4086720
11482068
7154888
1385672
15091254
4670967
9125884
3393338
5856626
6606246
3504660
4327442
6825553
325750
5143324
475425
4751919
3226125
816883
5735142
6477100
548335
8216511
7734221
5754938
6911386
16098009
3287296
1191478
5979114
2137214
-738367
1972140
-73914
8631452
2336625
5595778
37574
4392615
2412579
6306440
3934438
3359270
11650978
10637520
2870933
207546
4938382
1194744
555439
14455790
2002466
7601580
6476950
-193392
2595944
7703018
1377648
-3857875
10054331
-70464
2372492
3033431
5096969
-166516
1117760
-1183462
8168033
2404771
3016403
3034978
6394206
1251458
382575
1577358
3438227
1696839
3076020
4074386
735779
2696993
676474
-534131
12577726
-221869
3505120
804207
3488193
4808831
11085931
6567353
7670858
12331102
5583794
8802696
-391719
1201045
3253377
13221031
1700661
6282189
10417945
7955223
-1004393
-519535
715504
8609163
5173800
11569069
2364929
9222693
6952472
2687353
2173686
12022847
3556321
13555292
11623537
1773950
-2728088
4912407
-1000034
5833463
12152963
4324736
494133
7782484
4716568
11086780
-345367
5432877
7369880
5399362
4817450
1006943
4071749
9484625
12933089
2221649
9118419
3463326
4271940
5816260
-13127
8825703
4062330
2186552
4618188
317574
10086916
233659
9579059
1353937
3183998
5190834
4018533
4259737
5019652
7489977
906288
5101524
4051720
-817030
5642914
2834019
1098721
7990236
643903
715333
13698245
-1432542
8402000
448906
3227149
4735303
12809398
8882396
1485932
6595717
2935093
11068989
2259653
4717271
3685252
4265298
10703806
3641044
7119649
-992864
1213070
10707651
7042286
147282
79795
6967359
4500295
1996442
-119911
4043635
11206672
3761597
1116996
-11325
3157106
3463196
2439955
6331147
2327684
8341559
1156139
1995999
2210431
981154
22981
6281470
4933877
2816929
-2174234
6967768
3344790
12293044
10205187
-70439
3864976
2533415
13278963
1180154
2896838
2837529
5316701
933971
-183314
925444
4392542
1148809
7394352
4706801
7653264
4253388
595903
1302469
4718989
9185683
5705402
9355204
106718
6236921
488118
2390619
3223718
4388171
7886664
559661
11421856
4906017
4732658
-397380
6596393
1484872
1282309
6049770
2097970
6658259
3703252
8622021
2310788
852718
5239406
9190915
11835505
598555
5925551
6640083
4621104
518852
4424177
10780391
5398217
2532856
3115965
8869875
3284420
3909215
8085089
4494425
2955212
2111021
351161
5168183
15871012
2160107
12314360
3672421
13090053
6308995
-3824729
10255850
6272529
2749431
8708351
8089623
5389749
9640481
12076887
9993940
8898509
7630183
848006
-1194366
2070014
3101945
10145060
908903
2850681
-883733
1876649
5368463
-250775
3670830
8707579
447279
10327819
-556394
11098542
7526878
992853
7571375
5934478
5074178
520661
2675677
4634897
5889057
14459245
8082396
14164313
2315746
7008376
2470912
-321794
14962853
763015
7220543
1545842
409366
-52766
12579846
8190377
9905358
3414566
9084615
3133913
10172453
100240
6252847
1815111
1644660
7002147
6799624
1036315
3203338
2488945
2562232
14142903
9698995
4167249
1018338
8926728
13373417
-3414919
633711
5303340
1230532
4228597
5549239
12525956
8754516
9482962
6611482
1756832
3773465
3248170
6610837
-559995
15890625
9000083
4277079
5721286
11806399
17435965
3587334
6314985
6502484
12998017
-246788
821100
6465720
-980867
2020088
7098051
-1404498
11173545
2942498
8056334
-141779
12829222
2437203
3500755
9708865
-4177587
10081017
5981264
1115888
5095170
4848987
5510216
8535703
3798085
6730188
643456
5626073
4701151
6569484
3584051
5393588
7331143
1616962
8921364
12168651
9324
389416
3356748
4774157
4549966
3782346
822391
-711584
9385424
3699244
5992015
4928174
5674417
4200368
796102
6783648
1092168
5598705
5525343
9118256
5105046
6380412
2609871
1839942
14343036
-3682672
13771756
15462462
11353109
10077511
3364104
9669620
2291747
5742887
5995585
1273976
3534553
6335102
2869080
8222750
-4309109
862143
1066237
6380181
-766735
2708297
87838
5189807
3212524
8279723
1947919
3242770
1372187
5444893
332991
244798
9564148
6116409
179258
2664050
8169312
41359
4344650
2697807
-1462164
4423285
985665
2081178
5686914
2079709
6577346
-2859657
-512771
14938779
4408533
13291448
5870721
478844
6449114
912991
410236
8123024
8281882
356632
4492246
4569403
11607728
4166583
4795903
56658
9692470
1341174
7838783
5071024
503253
1255619
1409543
11115442
6404532
8606667
9003320
6488616
3378047
243492
-3406165
2816609
8508274
5877956
4310017
6680183
11811071
3031891
7293941
1167677
11321358
7204092
492830
3147991
4294047
4873256
78642
3571085
2775334
3747158
6413610
11625644
6622907
2415293
7729989
8232465
-49690
5231326
848823
893113
11077513
2278770
8859583
4146125
-742031
8837126
-17763
1678861
6038601
6848329
8862694
5968803
7136854
9547848
11371498
3064882
1258244
8100607
7619077
867340
11953006
4006782
11144658
7202303
6909527
9446895
12969203
495492
6238285
8594968
8985555
6420466
119623
-4098854
447630
10121459
3089112
8212305
8085508
6583328
9823289
518657
8398659
5314228
4175250
3414255
-871705
2680688
12247152
-1242528
5653217
10630002
1519693
12398205
4741076
8109035
3068078
10938087
4174604
6833329
8095736
-66510
5032597
10631734
1647784
5904924
86646
10399987
8999092
9896779
11003799
-1738686
86918
2755576
-3895276
13727109
7973641
7509518
815419
8508645
2644338
6313136
3836463
2406988
10880704
455674
11032280
2592483
898885
3718605
299020
4416427
3754824
6127957
436794
6049543
2301894
7856269
5967359
-203482
-1455926
99717
7098010
7219622
12704032
6682251
2936604
2849280
7353899
8013145
7147990
9228421
15558916
4169208
5982835
14124796
8451995
7008383
1718735
212049
7817275
465147
32493
8679259
9984680
6418680
2574553
2412462
11106548
5887220
7619125
-800594
2012265
1396308
6308155
2636211
4980956
6583620
1579615
13397983
10370114
5719375
332094
2153924
1498730
4071728
2587567
4426907
2794638
6550517
9365013
3032529
376064
3880912
13434043
-2211743
-2231997
5977964
867861
1453369
8268206
92212
1769248
11251498
1305758
1143201
4385565
4180817
5898305
-86340
2981216
6645358
5273383
6250159
3655573
4913473
7977112
694753
6357397
11595912
-2113866
1750175
9602912
-2196136
3704624
4377588
4021847
1554768
5682952
3434599
-2690052
532810
1325129
8651336
3139258
6095067
-2014722
7690843
13797219
5191761
10918302
13165486
5910585
-714000
7995895
-57260
1481695
6539182
436333
184253
12934077
1849041
5023643
7200154
3090039
4174158
5770442
1224119
10360413
1273854
3004907
3015421
9755712
4887679
3045918
-77173
7449592
-3414260
7501681
8736346
1571067
6136854
2349947
4802524
6067215
884066
9748963
3949635
5505740
6720944
-457599
6542943
-373352
6769344
7326461
4275984
8468662
7483140
1617105
-3501073
6144691
2507490
10440439
16751769
3395193
6446089
5814190
5072401
3293406
1523080
2470656
6894566
634118
44126
12742259
4210459
2224781
9920040
12330594
1730288
10527699
1174312
6807271
5831966
5676123
3363530
6081901
1107683
6794202
1241460
1266709
12936171
1552089
253984
7568698
1709
5402459
6357762
2772852
775988
8435845
6854259
4377867
6681765
3655576
10993007
11249268
4027502
-584142
328672
-1271707
5108746
721171
6073314
5995808
5692590
6760582
5745701
2261404
-1398714
3851195
3888820
4007713
4808447
799939
6366163
6122725
9737911
8219870
10672913
529252
4196693
10003740
1315496
17443112
10262089
14856450
12795519
-158805
320006
1556122
-1617667
4166369
3498240
10927947
9247063
5511461
14928228
1717880
729722
4523239
7202979
5346121
4069043
7747228
14678770
5465422
8078514
1962626
308942
1729490
7947333
3925014
4865008
3675824
3992603
5245285
5432207
1564141
7866016
9393248
7595161
3081018
4588136
-1932523
4564865
6480608
34817
6196788
-1610648
6784173
16298914
4810881
12870202
9417516
4598695
12541220
6168331
7120834
2300919
-1426742
1374760
9015888
1813855
10902982
5016934
1072309
5165736
12561186
8958347
7649775
9324899
4486904
11971789
6301160
2160638
5593431
4769860
723797
623524
-140709
6933867
4383727
5246214
3572782
5784037
7726093
2548508
1389681
6383234
4445323
7851939
4004186
12148995
384309
7630789
8632097
7244762
2972610
4763179
6299492
5545658
4149339
92787
-401424
6798833
16935848
5132602
4200451
4723592
-39800
4244215
-716226
912263
-487080
10327899
-410616
4722862
10411635
7039994
13156672
268749
436485
-2243666
-784225
278194
3854964
76849
7261742
7076202
1250935
12620094
2449464
6527722
1853821
8419032
4058260
1151361
157313
5571006
-3234758
3766752
2747704
1989706
4227337
186072
5740670
6717042
-178008
3982463
-561005
6776237
8209434
2217643
2228324
4880977
4363024
17336550
8918783
1920558
4010895
7090748
1195423
8982217
6867632
4834988
7415133
2525064
2275295
