-598533
-285392
-1332551
-1404998
-2645338
-4242806
-466234
-1803424
-4704670
1151881
-3363486
-1417112
-1048523
-136349
-3944258
-1016724
-1717016
684956
-9248940
-1686317
-695418
-2082656
-969628
-1982620
-2625475
-5080940
-881028
-1725786
-33507
518201
-472994
37356
-3473626
-1084857
-2444436
-1803803
253154
-3592774
-1881235
-6357068
-1162576
-3117143
705769
-6514797
290846
223244
-3247028
-398603
-4083885
-7210430
-1116381
-2851151
-4428773
-970168
-2048306
-135427
-1731144
-156871
-405268
-5352660
-4328034
-1061057
-376109
-1838774
-1005868
-3507201
-4649172
-1145853
-1897412
-1770066
1575577
-4009597
205747
-6164644
-4854697
-2707854
283924
-4033991
-561923
-5370141
1812943
-3212665
-3980190
-5067647
998269
1229773
-3169647
-1089861
980228
-3759335
-2591347
-3847775
-476298
-2413907
-2919747
-1676865
102543
-4362442
-3143761
-5192838
-1643232
-3680171
-2752870
-123941
-4040509
-105924
-2575057
-298580
-1091565
-4420829
649369
-4064889
1200489
233087
-1395587
-2136854
-3920739
-451392
-554498
-3543166
-1026782
634308
-2708567
-4987092
472711
-832968
-3745488
-291908
-1677282
-1310883
-88410
-3569062
-487958
3317
-840528
-2973539
-1956905
-4532274
-684205
-1139321
-3751910
-1210583
-2810440
28669
-971960
-6004257
113569
249937
-5339417
-1713700
-1209854
-4226342
-610209
-4408155
-2535303
1923046
-5784466
-3093551
-4662347
-128730
655296
-5131225
-3025066
-5815131
-349095
-1184537
74862
-2726521
179126
-5751425
-6092395
-1445281
-3329211
-3569581
775007
-3877710
-1071906
-2831628
-1381228
-2762528
-1117726
-1180365
-3135
-392966
-278647
167771
-2744816
217669
-1828579
-909183
-859804
-2621469
-1477434
-4469920
-649746
-814162
-1840760
-1895588
-1203161
-2610813
-4810860
1784726
-3366779
-4012249
-251912
-1017851
-1694670
-2562566
-4179213
-361818
-3734095
-473790
-378702
479443
-3061494
-4259421
371092
-2022991
-6335708
-2311139
-1007649
-1022104
-563038
701739
-471830
-518980
-2394837
-1544729
25537
1370322
-404111
-2800135
1698413
-797071
-627168
996121
-247615
-4939506
-6698140
-3450244
-4254855
736274
-641431
-1954807
358706
266152
-1422982
-1115961
-1780252
-1441016
605484
-132213
-542079
-681717
-22934
-2074809
-476678
887895
-4732938
-5098140
-2598169
-2223017
-4046835
-4207346
-4667999
-1811290
-934470
338334
-589690
-537466
-114718
-1653240
-704035
1666496
-1396257
-1343563
-72766
-803795
-3539573
1539777
-4555430
542544
686797
-2470335
-2238787
-1255146
-2783160
185263
-112202
1019483
-186860
861077
-167588
-3682981
-1198060
-2930469
-4184340
-4165147
-486147
345991
-4802980
-5032052
-628535
-253532
-1054942
572910
-1356303
-1018654
158513
-966139
-4349729
671612
241799
-3218600
-1294814
-1202900
-5573901
47418
-3414753
-222568
407850
-3772727
-5752829
-1138706
-1786914
-2787551
-1434835
-7408703
-237527
-2438211
-1477428
-5933994
-343495
-936137
-699609
-2004028
-985137
-420899
737868
-4644499
-58453
-1645812
-1944534
-521823
2467097
-742069
-2058008
-59674
-2337801
-3772978
-940736
-5357734
290740
-3523920
-1453366
-294875
-393254
-2974974
-6169639
-347459
-483433
-7478476
-737501
319850
1210925
-5521775
-3878989
827313
-219257
-5658635
-5087064
-924299
-2997264
-2958790
-3284135
-234602
-1442177
-32304
-367752
-5108430
-5059293
-985941
-1143441
341282
-1727716
-139410
-468619
-635689
-6076367
105854
-8727
1354098
-919525
1451587
-4411774
-2657670
1578165
-852517
-2588482
-3520793
472382
-5738755
-4219046
-195121
-5252247
-4451585
-5227768
-1157645
-4103503
-1362400
688231
-7284875
611187
190489
1203689
-155583
-6197054
-1976762
-4077617
-2724945
-1090274
-830170
-1284874
229944
-4270890
-4738960
-1185942
-3936362
-802273
149123
93184
-570974
-331459
-4252496
-1015554
-2251918
-1044322
-261787
-3421392
-2148121
-2857966
-134987
669110
-347849
-1831338
-1806631
-2465198
-601523
1737440
-367833
-4273846
-692686
-2951012
-1120146
-927043
-4292253
-3036404
-1085813
-246762
-1414932
676575
-1677376
-55725
-5227517
-2609869
592159
-1410846
618440
-828002
-792637
2228104
-2497148
-1116701
-8010638
-1404544
-1025486
-1066019
397441
-550713
-431290
-661872
-4692178
-3580523
-1485515
153515
234903
-3536113
-2241116
-355560
-1509173
1351594
53419
-422148
-3612088
-708497
2553541
-4874941
-2995544
117796
420388
-708839
1488
-3042233
-852130
-356224
-2769789
-4317619
-255437
-134205
-1147544
-4718679
-1522621
-3437973
-662243
-4340221
-6044372
-1867890
-900314
898512
-2064955
-336912
-1065912
-4932364
-1014067
-1468414
-2166968
1291180
65054
-3962767
-104585
-4749194
-255522
-4244050
-5496456
904176
-2822283
-2062552
-2624159
-1236
-2170676
-5567579
-4788768
-201967
-1022021
-430262
-106260
-2024246
636003
-9556675
-1091734
-283522
-664577
-102762
-544670
-6278404
-554167
-270024
-882349
1370750
-3844679
-3045439
-114383
-1259953
720082
-5639224
-551767
-2075219
-2221001
-3896408
-1531891
-1023110
-1567351
-2993390
-4148047
-1587248
-1218274
-4595549
-1867758
-3749845
-4876099
-797537
1994852
-2224654
-114674
406814
-1034448
-1416313
1270108
-222630
-544961
-470878
-1535475
-1329703
-1570079
-1712276
-1647033
-1426486
-445051
-6869746
-723841
-1587288
-5132563
166313
2471601
-2687504
-1040598
-4214176
-1289136
-397567
-2961505
-1707376
-3213192
-1846581
-4544742
-2504341
552300
-337245
-403620
-2282326
-4200438
-4833873
1119698
-1249375
-277069
-952755
206804
-4004461
-2997860
-489999
-2641545
-2474130
620033
-1521107
-1484773
-5197459
-1840682
668637
-3751439
-155403
-8010068
-6033608
-426968
-4285247
-4007188
2400080
-569715
-1802047
-1929528
-3179644
-870556
-4882140
-472205
-492318
-2184571
-1275047
-4192134
187010
-6912704
-1182009
-4149119
-1559472
-3933342
-1661977
-509580
296231
-4208623
-3321993
-56780
-747868
-4307698
-584937
-668851
-886495
337340
-73548
85422
-88724
-2109723
-1016747
-7844
-4703028
-3737065
-4065961
-2856641
1142195
-2373573
43582
-1932768
-3532329
336173
370652
-1272388
-7985
-5335002
-270066
-3872785
-1189907
-2044267
-2028574
-2620338
-864553
-4075874
-5992004
-3480463
-3826686
-4143883
-845519
-1641974
1578275
-296963
-1919024
-48097
-585004
6989
-217863
-1522627
-724141
-2017915
-701307
662185
-2412126
-1279834
-4195463
-2215067
-751970
-3260658
-488485
-4220175
1122779
337276
1023565
640006
-336357
1626742
-3815700
-2451423
-4436196
-557211
1794038
-1219583
-1145034
-3823316
-800409
-3951688
-103666
-957146
-4552485
-1944097
112808
-509891
-777205
-6115710
-3192515
-98106
-4298754
-1384131
-3618177
1007151
-2050588
-1480003
-1940305
789360
-3754891
-5309850
-2897406
-3055914
-1600
-2173237
-1181844
-256489
629209
-1617973
1369298
-4838725
-700941
-2428200
211270
-170318
-2567650
-99389
-921654
-4431023
-981534
-853453
-5142518
-3116042
2112414
-1665714
-1698622
-3996572
-704143
-4383225
-1239538
-377984
-3904171
-1480058
-545126
-869005
-392195
-1233676
-506737
-1881055
-2648684
-1582721
-5472171
-1867669
741154
-2617258
408636
-1497000
-4359968
431036
472535
-1231910
-5704212
-860920
-213393
-270979
-1859300
-1991996
-3911516
-62947
-685320
-2290957
-4074000
-441108
-6017346
-1047784
733444
-3003960
67901
-1450051
278475
-4148409
-909580
-1945626
-3744613
-1568986
-1328602
-23834
313661
1287285
-2264938
-5039594
-1233280
-1668230
973750
-4631552
-384077
-402606
-2901959
-2933950
-1147499
148308
-1746588
-78136
-5295172
39079
-1142252
-539372
-5087875
-1042361
-5917203
-5226324
-6233546
-628409
-3049538
-760100
-4540888
-2217836
-1714040
805722
-58302
-2353932
1158878
-338209
-301954
-1082086
-68018
-303392
-4886745
-1651584
-1845269
-2668540
-247744
-6292321
-1734401
-5398169
-712540
-1360944
-3501196
-4668207
-981878
-849948
-632569
-738353
785692
-965121
-53239
-5102663
-815157
-1744904
237321
-1111542
509986
-2563953
-3048965
1650592
1273956
-4400962
-3336984
-3374725
1154976
-1566267
-3492334
-695878
-4093062
-543306
-5234726
-81606
-1865040
-1976085
-944596
-2034515
-2085977
-3088592
-1536223
-1919170
-1988409
-436422
-1006284
-102409
-2189468
-6357906
-2226055
-5339925
-1896625
-4251227
26342
-3432772
-704183
69106
-5330964
-533203
-1990043
-41297
-3582193
192332
-2778123
-8022074
-3114394
-4022696
-2064767
702956
-259583
-414181
-2070280
-1055890
-1064219
-517787
-1361437
-942100
-1314295
-3372936
273730
-2762745
-1404098
-259601
-1956177
-1685260
36527
-1206403
767348
705435
-3556018
-3621474
125484
-572633
257103
-3294398
-4198557
-1297378
-485025
148853
-554842
-1078550
976895
324628
-3054727
1138632
-599095
-6960218
-1342315
-4679977
-182797
654683
-196119
-1481687
-5455173
-1545860
273917
-1811198
-1596283
-4843658
-902562
-4907845
-2858535
-2419289
-3890151
-596306
-880353
-2984028
-1419180
-3853939
10088
-1143075
-1916159
801207
-314855
-1969513
-2714290
-3057289
-2102421
-265932
294128
1850565
-4008018
-1206820
-928035
-1537309
-1638051
-3929651
1895698
-995880
66005
-1385236
-2821656
-3745644
-9736169
-4566791
-1631295
-2219237
-123475
110215
-372335
-5067428
-480545
-5283252
-3382748
-186359
-3542209
-4845565
-1548337
-4247854
-4757448
-490614
-3561901
-879486
-712790
-709497
-1813280
144493
-298461
-1045290
-2070220
-1307422
-1623014
-4772920
-1591756
355315
-29734
-3699663
-85008
-235559
-3867388
-1499283
-997447
-6145432
-1572473
-1743034
-4158988
-1837298
-485515
344667
-4885289
610834
-4201624
-1452646
-3431075
-1563115
-558331
-1075591
-1895479
-2827837
-1507640
-1554544
-3266462
-83012
-1017263
-3214249
998565
-989065
-1249152
-1192608
567470
612244
-105175
-2581422
-757093
685852
-1874366
645032
-4379450
-4809459
-5779769
-808285
-3774208
-1983005
-5374602
-4161721
-1017318
-972617
-957574
-1760782
-830610
-1988261
-964567
-1063208
-3697917
-1710944
-2610571
-238187
-1562737
225858
-4035102
-5861256
-1167603
-203605
-2511179
-752731
-2856905
-281386
-158370
-2882337
-2301574
524305
-2715093
-4618058
-437648
805504
-525797
302477
-1526790
-3866753
-1208669
966367
435084
-1495603
-3310830
-3645354
-1119105
594710
-3036014
-3101223
-80445
161241
-1235762
-1011824
-3472033
-1751095
-7719759
-5893909
-667062
-490569
-3346768
-754795
-1581783
-899170
-3949817
-5257549
-2702706
-923308
-3161679
103970
-429406
-4097633
-2357446
-260106
-1330048
-4845403
-6711959
185778
-4555746
301360
-3036631
1638143
-3158633
-30697
-4195918
-3471441
-4118750
-761612
900052
-1630563
-4538630
-620947
-3420363
-924611
-277427
-395102
-606907
-4955421
-5491932
-1863131
-776502
-270111
-835396
-3314444
-2656454
-4612343
-1157617
-1195258
-1686507
-2635917
-1555121
-3066882
578190
-244577
-1433465
-1920041
-4848735
-1353819
-1275382
-2787046
-549545
-756683
221542
-1081531
-4523685
-4666130
-1515559
-3510209
-88699
-1582652
-5631273
164599
-4293876
-1517625
-4655183
-5291022
342507
-1278581
1290019
-641069
-1839225
-3543500
171888
-4252277
-1436145
-1034328
-2468491
-827230
-586978
170785
-1568376
-5461536
814230
-6260737
-6934088
593395
792793
-2189306
-1718927
-1808800
-11110
-6935
-3853930
-387764
-139975
-1996357
700570
-487129
-975243
-5505801
-600387
-845753
-2249647
-3589203
-6421
-4645303
92047
773684
161214
1382383
-2124957
-2244382
730521
-4160932
-277318
-1819678
-1470265
58734
-5638072
1925634
-1538212
-1121624
-621813
-2436107
-5522284
-6017244
1712806
-1046712
-962804
-2480058
-364472
-1691112
-647440
-1453679
-3730294
-3774775
-6443134
-912089
-1537947
-3507367
-1185435
-2249571
2307386
-192220
-4901473
13567
-658800
-3700454
235011
1046797
-2455641
-72733
-1905858
-2881453
-1463299
-3252404
-2875693
-320484
-2878057
-749261
-3384949
-855790
-3495602
-1169893
-109413
200898
-937594
-372939
595463
-1378471
-3830272
-607501
-507823
-929182
121157
-2764100
-10006
-2859913
-763086
-5583587
-4880296
-3553555
132283
-3426608
-5973502
-4097300
-119879
-1789507
147041
9995
-1497629
-6497376
-953277
-1175182
-581090
-4621929
-5713627
1739818
-3519757
-3560950
1128546
-41817
-723917
256326
-465006
377031
-2255286
-842918
-2105372
-3473778
-2827837
-43170
-6926288
-1418255
417827
721195
-1397915
194023
-1434607
-4890211
554954
-752906
-1311016
2075480
-865503
-1606950
-3328801
-1796700
-5465149
-362305
-277350
-1974112
-7732645
-4457075
-4207034
-2579334
273706
-3897036
16098
246421
-5729046
1261659
-2852644
-2172717
-222894
-634190
-5300552
-445732
-1202894
-1796672
-2050388
-4086840
-3928176
-1693201
-849208
-223560
1696215
-4537606
37458
-1550432
60185
-671096
-1322312
-370880
-938521
-1691107
-101766
-812481
-1470088
-1341902
-8930417
-5473746
-877349
-5853791
493372
-726062
-739583
-354108
-160273
-496966
-5581428
-783154
1064407
624695
-1540524
452110
-349767
91696
-541857
-1494913
-927514
-369350
77370
-1721984
112659
-3350357
-3142067
-61644
1647136
-6376592
-897904
-3598043
-428256
-3086053
-2988653
-89924
1240121
-2804486
-1632921
-51435
-8872326
-205542
472817
-1333681
-4332682
-4023123
-1343004
1406225
-3028911
-4087560
-823158
-459835
-2217880
-400723
-1499855
115239
-1028828
-606007
-719325
-101224
32990
-4186909
-2129255
879245
-1776447
-3647662
-7952091
-4665244
-4481696
-570597
-1828066
1119752
-3968830
1409273
-1604541
-1247984
1179420
-2836115
-1167471
-4840060
-353986
-141866
-2491
-1694671
1896606
-5568249
-4094726
-4711665
-1183622
-3802043
-5571838
-1663764
-745586
-2493247
-3738780
-845687
-3856395
-2520415
1202079
-3760437
-4995317
-3521987
-492209
-56224
-3742820
-953579
-970112
645306
-1538698
284688
-788577
-4693627
-612284
-366715
-3120393
-5619111
-1122442
192913
-2208931
-3964016
-822133
1764338
-4338918
-616010
-978522
-962672
-1311196
-855484
-1552675
-6583084
40894
-959723
-1584423
-882426
-6032892
-1405313
-1388975
100936
-4129141
-408659
-84159
-1794979
-2186071
-3334046
51955
597397
-1359974
-1263072
-5760304
-2178576
-5536064
-315360
-3909440
-53664
-4731691
1741664
534726
294486
-3918415
-3805906
-779238
-4893648
656646
-5574237
-3403317
-456322
-3334958
-1856349
-5460753
-1832291
-5239239
1653761
23856
266936
-3564733
-289064
-3850787
-6681068
-3746910
-3028441
-3863636
-2770557
777131
-1153319
-840200
690847
267345
-228141
-2878833
-136219
-1167948
-4932029
-3009697
-1512285
-1503295
-2651763
-4348217
1050223
-952145
-646926
-2047568
32013
-4398778
2025839
-2259080
-1975263
-666972
2138916
-4074619
-961517
-333317
-1122985
-1779536
-958988
-361484
-1905379
-6051772
-5330467
60906
-55080
-350630
-5280227
-4465440
-1360103
-575630
742537
-231211
-2873554
-1434842
-4809129
-2581139
-2351617
930130
-4379542
1566619
-139555
-2370484
-3292305
-4009079
-406241
-684285
167073
-2606766
-1051432
-688558
-1801977
-3659008
-3653721
-1390314
-3945993
-1070029
-3491880
-3220662
529200
-986359
-7051756
-2742530
-4694241
-5357197
-4981153
-1822875
-3286304
426485
-2348060
-1818289
-3428249
-2259491
-5422468
-4269759
260555
483216
-518799
-1184034
837982
187617
-374530
436579
-1973896
414698
-807890
-925114
-1925173
1202993
-3914321
-4110633
786340
44852
-4567242
-545215
-3921371
-1094881
-4012041
-5008667
-3815196
558815
1382227
-228394
-2401749
-2454514
-3898471
-1884328
494208
386874
-4371546
-59074
1879687
-2185105
-1656992
-1464504
1699548
-1327457
-655305
-1176203
-232585
-2462555
-1227230
-4299535
1239007
1283026
-435443
-4455835
-2073574
-603046
-1546520
-682904
-1509028
-1098032
-273169
-4106844
57103
-5045662
-985474
830575
-1410282
-6712332
-1120946
-4058293
598532
295016
-2043162
-941011
-4226458
1145447
-230182
1105553
-2308996
1532000
-4207969
1498528
-4101353
-8273480
-2188665
-1631208
150980
-1576372
-572631
-4317539
-2630771
661203
-3810492
-2271200
-1314532
-3969487
-760600
-8455082
-2227243
-1992652
-1613053
1643560
-2011099
-747543
-666354
-133889
-1313858
215583
-2923003
99671
-1168331
-128956
-2389290
-55371
867022
-102213
-356009
-2577927
-2945557
-3686703
463108
-5066032
-197426
-1770525
-4939148
-4901701
-1878544
-1198517
-1849453
-3979983
-3743057
-580695
-296796
-2635258
-364615
367700
-940839
-856889
49771
-2015055
399958
-1694006
-87824
123751
-1875571
-1193203
2188799
-4236125
-1673426
-195751
1025428
-4903304
-3902518
51966
-2260153
9480
-2825783
-890449
-3718138
-3860959
-432580
-2073276
-6059403
-3157506
269493
-2166822
-1126345
878141
-1364855
-4182392
-2410458
189899
-1664231
-1847997
-3833657
-422818
72227
-997367
-539961
-2824835
-5373825
-2610048
-1707894
-74518
-2493301
-1635235
-269883
-411096
1197721
643638
-3704535
-2964490
-2457257
-3083031
-2370059
-5995623
-1297006
-760611
-2360914
-2893271
-4712785
-5264108
-86455
-622384
-518340
-2088749
-3831589
-3786209
-7746055
-1935339
-931683
-3749641
-6256646
-638621
-206768
-3788075
1218617
-2829094
-3887951
-590764
-4324140
-244689
-1150387
-1068296
-2797089
-576606
871356
-3934180
172938
-1409272
-308560
-458636
-644974
-889617
-3089178
612586
-1198047
-3260962
-2245673
-2020358
-179241
1230041
326587
157958
844018
-3258252
-2249871
-4610612
-2578297
561231
-6092208
406904
-5327439
-206026
55436
-2190957
920099
-1508814
-3893455
-1145060
-60512
-202600
712800
-2954536
-737741
-5535260
-3089057
-6696590
-1710197
-177150
-4569920
-2188242
833573
572220
-5856937
-223282
-1523486
-6520418
-1706915
-4770919
-6244505
-2408562
-224901
820483
-2725757
-2858604
-697576
-3099829
-938260
-673437
-2545339
2215084
-2836376
178369
-1806533
-15680
-2584584
-6218544
-676250
1066576
-2271619
-709179
447218
-4987766
219891
-1350622
-2054161
-2879746
-404210
978566
-535486
266981
-110057
-3664100
-3360185
-916156
-3382400
-2576733
-6066397
-926098
-4156177
108293
-6321933
-1007447
-212033
-4608457
-2729270
915989
-591455
572084
974888
-2724409
-4566094
-235934
-874715
-6333759
-574245
-3981534
-6082443
-4348638
-2995828
-2658983
-1870899
-977090
-534884
-93463
-452004
-3921786
-397164
-4285854
-1413192
-3191592
-912127
-708595
-1812990
-3603852
-2634124
-4093523
-4365941
-2592263
-7155707
-3199411
-897603
-510990
-4955224
-4950154
-2967933
-2771471
-3321460
-2094198
1446460
-2014615
-4781986
-1996002
1256513
-6111655
-3870240
-4727525
-5489732
-1936830
-3032437
-1810953
-1037819
-306831
-2563705
258815
-1846570
-390807
-5203167
-933340
-3633701
144923
-3345757
-2617590
-3526856
-540472
-808750
-1574655
-4727935
-596250
-805984
-470769
-5148539
1087289
-1362630
-1600893
-3158337
-870241
-1458253
569798
-934742
-131105
-3864785
-4709577
-2919764
1110936
-3567161
-1658206
-3747333
-847426
-958446
18732
92218
-5377113
-3759740
-4098099
-2662495
-4738527
-5102138
1023073
-617617
-1617796
-607381
1156947
-5306097
-3777784
-4849136
-366069
98904
-4541172
-2111957
-78139
-1830502
-1932906
826834
-554658
-111285
62852
-4303389
-3383280
-6017801
-2140718
-6018370
-4676064
-2373516
-777402
507258
-3714489
-12609
-1613419
-1873107
-2957383
-1727403
-4364689
-940906
-935725
-1443521
1231226
-988596
-1451913
-447704
-59352
-215628
-1833272
-2249739
-1750804
-480322
-2212320
-6110839
-436519
14485
-8691720
-467796
1059246
-1343733
-565236
-2594909
-973767
-171322
-2275277
-5054602
-986165
-944098
-2263263
-753185
-1372530
-913489
-2039253
1169176
-1031631
-4915629
-4865827
-2285099
-2300926
-2115430
-3431693
-173552
-5663658
-6205489
-3099717
-793576
-1081992
-2508348
-253857
-607711
-252957
-3637726
-1016055
-4422251
596910
-897293
152755
-2482641
-3303158
-4727961
-3823032
-260617
1808762
-2446111
-2783230
-1061034
596688
-4454564
-5756495
-985104
-2155503
2309542
-3727996
-5559358
-5820508
-4122230
-874971
1204076
-2748396
-1498886
1539744
845678
-3872283
-2959900
-3183706
-3387353
-1511180
-3150698
-1873965
-1017113
-3289460
-457479
-6445383
-134050
-1261249
-2927833
-1753393
1526917
-792560
-6018746
-609489
1245970
-5569209
-585556
1121503
-950350
-325461
209675
-4199327
-1004424
-2385934
-120315
-654493
-991731
-1211802
-2123945
-4767793
-4767852
-1364881
-2394591
-547051
350990
-469924
478458
-1696353
-4024492
-509771
-782686
-2091657
-1016966
486193
-1424187
-3144470
-2010629
-180029
-1045898
-3847550
-4461661
203060
-1251184
1222156
-6294452
62240
-1645249
-2904164
620736
-5819419
-8146778
115382
-4764865
105435
-5529341
385715
-1465218
-1182114
-3655112
718874
-3389600
-5031165
18679
-3213630
142690
-557904
-6142758
-3279028
-4405800
-2881442
-2846895
-1377980
-285995
256857
-3746324
-3858723
-2725029
-1131545
-5503513
-5269501
-3470028
-780662
-3110050
-3614323
-1042141
417575
-3009483
-4707128
-767568
-1206611
1330868
-2754549
-1353302
-2356298
-1282446
-838737
-2520924
-291577
-6307630
-824607
-1400720
-550842
-825749
-1102263
-280267
-917348
-248333
191992
-956593
-2248334
1405640
-1353675
-5116600
-4844132
-2211653
376703
-3928983
-1152986
724452
56914
-4594373
-2191362
1087671
-903207
-824643
-132723
-227377
-220710
-2568006
243278
-815031
-6272852
-928720
-648644
-84789
-4717586
-4739319
-4212972
-32441
-3696913
-4099354
-1163404
-2395404
-163437
388164
-7149321
-1258883
-3884304
986308
-1436209
-659606
-1220185
40851
-1305108
-3594676
-516389
1785854
-1429301
-5626127
561575
421693
-3143710
-540579
-965192
-1213229
-3560815
704610
-1486171
-1075844
-342397
-1252136
-532850
-742470
-4072263
-5147006
-2846574
-3843294
299170
-3388618
-2807269
-3476727
-98909
-1849183
243632
-3253111
-1664764
-5198698
-1091406
253091
-1128072
-5111591
-5063107
-279324
-231734
-1354978
-3216346
-118030
-1366347
708933
1461096
-1984376
-1529455
-3532150
1326771
-1368370
55799
1561850
-3733779
-2923896
-3222961
-5370622
-10753
-673538
-744136
-263812
-2643579
-53308
-4628717
-3296413
-1223085
-1248050
197165
-768157
-2181014
-944935
-7476607
-3983495
-774825
149833
203842
591478
-1014387
-2230354
-5547875
-2174170
-1506013
-1824808
-7835
-1338125
1050658
-235529
68278
-4938619
18619
-572230
-316338
-6008626
-2435977
-4481201
-3688983
-1170436
-2824438
-1574187
-3793828
-1167702
-4042001
-1452436
-1434513
16503
655323
-3522884
-3437864
-1633075
-1905164
-313994
928255
357512
-1621823
-114414
-5904894
-295271
-2265635
-295296
-453874
286501
-4138807
-1140675
-2739256
-450568
-3449054
-41777
574628
-5103
-1136007
-217898
-2994353
-1245917
-584542
-129340
-3964144
209881
-5331506
-2695852
638357
1515799
-2705093
-4178705
345119
-210904
-3530802
-1567143
-1165892
-1440983
167671
-4172839
-1852427
-817476
-5073498
-192581
-2002670
-362561
-4824223
-1241911
-917806
-6302468
-1524014
-1917908
-395230
-695344
-981565
-1055406
-2983006
-3059290
-368426
265500
-4832184
-1600429
1378900
-4750309
-1391709
-359655
-693562
-125656
1694778
-5812813
-5655323
689708
-117688
-3291454
-684424
-3328566
-5377551
2443450
-3307439
-2312604
-418448
-4311947
-656629
-264973
-2951348
-246348
308736
436212
-1727443
-630084
-1073473
-992250
-1584240
-2266510
-750096
-3061834
448432
-3787722
-397788
126469
-400460
-887242
428105
-4330564
-277799
-1306332
-5151897
-1463094
-2168392
-783829
-2607299
389296
240334
-1101435
-4442925
-2493905
-1381885
1726103
29908
-663584
23530
-4763298
955380
876551
197006
601594
-2004083
-961102
-713129
-515363
-952123
-4080237
-4230434
-345726
932434
169490
-321776
-2084271
-2622971
734337
-354688
-3618655
-2196071
11236
-1706980
-2122884
-3487913
-667173
-3147807
-3110530
-1036944
1585812
-3816748
-89919
-1033826
-1334198
-2978337
-1582623
-2529696
-342951
-1056057
-1274440
682798
-5158302
-3793209
1032619
-935159
-1529878
-1229938
-1077461
560882
-938475
-209497
-3472463
-707015
-1642559
-252195
-959016
-618569
-144202
-238444
-1903283
-4330926
-5367577
-1571704
-317541
-2553954
-3482623
-3826997
-3616550
325779
895753
-4827215
-1224040
-5016230
495637
252967
-364543
189106
1214860
-2731382
-5102709
-607677
748360
-2104410
589090
-1998391
569744
-4465932
-4181099
562967
-2188878
-2580605
-543403
1190151
-103165
358940
-1472501
-1364882
439042
-1677050
705371
-8369921
-260621
324892
675895
-3239836
618732
1562196
-1094224
-601731
1170274
1115249
-1693916
-126605
724114
610475
-2595546
158195
-1399872
-879872
-997287
-2470717
-3134692
1342225
-2476147
511954
-595309
15112
734041
-2702052
-3798835
-3012026
387719
-1044937
-1394283
-1764674
-220724
-2090197
-957529
275435
-507063
865892
-913323
-1183240
-4242881
-1958091
-5132182
-276276
-6262775
-7817845
-651210
-547322
-4390317
-4823835
-432244
-4176032
1399104
-2262590
817840
-4099358
-1827709
-2490962
454581
-1152540
-1507712
50780
-3158274
-198301
48729
-2040405
-871462
-1221492
347615
-2828031
-4350084
-5083555
170876
-4754569
991727
-271377
24196
-2777988
-1636895
-628961
-1809189
-168086
-4423018
-5773298
1097973
-3890361
199668
-1244862
785544
-2855614
-4071068
-877749
-1727422
1042849
-1476112
1638748
166277
-1066906
-1267738
-534354
-134144
-1240191
-3479814
279615
650072
-4916303
-36190
-6054492
-661510
-439785
-759057
-5179934
-5070043
-3771176
-4034313
1208142
-1330131
-1663039
-5200384
448959
771071
-2223789
-3113944
-743449
70050
-3444734
-2358038
-675434
-952346
-4783834
-529796
-2507195
-1857185
1182096
-1555418
1035089
295706
-4335747
-3045527
2616971
62578
-5571703
-156603
-4265411
-4127889
-1633289
-687689
-2585135
-391823
648134
-2706307
-3885984
-5248414
-93602
1317314
-2077493
-735646
-1565786
-1462590
785820
-111575
536899
-931160
1314517
1535480
-105614
-2135543
-2696111
-3665601
-4294347
-669732
123737
-2223557
-403314
-4214933
-3787501
-1140374
-3920575
583062
438486
-4347111
-661605
5524
329231
-3330676
724681
-3077561
-2843532
761918
-127475
-545012
-5937625
1398954
-1930825
-5023436
-355623
-3317701
-4282451
-5662713
-3053346
-3434341
525602
-41015
-1458670
-3516851
-4031281
-2744678
-1138597
-3173523
-325402
761257
-2616900
-4097239
-526481
-1637311
-2506314
346428
-786639
-4638690
-2728920
-2439349
-2956151
-5076263
-7251249
-5340661
-1710179
332797
-451510
-2741553
-5617590
-3408165
-4990637
-438685
-602320
53642
-823986
-1714066
-1429563
-754076
-2469331
-3137603
-2525017
-5043931
-3766957
-1253653
-1663138
1700732
-1213549
934546
-157836
-3888790
-205967
-17634
968061
-3913326
-2068506
-2979382
-2741270
-1952857
-1789349
-3686878
-566215
-2704423
-525331
-1257765
-1421783
2461291
113773
-5367761
-2686336
-434299
-5156842
-3406975
-879716
-1796381
-521148
-1154887
-3725526
-810318
-4003302
426922
-5299954
-1888906
-6540928
-3427433
-2528401
-5794793
-1169283
-7857697
-3158274
-2505415
-3083238
-1912446
-3649991
-395420
-2821600
-2360878
-734270
-1069963
882469
-2046232
-2163228
42861
-3172162
-4715339
-4235355
-930937
-1689210
-585733
-16707
-4724538
41152
-5717530
-1075677
-449290
-337835
-1909163
-3435424
-1551030
-3378128
-701121
-1519227
6917
177249
507519
-4251615
-1559739
-1906525
726798
-3991501
-1090832
-5980375
-1344632
-3934124
870060
-533261
-1471889
1769276
-435113
-333802
-2943422
951712
-1444330
-260749
-359485
121357
-1594576
-4597472
-166161
374298
383183
148183
-3151516
-374465
-1502618
-1840887
-394649
-684350
-460607
1237630
-362290
-1479349
-150055
-1611838
-5306159
-310674
-4685956
-151869
-2510474
-2842743
1136
-3195357
-1921236
-3740493
-1207105
-2182885
-1281216
253024
-2191254
124144
-386727
-3974862
-1459346
-1343078
-1772079
-3366775
812003
-4490354
-1066865
-1067718
-324534
983187
-498564
-6168130
-1492067
-3949320
-817376
-5327373
-6873563
-2083847
-7689724
-901331
-3795292
-1276084
-2481877
-176898
-3506100
-1509053
-4710715
-61924
-42953
609335
-1150523
-4193678
-6957394
-1722892
-847899
-210708
-612495
1630232
-205003
-3234251
-943307
-5444
-2429928
-519696
-4108717
-5183327
-3215297
-4426003
-4610493
-3857326
-4519383
-4364700
-4737757
-997411
-1166641
-3187716
-66652
-733851
-686305
-2695246
-1890648
-1876867
-953205
1050320
-1573472
660594
-1757874
-4336616
-644768
-3236892
-2745998
-3768435
51386
-3141
1703827
-4505169
-605316
-1545343
-5284602
-342824
-5637484
432166
-180664
-4540252
208626
1686254
-367233
-2264278
1259838
-600134
-759243
-1225053
-2300432
-5478738
306174
-5510512
-4064765
-3627248
-134169
60305
1053198
1209859
2021523
-5745066
-865141
1430755
-163969
-2041460
-5810020
-4532901
-2265335
-3477714
-1613256
-77987
-1266822
-475632
-194084
-996320
-558159
-3641076
-3958127
-2269692
-3478296
-1037440
-2636908
-4285854
-665241
-281404
-32176
-1041241
548030
-291475
-2890238
-131132
-1425171
-2805661
-2544091
-1537727
27885
-1899871
-2251398
-1419424
-796300
-411250
-3986068
1366346
-4617658
1086274
-414045
-3032100
-1672098
-3529403
-905596
-4079008
-3429778
-1099899
-2198631
-4782896
-1303874
-2976472
629217
-3937680
-1589755
-2223468
-2291242
-1252756
175211
-535380
447622
267778
-4572923
-1937587
46935
-497709
-1068156
-932649
215326
-4190242
-272836
-386414
-332327
-369742
232414
-4291770
-711873
-297136
-1255382
-4916309
-634263
164539
126052
-564721
-230376
-1268448
-4583191
-995534
-3000670
-2431982
250965
-915100
-1277654
-1503759
-1660476
-55937
-3061934
-1221649
-884527
-1738848
-1197110
-2881622
-409703
99887
96992
-2535909
-693973
295300
-4797193
-1005816
-2513524
12294
-3560791
-2403941
-3722396
1417896
628426
-208201
-864574
-2879718
548194
692970
-2244146
-1931215
-717365
-1680420
128184
1510575
420598
-256054
492563
-4155645
-1278427
-1705491
-1437911
-153578
-1495178
-1515945
-1890901
-2582887
-3858098
-1686443
-2640831
-2066440
-1893877
200958
-737498
-1097055
-5263929
-931234
-1082158
-774704
-810221
-1743884
310334
-5444428
-1820245
-2876509
-324067
-4486319
-92273
294220
-4502823
161335
-1066362
-343267
-3367487
-1291630
-2041499
902379
1095324
-856368
-4622117
-551049
-2956242
1874458
-4552300
-4967545
-1573608
-3691202
-3042195
-3714444
-1555279
-4593005
-2442184
-1604793
-313673
-652273
-524408
-1889826
-819690
11212
-651869
334271
-4511365
-2993473
-1016645
-268295
-3644038
-1322993
-5636583
-199106
-2535122
-3044311
-1060341
-5910735
-1057379
-432229
-3508559
689339
-4062753
-4347679
-1123093
-990007
-5213313
133380
-4484530
-1345138
-424954
-1356684
-362840
-1268258
-1076172
649784
9906
1826436
-2687069
260688
-1597913
-452489
-176625
477423
-2228511
-341341
-812782
-2481805
-3338256
-6975861
-3280586
-4059495
130320
-2057282
-2153370
-2540483
-813797
-1282512
-769782
-3681807
-1099534
-4917914
-5116559
-248317
-425175
-2838550
-2239888
-3335063
-3992815
-687057
-3815578
-1019158
-3712931
-4209978
1901513
-3289235
-1272375
-300595
318291
-663579
-870415
-2161188
-3614727
-1137744
-3276973
-4694155
-458653
-510526
-2801687
2404736
-276634
-2221643
-2373129
-1115875
-855357
792097
-417014
411285
692669
198615
-3678018
-856431
-3370156
-7440243
-2723729
552711
-3031358
-4438711
-1665129
-4549754
-4530004
-4828132
-1207053
-632137
-4497722
-758548
-4313061
-3154528
-3539391
-537589
-1625297
252427
-4370259
-3636208
738501
-266387
-1512630
-1341413
-3351361
430558
-6360563
-6868800
-1467946
-1795388
-3084387
-2550022
-1492932
-1319251
-5251154
-5286985
-6094316
-227139
1291888
-623094
-1973698
-3588058
-2880847
-3911665
-3669835
-544909
24968
-1963095
1597842
-683811
-254437
-4065725
-3172991
-3989824
-4883245
752729
-4661732
-2980964
-4413610
405214
-3698240
-363287
-987272
415130
-2712194
-7056646
-5236787
-3272984
-1639078
-5842232
-622510
-1320771
-2394337
135734
-4035469
-2885775
667651
1010986
-6662480
-3483009
-1234924
-397370
325393
-542267
-386856
-2959949
-96163
-5161527
-1610804
-479043
-11815
1308415
-1697879
-852263
-1277226
474295
949983
-1002842
517879
-2055572
-4027602
-6425173
-427287
-1363638
-429393
160138
664937
-1129367
-908225
-1636363
245947
-1871750
-2436306
-4592613
137024
-3140803
-4690904
-841890
-5527492
422036
-1984098
-3011524
-1203195
-1325583
-4377898
-1275556
-3871445
703351
-1117486
-636428
-2596870
-322736
-756371
-2909933
-4709983
-4179688
-3224705
580001
-457044
-4327309
-3598897
-125060
-1271064
768171
-5685462
-1453838
-6099774
-1477580
-1596455
-1714747
-106103
-1487394
-7487500
-1777559
-489592
-3290393
413893
-4641148
-5361666
-1341115
-932019
-3756423
-2133500
-4132232
174451
-1922680
-1827752
-2419258
-961321
-5901361
-1199802
-5196835
-2523946
-4004159
-803721
-1148440
1542970
-1242507
694355
-3867284
54647
-2323931
-1642886
-886832
-4490161
-1707879
-2167536
-2464237
-1680328
-27993
-4897974
-2773414
-655179
-1124023
-1112070
-1658342
-943682
-825815
-5354410
-489803
-161557
-4149608
-1289017
-2840482
-2954607
-2132761
-1806008
-5399806
-1565139
-4298696
-6369483
-1981753
-4232743
-646691
-4059144
-2709289
-3804680
78842
-4900651
-5765384
-1671056
-4351812
-4878624
-1489671
-3257837
1073412
1061788
-3573645
-528227
-4782247
-6912467
-1560036
-4259520
-412446
-2311404
-1116785
-3445152
-4173705
-2271594
-4381709
-1491153
-435545
-3914815
-183990
-2714545
113320
-794961
-30263
-1134234
-4394884
-3298108
246141
-1093097
-46305
-693188
-1073649
-2757062
776675
1191091
760069
207980
-4764189
-1932630
-3278811
-639197
-2318116
688556
-786248
-951165
-681163
-4067051
-269182
-879572
-4007978
-4926242
-1948281
-798702
-2752155
-4438786
-34860
-4327370
2206
-1837204
-1237142
-4905029
-1187691
419256
-4446600
-879507
977707
-2520287
-2795749
-4229339
-5314074
-2218239
-3945740
-673832
-1567469
-4762732
-3935267
-3461901
-3127070
-7084741
380624
-1360288
-624485
-2607181
-3079710
-1204593
-4829638
-532133
-792130
1441961
-3464196
-2176171
-3047468
-3942956
-2477863
766878
-1669409
-704650
-33538
-211597
-1143671
-5888271
-1947049
-2942026
-669960
-3735513
-2447624
-193719
-2032863
-696002
-3454894
-302973
-5618362
-653070
-345033
-136195
-1693491
-1472837
388216
-1054408
-3938477
-3742450
-350118
-900216
-752261
-5018073
-3313606
-563268
-95915
-1462495
-1384295
-718792
-374260
-2138437
345478
-4871741
-3185562
-3264571
-2064611
611828
-43140
-2275691
-2013016
-461208
254510
-1222233
-2439224
71111
-3496033
-5248557
-4398045
-1055040
-734477
-1100832
519946
-1523641
-2420018
-3691889
-9123
1397413
-4126997
-162226
6829
1402591
1325503
-4417078
-5512432
-1323761
-1652474
-1099715
-3023571
-1707218
-1291740
-3963616
-2167138
1189147
-1412125
-3328793
428975
-878416
-3532977
298046
-28989
-1985763
-2103151
-841161
192306
-7684333
-1628614
1366644
-2829721
905625
-2105815
-573060
-1433618
-424157
-5828378
-3598006
-2048444
-650733
-2974490
-1923394
-388277
780675
-1241246
-6281958
-2229906
-4666488
-577395
-1341669
-4028297
-3194265
646804
-24122
-1119443
-1063406
-4655297
-1573783
-5760104
1014623
-1708609
-2953262
-5224532
-5616703
-2000119
-4539650
-651166
-1048500
-719790
-4870718
1356333
597634
-581753
-887937
-1272424
-655680
-511829
93079
504152
-5213999
-4273741
31919
-2540948
-2362818
1145080
1146269
-7524515
567499
-591652
-1551214
-6022878
-778928
-928636
229323
-1624599
446009
-1779514
429195
225251
-1363547
-3270175
240860
-511834
-909963
-5903604
-840234
-1039476
-2622929
-6142738
-2478601
-2045775
827363
1120752
-198359
-1791507
-3019113
-3503045
-4023114
-3545647
-3625038
-3911795
-1646324
-3949240
-1434213
538676
-2943472
-1262336
-1318993
1416413
-5409296
-1577756
-574562
-2103592
268112
-479573
-3450141
-11641
-1246188
-1858991
-3454997
-4927462
-203690
-2070396
-138272
-5166026
-3736739
-1048659
-1246649
-1521217
413892
-4560787
690160
-6540517
1083965
-3224017
-798063
-5188982
-2315315
-2302508
-2507000
-6116651
-4870382
-2518357
-4296807
-1214693
-1754128
1337395
-3177549
1713422
-3632520
-1286243
-1399583
1292229
-4954767
-2635337
-370645
-6433998
-883758
-6414429
-3929953
-753315
-1293642
326219
-1400816
-1134377
-1823403
-3054213
3038674
-1579434
-5352608
1971858
-3279523
-7028965
-1170812
-1486178
-3268992
-1059197
-2100012
-2741785
-5277226
-280593
-4600730
-819638
-5129240
-4387097
804552
-5248629
-3918942
507227
-659742
-3219414
-401028
-1021069
-1707120
-788304
-4682803
-177020
-315194
-2739727
-3790945
638701
-2608687
-215888
379028
-2822445
-1184009
-2119143
-629423
-678446
-1382759
-1844900
-3587325
-2428122
7488
-780694
809637
-4364225
-1366108
-1060159
-2443511
-2330979
-2475273
-511328
-2036468
182130
-804525
19575
-254086
820440
212740
-64588
-923358
914993
-1387721
504255
-1164364
-1946835
359820
-926855
-505791
-620999
-1432906
-4938379
-5135502
-45647
1541336
-2023405
-2558327
-712460
1064247
805549
151719
-4150143
-3180731
-691019
-5493193
-1349456
-827618
-1641814
-873484
-160731
655688
-1614620
-519202
-956033
-4932210
-1693500
-5648311
-2034937
-4133351
-1493144
-3195320
-425411
-264363
-3377078
-2695544
-1000945
-5267297
-243018
-3622151
-1048223
-3752326
37536
-8656087
1128082
-2254829
-943158
495810
-4086181
-5317506
-81664
-3937026
-300272
-1263215
-4347326
-616061
-273075
-1858716
-878145
-3764346
665508
-376519
-921721
749104
-2191156
-3715194
367214
-302477
-1704197
-1476717
1296299
1284608
-550528
-232851
-2033508
32570
-3619634
-1730490
-1313397
-1496431
-1589103
-5119811
-195965
-4260516
-1554488
-1028788
-3987106
-718879
-852730
-3763196
-4317095
-3090623
-767920
-1667859
-2212836
-4576612
-499103
-736488
170525
1612539
1672714
-4984474
-830621
-2301942
-971241
-3907311
-2179084
-189584
-238109
-1047537
-2769365
-862335
-4209486
-4472600
-910072
-4551491
550282
1387102
-1539185
-949307
-221255
1206083
-10454135
-3359674
-3607549
408242
-1909282
-2492669
-3464570
237514
-1149577
-4976592
1485512
-2267817
-3050831
-1882488
-4108645
-1619128
-517918
33622
-6248177
-3483592
-608405
-2492954
-3477737
-2720507
219876
-873294
95302
-1424419
-4016738
-1161313
-1916503
-3188852
623821
360025
-2127576
-553077
-22216
-4721676
-4618516
-3453071
-4092799
-5433851
-1265371
368045
-2965174
-1805821
479605
-5780420
-2476755
-602606
-3482303
-62707
-7166483
598675
-994688
-25505
-3163161
-1132918
2192385
-238979
423482
-5249922
-1345130
458477
-253518
785327
405609
-1406182
-944685
-561676
-2638238
9207
-3494331
-1477371
-246166
-538614
-704096
-964388
-2375532
491065
-3935572
821252
198496
-768129
842099
-972676
-5479318
-3108254
-3988252
-11888
-899814
-1390052
-2335572
-3078500
-1011648
-2409188
-3438979
-7667730
-1018988
-6650661
-3087876
-2891381
-217208
-3591518
47014
-1402224
1626643
-1173702
315704
-4026728
-2849937
1937528
-1602723
-991893
-37240
-2044513
-501681
386819
604163
-119528
692966
-1755377
-2350753
-1656190
-3552631
-646692
-3186563
-1893061
-609464
-2671048
382791
-2006257
295555
-821761
64252
-1044928
-908785
-3282518
-2539765
-2422611
-368520
-3415162
-785659
-712825
-29839
-923416
-626902
1284646
587044
-570488
-886276
755253
184439
-1867602
-3420093
-4009875
-1317343
-1192271
-286380
-1507772
228383
-77549
-1323702
-816982
23988
-4945032
-3810885
-5218929
611418
-306613
-79002
456121
1528525
-991555
-2398581
-47260
-1683764
-546965
-5799765
-4068124
-11224310
-994814
-3981583
-2432789
-174554
-3646100
-2468413
-3979263
-2493989
-1612645
180511
196987
-1564320
-479587
-5135984
-1741852
-366748
-2866641
458790
-880418
-4115031
-4870056
450398
134167
-3211944
-3871245
-2901050
262353
-1815470
-2879145
339484
1294790
-1670814
139926
866966
-1660159
-1545357
-1646752
-1562390
-5077850
613465
-1636648
-539863
1222491
-946930
1037073
-24599
-4405745
-1062765
-574230
-2748038
-4802837
1058773
-4181886
-649139
-610366
391694
-2850461
14826
-4698701
-3005431
-693800
-1125459
-84757
-830446
-4230548
-2341920
-1552102
845131
-3965799
-5703642
-2700421
-2065494
1453199
-2233298
-5149296
-4779837
-2865580
-2784150
259275
-450856
492584
-296763
-3198520
-1618740
-4933924
-962412
-2795234
-472069
-51734
-3181371
1148646
-429139
-2779477
-2538082
-1364120
-2840860
-157123
-3681549
-2273587
-1364954
1188260
457515
263195
-1127753
-88898
643636
-3204339
-4349200
-2291154
-2598639
-7060263
-4612024
-2456714
-4420283
120002
-1330139
-608506
-1116585
-2316253
-2331484
-1645209
-36677
-95492
-2594222
-1330979
789941
-3290491
-481090
-4263668
-709416
-6220808
700509
-1134617
-1033833
-5290252
82027
-5204759
-2629144
-2430548
-3128417
-2322925
-5897510
-1041818
-3281506
-129319
-961489
-5312446
-3227221
-2374177
-3493937
-3460876
-1449062
523443
-1731374
-4075315
-5610006
-1450163
-1949768
-315033
-1690076
-27808
-4916613
124132
-1389214
-2127927
-4385287
-860567
-1032197
217389
-3793197
-5044864
-2701930
981364
-963422
994526
-48647
-614034
433244
-2557191
-913947
-1744375
-20024
405307
-678276
-2297975
46897
-887963
-1682843
-322897
-2339484
-457721
-3763415
327701
-2195669
-3136825
297284
-4541607
-18798
-5337067
-2340654
-288639
-1628727
-6138206
-2621954
-4036968
-42175
992
-815850
-112118
-2363074
-3628936
-3794525
-975808
-3204942
727434
-2233126
332585
-3162886
-745000
606272
-1020657
-4545343
-4358109
251683
-2172110
-1208213
-1818795
-154693
-4026559
3437
-856748
-1537362
-1783254
-478317
-3879206
-41454
-2114283
-1348865
-1928817
-844106
1668080
-1937749
1531495
-748152
-673037
-1261005
252429
-1202060
-2084422
-465704
-4215399
-2344487
-2444596
-1600477
-2902279
176343
-528701
-2015787
-3061681
-2053671
840725
-117342
-684350
-849828
-1994038
177054
738832
-26288
-2027515
-1178840
-3639937
-2030046
-2943740
-1012356
-484430
-1372715
564696
-3514830
-4178003
-1966616
-2137908
-4141588
-108955
-958835
-1305068
-1042300
-855575
-176776
604059
-1398511
379000
-459417
-842532
-393047
-964053
-986162
-402820
-320555
-4511962
-1588873
-831675
-1688364
-968700
-6074270
308712
1700708
-1162988
-1884266
-3136134
-5108329
-1832753
-3477229
-2913305
-2336494
994544
-1068509
-2473622
-1300119
-1080816
-525413
-1880736
-4793613
697046
-332456
232191
-3396113
245090
-1577775
-2851539
-3831341
-3134368
-5787574
266438
-456251
765028
-1095124
-2117732
-2687411
-150989
-135783
-1155648
-3485279
-183450
150311
-3223418
-238556
575211
-1842732
-2299268
-5728955
135676
1392384
-1073731
821555
-5001700
-203344
-1590447
-2806693
-1764222
-3189145
-5472186
-1122654
-2082388
-1203770
-2593181
-3239891
365161
-943545
-1833825
-3835557
-1818882
-3521229
-3844965
-477705
-4061500
-924215
-405929
-2112387
-1082794
-1290875
-3972168
-4179845
1591901
1049197
-341358
-946767
-4114210
-1517114
-773214
-3192955
-746884
-749736
1020840
-2425827
70042
-1035787
-6594128
-43422
-3403423
-4185225
124081
-3737627
-2850439
-8235153
-4577868
-867193
-5129013
-4217620
-904441
-1935186
-2639910
-2949256
-3720204
-2398194
-423801
1376263
-1488780
-2157317
-4872112
-1239354
-3292578
-510453
-2586158
-4106124
-1365629
-2043067
-5388182
-4219724
613266
-3545542
-4268275
-1229782
1182572
470427
-2700067
-1095290
-261980
-252979
-73984
-705149
-1912736
-89866
-2153556
296611
-3872323
-6058748
-4625897
-1870894
-1682065
-1479289
-332000
346125
-4408936
-1637467
-3017242
-96059
-4075063
669271
-2501280
-2183863
-2034345
-6213484
69841
278374
-2273852
-5150099
-348063
-2457183
10086
-781064
-607986
-1209851
488851
286077
-5291872
-1142421
-1839523
42002
-1272737
-532526
-332379
187657
-4627570
-1051207
-4966919
1134811
15084
-77819
-4078430
-1189139
-780523
749675
-464891
-4888642
-1329886
2272754
-1415226
-577533
-667449
-2998196
-5241016
-3556186
-682505
-1974094
2921
-7959248
788534
712359
-6379761
-2149913
-3899932
-2815078
-1677361
-3115742
-1877706
133657
-712179
-9368203
-1206389
-239514
-543161
-735216
-515969
-451004
-4625733
-6723276
-3522770
471546
-1131074
-710490
-4736071
-2453897
520634
-2677739
-409253
832770
-2378349
-4242272
-3620247
1233170
-1220148
-3083327
505471
-742630
163870
-1285093
-456113
-1635232
501346
-441859
-4453404
426096
-5898316
-6116000
-6010062
-1706252
-216872
661765
-44094
-4189471
-2209994
-4732638
-624996
251573
-593382
-543790
-4317838
-3568786
-793303
1708117
65206
-4939493
-589691
-305833
-732030
-1495093
-223663
-4474514
69407
-1693711
-821521
-2706420
951311
-658192
-137594
-5163153
-2374754
-3971303
-3289317
-230996
-1573235
-1140653
-1430300
-487173
-1805109
508602
1023400
-876212
-613519
371715
-5493002
-5602536
-5602864
-316964
-2971243
-2294609
-1516310
-286486
1828217
-1344993
-712146
-3244479
-88051
-2815687
-3650566
-4011003
-4154618
-4260702
8149
-2008373
-1446991
223310
771046
-3638974
1180749
-4419453
-3440623
-2552244
-2984103
-703379
-2111931
-5296145
-4534578
756254
-1045323
84457
-4689602
452957
-1127185
-1235484
-929998
-1616083
-898392
-595073
-1552333
-770129
-1090572
89921
-2761246
587317
-2069086
-1585908
-1644334
-1902286
440940
-3507285
-4081857
384884
-1224532
-595442
-4031362
-1242474
-1991164
-584717
-5548795
-2065158
-565747
1560195
662500
91810
-2347622
-358356
-898364
-5097420
-4321702
780416
-1610388
-4449315
-2227290
1452060
-3642217
-1382014
-515365
-3184146
715630
-3289796
1086658
972311
-612108
-2505992
-6795337
-18005
-180444
442428
767040
-1525991
-4987426
-4429945
-1435194
-1361860
-4232958
443008
342972
706340
260727
-3318567
-2842246
-333693
-478153
-2571015
-505052
-787165
-3502959
-1841526
-2833198
-239016
-1924921
9330
-167739
-7498659
-5691026
1659124
-1162393
-1435409
-7055385
155355
-6512284
-3230935
-696394
1126812
-3849482
-4814958
-3796434
-4164198
-2030439
-692244
-1730643
208105
194444
-2237871
533981
-215419
749364
-3535721
-5245981
-1692716
104028
-4336989
-1207703
-5795335
-6253886
-1315991
-3850539
-3889749
-1543735
-378885
-62160
429082
-5318462
5040
-3309134
695219
394959
62754
-1218878
-2119027
-924676
-1579359
-3456868
-5000361
-255935
166850
141806
-4756966
-1979220
-1935752
-677956
-1138495
-6439211
-1710610
-1546065
-4756876
-7578944
-704663
-140808
-1620685
-4963169
868512
695318
-5124757
-1602283
-4824910
-213500
-1575871
-3910689
-1083527
-2247218
289707
46495
-661307
-1368921
-4560186
388821
-329244
-1348446
948823
-3041392
70330
-5528915
-2319064
-3727233
-295134
-5181338
-4472789
-3980166
-756900
-4787272
-1145937
-576417
-6240648
-2143466
-585950
-1814845
821252
1640808
-1289902
-453010
-2771264
230669
-293668
-1074402
-882941
-989543
-488160
-284543
-2407763
-672191
-1986398
-4285063
3044267
-1224148
869946
843920
-205703
-982608
-2738816
916046
-1420634
-4463451
-5144817
623229
1165556
-923934
1083981
-326374
-717286
-651729
-2883824
656456
-3276850
58452
-4671269
-3755837
-2621841
257376
-1541870
-191592
-4036195
-1387428
-1111090
-1870580
-3471553
-1414212
1185284
-1099387
723326
-2069393
-238010
-2557617
-783717
-4924437
1334566
-94143
693117
-1800970
-5359280
-4083851
2538982
-5300680
691224
-1638739
-1751941
411003
-5613478
805094
414335
249964
-1457092
-3576820
777328
414168
1019602
-1199965
-3831333
-1015720
-3651546
107045
280876
-640487
-1350245
-2682017
-437728
-3288045
-631238
471462
-1818724
820357
-2795451
-3861617
-1279500
135744
-1997856
-1966827
-1200227
-1603879
727918
-465222
-1685408
-1576423
-3708235
-3230873
-3710153
-4185398
-3009178
-4340751
-5161227
-2506860
-5984326
-1380643
-3826358
-4369908
-2069184
-88677
98766
394211
-208089
-757043
-4788106
-1488233
-3615
-773113
-3603449
-1484364
209617
-4668955
265025
-4910691
-1348744
206505
-1103587
-4317983
-2178023
-2470373
-3670994
77300
288311
-5630799
-751648
312666
-5035421
-2964913
-2915582
-1727406
-660511
-6023957
-3712404
-762596
-861245
-3360006
-4354315
-2840198
-1140067
-1055622
-2403833
-540637
-1944477
1100605
-5174817
-5940987
-799078
-3030574
378599
-4835480
-5095460
332887
-798411
-957019
-931336
-3591564
-3181622
-2278328
287234
516715
-4260950
-2953833
-6985825
-3832657
-3611037
-1845667
-3201529
-1913850
-755287
-3994381
-4521187
-532436
-961385
778812
-2467574
-898607
-1752999
-1439793
-411607
540941
1522159
-838810
-5416899
-2047136
-5970015
-5330112
-5703324
-1575598
-462907
348295
-1616969
-4578593
-4730285
-1947062
-3501813
-5000922
-3941430
1102819
-2953865
-61894
-3299723
-1625643
-2076787
-7240018
542180
-2144512
795288
176427
-4446148
-648377
-893725
-1730039
-1219513
-791630
40008
-3355602
-257762
83683
-2350568
-4468363
380860
-4976264
-1105184
452002
-1326973
-4288305
-6056923
-1371674
137594
-4210974
-664353
-3709413
-81506
-4861096
-2250855
517268
-4253486
529068
-3098143
-1749826
-39978
-642667
-1819283
82164
-3114935
-775473
-74959
-5236415
-131581
808317
-4916703
-1227812
347206
-3927800
-478761
-451994
-2479721
-2027438
-4914044
25035
-4259437
-3769654
-141974
213084
-1494145
-5281978
-2667263
-1841874
-7759752
-2624470
-8480
-1098684
-5686827
-2345853
-2934800
756475
352540
42003
-1413238
-308917
-634730
-6193103
320411
-1707793
-687303
-4804949
-4008184
-3890484
-3316726
-986000
218462
816388
-2557148
-1622933
628987
-3508069
345550
-2354608
206615
-1735258
-1286964
-863172
-1461665
-3892700
-178201
-1801769
-391800
-5192497
-48006
-2067681
-1317104
886560
-2102474
510057
-2040145
-1261324
-1399331
618032
-2617638
-4250152
-2718393
-5527788
-695727
-4995445
-2192933
-1624436
-1246348
-2334493
-681259
-3598341
441671
-1079538
628385
-1255047
-3808521
-15143
-4631795
-702305
827403
-4536858
-1165330
-1666500
-464071
-202166
-6969147
-892524
1312755
-3218536
397696
85347
-4152660
-168250
-1274345
-2161060
-1001359
1617455
-6436469
-1513137
-1735771
-1971634
-96425
-985868
-4145055
-1355346
236581
-350448
-964530
659246
-3961963
-497770
751682
-821673
-3744557
-1442559
976166
-2152
-3738802
-5353200
-2978193
1135397
-3517460
-4255184
-3574787
-3813544
450510
-4003325
-482018
-671270
-5104829
-1877040
-4849165
-255095
-945988
-4520380
-1025059
-740837
20018
729318
-6444902
-1244218
-911862
-4960822
-3079352
141469
-1148372
-509653
-5027734
-611776
-311358
-4263508
-2082724
611569
-2558752
-2170015
-286065
-2804877
-37828
-694152
-16302
512424
-978626
-353695
-5661810
-2433678
-6172262
-242871
520849
-4734128
-4654451
-989684
-23951
-497946
-2468627
-825437
-4588218
-2332762
-326509
678378
-3860945
-5370194
113312
-871966
356048
-659049
-1041655
-1145192
-2421910
-181893
-1023998
-3776870
73255
905403
-822518
-484617
580633
-2048183
-107276
-3366231
-3400192
-779008
-507291
-415471
-6538399
-3892534
-1906606
-1469918
-603516
-5276035
-2944588
932045
-1317779
-1462603
-3470504
-715831
-6521671
-481469
-282661
789315
-882144
-1470582
207668
634872
-1193752
-1578706
-3872465
-1782203
-1246075
1230506
-4121664
-1464893
223958
-1063686
-2500963
-1420979
-682729
-4001847
-1086959
1185235
-1088419
-114553
210160
1108735
-1688012
823548
-3814827
-2008239
-306600
-3446233
-2007085
-3510067
339510
-853797
-1176173
-4375669
-1414245
-75275
-1033912
-625093
-1184267
-5272529
95732
375124
-662991
1326386
-829739
-5915610
-107807
-1731182
-1107072
-1514017
-5407764
-1371611
-1763555
29278
-5777301
-4723274
-428449
-5312044
1913571
-2391438
-1680377
-2655621
-1797082
-1791829
-3640163
154804
-1716902
-1691839
-131507
-619972
-664136
-4290149
-849271
-2595007
-1936639
-212256
-2181175
-3980553
-329756
-1456109
-3522647
1152397
-5424145
1314252
-812145
-1145011
-1605086
-1913144
-2064038
410469
-1617613
-947770
-197734
-998441
351093
-408438
-1372971
-2277456
-6120591
607616
-389799
-598515
351112
-3388862
-5436943
-1778003
-794603
-4318276
-7860275
-3934286
-6981471
-4008475
-1311189
-3058988
-4022024
-816661
1998277
-718370
1997503
-1558772
-5787183
-3112144
-1187256
-2937414
-156496
-336728
-261641
-1828046
539325
-1493537
-849733
-33114
-646854
-4352159
-124569
-742130
-1269034
-2639115
-1108943
-1649275
-3662307
-1240930
1192473
-2933434
-1284672
885138
234826
-5473818
-1675236
-2307776
-1289786
-2912012
-2405643
-1544511
593542
-3127745
-460765
-5998760
-3545386
-1264712
-2676807
-283600
-5206989
-904942
-293370
-2011842
-1049338
-4478610
766485
-4078681
-1030082
349214
-1864028
-1823627
-2666542
2125275
-2864599
-1482308
-292006
95132
-3441829
-336502
-1731947
-3050914
-3594824
-2258951
-2194519
-1075271
-1596910
-4611850
-73836
-1134668
60078
-271953
-3635870
-1380783
-85207
-27168
-708940
-125998
-1500637
-4634929
-642614
214859
-2889732
-3641176
-5014141
-5920766
-219612
-764879
-1523251
-2531259
-1575820
-1216683
-3638579
-1608659
-284147
-4257817
175343
-686940
-2809224
71954
-120479
554712
-2053485
668224
416610
-4994554
-6046159
-236351
-183101
-3020950
1111657
-3152987
-1501578
-1271104
-4359730
-5207157
-575768
-627960
5688
-1459523
302174
-997595
-344877
88347
-2362058
-3031323
-3406933
-866677
-5696382
822596
-23869
-1007811
-600946
-953732
667856
-5502684
-325117
-1116601
166063
-550681
-4283180
480193
-4560747
-3384518
-5496420
-696576
-4328439
-210505
267407
-2810581
-3587273
-346982
281467
144142
-1155640
-886255
-2020737
-4267386
-4649514
-1994706
-1358114
-306768
-3340310
744291
-4849692
-844350
-5045971
-205543
-5975317
-2885466
-1777318
1544102
-4577903
116350
-297081
-1167168
-16322
-5113968
-4611819
-2529834
-1676080
-5413827
751552
726543
-216093
88883
-3455537
-169488
-3441846
-4666481
-1380351
-1551758
-388191
-3248408
-3500489
-3504638
452824
-2248727
927473
-3836926
-328104
1058059
-1753274
785792
-477363
1400359
-817844
-309772
-179618
784519
-4127725
-1494729
539937
-217883
-1817591
-3957401
-7125200
-2759565
141918
-1289261
-4262745
71848
-4848166
-84582
346335
-790578
-1699254
-1411141
-1824094
-438032
598366
-3052992
-1743323
1327165
-903421
-1256751
2028608
-1071003
-378980
-5661390
-3747804
-2809911
-99492
-1555804
-10039
-245529
-49244
-1505091
762432
671031
210728
-4185969
-1660523
-1444789
-3255618
397249
-2863591
-1727186
5456
-1879211
-4333418
-194726
-1542777
-1325358
41701
678069
-264510
685676
-4246864
-2576849
-1346750
-378304
1288080
1417068
-3149418
-1818579
-3090047
-2865774
-2131131
-5503035
-1168880
-833289
-1136547
-5106120
-487810
-2685169
-1713182
-5778859
546789
-940937
2366270
-1297309
-3835770
-761197
-519070
-887196
-17466
193295
87978
-1077273
-5109654
-540021
-3264466
-1014993
-5927401
-921408
-3628655
40134
-1382491
-3222653
-2257538
1344699
-3810950
-2691745
-1048282
-3289227
-4188767
-581940
-424961
613946
-2119834
-732246
-579045
-1405097
-1970150
-1776125
302286
-254575
-1431377
-1573187
-4735117
2326086
-3287451
-1118578
-698920
-736505
-3877580
-1072992
-2780438
-1498315
1712839
-3969387
-5529820
-307149
-2016558
-3111748
75733
-1747250
-3095185
-1945832
-49717
-568011
-673704
-4468430
-4092509
-6330962
-3322931
-2617073
-4691735
-122653
-864654
-731326
-1867870
-1565256
-398298
-4871267
-2112599
-192181
-1844172
-618815
552663
-915886
-285009
282466
-1059720
100627
397675
-747515
-403954
1131573
-2287598
-5825691
596228
407128
755535
-4212438
-2972380
-732773
-4049943
4094
-1019296
-848040
-3158184
-346648
-571186
-3102571
-247282
10839
-2455556
558144
-1596712
-525376
-5840000
-3163398
-1002833
-2678702
458854
-633398
-3958097
791666
-3473890
1191702
-359298
-5058941
-3132544
-3771853
-47368
-2341527
223095
-1371167
-5541007
-2467627
-5046733
728071
-593351
-116766
-1259068
-1548175
451532
883477
2145386
-1568934
410438
-3823209
-4055146
471790
-2135679
-1005895
122523
-1486955
-7084646
306383
-2621053
1151381
-3216680
-2805401
-174213
-896788
-412343
614849
-3844915
-681431
-1941843
600521
500152
-801935
-4361528
55200
-1556760
395124
-6048675
-3164838
-4889910
379254
-392512
1139681
-1765273
-628217
-148148
456631
-3579410
-651237
-2160044
-954428
-1584651
-2658080
-912516
-6323518
653754
-903868
127725
886932
-5485301
-2408311
-1231461
-1489287
-328442
1131295
-5756341
-1401175
-380940
-568128
-657580
-2705308
-1189809
-4202796
-153856
-520559
-26869
-1673988
-3458994
-1218691
-5316485
-1264607
-3783789
-3998734
-1488084
-2501296
-5284491
-580881
111202
-1012009
-2989750
-2226923
-2062065
-5419301
-6888448
-2042029
-1511366
-784815
707542
-3544963
417170
-1071991
-283826
-300861
-638274
-1422404
-2531999
-4810881
-7541587
-1696823
226881
-2994979
-2457681
-1480005
-2788326
-36087
-1106114
-1349355
-5251102
-2260281
1263693
-892561
-2942514
-58480
-3523854
-1130307
-3906881
-5616280
-3560888
-4852473
-4516903
-3624654
-292859
-2113814
-4477954
-7848
-1438664
-1252979
1378226
-399693
-1447411
-750629
-759240
-1881748
-1765010
-441094
-847609
-2464155
-2700738
-5536482
-2191750
-1252762
-1994015
-346507
807390
112637
-4261073
-3026683
-655800
695725
-1108685
-1156833
-2573114
-91422
-210170
-2004466
-1126729
-8108445
-4019641
-4700848
1441079
-1956449
-1361361
924757
1017275
-326708
-842626
556001
-2005805
-138288
-4065916
-368106
-2522979
-974650
-1904130
-2773481
-1468484
212339
-1168651
-2000672
1503804
-678244
-3915348
-3210905
-1048505
288809
375840
-3837132
-3362589
-1742526
-3497807
-399464
-3738885
-699554
-615924
1072581
-3318620
-62959
-19000
-394614
-987256
-1261367
-6223768
-441252
-1431367
-565811
-3622722
-3163959
-717437
-5295974
-1903090
430945
-667648
-575003
-7370252
-2745075
-624016
-1136069
-2140279
-4354184
-3869557
-20646
-484113
-4969856
-755007
-3977577
-3548845
-4232705
-1375596
-329345
-6299492
1176004
-88071
-1291227
262477
-500660
228215
-2245058
-1077902
-5056910
-4069437
-1605148
-251477
-5232841
-1728653
-5926781
-1821576
-3557951
-5405971
-1931092
-4874825
-1794265
-1467567
165372
-1174785
-1700178
244754
-4966537
694422
-5381613
-2336733
-5845525
-1583728
-4788461
-2464028
-5228244
-2393880
-2057264
867096
-180193
-2945647
-4552089
-4112473
353694
-4915800
-1746393
424871
-1070346
-3958813
1061164
-1218450
-4929219
-1138896
882222
740485
-193249
-1108142
-4488192
-3803989
1551557
-6403348
-3049458
-1850757
364097
-428007
-482464
-2102194
-5849041
790279
-4363048
-1956943
1173831
-3776526
-384171
-3446512
-175175
79979
1297513
428501
-470503
310162
-945715
-714415
-486889
-1999042
-4836209
-2524348
-24352
-3875542
327100
-649907
-3461565
-1219211
-1225374
-4263889
-174820
-1310983
64793
-4344003
-5132954
-1287711
22364
-8910547
427745
-199961
-33790
-1282879
-4942036
-3640556
-1234862
-3190914
-6157433
-1774900
744568
-1100813
-1991345
-1273682
-5476325
-343399
-3477333
-1692432
-4107438
-1945413
-5269798
645796
-1053507
-4426608
-4159862
-912712
-8659978
1752611
-3188415
-5171643
-2751479
-3340248
-2688269
-4463961
-86409
399338
-1109282
-1243554
-2469727
541131
-781390
-5918477
-1781915
-1212446
-4282390
-491230
-1403926
-2679099
-1119334
-5278234
-385020
831511
212493
-3522326
-1323715
136989
-3606977
-3956356
-690983
-431934
-429043
-311155
369229
-2624589
-643952
-1890115
-393664
-3492956
-4114666
-4919023
-964615
-408539
-4354790
-1989744
-351347
-276901
-1355508
-2634426
-599071
-4402638
-1387843
390436
-2442739
-763452
-710872
-4205707
486638
1213415
-3834826
-6660
-767248
1890339
1456426
7100
-1436416
-4195244
-1006819
-3809323
-4847238
-2354005
821194
-2175045
-964722
-4617561
-909266
-1386672
-2516843
1727466
-1392539
211437
-990375
-1768828
-1849585
-1972768
197201
704161
-790158
-1347600
861488
-5461725
-7048722
-879554
-309280
-1497586
-897176
-10304
-4523015
-1353571
-1155896
-4939409
-231830
-2313068
-1314228
-5507519
-5167983
-1054513
2469011
-4685373
-952855
-3465863
-154639
-1967667
-209508
-3363164
-1496144
-742434
-1861344
-3266023
-474455
-77914
292151
536268
-4307122
-4312736
-3504096
-2727880
-1530532
-562438
-4786555
-3351936
-4370287
-2267835
-2488824
-436177
-296791
-3149192
-3214310
-290158
-47302
-1705717
-1069509
-3535593
-5415591
-2341336
-1214835
-3472417
-4266647
-858437
1086801
-1644200
-921665
-1278271
-4024530
-1505055
-1948668
-975319
-4359475
-161604
1334089
-33174
-5578710
-2871320
-6339
-3166572
-3204341
-1364156
-206358
-95421
-5696045
-1203779
31894
-2677574
-2718494
-3837519
-5090544
-696039
-172675
-982869
1301624
-226916
-550275
26325
-1569946
-5271611
-1978542
601893
42374
-3800015
804385
-2971419
-2347501
-3068546
-4942428
-2622327
-1089309
234787
-4813628
-2714228
-2743798
-695211
-256064
-3115452
-2048063
-4260922
-865929
24868
-2438911
-4773398
-609314
-3070352
-369864
-145663
-3577573
-4359681
667187
-2275196
850785
-1591214
-87617
-281000
558223
644095
-2519754
-388888
-521616
-4291309
-2116407
-3098835
-847556
499810
-2621843
-1195827
-5168648
-3414330
-4962695
-3423589
-1695398
-411206
-3261537
-2315383
159540
-1327475
-590769
-4491686
-5489696
-2767014
-639201
-5008934
-5204016
-1195510
2454553
173790
461436
1586604
-952072
-2281879
-5664893
662843
-7987363
244461
-7283
-3398103
-1120084
1231173
-492944
-6519858
-3146051
-1295894
-833274
1035437
-3638561
-2059865
-1103092
-3725588
1725860
-3332356
-1674753
-3868060
483870
686616
-5253418
-972324
-1051422
78569
131572
-583513
-4852658
-788547
-4348147
-2237258
-3240923
1012334
374876
-6789376
1216641
-663414
-1595469
-1388673
172465
-3900370
-4739027
1096550
-401726
-6191896
9758
-978381
-4682384
800449
-5770227
688422
-2341292
-1067096
-5358293
-4051205
-4499126
926626
-121343
-193071
-1250800
-1124316
-2156816
-1366496
722725
-4397693
-877454
-1530922
-3659791
-481225
-4063109
-5508548
-989751
-1446576
-3108173
-723194
-3312211
-9944
-3710437
-646892
-1467826
-4153127
973948
-616120
-4054076
-3909388
-1645610
-2403268
-4019271
459045
-2044939
-898860
-929063
-583606
-1028308
-4246683
592110
-775345
-80697
245374
-842622
-550082
-3124152
-2712574
-1190914
-5850578
-350857
497693
-3703268
-1440928
-571869
-872251
1277839
-186509
-292485
-47916
1263763
-217190
-305754
-4035709
-4205947
-2477657
-4834292
-6487556
-697563
-1461904
311783
-1409691
-4782189
-223056
-2749246
-3352363
-5093522
-1297307
-130754
-376060
3426
-2485210
-4263177
278732
29784
-3727438
777301
257390
-1987907
-1452137
-3601020
-3457540
-3551341
-3381939
-671683
-450453
-1950902
-889226
-4006713
-6820563
143156
702836
-1027208
-984263
-2436967
-584741
940505
-775165
-3855603
-3946068
-1766110
-291139
-3447295
-2046938
193274
-1257410
-6594604
-9092275
-3517305
-1723873
-3977908
-368047
-4329718
-405738
-239619
-10628949
-6917105
-752334
-4994960
-650914
-4961614
-4016948
-498036
-2227383
-374215
1235310
1495518
103782
-2942701
-4454831
-2373756
-2001455
-1085750
-3433917
-289384
-593108
-361396
-1762430
-1368726
-2427674
-1112244
171792
827435
-494628
-1904532
40211
-162136
-3897394
-2041113
-1384331
-1366527
-4140312
-1017785
2008827
-2002196
242174
-94032
-2681565
-3061236
62691
-4727059
-27188
-4800162
1114298
150568
-524757
621056
-1663121
-456655
819045
-419308
186115
-1046645
-3584877
-4061418
-14015
200164
-1040407
969757
551022
-2636121
-1245132
-2908311
-2172420
-952807
-5005552
1365507
-3284496
558089
-266166
-2443392
-4641584
-1366566
-1123220
283980
-719350
-200960
-2947225
-1053091
-105612
-337251
-3113657
-1415839
-4161523
-1537562
-1691395
-4790286
-4914054
-3632461
-1534787
-4436573
-1832571
-189673
-3676939
-807408
-4983550
530847
-2914428
-1937411
-1625084
894022
1291583
-3149520
-1713262
-1105309
-1796764
-4534820
-2067223
1150139
-130187
591946
522074
-1683535
-742566
398409
-1807016
523927
-24511
-4661834
-4734633
51517
-874702
-1742722
-5190043
-1970088
-2011348
-5995879
-2877907
-2719469
-977463
-2801052
-101878
-4047907
-5502430
306955
-1281564
-920525
-2443219
-4838241
-3819779
-840629
-895808
-958754
1005224
-512771
-851527
-1016862
-1398152
-255325
1425113
-1548371
28899
-43975
-4054695
-957099
-1064507
169727
-178010
-1354609
-5725851
-3702813
-2527284
162648
-3767005
-4193743
-1348031
-141824
-3416725
-4849031
-1866404
1237856
-588524
755993
-456130
-2711461
-662943
-262384
-3758181
-1253941
-4849504
-579415
-2434124
-5021784
-1097368
1281176
-49095
655280
-1861333
-1809003
-232179
-1376577
-273922
-1364971
-3188682
-586205
-749938
905088
-2670361
62910
-4323328
432027
-288934
-155950
-1268647
-2626115
-600204
-252067
-1472427
-26486
-910312
-5218970
-3629284
-1150830
154822
-689258
-2701938
-2535581
-1131576
-3294434
-1141735
-576368
898884
-202499
-1193851
492235
-606249
-1824187
-3435647
961766
-727745
569453
-1158641
-82297
-695787
-3225914
-5363983
-4247638
-1421739
-1090722
-3550743
-895420
-4886020
-3137718
-3300717
-1601859
883767
-418926
-6670948
664165
-302124
-1284739
-2085775
-5910851
-1225658
-5934484
-959546
1065405
-3821438
860298
-1138386
-5355005
-566039
1890738
-4564070
-5374273
-2217840
-1340490
-524941
871750
-1689995
-799633
-2561440
-3520849
-1321169
-1960046
-4878441
-549509
-3060659
-1000729
-801438
-6913006
132399
703077
-1324308
-1026396
-4353340
-305578
-1791053
59193
-260693
-3608607
733915
-3982422
-4137397
701460
-1725321
1535517
-2478390
568320
586210
-2786905
-3503413
-1391339
-74688
-1135895
-4938899
-392712
-709727
-1763191
-4376595
-500765
319599
154583
-3351539
46986
-666841
-2368718
-618731
959273
740022
607758
-462983
-5267187
-113819
-604427
-1291996
11836
-4380626
-1432229
-3963771
-2847428
-1413849
-1111132
-4015256
1052171
-3677423
-5509365
2105396
-5253628
-691157
-5315065
897878
-185585
-226622
-3769904
-3048954
-4111013
1205333
-102605
388639
-1332023
-1704881
-5084513
-3965410
-2383714
-4447511
-3533665
-1870619
-93443
-1138849
5109
-1905217
1005143
-4574277
-1345325
-2075799
-4457739
-4239785
426915
-2698705
-2455565
396336
-1996135
-5104311
1036109
-880894
-4383637
-199381
-3995424
-786019
-3982318
-2148326
95925
-4133747
-1992336
-877152
-3148008
-465309
-329610
-450847
-3041344
-3555490
-2241872
-1216188
-1959276
-1102217
-5172659
-4675137
-416117
-4262228
-1410836
-4469238
1579117
-5072244
-306627
-2299133
461302
-496980
-76077
-190918
-961298
365442
659550
1520856
-1295515
-1009171
-700755
-1065405
-851029
-1263237
569565
-285353
-4846272
785577
-9478
65356
-507792
1193478
-5150146
-1063952
-1147453
-2938635
-4695688
-1338499
-2226489
-2256568
-4604877
-355579
-1084110
-1828828
-1756500
-625536
-2699951
-3320423
-1677188
42580
-151397
-2816667
-1685069
-3238459
-4452686
-610612
-3909833
742032
-581553
-2468014
-2456487
-713438
-5754943
-3845156
165233
485248
956825
-4466631
-178822
-4067068
98389
719412
-3971988
-10149
1042925
-702195
-6184246
682936
-651239
798610
-3713761
-60428
-3061407
-3347168
-1119655
-3224118
-3877269
-2226955
-4544416
-1070627
-2007327
-2386119
-1210120
-4311950
-9279
486913
-275861
-3777962
-289376
-1739426
623663
-1993932
-1062887
-3185195
-1593477
-1329366
563813
-976362
-1837101
-5000165
-304545
-881163
-5997483
-1611859
-1066746
-5316617
829483
287991
-957689
564186
-1785498
-3465884
471032
-6215311
-4599962
-1233671
-2156925
-5210733
693706
-3928968
-1301655
-4029540
-4525049
-3584933
-1331608
69887
1121204
-2847093
775003
-5530526
537911
-3489951
-126056
-1492719
191396
-496410
-4905196
137433
1110975
-376659
295245
-3444523
-1701887
-4058313
-998158
-2491025
865422
-1532092
-7716639
-3007379
-3059373
-685493
-164595
-2283630
-1515757
-2192300
769812
-3803954
538217
-3802003
-3685243
-2411270
169269
-138879
1348645
-1878635
-1172786
905321
-5130692
-2549310
-2852957
-4976730
-1486707
-1108812
-1910064
-3032299
670074
-1388868
-2266572
-1794684
-3243614
-3440629
-1312174
-1760479
-131058
-813125
1293910
-328410
-306509
619672
-2774826
-800582
-2098513
-1262883
165571
-2589436
776911
-2493533
-3945036
-1590316
-462567
-3856335
-422118
-700109
533170
88900
-5658894
-3116177
-4999357
-2262345
-3409174
-6491765
-781901
-2165751
-437021
397520
2179079
1695234
-4150911
-3288498
-145118
-2296286
-628768
54378
-969643
2128631
573176
-1143350
-996604
-4925983
-813191
-2837812
-4586621
940042
-407321
-2114446
-2992035
-1080868
-3101928
-415607
257667
-3752759
-4428435
-2657140
-4011623
-351388
-761077
271506
25612
173085
606105
-2637782
-1725203
-5441158
-2254458
396301
-191087
247342
-4999221
-4583426
64045
-2367374
-592480
-155594
-4616305
12518
-1956898
-116112
718502
-972873
-179227
-3559588
777487
-3285980
-2221283
-364767
-3791879
-4052746
-1597004
-1460273
-646006
-1021404
313958
410380
-1369727
1564
-3992203
37398
1661790
-1888419
-1018958
-4551711
-3567661
-3889708
-1162486
-3657812
410396
-3055559
-313665
-449909
-571198
-1220466
-363145
-1679617
-1340347
-516996
-93177
-4838752
-2367713
-199532
-2319614
-3471617
-112713
-1315430
-19218
-1234748
1109419
-745721
-2346259
-3728398
-1596186
890918
-1165101
-850281
-1797126
-770734
379363
-4254145
-1112379
-4663123
-287163
988249
628619
-1114713
-5441715
-1529565
-2230609
379215
-463519
-3375526
-3526707
-2768973
-509199
-88880
-2852077
-3766047
-2639037
-642153
-3187598
-3205925
-2660582
26687
-5017457
-1378024
-262560
-1629016
-268015
408264
-1049988
-2064621
-4893720
-598782
123926
-570358
-2921176
-2911414
1075773
-2008663
-132213
-905307
-3068192
-1034997
360983
-2350180
-1125464
-754021
76699
-2247669
35784
-1432886
-1072740
-1930921
-3244744
-1111723
-4329897
-810335
181740
-1488268
525589
-5219865
-6590182
-1407716
44871
-147322
-3535019
-1060056
875777
-4446484
-747922
-1633028
-817322
-3353007
-691594
-3386932
-1311360
-1321837
-1857237
-578110
-2734478
-45915
-4039760
-794474
379294
-1096062
17034
-6514202
666385
-4762304
-475908
-1134605
250057
-1418819
-2904280
-4142932
-278790
-2513324
-4448675
1403005
-419213
-3103472
-1066801
-1520983
-4305116
-1756644
-1368820
-563501
-1262005
241221
-873515
-1012721
-1672188
-2608872
649100
-42903
-4984301
-4199533
-3056680
624024
-1075115
-300286
-2348051
-1494783
-199622
-545764
-460478
-6012691
631546
1033844
-151140
-705992
96240
-1615471
284999
719871
-2671968
-1027276
-6764393
-1071036
-1008876
-2528075
-2066352
-1056160
-3534367
-1711169
-5735036
478915
-319479
-1640246
-1068918
-905475
-671996
-36335
-2816613
436579
-685363
-8307965
-3699800
-3388951
-1728085
54281
-2779921
832759
-2166293
-3978801
-3376077
-1373996
-63963
-4625412
-2597750
-1625994
-4281371
-915351
-1916114
-165671
-1000416
-2553986
-1562609
1974984
-2879238
-2028944
578470
-1472598
-524111
475664
1386902
2436838
-4791925
-4185175
-3573015
-1344152
-426231
-536044
-3514802
-367453
-5512599
-4009855
-1216613
-6132648
-323241
-1156974
453047
-772402
-1281421
-3743400
-678247
-3585135
-528573
1634910
-1083416
-159523
-1615643
-3895208
-1804096
-1824668
-509326
-5408246
101553
-321152
-1254699
-1921694
-3370501
-3188513
-5079362
-3098286
-4224619
-308257
-6136656
412393
-458089
-323495
-649451
-1215823
-3702846
-822665
-178566
-531710
-1910039
167775
-60692
-1309069
-1899724
-1579593
-1994669
-1857801
-4568008
-430328
-274412
-204638
-1156487
-1146018
-185680
-4961493
-5040223
-3607058
-2064368
-4535077
1174114
-2556790
-1760802
-3993623
-827799
-4871549
-623406
-1564333
-1266188
679963
12854
-3667895
-2655818
-1011668
-2131687
1267969
-3205169
339863
-95681
-1710426
-1930866
-2892571
-5603734
-450954
-701449
1232124
-796596
-2972205
-2289506
142578
-523128
-1612068
-858315
-857185
-9336
-3227402
-3510170
-3804892
-3852914
-3624916
-4656556
-1295316
-1483726
871226
767601
-649622
-2642158
-3714145
-3521794
-3770431
-5788540
-5296809
-2749529
-1250922
73333
-2729181
-3607119
-1920740
-1264946
-1033192
-1699181
2895
-3148326
-3271786
-2513086
-3821636
-2535716
511123
-4679200
-824492
-675818
-2277778
82255
-947300
-2573623
-1136005
577355
-3184603
-2513128
-1899472
-5379554
-1540601
-1007623
-3077763
1233130
-4818078
-4931721
536344
-1832141
-422426
-3648222
-312284
-1058033
-1548632
-3930617
-5736128
-6640028
231797
451077
-4550010
361690
-979272
-3361890
-2647403
-1181399
-2310412
-522228
-5444025
-2132305
795530
-4205412
-5267115
-149416
-680925
-770060
464007
335630
-770193
-560052
-3956712
-632539
-2614440
405341
-1565239
-316335
-2116177
-1012435
-1368324
-1901525
-3863474
-487453
-4206601
-1252082
-1319355
-1311854
-1957949
-1042433
303309
-2231393
-1032670
-2577554
-5332761
39814
-553005
527473
-1476290
-2757790
-2360515
-3255365
1605063
-324371
-4666595
-3642518
-1901374
358204
-6629011
321493
-902532
-2744259
-1332501
-3980056
-85355
1570326
-764317
-2216633
-4685515
-3498444
-5484372
-1760599
-4973088
-6186913
-652756
-170156
-4302111
636583
-458355
-1329157
-3959676
242473
-5747646
-1275340
-420177
-1251150
966935
-3686580
1412453
-1738168
-1044312
-378306
-8029404
173048
-2145980
352566
-4337498
-217638
1269973
-2762833
971819
-1462346
-4649474
-3172529
-848498
-4061009
-166295
-4961795
-3185213
1679028
-3433873
96955
-1210240
-1372773
-281630
117978
-2887960
667409
72314
-2792720
-575210
11183
109008
-662223
-796373
-1892805
-3488063
-819017
-364113
1398008
1119797
-2099763
1160411
-125178
-35707
-713859
-363518
-379366
-2017048
1489892
-1048888
-2646921
-3790197
-527807
-263796
-734325
1306654
381794
-1670105
-108461
-1715843
-2342956
-2878656
-2161122
-132973
-2710743
-2093391
-1592459
-3626412
-6112793
-847437
-1687985
-5006508
-1331666
-3648480
-3799709
795461
-206002
-1305442
-2457292
-1463783
32459
-1682033
-731122
-656802
-337001
-1219902
49360
-2802953
-1328325
-2843768
-3576810
-5648035
2431138
-1238837
-5943141
-2217990
-4010925
-4698039
-734094
-590033
-446657
-4406356
-103021
1558641
-95123
-3982347
-1197626
-4019882
-4731311
-2796276
-1326462
-1132382
-1347743
-3956880
-4925388
1031385
-1533098
-969777
-3552900
-2482112
-996583
-5113795
-1904472
-708704
-4114975
-118831
-1874471
-907249
-6055096
472600
-3327905
-2139611
-2094454
-2002565
-1612362
-4070879
-2571499
173155
-3461764
-1444971
890709
-644076
-1395630
-3569009
-385763
-5023490
-246888
-1106388
-133513
-1130988
-4820877
-1535082
724836
-2565214
-2266618
-1854626
-1848930
-5276752
-4846386
-2240971
561018
-2265563
-1674114
-104589
-784651
-534542
776017
-2732488
-1264503
-54263
-5876257
-1896874
-2061918
-300334
-30174
-3547944
-251460
-1881207
-800904
-4809980
462798
-4776518
-2130456
-1700939
-188650
-5186151
-2517121
-3601849
-125438
-4031586
-1525330
-1845083
-942591
-3654753
-5649192
-1221877
-1255671
-4391345
1050427
-4543080
-3654892
-2531968
-1450756
-4186779
-982692
-2308227
-3649765
178987
-4047451
784910
-2881545
-2692245
-1001395
-1281421
-129430
-5464473
-1538578
-287071
-4704620
-539845
-2891320
601930
126766
-3712523
-958752
522108
-863002
-603343
-3892161
-4257453
-2165469
-4595931
-3933819
-3027204
802424
-54737
1463972
419630
-236712
-3907882
-106675
-4140657
32973
-27282
-460100
-415597
-813922
-1559434
-593389
-1140367
-1962177
-1283115
-617770
-4171723
-1057603
-1821906
-1503760
-3304847
908145
-5523001
-645379
-500911
-101170
-5822517
-4329408
-67688
-4617340
-642769
-2801467
-139104
-1632326
-3875218
543676
-539523
-1081898
-3885607
-2815821
244742
-44071
-1951645
-380732
-1675343
-4142524
-527654
-1433988
-2582948
-8506480
-3578496
-5477694
47289
-510122
-670577
-1623162
-100924
-1547009
-5367419
-763018
-4396932
-675269
-217797
-2135539
-3072263
374247
-1621875
469041
-3323613
-182262
-5871249
-5446154
-651399
-1312519
-213308
-729912
331116
-622209
-1794591
-965417
-928650
-4378262
-715784
-109977
-91306
-5303645
-3562372
-1730047
-6044290
-1412007
-2308268
-7257625
-95290
-1241336
-3630680
357310
-977096
-725304
-381899
-2266213
-2878634
-858680
-1329534
-1028021
-3682746
-595403
-5665570
-2081859
68120
-3225540
-3143166
-914453
103559
-2380634
-1417103
-1725695
-968856
-1146003
-1955784
-23374
-298686
547851
708451
705683
-5760056
-4119956
-2217846
-1971504
724732
-4449783
-7378325
-170099
27307
643511
-1908023
-986432
-772749
-479511
-5247378
325156
-3788607
-3039786
578278
329659
-7348075
-1010481
-268274
916942
-817410
-3015321
-1091215
-4495801
-1435542
-3195709
-794864
-2700258
-1943553
-611624
3600993
-1344297
-4803133
-4185954
-3914020
-1406017
-288639
-2276053
-2233912
-873465
-3468024
-179870
-1669738
-2256951
-931938
-3550486
1254800
-743906
-1013516
-96421
936670
-5495551
-931530
-363980
-1642595
-4208133
-5245
-164766
1154611
-1894135
-2096130
-398473
-3391628
-230634
-5604669
-124438
-1200604
940109
-1696404
-934147
-3907718
257642
-599238
-1387532
-881727
-4283082
-710261
-9240946
172244
1424096
-3513305
-579353
-1919297
-6049185
-666145
-5300620
-3931536
1046661
-1647877
-917410
-1490509
-4335713
-3923272
-3052379
-6300733
-2212125
508493
-1901194
-3280464
-4291947
-2845972
92046
941067
-5330114
-5729176
-3437387
-5682635
-2832183
-1272738
-1740316
-3973434
-1123724
-161149
-1417600
550470
-1706224
-4651294
2839062
-383680
-3525865
455615
-1246284
963732
-3590929
-573121
-279295
-673197
-2871647
-845997
-807454
-1302704
-2167286
-4855504
-5004518
229270
-2933014
-5470121
-2595264
65847
-513348
-2261165
985787
-33304
-1533557
226441
1626503
-4204564
-1724215
301640
485944
48807
981023
-743770
-3634514
-3831549
622308
-2751695
-1798929
-516749
-3875415
-4159262
-841827
-4265161
-879231
-5396179
-1125854
-4303838
-4641214
-3248223
1020875
-2562076
-3925014
969972
429916
-227235
739416
-141530
-4593242
-4028134
-1320974
-1596217
-3307092
-1663987
-3415834
-536187
-2452610
-3953714
377234
1744242
845803
1384960
-1268333
-782897
-281310
-883212
-1649735
421153
499840
547357
38547
-3222049
745978
-470433
-693387
-3685148
-1649215
-42429
282755
-2551169
-382865
1183961
-3203545
-3191187
-1942871
-939838
-1565805
-203010
-2233218
-153006
-7064294
-1349771
-605085
-3796604
-1708499
-4015172
748241
-1078523
-1345
-2323417
801027
-1095852
-4981436
-652863
-4900512
-1979873
-1765670
-5067263
-1376896
-1032488
-5153632
-2800456
-4237750
-1645598
-3987569
-4650360
-917761
-1242704
-1056001
-736418
-744419
-1831817
-2967764
-3668662
-1723063
-2645586
520339
-175144
4489
242498
-4811679
-4627430
-416112
-1556537
-1121997
208675
-5939305
-5804624
50774
-1688831
-5106547
-987485
-917219
-1346430
-4739339
-6612258
-5053995
-6066209
-705584
-394841
-717480
-4789347
-2830844
1725488
-7288089
924766
-1304173
-1337041
-324343
-1128012
-1603871
-3910787
160737
-804241
-1920108
-4981429
685069
-3734973
-3906229
-3580495
472929
-198948
-5603628
555858
-3532832
-4365040
-6514969
-2838122
-4079758
-426168
-4245757
56231
-4321218
-5400408
-1837905
-5128140
-1873789
-2155414
1501535
-1262687
-4616521
23689
-2285932
1055603
-4579256
-6026795
282420
244688
-1834766
-876890
192869
-78627
-4694243
983261
603959
496247
-5420174
-661146
534740
557833
-1685601
-3453288
-5449282
-2132857
-3274084
-6173478
-23399
-1111094
-119198
-2268295
-1316469
-4610385
-528277
-1508774
662392
54317
-960095
-3013490
-1053470
-69769
-5630044
-3512917
-5199337
808783
-3665245
714550
-3451714
-1542045
-4637194
-3757093
-1104144
-5913364
-142084
-2647142
-476240
386257
-5308629
-3232821
1142759
-912098
-3182990
-3840122
-237077
-3352258
-1377463
-3131248
-3100749
378449
-434167
-223071
-1892400
1269
-972957
-279959
-3414676
12692
-138514
-979903
1767933
299212
70571
492548
-9026173
-1070838
-3607307
-450613
-674225
102485
-2279614
-116261
1686251
-1668330
-2550981
-1553928
-1706005
-1831858
993073
727915
-687066
-795720
-2156675
-3825253
-1961024
-1973923
-1004474
-1600375
630953
-5035619
-1241741
451340
-927006
729
1170330
-1467919
-1629915
-668522
3519
-3026520
-1917129
-202438
-4236171
-37297
-1596709
-5034911
-444208
-2406153
-112250
-725037
-2714156
212390
-1521678
-6166987
337870
-676676
-4367657
392510
-853201
-589960
-1470380
-3800175
80139
-404449
-4581598
2917809
343160
-2970566
2298
-1397657
-2006923
-373356
998272
-4780528
-3012626
-4570491
-1192266
-2206549
-2654963
-1215013
-5289832
-4833917
258516
-339412
-1880146
-218218
-888651
-1252464
446391
-3291584
371961
599685
-298040
-3140536
235432
-722013
-2490561
-3102536
-2953534
-3576501
-1450033
704324
-1991405
-642990
-544061
-4839810
-2071498
-1857383
-5183684
-362721
1137152
-1292058
-729718
-4952358
-638079
-3399474
-4656645
-849554
-169583
-1301024
-6223395
-2980531
-1358
-1362787
-4391999
373321
-1057970
-3046485
-5198833
-2697298
-531910
-430220
-3785829
-4932744
-3722269
-6231262
-4991936
-99789
-258542
-670801
-2063973
-4181106
-4526049
-892281
-5432841
364237
-2204869
-3391275
-6569223
-813928
475048
-3141993
-2583243
-415401
-29302
-4455189
-3252000
-3000887
690797
-342871
-4003073
-692157
-158286
-718988
-431825
-6060469
-2396091
-6976388
54782
-3953770
-882172
-4811240
-6232631
913597
-820582
-699635
-4878163
-143210
-5288026
-1616798
-491851
177438
-69024
652887
-716357
-2898017
-288236
-2120581
-3188424
-811533
-3919594
-5006
-4159823
-1091498
-3663407
1230595
-284868
43290
-1997945
2250798
-884117
-1679478
-4928914
-4131513
81961
-581479
-4179457
-1063370
-2528258
-928539
256272
1812029
-273347
-1773007
-1129725
-561209
484974
-5873037
-4297108
-393055
-1134065
-5261701
-1312679
-959642
-890518
1790088
-2185200
-1313265
-33899
-1209928
777683
-609657
-2928356
-3717472
-685636
-25709
-1266565
-5926496
-2761488
-2568288
-849391
-3607750
-1082296
168656
-1897321
-289816
290468
-302032
1415887
-898287
-653298
124276
-4794779
-1141914
-5645242
-1158736
-6568643
-631722
-1028047
-1195384
-1397580
-990724
-2604625
-3582761
-2428330
-1049660
-2678470
-6734982
716817
1715101
665116
-3070763
-2221683
-3424142
-44743
1536348
-1836071
-2190339
-1464091
-4937757
-619527
-4473286
-1747022
-5458681
-5102453
-2405177
-3738345
458474
-79307
-315484
2381742
-715015
-24820
-2280230
-1585888
-1524354
194287
-3963733
-1882693
-1778566
-1003229
405467
168619
-5972913
794685
-1516836
-604602
-6534786
-1837041
-5188670
-6495956
-3304138
-426624
-2841231
13190
422105
-8035
-1074295
-1480360
521467
-2355719
61302
191023
-4933489
-309020
835119
-1828755
-4635054
-1274974
-419047
-2749953
-3200531
-4111578
-529755
-3129335
-889234
-2738813
-3448030
-3887202
83191
306913
634642
-1256885
-1620820
1484472
-2387209
-1805346
-3272609
-3690474
1203482
-4717536
196467
-821873
-3025552
-1298801
-957911
1932225
-2622343
-1276447
-3471211
-4739122
-1006
-967249
-6586110
1610040
-2476999
-1724065
-1642668
-2224155
-4069745
-2955673
100574
22164
2004645
-1743388
-1809383
-4813128
1162396
-4444115
-5882286
-3029271
-764256
-3691826
-4315731
280637
-5873938
-3172071
112288
-54358
-2890813
-2862045
-2142331
-2213568
-1775199
-4708480
-3829464
-2875818
-2359456
-147330
-2022735
-853627
-552516
-626914
-1136017
-3462392
-169253
-4120462
-5484162
130977
-1191633
-2640762
-2007046
-433360
372329
-4720595
162117
-4288420
-264565
-4953794
-1013088
-4380932
-1276529
-147856
-484216
-492189
-3272802
-490520
-813401
-4804452
-1760341
-568896
170219
-1021151
-6846105
623455
-1047184
-2830258
-5839210
-945746
-2780038
987407
-3849728
-2265055
-1069039
-4813042
-767802
-897306
-5337874
-1752685
421311
-907226
-2429073
-6188348
-1910352
-553977
-464019
-3962436
29157
660629
-3052073
-1253090
-2378927
921146
-2061609
-2724619
-805355
-4102849
-4406515
-1566789
-3670379
-617714
-2557075
-111400
-1489643
793033
-3067628
-793360
-351082
69258
-5152037
-5378662
-1787212
-986017
-1247601
-3543266
-4502257
685531
-4807408
-1027076
-1150547
-4079434
-2996183
-717026
-4695937
-645190
-126986
-3515360
549753
-4295367
-877133
194055
622064
-458313
-962021
-132847
-2425312
800504
-2846876
-1735294
-5129768
197630
-1264244
-620668
-1584850
-755215
120970
-250088
-819737
758
-4529864
-1498521
-4768163
-44840
-4580187
-2670568
-4670307
-709853
-1694753
81497
474695
1078117
-1278764
-3966192
-362669
-2392645
369223
-2875361
-3131756
-1115833
-324194
-3801948
784019
-1210391
-1096420
43303
-1319687
-351731
-718683
-2308157
-2273737
-3921967
-3147388
-3911896
-1300038
676667
-3313038
-5555388
-5221957
723755
-1048299
127398
-1969183
-304708
-1422187
-2492593
-2588932
-1476643
-3938814
225295
-4017000
-4553457
-727024
-1198132
-342941
-6939537
-45144
1631113
-1537097
697416
-682324
-5928701
936326
-5258655
-3859686
-2000837
1027102
-1913137
-1139679
-1106694
-3932160
-1916846
-435855
-555177
-301873
-853317
-49311
-4831164
-8270636
-1774723
-913671
-1543074
-5408335
-1472024
339263
-300657
-3933298
-1535366
-2773700
-184864
-4480194
1561282
-4561075
-787582
-2016892
-4238106
1064614
-5052628
-525720
391913
-3404427
-4070273
-886033
-1617267
-1587068
390359
-155813
-1387901
-841993
-3336446
1128964
-7004973
-1919730
-2168628
648021
-57334
-1273205
-2436494
26254
-3581279
-1472190
-5657102
-3538209
-3467744
-1804628
-830382
-3014529
-251592
-1313825
-1267011
-762669
-6205329
-7079064
-721061
-3875485
43254
-2846087
398669
-3288766
-3752599
-2721799
-1151864
-5411138
-4930465
-1757660
-5482761
547775
-3279441
50462
111248
107275
1144217
-3153588
-355508
2607407
-329545
-121474
343224
-3259022
-911947
-1327711
-816624
-1456281
399182
-6190034
-1002184
-185685
-1585834
-828895
-650707
-725192
-2965757
-5568083
163722
737572
-977092
-3116811
-4366083
-40477
-1034639
-5903143
-4792164
-151381
480323
-2765591
-1338690
-74541
-2776089
-5860740
-1087028
-1341563
1378883
-6063493
-2690833
-3010910
-2793700
-1933107
-2881397
-3568881
-962758
435184
-5280656
-5464519
1489966
-808123
1004931
-2408321
-125226
-9965016
-259532
-1214684
1154547
-2721859
-1120296
-3452157
-2301159
-1847073
-6867362
-5584541
-3959450
-465402
-3651962
-7546015
1590776
-482323
613716
-1328135
-2252266
1056084
-1550291
-2438703
-454204
-3100664
-1061700
-391620
61430
-4093232
-1413060
-730082
344856
-3583378
879073
-2956684
-1516135
-3362917
-2005989
-744081
-763494
76088
-1081035
-915995
-1013705
-72873
-2968313
-884883
-2154984
71339
-2884227
-162214
-4628577
-3698949
442877
-2335614
-2122259
-2787843
-3624767
-853798
-438367
-6270078
-2589169
223390
-546949
1868724
-1998158
-3259878
-869564
1450016
924260
-63963
-3138650
-2757467
275792
205829
-1247434
-465111
-597976
-1695135
-1389823
1459089
426457
-4661412
-5208370
-1200292
-1239017
1021355
-1252900
-179477
-2601213
-4839583
-2681275
-2871114
-4903698
-4971705
-1659415
-659728
-3201593
-4235363
-3801588
-4868665
743402
-5097036
-3841504
-4747169
-1252161
-1340957
1082067
-3541410
166325
-1356195
-2680856
-5231141
-5281199
-1176220
-2063644
-655142
-272806
142022
-4555719
-2673870
-925250
-2180111
-875189
3013843
-493778
-627381
-11471
-1265159
-2177387
-188198
-1677382
-3403460
-599692
-1029936
-6391433
-482415
-173312
-5068958
-1826895
-2173340
702649
-1698398
-4477413
-4570799
-4865937
