5903153
6490889
2100403
6816182
3092797
6824687
5669492
2304577
3206500
643010
3010830
313260
-411719
4042666
3327905
3361789
778846
9191533
4656336
2964934
1672106
-518159
7716975
651074
415926
3229191
2746449
4976405
6809683
1804325
3280714
4486159
406537
3210757
1313091
10693207
5098149
3508592
498827
3335649
6523992
495264
147917
114734
8736265
2448771
3700097
421964
-399191
-675894
1135873
3261741
2406908
6009334
1727854
-1619069
805658
873022
9751550
2767212
1106377
4812032
4987966
5246725
3168116
10096153
6209647
2461528
3613667
6021001
6765443
8093146
2970593
8983328
2703121
1448601
195234
-299348
6444532
4090836
2101852
3677771
5307879
4002823
-857646
3459215
3560032
4021644
1939384
1200442
2202387
-2371794
1093561
2868992
3379122
3461208
11641113
6206579
3929514
5065171
-782867
1171206
-650701
3640919
6778804
-1194212
11531858
4130375
-615104
7644168
867529
7820861
-2960824
-269938
1308517
-514800
3868128
6971724
8017212
2743871
297489
-827710
1484729
-820655
-2042903
-2303472
3874035
1923606
9936633
-2308337
-1898402
-208019
9502268
5635628
3743306
-602276
10863666
1218930
7146598
-2093793
6442744
8630854
831042
3519167
5602447
2916068
2419727
199188
1210987
1803360
3069645
3301792
2907153
595502
-1028296
2933610
368073
1497214
113476
950156
5395379
1612879
-297219
2463502
2779590
5795826
9131291
7056604
5672006
1880976
6730711
54915
-1720256
239304
2178056
1260843
2581373
621887
215583
764438
2463468
3178192
-456781
2399157
-924407
8969572
1941698
1322206
-519349
7969226
64846
1476097
1056344
5809457
4496006
5549162
5305743
40902
320865
-17985
6941127
3247323
1522670
3763149
538246
754246
2660936
2608152
6264358
5203745
7538511
2070977
1737323
2908626
5225260
35058
1690255
-217452
9406231
-2241004
4200849
7285697
3060100
6461331
9428606
3765450
1147545
6865314
8212204
1842650
3079957
-426708
10788113
74538
5395124
2364297
-878583
2310910
2000222
9593764
508993
3833783
3929772
-778050
1302377
852426
5189393
1916055
55281
1216605
808104
708872
2539443
2868504
3983495
4594665
-653087
1996545
1130597
3228550
2433864
1659631
381248
-882945
-1209156
8790805
1702967
1797327
2018920
1800866
3534145
276677
-1312237
4304429
3499328
1309532
3548096
-234942
9049941
-866661
119021
911926
3533304
2085706
8031277
2819595
1711355
9733966
9094326
2760142
4818347
5132519
-1017500
4651395
-35416
6231554
4063473
3397649
4964278
193485
3920443
-250832
7349784
192923
1808525
907468
8552628
4124661
-762459
7753419
6149853
1919415
4534903
6012853
11157939
-721114
629151
4477521
359918
2340254
-626545
7026754
4646702
2793402
183674
3905256
1855847
-115790
1035196
7923656
2420055
3446384
3125746
467431
285557
-607765
2270668
3160067
725489
-743790
1335546
6001703
-162219
3498250
5220317
3775698
1840913
243465
3556956
6398183
-803137
-87713
3590345
11768456
-832722
3400371
411448
1532985
2349849
7072844
384530
10390112
3775165
1026041
209065
-751306
-33274
698941
3009469
3886533
3234875
1744065
-534208
393936
-499442
475515
2718080
8542426
4292071
9335453
10232704
272709
-197491
2731853
1769094
10544491
2947904
136147
1163659
-64853
6652925
2040130
-18454
-2074760
2282956
2198697
-2238407
786170
1893687
3700505
1905328
6710928
1738150
-227952
6392729
3637150
1233713
2462140
5986650
3238784
2338671
11161900
1653424
-575669
-720450
-2319502
2438117
3017014
-1904167
4601835
3020316
2779632
7213111
5217488
5812554
655433
5775339
-472436
2282953
1311581
-621192
53268
-512038
-46287
1643353
4896299
5472141
7604885
480825
1943853
3351031
711452
-1922911
5493302
3336332
1409904
2069976
4202699
7106087
9784861
2417700
6534054
3298499
5246664
1109719
2934201
863064
2319825
3731034
3438213
3082133
6189193
6695294
3231093
2825333
2865343
9141429
5173080
662588
2782422
718332
7068131
4408105
-1271947
8091246
4274899
3554423
10908690
776173
-2906266
3304559
1598820
6098874
-229829
-1919834
6456322
3055305
-753395
1661379
126766
-1087983
7403347
3419080
646582
-1552541
1091409
1060749
1605855
3135653
1441594
7494312
-268752
269711
3297226
3674701
3347713
289463
2563951
473735
1964650
5506831
3803383
4628324
1284395
-543449
5134385
11442253
7513965
867452
729431
569916
486510
1453277
5403320
3442942
2523958
1906755
-754427
6038139
814749
8169941
-353680
6565564
6953372
2369842
-274287
2766013
4588391
-513838
2374333
1361739
479040
-670363
717426
4228506
259173
11657404
104389
914318
5413892
-769314
-87364
2633057
7745105
660358
2445494
1547644
583990
2486528
4289021
1677958
558718
2185302
8793801
2024323
2657073
6593830
-945161
3902262
5711764
10385724
3726098
-994316
1107698
7590756
374406
4210412
3517897
8218673
1967854
78279
-335783
6916978
777268
-1490801
2440048
10693336
8246465
-675820
3585523
11553994
2469826
8078914
2693447
7365124
7100311
55384
7447500
-265280
-1267554
111160
8850398
3161776
2563611
3562126
-495105
8666677
-1333223
4197363
8103381
8119801
-1557344
2231897
9118736
2969683
6862296
2419354
8232442
8752321
-96770
1533448
-709079
6498553
675200
6622077
2916842
5319023
2939704
4140030
3611372
148908
4443854
249718
-603864
2793506
5905053
2405409
4007311
2026391
7159133
3400384
-217393
-646947
-860563
970405
1230525
7223725
1867882
5482939
-450300
1667300
797633
4761036
1862357
251513
2831671
6257343
3266935
1374962
-658166
1608010
7171832
3068699
2359582
2007139
2668669
-224461
131727
1937250
3827859
3219491
143835
-177761
3075238
1843548
1445084
1086316
1758294
-30012
-783208
3860181
530224
1875699
2350887
2859246
8972823
1977515
1079354
75681
98962
1862391
-1220064
-316412
2165178
3781073
4521641
46417
320514
6077887
1620023
-1078114
3247931
5336448
-1176720
2542683
1501220
1000144
1247368
5091808
8116461
9783824
3856830
1599580
2923201
1834357
7659350
3687480
-791021
3564464
5777043
2830926
625355
2535927
-1023562
940416
2101254
-218184
9486370
6777758
6856842
108001
5804269
6839169
2489635
1209050
3645706
773087
262662
7702860
2232266
-794009
1713892
2039795
7264550
3778966
6887917
3274348
4228
2921824
-1146476
1900186
6951422
2947549
2418277
5619472
2964199
7606715
480647
618165
8530982
7814559
1176444
2365829
-33082
3267997
365613
235175
3672374
1644576
1982919
6469552
2809928
6663020
1785523
1081736
751553
2994425
3765134
5111396
4938471
3363937
7682303
2566598
299744
5600065
5931627
3111102
-523057
3168238
-802494
833556
9779474
-12560
5601493
2010797
-61368
8968606
790587
-58734
4445285
328378
7582978
7194491
8269672
-333794
2257158
-154750
1269180
2658927
3268912
3434100
458542
2008972
5601071
3149513
-605830
177732
2496482
2232800
1338759
4913200
2127982
2133676
-430223
3864588
2765605
2899255
1355133
7831113
1441406
2556977
2486075
1209627
-1728052
3456673
1577449
5605888
9989039
4313393
-695791
3241423
2374262
8641550
-1072386
3375835
-629098
3532593
4629373
6819403
2803818
274355
4720323
-76741
385649
7511226
2347888
9801263
-76658
3032360
3737336
6470021
-315194
3182619
760663
5323453
3358194
-949330
2502320
3342366
3759127
5182487
4410962
6285762
1497774
-769700
3545746
3037672
4586655
2200567
540597
-883301
2375469
3055950
3047232
6026472
1685164
1290579
-1158904
4386691
837952
2472285
5524488
8674528
3646232
9949000
975480
16013
11459063
-1857157
5960039
955908
5230410
4071618
574392
3878216
795343
3173934
1175782
6414498
2201222
5550011
3292793
-39827
5646552
-304628
2674180
1792561
827704
-999184
3632914
3348515
9745761
3182674
3038984
1535077
1226490
31084
-198161
8818556
291531
4061753
2198704
9032144
7462838
466630
9753460
4705255
3965979
-983578
1352421
5740619
490442
70149
7133326
-253569
-69652
1436064
2924998
3105098
-306603
7443115
7193497
3613111
2557428
3343469
6037099
-22939
463649
7485849
1702891
1473020
2320644
-646599
7306199
-182430
1188234
1413942
1331292
-675315
2509576
737870
1225748
2582627
3847803
1929802
648963
-519703
2439018
-872709
-768026
369251
3401702
464299
5009698
359480
2471170
2864496
3779576
4143109
8344766
6239975
3876190
-1188644
-652704
5463499
6841228
1032192
307072
2876483
1283363
3395984
2192172
2767465
3820206
241828
9323236
4071363
8029604
4349519
8253080
-1237895
752062
-254620
2674674
1515919
-1411521
-1203144
5027883
3301640
5218728
4182439
2596453
969048
7295830
75073
261076
3345016
2658351
5588307
547595
9248650
3076082
-2809015
3453510
-765303
929629
2349960
783240
4971987
1039430
1228152
3337348
1230370
-1901337
10066768
6013562
-212229
2400381
-1057088
8829283
2769178
1848430
6663550
703777
-366083
28509
3327651
1820723
3350103
-406632
4049933
2379094
4119429
4460331
4094017
928439
6453213
113178
4862053
547787
2910331
-1183126
5476230
7196407
2163536
2275752
328555
7261578
1343127
2172431
3224036
7083601
2844566
-7478
3770431
8791212
2685107
9956019
7281989
3490645
7018821
4308676
-437761
-329333
3339616
-28967
4052181
1465109
8950598
6439631
-1026074
1921348
3583115
299224
8791882
2885153
3415393
7020271
-153719
-489210
2288197
798777
-2124865
155264
2572320
6595164
2914414
844317
7942562
1260494
2871630
2469019
68769
6389107
-202329
11065357
2918620
2295367
1813000
6964206
-18589
2073489
2592601
716931
3725785
7026593
916268
3835653
3074131
6491765
1024927
-1806126
-101339
-671694
969861
3108511
7959512
2948309
3564143
-385674
2167873
477109
-1684584
555097
1502799
3082014
1167335
1606625
3284988
2138747
7462953
4270913
984523
1984466
4613431
3232608
1138604
4260856
1180887
2776233
-844404
-683626
2973103
569640
1572088
3258851
1653330
3617502
6799329
6852797
2488528
2986386
3133484
317813
6591196
-280365
9801610
-2785820
7149863
-662642
9498691
488158
1362940
7331965
4355957
-163388
548227
898596
3141772
6808739
8994179
6271958
11055313
2564928
1871772
10963548
696540
7321083
-329438
3973883
-414864
669220
4442162
-2875283
-146103
-151930
-1196123
5000788
899345
5833864
8908103
7328512
5389993
-92662
4719719
-760134
7719067
373893
-358612
4229911
533513
-664015
6788603
1073512
4398771
-1479581
1987028
2752303
-399346
7298052
7738590
2824133
4586143
4378928
946264
3987685
1897645
2781184
1889626
4067176
9150152
2489102
-470062
-417703
8179621
-668629
2337889
1565890
-573825
-1858523
3016952
-2503861
3710924
1714317
5957641
-1060824
6661683
3232186
5377208
1734312
2813678
1825735
-1526757
4578967
3142698
-2865
3785723
2572779
7549814
5179882
6915570
1235253
7026486
3178546
1235114
2014782
1863211
19242
7284471
1029128
5571423
843416
2696831
-1062370
5503077
2578559
-1777978
2520581
-2838492
-1223548
7487306
7376363
1180824
-323349
1244606
3522970
238304
1356884
8580199
-167601
-743592
4061236
2300075
464085
424852
-187186
7338787
812471
2636973
554660
1488362
4827441
2527956
1734675
472897
5953240
970773
-818890
849632
3636292
459953
8237189
3354061
7240449
1629944
803174
2000645
3821037
2652153
6153226
7749637
426570
3860967
420463
1488783
4219200
302900
4416321
693450
3219985
-901917
188400
483462
3218173
1077554
2143268
1400981
305508
2660507
-854688
419720
6825357
2937113
-172461
3526378
2331312
7328071
2278417
-1160619
1161961
2808610
1331057
6188491
4739479
774917
2455063
1176408
2224354
353814
4982989
5375419
2658110
616256
573043
-763331
2266839
1543549
-209572
6011729
3906781
3475959
1222008
3991924
829364
864643
3021003
5100547
101379
5316092
6450028
1480728
6164358
5877041
5829127
2093668
1325605
8864558
1342139
6747279
10453464
8741767
2468749
-1819073
2996735
1336631
2204250
2459483
18154
-78211
2156648
2815719
1475163
6622819
419184
2814132
1050055
2268088
1996837
4216464
-1126948
9408450
-1129325
4914880
7268963
-754695
8621803
-1030509
1004012
-947193
5058396
1324598
1413462
7994834
2468418
-1325378
2930637
21997
3192347
764848
-291766
498753
91090
4138024
-995189
4574489
8819994
1168208
2619056
816250
1211412
2647825
534485
5498598
-1404243
7036988
6984161
1759799
-468734
2404498
-2184244
2645608
1729865
2596693
1035043
5857940
1362370
810487
3282661
-1769218
2559021
4104553
5346502
6470027
-64167
-149221
7572508
4958670
6272458
-102446
2298481
4086330
1309201
2754127
536422
2786843
891105
2805967
8789281
3698323
2329448
2118226
2583764
2074896
9803328
-572786
724294
2739623
-771386
2689011
6192845
3989540
2238510
7191940
1103143
-67555
136132
642255
3480410
2358214
814634
2602626
-1092658
3037503
7548655
2088977
6952319
6203873
-1974781
4089967
5861193
6471657
2246679
2673674
-1211737
2971271
1699450
-89816
4879389
1702699
3804292
6300021
18995
-998145
826103
1827020
-944297
10166985
5611573
1982020
7028877
1780042
6557994
759846
4115299
2601954
8422139
-1359436
3444614
1084059
-762343
-36756
3814190
1320587
5801866
3951873
-464948
-2438330
2909469
2029421
7521934
4822644
1536741
5895307
8085991
470533
2894552
1557516
2533070
2733032
2406815
5314251
3981481
146150
-1095564
7752964
1007488
1869244
1530287
7196025
4101398
9082890
6259020
-383759
1316002
-756304
1614495
6144788
709409
11177674
3002054
2025969
-41326
3834385
418650
-142548
-700925
-925415
7211543
-201638
-2178446
6750183
1278895
2904851
7213039
6932138
3338506
-293192
4075690
1921297
-408574
2429236
-1457211
2345789
3119233
4357324
7090792
111756
9365835
5172490
5120311
1784911
3512542
-387870
4898842
3118694
966287
-961585
-9948
10872100
9206200
2114184
5774416
5031953
7762504
8279888
307128
5131264
3239429
-1032982
3895355
1985211
-1799364
2742545
5976852
2215453
3657585
4857783
4578169
-977475
2735006
3080839
522141
-38071
2749162
7386121
2199724
2890749
554268
3286412
32691
720650
5193096
-853569
3738777
-540662
2547922
2095264
2197458
3428472
7877349
-751071
8623779
1488155
-774250
5815623
2335907
2046574
4017943
7713387
7407430
-393758
-759227
3941530
-102531
-1434399
1897018
4940798
1778034
-1104884
2033782
1720156
2915751
-31860
1829783
86492
3145146
6031614
-1073794
1335679
2938351
2850804
4904880
1623688
223735
1610854
1558552
196946
5886858
5662041
8027648
-1603527
4941441
3060038
3493138
1166382
1996905
10076089
2099229
314299
4615457
642933
3696626
7298760
2301036
6840166
2210229
10742924
2656747
2471770
5098671
794023
9044011
112324
430469
10651456
1017210
5544992
6232625
-415665
68606
2472569
3691757
-788037
5299698
7678560
4564922
-881435
6031407
4353335
2458936
171832
8233516
-1110394
6641719
3702833
6634225
-211702
6496583
17517
2923246
4795461
2170087
1785783
4997425
2520220
7069086
2570454
-1006746
3001721
6010956
2994540
2809316
7338365
586684
1512537
2900225
2973809
1051061
3199382
4565448
4741957
2136341
8397407
9932279
-28135
-410846
-961250
2086867
7153971
1940860
3691670
5800311
919579
8174679
-1892886
3932763
359688
2312456
33418
1702140
-795933
2280014
4146614
574240
7636361
3689665
751608
5661627
-221105
4796236
72849
3219381
5472517
-1148100
4029236
1339532
-459404
-337227
-144166
2484935
3065815
7493241
1879037
7282094
3362096
6396295
2426215
2252885
2699818
4110734
6842918
1135991
5034507
10323470
6868045
-666138
-306407
7644334
69983
1316189
4321380
-1347744
5375741
4880303
414371
6418370
5229851
7372155
5422310
233580
10457787
3605239
-674499
6218856
5550739
1080588
8193720
2350441
6995294
-320695
3749739
-1347886
5687383
4713064
2395503
231545
10303821
3608729
-662390
2124647
1392784
-569377
9157160
887914
68167
2040446
713715
3678766
7893907
7495745
3826896
-180028
1441881
1408372
7275575
639679
8687403
3448414
849774
1743095
-412063
3734256
3879993
8848739
1589894
897187
7358218
303803
1739794
3694991
-773018
-354293
8617176
2422628
372865
-842029
1259325
-1955349
4828480
1936538
5776102
2140119
-508132
5233118
1843430
1727566
-1200879
7361467
2577864
-9514
651020
1112692
1116636
1525525
4560935
56623
621682
958661
6758187
-430379
2487526
2559090
-463800
3673321
-210046
-690697
4495294
9174101
5814902
365681
1580982
3597175
3129730
7121693
5542882
7880177
1972289
4276172
2522157
-1691097
-1652939
1904340
2126596
2555345
-1144802
3809734
6132516
1187067
694015
8419780
5129370
2165484
1551293
10030931
1541270
-604317
2677096
1806236
6011926
8129722
2820142
1736568
3901933
11396913
2900837
2127995
2514710
9296150
888341
728339
773606
-1007191
-1242067
3201435
9160056
388126
3328615
377999
3694802
2384866
1735119
2877002
-2809345
5936342
2643616
2451236
5435738
2465425
-1680741
4794242
4272783
2969846
1903515
-800040
3572951
3334002
1237308
8556156
4383213
-2011898
2956834
4595230
-111496
10366168
1052089
247904
8228336
1409216
-1174207
2986100
-3172
1240071
1392448
3352828
4433132
5807376
-102289
1962779
5020184
831490
1832120
4575920
6668418
5633042
5230229
1528913
622367
776726
3018209
2278324
4249133
3732793
2445675
4697
7711572
-992354
-239127
3155862
5151238
-171208
6321567
4313183
1362769
2463246
8626837
-3068777
3387190
3368181
-870789
-552832
1801930
7100440
1294792
4345038
7466294
101670
4311271
2491328
9599783
9679478
10615264
2574744
6830525
1414473
1759645
7259765
1755937
4985645
-248548
4382915
896760
-810100
2316882
1528720
4646585
2209258
31735
2274675
3790232
6329180
1358142
10268679
1214071
255971
-283934
2685690
2150840
3305597
6021974
-734219
-296320
7140221
3303895
4430152
706780
977117
6962582
9246628
-204753
4899021
1147352
3149979
1900739
7831517
3294807
7315301
5203315
7801527
5563306
4449445
3073556
-454027
1520816
2585575
8835346
10577769
-79831
26684
-1316128
718777
-582682
5749121
8229712
1433889
5177204
665154
-173785
2347225
862146
1101838
2563128
7895799
2277082
2509280
1556826
7481111
-351974
1583029
1555975
4374212
4690258
6565871
6499468
5868817
-54259
466333
-1488113
3427129
6995269
-525446
1159803
2158980
944130
818807
-1606184
327015
3870030
3451807
4986900
1815825
3698018
6552378
2383999
8512078
-149400
5575158
1935484
2608425
4441951
3011891
3330483
2818541
243200
7468442
1664028
4786510
1403730
1647761
3676968
1908849
-712240
44250
1445545
7979621
175526
7768753
5412515
1603469
-160229
2787878
220203
5086692
1378123
1738669
2273254
-304880
2394829
7620277
-348441
6006018
1026173
3687781
1999284
-377025
2634133
1689083
10109536
2135697
5305864
2676856
10342545
2539000
779909
6315554
2210678
2330418
3142692
908965
4555843
1053503
4340778
-560754
2218647
1824319
-222840
6194029
729112
2398028
884768
710931
1840048
1638625
1398217
2145215
10456261
2604625
1664684
7547686
3224284
-528435
253667
2084945
2530177
2033703
536273
4749194
-220173
2298498
4140231
-496562
1874241
9224593
115436
226325
1160033
5290499
1022691
347314
2949632
255767
1614008
8403571
5707719
7324322
7507413
-719694
1886052
-476250
-690584
-1402364
5039846
9351995
9210031
820350
7899984
9584216
2261545
-2238112
4032028
6860599
5725319
3499857
-790827
200306
253633
7263927
-307256
3826400
-2392964
7296506
-676350
727449
2237102
-239511
3002753
4082486
53131
6837164
2860507
2207575
2394035
1079027
1717766
1238369
124022
237941
10348796
-369527
103568
1459901
5951098
5302696
6381026
1685748
-2705519
464600
909196
1626551
1361880
10679176
3171574
1725635
4256030
3468077
-1301177
6819056
5606303
-395207
9900546
-1513401
214613
-36852
6883017
2088336
3212164
1073338
-262127
424082
7478142
2611361
5554304
-125592
2142265
-288523
4462328
1962606
5303271
7701782
2107170
-286009
228556
2982992
2834879
9263662
-971158
1977315
2427264
1123784
4234349
172988
460491
1942257
1432654
1657537
-978064
2902695
-13312
2992168
-418511
6604545
926277
-429404
2906634
-591809
690327
3097693
1933139
3754257
5630158
1568519
1138952
-235890
9088907
7229907
64818
107030
-1753490
1451156
3222714
4519175
-860271
-226610
1626253
3102282
-659920
1492361
4411077
7171174
4389920
1342497
860284
686025
1314981
942616
2327947
-741916
1519750
-1230559
1101718
-265047
3544771
6705661
4139052
-532295
3184575
7646874
2416137
-533986
5889956
12746
5813465
-18203
2936183
7592346
1799893
1809672
7792584
3049037
729520
2229878
9925341
-663425
1369876
4390059
2662518
4516300
3740446
10799226
1648938
-666034
3858515
7335634
1244041
-488960
938868
5473034
4370025
2813736
1449605
2996072
-2587688
3142071
2814179
6034916
-128475
1939788
6824804
1991519
3895099
3484363
8344177
-362932
1127108
4261463
-227563
-123293
927722
3249642
2610412
2996856
842976
3187015
2431784
1970385
971292
252589
2489345
9404229
574518
5208789
134847
3921387
-137188
2494077
-378125
5507005
3228848
-50734
4275057
-334516
2267134
-50048
2778726
5529596
2941411
4343624
888591
-1055578
6854113
-1598951
-8058
1372284
836957
-790036
782495
6593798
1650432
7399489
5144398
1811477
596092
3065504
550450
4031832
1530615
7389588
4620563
2954054
2748534
2768160
6626186
5545496
2266417
-962623
2690810
870664
9491927
-1568397
3606050
7611039
892585
3109282
3954032
2317109
4901860
5474938
2367741
4862269
-889637
-769494
1917707
6050465
5483541
2543904
7844737
2621224
8511235
4408599
2606164
307125
6949245
2760877
-1023729
2768046
2156095
9249370
1902858
712623
2118434
4173615
1765762
2460428
1618192
3436540
1378925
4115991
6269152
1360393
1129278
-688693
588806
1823960
3365336
348467
6996032
837146
2481415
2468991
8887917
2808072
-105938
2810809
2254069
1672275
8907738
3989188
2030467
6316187
1951102
4164191
475965
3800766
8944922
-159193
1221305
1391622
-339161
472659
-629701
1640318
2302894
-651117
3410886
2503903
4482993
6925122
2987065
-655207
2126867
-259798
2667383
9017669
3326648
4924602
-1185365
2186188
3941422
-381354
-92217
3114238
-487219
4008639
405107
13336
1136801
1024559
3190362
-424124
873635
500029
4920745
-1523709
9321395
1256024
913018
-510466
-797407
3509486
2342182
4263153
7311001
1888867
1958773
-836862
6939528
4515185
2547143
1523042
7949767
5176622
1481097
2187781
2091270
506937
539476
497252
1041214
6404712
1809824
816362
265776
6410617
2100565
-1084632
-1076578
1140674
3095424
276534
3357600
88975
7665954
1554932
9213399
6865949
2908513
2048216
7081709
83290
492409
3435375
2616992
2251402
-1208450
4014717
1427831
3074946
-1032825
7593218
4052294
3124430
4748974
6321880
1505239
-164645
5338947
-699952
-516237
-107234
270320
724808
-225251
1230189
3394553
127163
1094576
3652539
2544960
1003791
1388641
6059214
7143842
275317
7397677
143471
690894
-168537
8050640
6806826
89223
3509220
2590773
4935
11229271
-677422
2227837
-1690583
5359414
2072954
571168
357700
3882754
-716658
2989309
5708972
-2414611
7407972
6383350
2641668
-224042
2853958
6203648
1575196
8128401
3267470
5937042
1536425
3738809
1657406
-609057
3393219
1220530
9497230
10072800
1575117
3151607
446544
-871550
7934112
-65435
3649950
2575921
-430066
8849368
7415290
5230797
144492
-579919
213202
7065014
3691482
753294
3043362
-993142
7155292
8178493
12145425
4171453
8355344
7620574
7940587
3525697
1018828
6842847
4216945
-2286330
312156
5122327
5593646
6308496
2002801
2350505
-7431
454620
2233843
67724
-1938529
7586053
1068712
3733454
-1299816
2664038
2814949
235601
7424312
2896995
5074499
202143
-1867868
1770014
2893829
4546883
582551
4328910
6483940
3434694
13616
4051147
323443
65030
286758
-2689593
3184285
4947168
4595906
1886068
717092
3426127
6704328
7506690
4373325
3547368
-911034
4985785
2651939
3017350
675832
-2027470
2701786
1384596
1012977
6509223
6640697
3158362
-1136881
342798
6224774
2975969
1513654
2258149
2953662
2750991
4488329
1085849
2922031
-749910
3482265
2324515
6312068
3149674
-1025786
6292079
2036091
3599560
1152200
3758930
8649591
9285188
-1827929
552723
5807969
257876
4068095
6584250
4552259
5104184
285186
680983
1263729
-1603160
5857961
572952
392617
3588486
162322
-494372
-64349
5871139
-1900283
6960025
361682
3394189
1862953
2602250
6321487
482928
5478134
-609992
460769
1888474
586612
6431139
3834908
469072
-2811824
9527696
1956780
962250
9901793
-705448
962411
2629770
-1260570
3528036
318297
5087028
3488300
5517238
2090040
1898820
1605526
1753912
9059535
-364257
17389
8796687
-234139
2572355
-2109708
8526907
9699211
-1043510
2708976
4838973
1391425
1700100
7633482
163362
-1447373
7628277
-1622084
5093529
3962691
-907870
1517185
-1175454
3582651
3255991
2632089
5849461
7751221
5805673
1979617
2666005
111415
339865
-315477
-842249
1810284
-97433
-521046
1655967
2312960
4053749
2168202
7250783
7369323
1536651
1865749
2767853
4717938
346349
290097
5299941
1318904
4885013
2787832
3759894
1575144
7239366
7193747
394300
7247453
7607478
1210094
-429641
405933
372269
4078518
2129772
1969356
-1675982
3021852
1505930
7744888
3194775
-393093
635591
8401604
142282
5606397
9059536
7170254
-41772
10977359
9133267
2084109
7485887
8278752
2551328
-2266973
378635
5287664
2666377
-834021
6582271
8919254
326488
2488407
4588782
5316669
11111777
-868244
2335219
6594212
2041331
2360513
-567933
6556162
5410898
-514256
1213279
5720598
1212435
1213469
3023931
986237
1919031
1101974
1091017
5087067
10618682
7351506
4264395
2845238
5892944
2930711
1663378
6491559
72657
3015096
3022304
888307
1279437
66144
2962521
849433
761367
-204835
5555609
-291030
-834547
5716299
1777722
2384548
-29408
3119230
4360902
9608
-351280
7110299
-526237
-883631
3387161
1743234
833425
867229
725438
1119084
-1690069
6573783
8237142
4296291
3495123
361440
1202757
433365
3201345
2156995
3768720
5190683
7392848
1022047
3172906
5481055
-736147
6998743
2290528
3655060
3364067
1197115
6111850
4521116
44313
127689
6391761
6298978
3079228
10231405
1775394
2829154
2340726
3118578
4908166
391652
7769655
2891907
879647
629030
-572002
1991060
8527725
2816339
-357956
1603240
2123571
4210761
2995201
4571808
5054830
2275347
7295589
4827534
7562480
3055830
118630
3390024
83543
6927627
64929
2275731
7521579
-206374
7013753
-465665
3302306
777303
-198198
2586188
2036593
470156
6050191
9565807
353853
2994433
2284784
8370378
3501863
2908744
2619011
448693
612941
2669685
9160505
1664475
-712684
6912076
759533
617567
-1719686
-2835541
6824601
2061085
6441552
-2025802
8274567
7363566
3930768
1635873
7211474
-490931
8655100
-398170
-246321
4130676
378500
1699770
7208776
1543670
3768834
1687637
9598485
4810011
4124844
4926602
5716178
3065256
1189488
2579367
76960
2109404
947085
2259659
520386
4462321
-88856
3404305
3264152
-1001587
589194
6209267
5943546
2543473
2386608
5567398
8325105
3621577
-896156
2053931
7445346
3608159
15532
4184450
5752322
-692821
7987409
7233170
6632166
-630513
-1084529
7012486
2542809
-2875282
63386
983526
3618763
-49042
909803
1844366
3198501
-22885
1858612
-2311073
1595846
3596268
2443979
5259778
766431
9298145
3772162
6736738
537017
3375393
740476
3126496
8182437
122134
6121002
1691353
1282737
11330231
637209
968086
858406
3848134
1376931
711764
-820719
1077475
5106222
194485
7438535
823437
2141170
-169130
8430140
1489087
-1600260
-590336
1633935
1554572
2871944
-60854
-753058
1651122
404683
-882437
1955101
1131639
10659973
8442929
3814756
540656
1322396
6406804
3953460
3007307
3160071
-1927112
2001557
2644014
3269733
4250317
8360251
1031706
482851
5994784
3441814
1811186
8599632
-404411
7045509
2942999
2532292
6479329
3886434
-173277
3679740
406134
-5788
4936347
1931624
117526
686721
5571135
2065661
-2262799
6003
2840432
191473
758131
502075
-137020
-683706
741941
997928
2410371
2756212
604411
2736344
1166719
1750320
4748409
6116589
5671089
-1310200
-31227
3164364
7648049
8013315
520078
5169170
3381845
666667
113170
3253350
557716
480379
6212704
2704598
1993813
-352861
2643970
-387973
4666069
1585156
1660644
2235214
-825734
6517628
6752435
4962024
8637920
4662669
1247963
5795574
6653459
1947327
3031200
2372441
564044
623971
1367677
4209971
9507585
4197578
2581091
8801544
4608483
1466214
-940238
2346217
3025232
5050698
2859839
422593
1723051
1523992
785603
541467
1886967
1627745
2270395
6278569
970524
554589
8351149
1590459
-1273568
3644440
6362570
19544
838657
8332037
4976993
20470
4179327
-941440
987043
3484438
3838325
2657314
1396774
171216
7148392
686815
3507090
5243931
1590604
4460256
1868945
6239064
4274332
-2094708
7660869
-332129
1752758
-771286
-272593
96297
5925239
1543423
3352118
3040678
4604277
3157482
10779358
-43573
-2213714
3688491
-236344
1798506
3247292
2707648
5356468
499910
2253700
4378448
5445173
5833766
6467586
1066662
3848419
4261379
4057057
1282637
3393486
146247
5873788
1381882
8036163
-2941817
9473443
2226025
394154
7438527
2016905
1903716
999566
7173194
1230316
359754
4613824
3151955
2728885
4399804
2968341
1629426
944751
-419673
3455129
-502242
-473842
-446160
5180764
3028893
725778
7279232
3324826
5089544
-2225443
-2763985
5800397
2780866
2802410
7976747
3802156
6764093
-86772
937624
6032831
5385181
4386974
2999252
7756835
3144045
319385
2172744
1170625
1747542
3196644
5877812
1382579
1859725
1724513
9143206
1554205
3997999
890078
162377
6489527
4226217
882143
3696926
6827601
694322
6309037
5745409
2468906
4016686
-89900
504606
1343180
624730
-638
6644867
8812186
2875492
3766739
2298591
1093724
2050082
2499335
6583836
5215337
7007562
106833
4122692
478685
2178358
2969706
1395763
1656630
6583087
3971307
-1160722
3633635
10612187
-728391
3142265
1919324
3682329
2624520
6489651
8179394
6122061
5209014
4655801
1352049
-778438
693026
2769436
2001268
-78093
446786
6629544
2851762
2407336
1261496
3494590
169772
7042446
431244
893989
-1546828
1994771
7255510
3703913
5818339
4378366
3905395
2290445
2843156
-698687
3015831
5222448
1258348
6990880
-484998
2140917
276498
-592388
502270
-593775
-107110
6989475
3183998
3351992
9202037
8425438
234770
4308988
-866627
934962
2784684
643882
802958
7083592
10503290
-2568060
5832788
7417307
2627260
7122201
9041227
1013574
3595167
2219548
893544
-784550
3573587
164344
4539708
2866144
-85091
3079931
4925447
1284717
6224035
5047750
5749322
8578615
3148245
36785
859055
790622
2526129
7496112
1307867
-322902
2887685
2028709
3685003
-430516
7405187
1532133
695735
3736678
-255449
1032223
1221897
-187473
4110050
1744666
1005838
6270983
606178
5593700
1068772
4325577
7680404
2246942
5013926
1800528
807465
2210369
12103
3358105
10503922
3653675
-111696
-46285
3943008
3545720
-731812
3733144
2281332
247494
6196055
3298830
1471177
-2968163
3047505
6511369
1287305
-1241491
2116738
1558103
1801159
1570269
416032
73860
2836064
1887452
3501686
2677613
558789
60781
2620197
4418657
3221721
1892735
2840253
2478049
7978335
104971
2727500
1931945
6005330
1296247
4053344
56129
82551
2724098
583078
3148192
-542338
3287435
508370
7892098
4583372
2677547
9644917
-1642516
-267650
7385915
3367726
1548273
1799969
4247666
7335533
865226
-145463
2594629
2546076
820351
3043810
8536754
1125079
3119829
6580663
2254832
-31406
2723046
8563449
3196027
1765863
3008860
-3582357
3227767
5643368
7010411
-17959
4382401
5118343
4682946
1109635
-425282
-2302748
1288177
635257
2688564
3687920
8613174
5913506
4615790
5115179
472049
170867
2403494
-1116290
5274023
1424015
435751
4968352
4258770
2276351
4271436
55986
7237880
1238140
5839531
8530728
1418269
1399599
1315683
-433416
-740964
2617330
9182588
2088408
109601
270213
1651919
2786486
4322564
-343291
2683879
800556
2782923
432427
-753240
865933
1478851
4546156
7632362
-629184
3950236
5803949
3136924
3673273
2290941
7772345
6889901
-444851
-383085
3562189
5748036
4319762
997332
2713972
1800727
1976763
5701924
1233582
5656600
6471038
8646152
9670002
399402
2370192
2150414
3727948
3418518
994892
2964863
370926
2756328
3919700
10795400
1264905
-1343300
5718813
6588192
4063552
2908031
3425594
5449267
674398
4034060
1971586
1891657
-1243359
1007040
-142436
6006766
1323676
1535043
907004
-208962
-1022258
630131
-1588560
3795900
5696799
9229354
5199646
-356185
-695497
226536
-689637
3965923
3012807
390214
88551
474389
2444026
6397859
-2298896
9895437
6350145
3336217
1201741
4348664
1440073
-116769
8363046
5883742
-254633
4336250
143448
2347298
3201329
-191188
4676041
343485
9332950
1592469
-603106
1266017
1897436
2309880
3978882
-520016
713700
3268337
-741618
5435398
3124154
8681286
3247199
7240131
6606972
104191
1229924
-602030
664806
2861181
9541910
2614838
2696254
-99384
7015861
6551010
426147
8391922
-126862
3708812
382599
4259964
1106522
5488029
5956386
2727374
2036326
9450518
3051497
1387061
6848494
146936
-703496
-868219
2677012
1476921
4365121
8928070
9437568
7846418
3494458
8492755
-533728
7609184
3129357
2309551
2344340
2344745
5333527
9491870
1298973
2048871
3877779
1580427
-620733
707223
681859
1676128
6513895
4253587
4164548
4916717
-21903
1973291
5305155
3211945
9427007
876666
1004919
-272866
5254708
3487682
-727315
2484116
-134607
3845683
6006172
4510292
-34305
-386559
-26296
1532442
6784884
801750
1032131
5694858
3676425
5907768
178122
62361
3051342
5132487
1515048
3739202
2522242
3391848
4333283
481112
3230306
2588068
2015860
6878411
8226855
-1180513
-1088845
1732461
2205212
3034653
152723
-2028630
2612397
7235068
-187284
-464878
-2110864
4802232
7086144
6915021
-69849
5657026
3654581
-48001
-947346
2415277
1198905
2632766
4942441
2463645
1273796
155302
696499
6140301
2305156
3618712
-1804212
2790687
5102369
2452226
5739985
5903060
2465913
10496851
1252079
1998018
185497
3190200
3253921
-1243618
1539594
3863119
101568
427604
1504480
9339420
6562882
-363382
5867802
5018610
5400716
5619849
5168263
2617477
3246248
5625682
5512042
28355
2035809
6099906
2904816
7910319
-2143109
-633936
-750846
2688069
2915131
-85345
5362549
4408358
3482592
4877553
5896399
3203504
6805111
5710690
1968403
147479
1104755
-2214249
387185
6428322
-1543647
9111848
-188337
275916
11335113
4503604
4027374
824037
4305732
6045678
-817416
5254221
417950
116365
2167849
1132332
7470981
3652173
7551152
4097941
5315011
970731
6052619
6991526
215895
2369646
739064
4848973
6014956
978527
6600128
2358873
2087425
-261599
3024985
1609167
463895
10195467
7543645
3895278
5854522
-404623
-2077161
1504903
4207825
-1531584
-851326
1668510
3988262
4927336
10907280
2655061
388577
7918284
662153
2443076
-652964
5410829
9100986
9358666
2173502
4134661
482311
327779
8475360
570672
77944
1659599
4120175
2048397
4364754
1662768
586335
2891942
-1013027
886030
3567164
2440662
1421602
-431069
-1976749
7998461
3690032
7263642
4210259
1072079
8933818
1579912
569556
287017
-797543
357191
663084
6750590
198478
5741037
880022
5528282
2483617
2646357
8806463
589534
3740783
-2167129
7827720
6278225
1075542
6523716
949359
2279427
5216373
-782149
781361
3628363
-439926
-706690
-957731
2169599
431445
2207313
7129947
1264484
101247
-1996813
3557692
763768
4053739
6876097
2498136
4579355
6315503
641043
5175890
2970867
3021721
1813708
-724143
8713524
1000728
7999810
2838805
5297492
-672444
3963841
-564963
4713520
6533515
6286809
4541047
3452751
2464901
53241
4363616
282467
-1607838
628351
2975233
913261
3536740
4637867
5083863
-1313570
8397961
1701651
3526687
373149
991410
9128696
1608629
4670513
4205017
6737834
2166249
2888651
2862232
1368785
1938651
2080280
-2309133
2183482
-627042
3485932
8995085
944297
3516025
137129
-2006830
-2659452
1791333
779561
1284165
5152663
6810870
7894712
5945844
2580751
3579194
2546971
920440
-662575
7680318
7838448
118157
7642400
7720177
-338636
7875486
7350536
8541764
2570605
6263489
7698944
5766810
1126730
2280786
1517277
510533
7427463
1072594
803931
-390690
-1419536
7430443
2939603
5959237
5581347
1431943
1397257
-1984093
6213314
2148408
2029335
-1518182
3429701
796106
3367208
1257878
675211
4094646
2307468
8139085
5086660
7580775
2264640
7017482
3977107
2768164
1189522
-659870
2417192
256990
4561257
-207318
-173210
173096
1590882
-1255685
2022778
3030236
4532264
7284251
4981512
4155497
6464713
4360028
-368549
982797
1522912
4971793
-1548585
634515
834006
-486252
6089209
2363226
-570952
4627356
2193419
3717092
4801301
822261
8159613
-827148
1653855
1231917
-526688
-10443
2678779
6326023
2167099
7082353
3469834
-565004
6441297
3874232
7589399
1892893
3469239
11127011
4068395
1154331
1548269
-495397
-1376114
436095
-791695
157266
607114
1014699
5170517
983049
-906091
-2402425
6147322
1088488
-1647447
5389317
4523935
4091551
1076300
2311145
49612
1687503
2840382
7989001
7702524
1893479
3352384
6022581
1367401
6202941
1963345
-366178
3876911
5506509
-1039917
2575379
5535024
4666827
3859075
1411140
-1958250
9852234
1445080
4094082
4219279
1796454
3722678
3241224
7087870
5364585
996797
8652476
5483366
-766227
4305366
-296443
191986
3124510
2012746
1506812
3523680
2875709
2767908
-726268
7400770
-1117841
5237517
3349942
3391404
387323
5755027
-1078486
7092681
4223402
-218688
8057969
2816929
4382825
-102313
-1105570
1069207
-740039
-821926
8881309
-1602821
10797822
-261144
801706
1999978
6979318
-192125
2108439
3262200
6543645
597071
1729452
895056
-27531
-681028
2398596
3885440
2804031
5854478
-2612156
-222475
-6995
-376115
1106367
-424791
3246670
3656278
7169955
8262405
362305
2620908
3470323
1279033
4724212
2783177
716511
3326109
3845805
6485833
2768013
-774436
1792755
9939764
2206050
923176
5414985
3006968
-1220731
4143098
4132589
-1016815
-1507286
1634857
368180
-498664
2254065
3681256
6633246
2302137
325178
5325127
2513315
1813588
649227
1346559
661372
5419321
45307
43065
900368
2178406
1986686
2443034
3202662
6501258
1478922
222800
-406531
1481363
5288567
5203562
783444
5327911
9752749
3249405
-748662
3891721
1572189
3999209
-455839
1479956
1401151
6001245
1953426
383607
-693956
2605167
3099204
262081
-786923
2689538
636956
2447846
1955155
382123
843799
2676108
1954042
-274270
3354380
-238867
964122
1601976
471054
2123777
3296685
3078997
433725
7300196
6337182
-1312028
6254847
3213850
2866528
-1090687
3319772
-1039371
2928220
-892930
4556528
2637290
7156609
-1488057
388720
-217179
694786
5020289
2440539
7784475
6492584
-727836
6931398
-709383
-1139377
2201685
9300089
4186574
-941019
-1029005
-322995
524217
1099058
1372908
2495283
3225819
1062012
9732419
8531532
3983441
-1718642
3274126
3407976
3571844
6287711
6449046
8528577
827081
-534940
7448961
2254764
601857
3002221
288207
-814787
5420690
2937711
2075360
8178327
6323490
3777657
-60788
-1348942
1404880
4036829
7842580
-94060
2920302
513633
5541593
4838594
1179095
3399082
-87796
-298348
2701394
5846359
-478970
-1132083
2484727
-1044606
6198060
9536297
2152413
-775698
3017613
7500475
-988855
11140529
-1209746
1679334
3582147
-659585
2366361
2259577
3972171
6104164
1261282
7554778
1021478
2718579
-154040
3392942
13779
-85873
2009022
7100354
4947706
7339916
3705423
6058481
1745371
7473654
-599484
7403374
5117901
129956
1086364
4912615
1057615
2347280
2373069
4010390
2180192
2245166
11751068
1480378
9961047
3934247
3197038
1408699
7324409
2204985
2170222
5545872
4073099
4887560
-686643
7586777
4826758
-483086
3154520
1901411
3391705
-48773
5959381
3396343
2645100
26452
-1013302
1485789
1690181
261820
2927859
-151188
3041645
893887
-469047
6597920
828617
3870487
934461
2217054
323561
2462313
418230
76383
5617881
2588867
-806188
11960800
2022097
-742570
5209348
1049621
7396907
3836041
5643595
9508093
12005456
1081122
1327
7706052
1975773
-3106908
3373239
2286680
-726890
2320688
188693
10026714
-308791
-1811916
1742573
3317663
3106852
-876521
11194886
3130362
8363995
4946402
6272492
304426
-197011
3657150
9376740
2667153
76484
4843699
-278883
2522982
-1113891
2569148
7177483
1050400
3605833
1860323
587837
6236744
-591489
5654855
386195
5885120
3502393
6904948
6262807
-384823
345405
1684438
4134897
8799744
6706210
1864066
1059599
6968325
6970951
3375149
7388510
3092077
1677911
4045085
7206495
1743951
3653401
6089685
3216050
1256635
-2735871
5359217
1444388
5650770
3247813
1385146
-440523
9161038
818733
1994525
4799202
8231579
-1045875
657753
2575244
4359804
6723573
4654090
1167008
6809529
6620437
-165968
7122243
135815
561862
2293048
7184169
1898035
-373829
9001125
-785395
3684729
988565
5846841
3654600
3788641
-109750
5688958
2732927
195991
1828700
-436218
265631
23464
214215
4015056
1572270
5741291
438527
328630
-2590995
3038855
174925
1665490
2764816
-39713
5203019
2170944
8763248
1459585
435602
-2523034
598675
9390145
6274657
-758952
-628555
619797
4024293
2388943
2060609
1154790
1768219
2914366
2947525
3923453
988760
2466202
1245270
2798046
3996476
1937165
-293777
2624008
-254012
8612448
1660761
3540873
-2132665
8007307
675067
1004011
-746293
1687823
4651675
-3688
1001515
3267363
988446
3349476
3828350
4791790
-519704
2976919
1517048
3253869
726845
1499277
8373486
6560460
3577572
963028
3260043
2210828
1766903
-57784
4945626
7841048
6926200
5472309
5771035
8084571
-1334307
13170
2838153
2419977
3912218
3807005
4106049
4495508
639553
7387433
47807
-699816
3343308
-41495
-679090
3731534
2024631
2074959
4663028
-1269015
5418743
7590905
1745259
4554852
4119109
-1294745
1392840
9602789
2129453
6543105
1145424
-1269234
-1998999
7664235
6222496
5422252
2632601
3240013
13135
7839159
8071996
7157863
1407611
1627226
3426372
7105637
4445476
5453186
-770375
2831080
-1398649
269685
1697131
2958806
4696686
9682765
4042310
336460
6877294
5871409
2970355
2983138
642189
3357041
1315916
3899952
3338096
-2568234
7456284
-216235
-1371555
3640426
8824310
-964891
9037938
-833024
3763107
2183618
2883717
721684
2074270
503621
56228
9115818
2691276
3555255
8328802
5832582
-44325
5000983
3473692
7293154
7017267
3894995
9129578
1398586
2476539
2760115
4662139
2741633
1892473
6944488
7720397
-649685
5051709
-439337
1850183
3646860
459284
-35574
250148
898261
132777
1781392
27157
3024403
-673533
2328452
5477565
2388753
6626185
3746289
2849944
3097030
-1271672
406085
1448074
8072654
266223
-633662
1909105
1232757
5036650
-232844
5317623
-892923
708558
-1236112
285429
3333987
1620116
3034176
-2095610
984887
1246288
3865444
1630784
2752932
-29611
2647328
36281
8281721
1358185
7372016
1204924
3595436
7531382
3225698
4211318
872340
2862291
4333790
3552532
6771908
-1108508
372949
8434547
2451746
596390
2315299
-747769
3933673
2094345
6130663
5887399
466198
12190011
-1755172
-997065
766921
8873442
151293
3141737
3925383
5905857
2217213
-276349
6013174
1490447
3159562
2445265
7114154
474951
6774331
6444444
4909679
2025222
-1389640
6319439
649903
5504669
-1750755
1532401
-489405
-212240
-850549
7127671
-321667
12037
2401984
578612
6585573
1444120
-348081
3913680
4523101
6653379
11230096
-1348767
8108244
2238176
330273
3165475
953031
1775691
2463793
1685177
7405896
1672396
6566711
-696331
51697
6423135
10150356
10543453
5271094
8826756
14893
6277718
-1383601
6056823
1806337
4044838
2849425
-1568266
-202114
-1221316
350602
1231185
90688
366592
1974227
15203
2097296
2608831
5112067
5535445
2014444
-212487
889080
3852239
-479933
-1251560
-584752
7674848
8816828
1241908
-935850
430088
-394107
10327816
5138349
-499440
1279669
2469344
-885294
7582244
5422199
-1084804
4045775
3890939
-784748
6202899
-238091
310712
-1130877
7193658
3263133
696348
2978960
1994962
5724465
1471142
7323772
4080269
627956
-921469
-973423
5343795
3734160
1225566
345307
514975
-952456
6485440
2489533
389268
3307275
-46210
5796463
1165913
-354087
1680770
-991673
671717
2129195
1299942
-1129051
3938809
3704038
3627268
1769284
4252754
1508174
-719454
461180
6880469
2507931
1668298
1589612
4444976
-250609
2349835
1588569
6871248
5803962
7545555
1835554
1664138
7715949
-56028
889162
6154986
-798735
2019087
2474406
1482211
40112
2739853
5908780
4400057
2609702
7395833
-2890703
7084486
8574964
-1011412
4810853
-155175
-187770
1469096
1229491
1396870
1655035
6030513
481632
84707
41920
9088304
5363726
-14354
2554633
2737721
-519904
3248926
2048536
16813
1190015
896372
7757582
2752836
426723
1503331
4366848
1550576
6304675
44951
3165960
-409586
3761765
676286
11558556
1238222
2352693
2815168
-134849
5180451
2209797
6826873
9667561
201222
3708714
8239513
7023490
2067341
7227125
2076081
6131618
2449634
7633079
-597549
2932615
-958742
2908498
9026458
116510
1740417
2431882
3234235
-2065298
2566709
4646722
-539365
7728507
8247996
-400420
770381
4167698
8330559
691011
2141345
6629231
-1244528
1123961
-752596
2903153
7250019
4237364
3695034
1103673
6614913
2383229
7477271
2358512
6472231
3386843
1513798
45157
2241176
-424974
4756719
2988722
3061502
2948558
5084267
-1600089
8233717
4987213
5276919
1162539
2715244
5253928
4487415
6703859
422170
148163
8501534
7116215
2500291
-851018
-535324
7119026
8193057
833056
1596963
3293144
2354941
-1149472
5147850
6625651
2935284
2354480
994736
2862038
3502712
4148686
5439281
607275
3139201
-189065
4929241
-19610
4092463
2054693
1137021
1290677
-397428
5619505
5093516
-960323
1433189
6351919
3993437
6239001
-539331
6270120
2755051
-1000687
3213869
4582989
414379
1032159
3248528
5063643
-919932
2023891
3913393
3911168
4039496
91798
4247576
7177898
10453407
-712395
-58275
4263884
506795
1149710
8239687
-237753
2512935
2379115
3516009
2858686
11751701
4981247
-44193
-2652449
-696874
-743933
3697299
9664589
1942251
4110111
556993
7585494
6574467
3801063
5832091
212785
886627
3101785
3243986
-1191535
-44737
566839
-627176
-890212
1904267
1412172
6321082
4829816
7454737
8067211
3159328
-1134140
5913222
-675159
357062
1132223
2445832
1424669
1612147
-1912244
6871035
61512
-726085
3588482
2981794
1518090
7167123
7403275
2926113
-773847
-544861
5087337
359043
7869705
6445199
1361411
1138081
2115779
7925734
-21685
546843
1287205
541687
2150644
690954
2126119
5136501
4386931
8345232
1388863
3412155
6069132
385119
3463292
3508942
1372116
9819531
446821
5664846
4021785
7195432
-1017726
3108068
-961881
3054520
4589552
12043444
1990375
3868362
4909575
-198662
869492
2431643
7379143
9075823
7280556
2720758
9318980
7688292
7210146
551256
6605288
2600266
2252808
1729127
5557750
2668856
1359422
3472561
3995424
2633017
2390807
1612485
9853910
817214
-591207
302445
-700933
8079214
5315799
2915722
128025
1330162
733909
1128202
3513481
1274268
-513810
4574619
6507126
3350849
3111438
5453770
2471382
300193
331691
843579
1489303
3547948
718469
-806360
-922785
763022
897874
7355704
6403227
3371724
5559947
194332
4636191
3134907
5409545
1717329
-2185299
506847
5742360
3807077
-156650
10457589
9231480
3253762
-309087
8975632
-271124
3038674
-399323
3313099
2112920
2908184
5809900
2585467
5464051
6202546
2814073
3099893
-482416
-2675526
426495
3290911
370954
7954894
2986229
5556121
3966495
1969134
-819505
-934781
8434357
1720675
5506481
1287638
1476694
686073
9677388
1139157
-93802
2401368
1681743
-1680267
2415710
7305470
1919608
-782590
10815549
4294672
-222828
1456319
2477963
209890
3245540
2362680
-243228
4629211
2206768
1603018
2479551
6483184
-736257
6700374
344455
158586
8303533
5404878
2287042
3861734
6242081
212049
2316375
7669882
1859660
5762597
1347354
1792912
9148442
2524621
2145624
4438315
6871732
-1827912
8642661
1129998
-1187047
-718705
1860121
3384997
5792315
158580
2709268
3667829
5857910
856342
3709934
6091612
4154339
7326717
451605
6488682
-470940
1086600
-180192
540527
7740923
1265664
1129695
3424956
7078338
-1926090
7094935
2863339
1843348
-115884
3212848
3860686
3367469
970948
1318050
222614
3726059
3224817
3526798
4731662
8688763
8410011
6380223
1940919
1261045
2748076
2229992
635004
673170
1505178
592135
2418794
208550
4046488
604184
2699248
7011110
-20268
5951518
3840842
3753193
4744580
2808748
2673036
5415089
4105565
355898
3322707
1935171
2291758
6053783
134277
339152
12160628
2140743
-3400780
4875639
3845328
-1117729
-849401
544014
8101717
1038237
8944040
4233519
6231636
4653169
5368178
434175
5014811
1583906
9696657
-602520
6650177
8453306
9729864
879946
8447479
1074249
9401091
7369385
1007740
-1010806
7607401
9583542
3215737
625533
6735034
-225781
-1172893
-34945
-915467
3558081
-758682
-1481143
-253771
1878202
7320535
-6701
2114381
2732175
-130603
1483569
-21926
673624
3136376
991612
2957775
2373861
769760
8185072
2257342
-1329221
-1540106
153058
-1475875
-1374759
4425134
1034834
-419206
1630672
-584188
6912099
5918425
9612806
5067321
6055819
2266487
593685
-309000
3511735
2384500
-751207
4026317
4038615
1491188
4478448
5453799
1368520
10396068
3763498
6565926
2597919
1827661
-405912
2070279
4403778
5994349
7425929
6816413
3653878
6815272
505855
1809324
6520015
2473964
1654424
5665906
2186210
1314840
10378668
9815939
-691544
-1295720
2578952
3330679
-1242980
1698037
973378
-1097411
-1295267
776146
5001832
-77487
2739762
900623
3007305
-484155
2759583
-1603596
-27773
889750
803658
4476611
-39091
10276172
2040189
-25048
-2040844
7367371
2812058
8339806
1873802
-1156950
-131210
1723602
926029
-1568661
342019
2685011
3955912
7210123
-625161
10622313
857877
275396
-27364
10140352
-454848
894059
738118
5695571
7409626
6789653
10057685
-815984
2341953
-432981
5691799
2930062
8265126
4460754
4180611
1091050
1875891
3294948
-607059
6098168
-190187
540458
1425630
3399805
4490031
1642620
2783277
8033597
696167
7681749
2002108
3505129
1251208
8051740
9290729
4927762
3053722
1163526
3591218
801260
2683722
1528293
1684651
2706797
5315035
-1448150
3911467
1181613
6793252
-1107979
2426241
5599264
-818526
253189
3959001
307495
-1619478
-583273
2784792
3393312
1407694
-494523
5195280
3018103
6891137
-513649
11698853
2210452
5938771
4876886
1459721
6394495
-1186817
130645
4135784
6065002
2432846
2928717
746368
1545648
1676315
866743
7615159
2624059
-534313
2964969
2763154
2207378
1900720
9230404
4130894
6120158
1663841
727314
2502022
-871827
3128322
957741
10846650
860091
8400639
1559153
2551381
3377451
3107503
2919994
-185919
5905317
125036
-879830
738673
2072606
2250067
6874087
1480018
-91140
297012
651471
7777037
2353585
-458627
2633930
3962701
2225842
2027816
2888206
1745551
5269722
1367687
4004495
3150350
3230881
3974198
3965138
6961181
5163300
7924931
5127185
3446793
4520869
4044035
1721137
362559
6287141
5398442
3581987
2204105
7539488
6117287
1755734
2797845
466170
4023099
2023482
742964
3867054
-1073034
5756195
4612925
-977524
10613964
-378491
2064176
-570114
-387458
1621129
4688171
7591702
-954960
1618480
2194104
7343952
-40452
1527943
5524120
5316515
1226856
9229950
-159620
5117930
709278
781928
764507
1505103
254150
7146262
757945
7323405
4217530
9968509
-167463
-1115485
509480
3040950
3382231
1017744
334810
5251747
3013629
3079972
2285637
478414
-1016526
-425677
-542615
1815407
3651885
1895260
3729846
5816085
-1856158
3868057
4849653
5142159
984819
6853613
1407370
6037356
6322331
521362
5207374
1200257
1713140
3655849
3389569
-53857
-537303
5893504
6659700
-790300
3810564
805292
5136109
-966805
10763172
6030235
-1299460
303220
5694864
5857824
1057717
480062
229662
1697461
6997374
2330086
-1663195
-61938
3861494
-274065
-573588
96194
4956480
3805387
4411168
1895211
4125960
4044860
3886310
-89906
5561421
3281861
2520223
1391985
1079746
2706750
6924564
6136978
-887483
683621
4469831
2513981
-1560423
-3014329
122771
-32112
9491439
474607
3390361
1925846
1582391
1905392
1293384
1167262
4991468
2515493
3238652
2138637
3101514
4742149
2840870
4851439
5741921
385253
9720643
1395861
6225216
268113
1802551
672489
-562567
7146133
-707154
5371192
1703802
3415919
-943562
5722021
-3013913
4260176
2323706
3086183
-250700
1358681
2809984
5218826
-1151312
4114978
6825819
5788850
2181064
-623574
-457522
3429530
89195
8850025
-326723
-401963
3764655
2247731
725798
369488
2516933
3420966
7768299
7420919
2927107
3586493
6613546
2816959
4296186
-786263
3388322
357082
1174360
3208131
141176
321928
6983451
3131329
907927
3725386
-291774
5075382
4041046
2583237
6079169
8378210
8340832
2531760
476782
1322988
6635261
-765864
1135772
1011608
-731309
432375
907326
5797817
2592817
1986838
7711077
7968258
-1632227
2500318
-9607
1984905
3836839
7770104
-333975
8417906
2367339
7537627
1209280
1769985
7141919
2234087
4000954
6799985
-1113213
6257599
221819
5191499
2195642
3348718
743600
1805634
1853581
1003571
-655927
3697422
12011069
1079902
492410
1484595
-1786057
2271236
3135074
2931142
1079914
3697488
-484802
7460986
3357197
7824025
2032079
2476298
1983925
-360065
5137414
1164264
-1280373
1997533
832259
5431672
1894165
-1083779
1880294
-1935538
344327
616321
1794922
2914867
3325693
161750
3452768
5076432
3270487
6126446
8316300
4492873
-1620731
2756287
2219594
7681882
3328835
-1456153
2140082
1137317
1586820
3819868
-243744
-2864248
7249869
-274904
3001887
2391450
2993122
628319
932777
1559505
10519347
3428258
2149991
1433136
7831728
2348670
-235538
350760
6765209
7050416
2980959
6930386
3641242
6857198
-108119
1780890
3554529
1240949
2776440
911311
7297466
-412403
1467654
11065498
7814193
751596
6096260
9813426
10208257
1077364
2362254
2871035
6618411
3111734
1681701
8593488
6288480
5679546
2595195
915616
6754684
843286
2327283
3434226
2045781
3839601
3671260
3160369
6265246
10681831
5664043
5213260
-463409
3363137
3210392
597174
390137
2398067
2186825
686489
1763646
5532225
942339
-1690401
3447741
3406384
2475491
3143090
2660248
1526801
-1130815
-301614
7454843
3921948
10995417
9432009
8029179
1544132
7085785
-1467715
442833
2822513
-185328
10657423
7265723
861032
1737135
1570346
3079494
4182230
8289632
10343976
3901466
4404487
343942
-208304
10817283
2235846
2563081
1504248
1881560
-516645
2050306
2600616
278113
2915850
6439609
7028518
1675096
1330722
242775
6342188
444830
5815928
2748784
4198298
-1061322
1985878
1196575
5163586
1926090
1675828
7544049
-482545
10663888
2675279
211312
1028906
9340604
661879
2343432
6043217
-206240
407810
2376510
6302919
2867147
-65958
1022559
11551755
6244456
6101088
4376948
4607439
5626941
8830799
7852499
4952224
2105247
3099704
3340320
788011
3126957
332514
3112769
6048569
3630426
5803336
1554670
3826081
3085139
-1470462
3876033
9544479
932887
2265314
4130960
5141405
5075581
1462516
2856041
-1761609
-4808
804101
2435351
9235756
524394
336812
2897044
1166935
501937
3220146
7571806
5615727
1556223
1529534
6728343
138190
2929942
894404
-36962
-1045772
1379378
1557988
5090558
2040223
405870
1773649
3230275
8560130
-124469
1924576
6754829
-1162447
3876297
790317
3917552
-402533
2588659
-2317631
5798969
6410981
2898859
-2338312
8285367
2842359
3848268
-888917
2314598
1517186
1065160
2077968
8843017
2324647
-556907
2032486
346982
1715827
7561030
5921880
-1181336
1787902
-38732
1806135
-201806
2587286
2618664
776260
8049184
3265363
1360969
2727171
1681177
2445543
2285889
4383242
5894413
3440950
-884692
2059805
5105898
5356040
3471633
539170
1485018
-854055
6761877
6292783
9833264
6449173
351317
1666943
405824
2339953
2099666
-595535
7149472
314358
-696136
4145215
1670424
252661
710954
-110814
9693694
2272309
1732718
2760424
2081244
2003336
3947246
920096
2032360
213366
1731098
452545
-854989
7058867
-925493
299803
4267613
-1539874
5892942
11538568
8837416
1081501
1019412
7479545
431524
5203518
3527912
3464547
-595691
-589633
6735650
6156946
-386924
-904820
6665883
1198058
-80463
359249
3542437
5643814
-463848
-762302
5279553
578981
-353982
238498
5290972
-90962
2344479
5806791
5245069
1116915
-71342
4958970
976647
1159669
5680494
-483422
-470244
3112660
-14427
908582
1203852
3811290
7349267
5470797
-820148
7044390
26919
4296207
295934
391454
2401028
4481715
-378915
1529390
9484652
2861712
3974785
297360
1618186
1895348
3015255
2355590
2203083
-772945
339288
3360562
2669091
8577725
2618495
3091580
-1151
3990886
4594094
7471832
1528078
8260612
-440950
6807802
-563079
322265
1687111
6489476
7420612
7632049
960676
7829731
3245235
2720254
-303917
1275883
1736401
9447597
-45444
116623
4812791
3195424
7855173
717516
810265
1863985
-498916
649455
7224194
4770288
6099772
3198351
8373734
3046306
-2250227
2140418
931072
-1943676
753511
-2456923
6883996
3139232
10386093
-84990
9871910
375860
2806727
4287492
4910371
2385740
2544172
1656072
2336972
3424950
826403
7437411
6487939
3993982
-831543
1812272
251451
896908
6357217
9120976
-1301639
2776912
10150747
2672633
4659294
5051145
212958
2380124
6529316
-25725
-968361
8061066
17522
11849094
131896
-1071655
1378079
8085245
2105278
3494508
-944152
112979
4749007
1763869
2819886
-3025218
10538134
834636
6893208
2370591
3949631
358370
7769015
1745386
396441
10237449
664785
-1696858
5108802
8034986
4085356
-564771
2020102
1946480
-826141
6863357
1071986
4271337
903305
9753836
1414977
7134196
1972747
4538118
-886461
1568355
6771944
4297782
4941993
5354005
4326264
4586130
-1230402
982843
1338356
9768035
3613467
930497
-1778493
3209935
-158795
258245
3505337
926048
482393
4882522
-93661
2224511
-2157419
2479959
4076100
2480623
-684877
2254920
2263601
7098856
8460431
8056883
-49411
7092291
3950231
2057767
1427665
473199
2091993
2178810
865323
6323620
3235290
1302128
70326
-2757470
98636
8569876
-459465
4300511
988328
7246862
-23169
2987594
41340
3481907
4674487
2431022
-858803
1184227
2485525
187668
278424
2482869
-338201
6401642
371193
4344824
2063428
3457585
246517
-389776
-520125
4426472
1786480
-982429
3493076
473240
2498279
8228664
1849797
9482814
951604
94318
-551478
-602496
4006573
3613430
8481207
241229
4358151
504113
982304
-1668038
1562283
3222009
7079126
2873194
8734117
10436457
2608099
3681336
6905547
5680530
4465552
-87430
4785843
643016
8361730
3190166
10511046
3456322
2618664
3714116
542885
3587178
7922499
2434210
3969276
-243398
7491843
3233750
-1020590
3109178
8482990
6421430
3197774
25319
1914348
-496748
3230294
667698
7379401
6656805
-171915
-1874665
4572899
3213558
4357106
759522
93417
410785
1962834
-1365563
485576
652743
1537890
10941851
8536827
-1359820
585586
-722899
8298258
433127
7984496
100895
1873698
3494477
-14290
-402879
-896294
2730713
3198015
1233703
1692098
3444989
7753813
6180025
5017707
1670835
1817319
3257051
1152909
2358841
4338233
3066443
-139637
654018
2960150
2836877
630985
7147170
7074222
8839619
3687832
601428
1662916
2208197
-1660114
3068350
716642
2554917
2120977
1859233
6154840
7258190
77450
9940160
665337
397383
6679598
2318449
790409
3872305
3579090
-1880995
3785975
8992119
2928041
2587381
2563705
8265325
1399333
3578108
-932408
1337035
7084042
-316011
8696690
9678624
5981108
893259
1796561
2382269
1729065
255672
587228
9691946
3750113
-438511
-1317638
3409155
7297211
2637760
6946042
2147654
3614270
9111202
-169476
-239370
657079
1563685
1588223
3948722
198760
-770548
2819275
-117491
6448777
2292628
3666611
835954
6441511
-923785
333162
930256
2040516
-2679372
-150119
454498
2785336
-653429
2783517
630072
3069126
1622092
7061749
-509012
2072858
1131439
985330
11839
2400023
4107823
4574445
1545222
812451
1626852
7327875
2846354
7191812
7922491
2096979
-78922
1049618
3372671
-1236054
12118846
1702372
1390578
5334190
5338268
5638786
946130
3403876
8431715
2565143
-273635
5753642
7250085
5615466
-2058539
1985234
8528128
3124665
7600758
8804077
1226779
1501776
4018398
1538750
-923171
-1442772
1156315
934583
5419028
2344795
3226640
3483998
3351120
2701526
2519387
3566097
1035256
-174771
1257620
2455384
7359467
3020117
1224292
3407727
1768514
4253016
2171562
2140060
-257759
-800934
2380139
2442105
-990563
4548410
168080
164338
7853622
2426260
-721311
1422172
4376056
2163377
6135029
9350420
6386099
2688498
1025523
53899
11232888
7032044
7918458
603132
9787385
3333441
10850223
-571667
7563845
3076495
4921395
7124480
3093664
-1110578
8441482
1249399
1588914
652077
354068
2384256
3708535
-432278
-8599
7426614
6515529
1936814
5877455
7175280
7235680
2467434
110081
-1158973
-935034
4208514
-2731028
3699284
1169259
524231
-884090
7898341
1112305
7619508
-791578
320695
8197907
1451599
8432553
-12505
912879
6775253
3653890
8216196
3954699
2768918
-1381058
3119735
2931343
3486949
2394576
8429166
1190026
7102390
1294136
4385610
2821523
1609727
-1402879
4189583
2657988
3405622
3725691
7179621
-1101148
1124049
838771
2142524
3984628
2493253
1657502
1972060
7098678
2014249
5441574
6925402
4924282
2669624
7032481
2261836
2790027
6803297
-183040
8934713
5297769
3241456
9716038
2904678
-704338
2209985
1151829
2237667
3202351
581350
3158762
4991371
4305446
3237794
3891606
1736921
-179532
-280643
3658896
2536782
6800126
2749061
9625365
423536
3052718
204810
-33276
1908731
7420133
1475188
174373
2851817
2056890
10230129
4953719
1772696
3190941
-449160
2572755
2335654
1629389
-770818
-789727
-1613115
6503910
6869235
5094917
7023457
1155485
-349037
898750
3194887
5000136
913574
4222364
7030069
184930
3428400
6186063
4648992
6976315
843011
8587331
5160850
2752585
-390859
1811812
8299460
9452410
6016361
174069
-864999
4227291
786618
2383463
-3045670
-2094310
3671451
2363539
1143088
4456118
7757045
6730098
3427837
-1198572
-30852
87565
1088142
2779465
4051249
6434170
-452207
-291624
-1410512
6883024
2184835
-463250
913309
555668
2381548
1875639
8449921
4430516
1086602
9370787
1631785
-816933
16120
775557
7943674
-34289
10948810
187839
-458181
2954387
1648656
1666869
2025259
5601668
-1774902
266146
191718
2170332
3612696
10391035
971023
1456396
3262226
574087
2739555
5460694
-93742
12025
-128886
7886594
1851164
3105528
2889605
1013201
3986890
3319480
3609138
8253108
5926942
2387922
-144457
4610936
-374993
-966786
474885
9189185
7402939
-406293
3375823
-371091
11155111
2276158
-461566
5523899
2305281
3694707
4768726
1223949
5806680
4744879
702414
10280419
5237068
3368462
6672826
1673338
5856097
5429786
4276977
-1379489
3140675
6776236
-717358
10607
2537275
6438264
4108799
2285539
7830198
9137087
9509948
4783887
7938096
3031258
3806837
1889064
3387900
2966742
2314040
-414860
-1429566
269556
7186489
1494203
-724290
1321190
1619112
344622
122875
346966
3302964
3955630
4787606
1124361
3206294
2507349
-858153
60692
6268398
4613215
3065365
-1636430
1456424
-418212
7426165
-1333685
-783004
8910265
-1067683
-851934
1208956
-872061
1528887
2354915
2694035
2190215
1637441
7918539
1010181
3943022
1165802
3889928
935829
4385310
1272767
2601429
2675704
3553138
2637389
1491594
1531582
-206069
8170708
9492866
1140143
1072072
-394134
3746196
92026
6498865
8249806
7685313
4506397
2003399
1385445
2515046
4309510
1305570
-1976189
-815045
3894312
-470081
-112016
-582473
6861292
819713
4969165
4805933
1836562
3212569
3253699
2891265
-963302
1989580
8360545
3775068
23085
4837438
-444031
3669930
3473426
272070
2370141
411283
884300
-1167607
3762783
9308092
2272180
1835342
-889919
1472981
7285031
4458403
865390
3923015
5768586
-1862527
513733
6548975
3205421
-620005
3240190
-75181
5903504
-42520
1803184
-112934
3296035
2121086
4477549
5189371
1194620
161744
3217843
631240
-886958
-885383
3910315
2780098
2141047
505365
1059179
2134113
5958856
2912450
117811
-30828
-470965
-63132
666105
3620240
2595841
4752535
7688156
2317884
1670666
-380902
590839
-23532
116345
1387206
435728
1966515
1959258
2348924
1393612
2282998
3352075
5151332
3163297
8868061
-89474
7394858
3182415
3126595
1255169
746845
2490183
3971428
1793391
720175
6256518
2974778
4850873
9976186
5728442
3996223
3488783
-147746
8424595
538144
6440646
854512
238095
2999871
8596059
8676262
1694687
-437619
1773544
4008133
2903379
9161524
-2177107
2423952
271750
-624092
5897944
1120776
-372648
3771836
8876950
10603981
5093081
-1487928
3751542
-2575520
5844010
6811522
1120901
-2784346
-1573329
3144187
4264807
-208671
2616842
3204865
3447029
7146694
2598395
7055756
7778970
766901
6537750
7989853
130406
1117479
2849738
185970
-438207
3136211
-122855
1755975
5040691
1211793
-979741
2510843
-98445
3125961
1970738
603301
4514208
-848074
355814
5907874
3112166
904146
7670124
-2092042
4765433
226095
1845657
2967604
-657891
6054143
5226117
6494677
3546523
2800795
-3208
5275721
1438408
2886152
3697274
7247194
222321
4258978
6749115
6981165
3305494
-1537573
2563855
4257946
2623942
1814877
5050425
8231056
3317671
4790189
1258036
6337032
9047726
586973
3342385
5326887
460620
1363092
2923749
2001164
4764083
1916716
1083949
1743786
4064827
738415
2637561
-492148
3421754
759819
1841037
-95552
6818482
10361791
3439250
5065952
9308768
-1412239
7485086
-937656
-573597
307162
168385
2133809
6658982
3972403
2634824
-972317
7241894
6811691
2622073
-887293
2408006
8622376
4537333
-1196327
2816970
1950942
2480852
6569656
1187996
5567124
245634
2328697
4185921
1945523
98407
3004914
8892529
-1374408
2031111
2885148
872431
3445279
8112655
186774
349394
6476127
195210
76075
3018560
2788531
6198360
3203366
3889889
706964
4270619
-233269
3284150
645092
5987985
2601759
6743417
2444673
226176
467454
-137535
2186560
9631430
8987314
882642
-1662128
1953834
776662
-560895
8125825
1436683
-847924
1866309
5733940
2858765
-659437
5004718
-438654
-619369
4088734
-569223
1939294
-387325
779146
5696487
573261
4494623
770464
6746096
4644585
-1262827
-116356
2951694
353594
7547804
381545
2089309
1926935
1366743
5815827
2812379
4035672
4787394
10696565
6920077
3780695
1032060
2028441
1635674
-2294128
1865931
3176505
712770
2994762
4101753
3517346
546664
914194
6264947
3074216
10785740
-390034
-679951
692786
7276637
9794839
11422599
475584
2249772
10604130
973702
223670
3117096
3074712
7113088
-136811
5439404
-213481
3637385
-1218859
2466668
2653295
2370733
8046906
6109490
4353624
2170951
5157352
-143970
-1105668
3057954
6911341
2320031
1083674
7538888
6444887
1331462
-445982
-773473
6294159
2062433
3012333
-644365
2053035
3130252
8257782
6666057
3780029
-246420
-2753315
5198798
2457024
-725990
10274122
4083866
7100749
-334357
2678887
2653853
2062662
6114581
-304399
-350079
915377
-200407
10802472
3447921
1044711
1886174
2271026
5104819
-125474
2617859
-349201
862805
7095437
174521
5522545
1482606
1285201
2913752
-1365056
4825839
2399000
3912142
2680852
3545131
5024420
689466
10517553
312150
-28119
1965299
2479082
1714870
2017374
2488286
4065215
6678166
2819184
2063452
-119060
-322949
5006
1126329
6789606
3444319
1015464
8438889
28897
2678537
1127037
5339002
1513627
-1020933
937973
695368
2733281
3269999
8652153
7861280
2628324
6548789
5584425
2411007
3890848
-928269
3323351
507785
355423
-82316
3703534
3346636
-270712
2933475
6446415
453618
4517706
6555556
-1615160
6353667
3956160
-261917
180059
980458
690262
7341229
2126974
3162353
911877
3442084
1305948
6926721
2149861
669776
2919682
4185248
2761248
9913667
2106364
2146366
7207684
-518611
7351082
9800726
7450754
-2826523
3595924
297121
-189711
2662311
7699100
-465323
9205354
263025
1379674
284455
7407783
6562660
801726
3036885
59419
4375252
3140456
582787
3672874
-522670
7848281
2601992
8531857
2533744
-841290
8158022
6287348
4170041
3621419
8658676
3179992
2502916
-1159485
847248
2002351
3910738
4035872
3388931
4307018
1121980
9882734
3552840
8370093
1540566
1094061
7094044
3873208
725454
2428759
2932822
4022830
3997072
9938642
-1184372
2781581
3385211
2344883
1185139
2561597
918228
3098940
9515775
1004280
1560414
10108060
6049990
2215916
122564
-1071080
3389173
2000313
7603533
6808586
7754855
867766
4364462
2047013
5150165
7745975
4698839
1577908
1669898
930552
-2758543
-2124561
6577750
8862219
3224182
7436937
39912
3826542
4575715
236921
965889
4424504
-1104041
2704434
5900325
3246171
-1012126
3522712
654415
821218
-1295499
2498135
2584943
10491915
2620875
-1014178
896358
5829359
-782755
1001205
3837190
1731571
1229535
10153624
369701
1253233
478055
675219
-509218
10184289
4483697
7182958
2884754
2671715
5999983
1353375
1546589
6718724
4203693
6964770
2139513
3915243
-1471585
-254705
3301782
491371
497052
3502167
-320680
2188909
7872003
1830938
-561791
-149038
4439556
-431937
-819942
3643350
511770
1902496
-376800
5424596
7931432
832311
2161976
308069
6386355
2578974
3508211
5372667
7894633
3641888
5065316
1120337
5157971
6003361
2479903
6543304
-32389
6159064
3989903
513876
1023933
3385359
2767264
-71493
2149607
7304108
8197537
2146509
9457830
-488376
1741572
9404501
6232514
-73697
-1147478
9685588
4617988
7282799
-232226
8207329
-1850831
2680186
1536990
-562946
7007954
7426649
724927
3088379
-875425
7109758
1057446
-1202862
1721909
-800057
7920829
1614943
7511693
7161546
2030791
9866519
612062
11354105
391150
1568769
3301796
2000567
6767871
-227233
1408437
116963
2019588
1238191
3175260
8434259
2462959
4142361
25397
1394011
2715463
5536866
4586602
-286998
2221144
2998796
7751342
1784463
1818308
-145963
12245962
-278377
-102665
1878204
4619808
-1197907
3792915
-406432
7496758
643709
6979212
5921466
79586
702295
2224278
-125846
1317458
1665
1522578
6065423
10172122
220748
1501253
9561581
4071755
1188914
9759882
4022249
221498
4412192
1080874
7314759
5771841
8780393
567387
5680386
1968773
10266579
739518
11978117
4727753
2240590
2340381
5893174
5809336
70422
-1120884
-826586
6928259
4288316
923112
-2146364
3421400
-332887
1699513
-1073994
-1292644
4504972
5723730
6600136
3676281
2815395
6830598
2660303
2879357
1464187
3373020
3136889
1348122
458770
761578
4871905
853022
2089838
4411158
2052773
2810971
841785
10234374
6293449
5761158
2797471
4874717
3007830
2509881
719834
3386099
2818399
375050
4290658
1391741
2757146
6073130
9350164
6085937
8043839
6602448
3380344
5011990
3462937
1606254
-767273
3036934
3605694
4857359
1367170
95388
9687
3128544
178043
2789519
1936138
4877362
4032871
1747592
-161814
5540807
3637915
252330
4526970
-732249
-249851
3060445
8762504
525696
751064
3778138
-431464
4440807
7894846
3083692
879699
11619828
3386263
5116573
7695505
2683053
7625625
2029726
-1169733
2152037
2782443
-243686
2490345
1401435
5309842
-133933
6035081
-824995
1109962
6418232
2958928
2292800
6480677
1119861
4225337
1981068
4001126
1087889
-1089580
997693
2090245
1441299
6836607
3405253
4137686
2771690
4154960
665235
2224349
7070250
89263
-434909
6829893
2969641
983582
2334938
1369721
4410525
9307104
5564875
2208572
1508125
547498
-811746
888560
1191109
548037
6946415
2146178
3476887
50181
1351732
4714121
2522423
6105762
2813950
2868292
3909300
336721
-109577
2364203
9387594
8891571
2505825
360824
561081
5749316
2540865
8580698
647819
2637961
5123394
-572802
1824479
533056
-255156
4407879
5137854
1937508
1500765
1588082
516593
4007007
209282
338226
2061471
4963202
3732104
3211315
179880
4394968
-369854
8213689
-764811
805965
9210315
4940580
16469
5258169
2959705
9151869
2187430
1149009
9356784
8645238
1307642
2226914
-1407468
1761264
327058
19914
-111072
5522450
920483
-193687
2057633
2957023
4398222
2641098
2201708
2765108
4152298
299597
3010129
-387754
9832930
2457701
7478949
7065744
2215089
3202061
-1616775
6633260
5726316
22550
922089
2218906
-904162
1985520
865100
1686318
3838903
-348353
362892
7184423
8135964
1177164
7748283
980113
926593
-1610399
-228391
2118464
-951519
2967910
1576443
6102466
68456
455228
3253347
-964961
36006
3229779
2605425
2688316
3603971
-264273
989411
7998642
4854499
2603838
3431124
-480576
10028140
6726294
-1128881
-1437733
6850736
1281960
1268515
117036
5864639
-1159717
18260
7223396
-50000
7574481
1199219
10369461
2291713
8474826
6435009
2189490
-2036268
898361
1900046
4649221
-1993029
1187614
3301272
2569602
3062914
2907078
-241502
7779222
535476
4320217
-171448
-30586
6206953
2442617
162311
8886167
9256699
6717710
9179079
-3143630
5665676
7908761
1032392
-725508
1212879
1219188
7792184
120820
2909308
2841412
3371035
3671908
1820042
3402461
-1282932
5576043
144385
-59255
2319813
1303608
7760941
7391471
5094338
5368152
3946222
-1303675
-1499761
-382206
-215216
342894
3429797
4710530
6402167
6950087
-2823818
2266924
2421198
5147772
4048974
3645392
712694
457873
2112034
-778786
4040630
5612102
1119395
2233680
5175724
384117
961108
6225354
9528123
5149723
493732
1083264
-884814
1111411
3269704
3022186
8971747
2388857
-43092
3252176
9911310
321393
2057082
8373917
3250900
2549554
7351576
790486
1995077
3134068
7708200
11031203
-1645205
-936490
10388531
1542485
8403402
2694052
4582093
650716
-957486
2565765
3405527
1508045
4379688
1377001
4772441
5778853
2217334
2115445
1588447
10695414
-2699573
644259
6313020
639020
2843467
1843896
319610
864948
3490065
3469188
7744370
5564259
466775
7178824
2781038
6767417
-2687692
-469040
6068413
-390221
7672484
1305336
1654736
2427420
3903836
2123143
2237440
3565841
1006901
-904771
-4634
-943878
2101862
2425543
2304596
5491707
-347924
2238531
7520894
3887598
7799866
3177966
166471
4424915
4011850
1929272
2269324
-860466
-317650
1607732
649301
9282988
2018906
2481438
4792171
1122885
-732059
7544239
10706339
1742137
9768473
544774
1832941
1073073
4062904
307956
3550150
-592495
-1407990
670724
-1263680
2015491
1136012
2190385
1353202
3372108
5504035
663898
311478
3014822
-470719
2003906
-1075275
3953924
7027281
5038658
1398802
4142204
2991242
3151807
2896193
6599586
1385903
-232690
1391859
3899565
10027158
2644250
1562720
9488951
203062
3555031
5375310
-551312
4155011
8335179
3643493
-1118678
4841042
-1782920
2808999
5770085
1867237
3144194
2302059
3223809
7393073
4706888
5423851
3711996
-240535
2688547
-323340
2522540
1689049
2407531
1968211
249040
-235361
5949321
1202628
1202578
-463647
297261
2684241
3225595
-3195645
109301
2206306
11517580
2176973
83565
-394604
5566719
-1134039
2767414
1344425
-578739
7377430
7416367
5294532
-1701109
-2527234
4166501
3202770
2375457
4013193
1604578
3317012
3796359
-1461290
3894288
-1859246
683977
71484
425367
-2336709
-374693
818573
1492817
252832
4435502
5687350
-2152431
1312826
1884239
1034783
-879911
-739578
2249484
3244339
5180178
764703
1713157
3716630
3961072
851079
7029606
10231340
1975567
1815969
2961962
10639407
-320793
286797
1023904
309021
4328699
6146664
4001389
1245483
6508796
2058207
1741632
986612
7364308
3949626
9348838
2678097
4897120
3140811
683584
3184972
-593411
10635217
9990183
1936995
6825689
1072760
-1052648
7213593
3334561
9381203
5463875
-174397
7793527
2288371
3087905
2548670
-236921
4543758
1345564
1488199
9095160
3143547
-1141436
6243269
-1294104
1778623
2642424
505547
3395421
1424763
3105754
2280737
3344115
-565350
146734
-1465462
2373103
6244563
2884446
6937639
5969157
-1758928
-1979587
3988484
-205929
3179445
7572233
6240487
-228085
-1216337
3881648
264214
2244965
7266593
6312972
2291376
6209530
8756606
3014022
2113925
3971974
11198365
10194386
5769835
4022830
1167969
3049615
1435315
4417154
-2689845
1567025
-27680
7127913
2170001
271739
2972635
-1274112
6322161
1318079
2682264
817687
425013
9573281
-547894
-783229
4254783
2287503
3969159
3246850
2863127
-560474
2301370
3439199
3058925
3327603
175762
-25286
2874957
7787990
5790860
6315465
4766145
249929
1640522
2683572
373255
2484227
793313
-970667
1699252
2320152
-431198
1500738
1761677
-741665
8636131
747234
-63692
883093
-16578
1947991
7092558
-3039932
6811555
5992349
2133091
10576755
6099368
8574441
7566635
95688
-412771
3141171
5651183
-89083
4039871
153746
-96686
8506251
5599120
129983
914766
5537373
7067818
6973163
-562753
188441
6712049
7066325
-78161
6685101
4437525
10407896
2451850
270613
2432712
867576
4716711
29827
5425216
794752
674531
1468435
3142988
6276009
-822884
-944324
3410157
197010
-90019
9212915
1177048
-628096
945342
-209312
3904910
-847304
2214461
3825306
2377900
2622674
3171807
-1690324
1624064
-808180
3442794
3044619
4119129
2836693
-190935
3533679
7420833
2548757
5212774
6866392
-406098
3863679
7528957
2478098
451931
1927870
-3545126
-306651
2233593
2713169
3531388
7172171
2779218
5033676
4670432
1473034
2158736
-497489
-24950
7009083
680587
645888
5683813
668118
1139255
3539336
131300
2538478
4635929
1153376
5037636
2392646
2748627
2815178
5338607
2615811
5710028
5279795
-743651
217626
2322051
3000513
5771386
-483469
686590
6062469
5052095
5057567
7629504
5972797
239572
-72095
2489962
5409517
3575747
1534575
2162221
316490
7320027
116253
7854082
-506586
2295778
3246556
5311473
6167012
-590955
2631249
6729880
3731185
-832612
2039725
9743451
6157431
-1175919
2617884
8026101
1151647
2335831
3075270
-788420
-342636
-2508659
1232911
165924
3656142
3157476
5949852
2696453
7208661
4592833
-265500
3756629
-1959313
-261379
317630
8855162
607539
-1321341
3810942
3956974
5001267
3547238
2724459
2466165
7037362
1849105
2233126
11499079
-1109710
1621280
-102536
3094797
-1725770
326386
-330502
2758595
2431998
7105382
3158272
3903200
250073
3158163
901122
4100667
-307423
1708312
1095057
3396115
10921285
1163190
3953224
3274315
467048
1438027
301674
-328440
10829676
8625038
3586814
657779
3002324
5794433
3689789
5056742
-744504
1062463
1482144
739393
2278542
1776017
634873
3469645
7682528
4728898
8205142
-859773
3584962
1476979
-3089637
-2433077
-394055
1384748
1515768
6154177
1664586
476820
-817124
1980282
1432202
9546936
9468929
1965230
1839709
5762417
62976
-843319
5680918
3982980
3570821
-632747
2768129
772810
3239418
428321
2556372
-351177
1588676
6586708
-1160537
928054
4066635
3849144
979197
665385
2815604
9347249
3050988
7444806
1192581
4053805
3892704
1337976
2830578
675138
126710
6243192
687963
148697
8207
6824535
4599974
1219353
1354468
2218637
6846826
7167599
18862
-163715
1323894
2808779
2051800
705799
-10011
1843874
-202688
-338044
2726942
-1841483
6480581
4192634
4496624
6733119
909666
2429395
514795
5645266
7024918
2945399
4852897
8044452
2452230
8514335
2025100
3453560
3692082
8771234
10400718
1180635
5527393
3373308
-30652
3791741
2971546
2274933
-342565
1626917
891916
2057880
-2370453
3201153
-1057731
3910202
787473
3198237
3970349
8334845
1531565
8759598
1291565
7156776
7638179
1696508
1783961
9646633
4005878
5420696
-61558
7511586
-1328423
1682416
1431778
3363531
1867082
10260830
-1472283
2945496
-28550
2337095
4853381
4292556
3624538
-1180641
1652084
2057046
4271894
-123914
253013
5377385
6790133
-1821295
-318060
7198597
4405610
968722
3552962
-584097
-385415
3716951
994603
-531198
579127
3111526
1165849
1329238
1250352
1995528
12309378
-2828514
638340
3731755
5110890
-1579116
5136591
2870875
344162
4095112
562670
1579264
6042343
1651338
1352581
7939158
2660153
1405268
6735770
3058046
6834535
-225198
1886542
308957
6037558
7574039
-1790849
347717
3800317
1675851
8295717
4550337
4342259
-1257744
7476453
-2191393
7806206
410896
-1273375
3863478
2401768
3158627
1958575
8307867
9111422
10749131
6727234
3269094
5081443
2757783
-571197
4286934
-208839
2278392
825863
-1391536
7340760
3263569
5752768
-596514
8821977
1623012
5417882
1937804
4814215
11786697
269769
933120
4942909
6046770
10061646
1007835
2612914
643871
2086583
7994460
2664235
402771
343069
-1055759
2863278
823384
-430506
518210
2244408
921022
1659535
8512504
8868908
-875736
-1219660
2956028
2327023
7278509
5148982
485415
2417604
3206419
-385295
7635806
-400563
4818980
8132670
742806
6926067
2409256
1162780
-37282
7372218
70142
6704302
346766
661677
3480009
1046801
9335351
3579962
2086993
3030990
1588326
1826344
10694271
-1682465
1637944
-82977
7275399
-132077
6340989
-80896
1344504
2125383
11425633
2493882
6973798
2432991
8762308
7118680
667928
7777895
659446
7007453
1691941
-2317624
4416731
380342
7328235
2404235
2700680
8720332
2691249
7097976
3584994
371581
2852286
3105247
2209041
4852212
2134402
166777
985030
8561372
423304
1598991
3130454
1481312
8084372
43656
226157
3329944
6010939
11239169
553230
2457274
797725
4945811
615833
7988895
-283428
7749696
2700881
3228006
2864775
-343485
7579964
7272072
2016504
2260594
5436267
1712017
5105597
816577
8557686
1795615
6710086
2497247
388101
3532798
2842884
1196439
10636849
-1045683
3846144
2730260
808131
1089655
1737050
-29886
2714870
1041015
4591151
7603026
584062
7836341
1096604
9115069
3810945
6266044
5851890
4198002
2553860
1559542
1725531
1947447
744715
172295
4104514
118462
6985098
2944617
2421425
279518
-926720
564206
4302793
3173503
1465010
2752889
-726019
1662063
2149104
2975889
1254871
3425590
7132386
1891447
8183796
5201075
5571827
5040707
11288299
7395996
4560879
-1448587
5824985
7089405
1721017
-758262
-461248
24830
1392971
8907674
11345858
7122970
3218152
-236034
3111514
-42296
2700147
9535422
-851930
4354889
774671
487240
5964108
259747
-71037
-405710
5694935
3263263
682041
1292341
1093408
2652201
4224833
6130611
1790789
3536931
3674920
-302816
8445685
8837307
734670
3306662
2354662
3799377
27159
8469707
3255841
9466316
6855846
2826160
2682164
-902392
9922872
151115
2839903
3094608
3099516
2249047
-851151
2471337
1282088
2563916
-524524
4303915
909138
4049357
-33352
7411019
6236028
3723134
7837035
9284458
9533866
2621218
10249748
6833249
5653360
-916881
3859441
7654438
675030
7730300
2215719
1402369
7076959
1830933
3582712
8120438
195231
10025523
1036086
5193778
3974362
-1334439
9429283
205111
7775634
2458675
-482101
1967310
2922825
-966341
8249064
3871613
6660093
1120582
430496
3628591
5743584
762449
4035220
-1981092
4009276
-981134
3736781
3228734
5928000
10861922
2036459
5282641
4989260
3924973
72931
3081340
2983069
6101212
1288173
