-2581767
1048750
1117130
-132332
-1367334
-681474
-3090049
-3300318
-196270
-2046097
1700643
-1635815
871765
-385841
-2988591
-1780655
-3510528
-1679048
-708853
-994861
-1989613
-5825017
-735400
-2833067
-1688270
-2592133
-2807353
-1072519
23252
-1019472
-2488194
-792663
-2172098
-3181407
-4958151
847126
-446454
-1124802
-2039789
-1202842
-1924395
-1658431
238642
-3848434
-3775989
-1082497
-2471781
-2904725
256750
-1920678
-2279945
-2672118
185902
-4628780
-2939071
-2255133
-6356469
-3132442
-2554154
-1558116
-2715012
-2405219
-2108313
-1394101
-1907202
-3616802
-2452514
524786
-2019971
-5917888
192458
-3126119
-1184023
31190
-1765480
-4084892
-4718345
-783576
1694672
-3418679
-465887
-3205480
-5041390
-2520205
2522054
402381
-3584463
-5965271
-2797660
-1568261
-722436
-1634252
-2966239
-4001855
-3071692
-2627789
-4158296
-1922445
-3664326
1149015
-181264
-1739780
-885357
-7020002
-4062620
-2688866
-3335415
-155770
-4110059
917607
-53421
-2145957
-5811314
-4124969
233042
394912
-3336088
-1044298
-4032774
-1469353
-5865807
1218408
-321302
1572886
-5539732
-393016
-1130440
559485
-1125317
-1124530
731558
-2944784
-2356482
207636
-1792749
-2208326
1137140
-1892206
-3820276
-528613
-6241182
-831841
-1417367
1039141
952473
-3588737
1630719
-5962275
-3961748
-1347942
866319
-951424
-2538209
-85546
857635
-2164153
-1780086
-5041530
-3052708
-3011713
-2427528
-3538163
-46058
-2424766
-443009
101566
-6018540
-5630734
-975753
-1762358
-1122678
-3868284
1399098
-181897
-1804375
-2314469
-3510739
-664622
-4439250
-577276
-3278976
-2822463
-4054492
79596
-247106
-593317
-3060751
-772438
360310
-4285630
-3956205
954567
-3843737
-3256482
-2458490
-3174345
-3519197
-3052389
-3905914
137984
-5013697
-3550373
93905
550323
-581976
-7086318
-1170038
-3883831
-1916883
-6035250
-2551783
139511
688711
-3125306
39987
-1699275
-3284729
-864360
-2950905
-4676516
-917911
-1457247
-3913121
-1398035
-2884136
-5696508
-1249514
-5340702
-928170
-1543582
200221
-1277996
-2385847
1148632
386018
-2047790
-1495733
-2087066
-1247867
-3876722
-3185144
-739531
1094858
-6001553
-4332365
-4032373
-6174843
-1777104
-3823934
-1968459
141446
1558554
-1686606
-3189115
782561
-7540638
-830396
1904758
-1167616
17640
-1831780
407241
-6636514
-3183259
-1624664
-6953622
-4715414
-1272933
-3225858
230389
-877030
-4798304
-3902242
-2561162
-3097295
-1962162
-2170190
-1848339
-2307433
2109554
-2676703
-1027542
-2877776
-4397889
-3319468
-20751
-3349275
-54909
-1248225
-3053776
-3006898
-3866668
-3537648
-2677557
-5292029
-2887792
991738
-3196528
-3206026
-917939
-1435637
-6616512
-5262569
-2549315
-2097948
-7472712
-3888179
-1722922
236979
-4470019
-1603758
-1884850
-2420615
-4179963
-6103806
516768
-517528
-5527299
-3247816
-2702631
-5074147
-956428
-1448110
-2236547
-3521733
-1064634
-3823358
1174457
1365896
-942910
-323920
-2802922
-3213198
-2190961
-2469740
-651457
-6271174
-1312736
-1001392
-3625725
-2310440
-1106764
-468199
985236
-4563889
-3681541
-2375887
-1181945
-4086306
-2069700
-688921
-967984
208403
-3061305
681185
-1160125
-2387244
-2410790
84825
3255419
-1781617
-2109797
-4710247
-870464
-1629985
1093569
-2290197
-3922701
-6430075
360706
-4727393
-2545031
-2562515
-2723505
1001441
-1428342
-2731125
-1391501
-4264495
-7456543
-5579188
1114267
-4983054
-1353572
-3793906
-4726880
-5267411
-2145520
-1122527
-3124250
-5339927
-4195216
-1239216
2143111
846362
-3639538
-378595
-4327644
-2507068
-921011
-4812596
-3506694
184535
-3119737
-4276935
-570162
-2647670
-2827215
-1537956
1097226
-964306
-2133592
-3343975
-1298214
1309602
-659466
-3460449
-2413690
-662444
-1205248
-3565151
-2614049
-5114097
996426
-1918584
-1690389
-3366458
-869019
-6786876
-2762382
-3327051
-2064555
-3772575
-602597
-2216835
-1347513
-5448095
-2982670
-2394435
-3519688
-1577940
-4832149
-2506928
-1714131
-3571939
-3077414
-4342706
847963
-2162605
1723260
-735103
-3253273
1866699
-1795950
-297346
-2129160
-1883976
42163
-4828793
-3681787
-7132058
859477
-1413817
-4523600
-2285504
-3991364
-2978933
140407
-909977
-3270241
-3641154
-4301145
-3949340
-2285408
-319944
-1851604
138033
-2447007
-3082046
-2975312
-1293919
-2420769
-4762879
-1717608
-321037
-2465098
-4858896
861760
-2693061
-4016619
-5439062
1332371
-3247497
-239111
-2299215
1748401
-1042650
-4086788
-1839964
36021
-1160960
-591895
-5301433
-1947456
-5592545
-796887
-4338783
-2339526
-1548005
-935692
-1040977
-1566576
-429118
1263418
-3143199
1097576
-4619286
-969750
-5852189
-443953
-2606838
662448
-3454419
-2340505
-2264040
-868725
-4706634
-764364
-3336037
-521303
691187
-4092136
-2873889
-4278495
-6106668
-133778
-3077780
-1910251
-3210991
-2120466
-3465315
-263878
-590113
785786
-1423359
-1341128
-1784055
243908
1283632
-1639048
-1744893
934020
104870
201348
-2418519
-599546
-4262127
664227
-3738169
-29638
-7669615
-2852795
3358802
-3111014
351769
-3934729
-812533
-3835099
-3606185
-1358918
-151368
-2801790
-2653915
-3606051
-607234
-2439051
-5658911
1237995
-2479918
-6741357
239812
1480933
-2424523
275826
-3456367
-372780
-125950
-540031
-3768140
-5128649
-4098644
-1719558
1597070
-4732706
-738303
-2662532
1524621
409951
-59650
-4675337
-2574309
85080
-2765075
-3288780
-2160872
-345080
-2920358
-1737265
-1772650
-3597925
2775276
-366496
-7636
-3123645
-1509169
-922967
357896
1505079
-3104171
-5569844
886837
-4822394
-239935
638258
-1548544
-1173086
-5777852
-3884352
11347
703340
-3770869
-1145869
-1211720
-2728590
577531
1292664
-4940746
313443
866711
-717460
-5099413
-5168588
-1723385
-1395595
1083946
-40815
-1899336
-1811972
-4543654
-3052093
-1642298
-457704
-3068005
-89518
-90557
1851051
-2731827
-3728538
-1408016
-1163845
-1295348
-5787739
-2912763
-2806551
-3609815
-813182
-2298279
-3697827
-1875437
-964200
763156
-4084142
-902961
-2962765
-691633
-401931
-489161
-685922
-2240052
-993629
-830152
711237
-3458649
-1607290
-3492390
-3845075
-3068385
-2247573
1313794
-1726399
-2377877
-371769
391045
1081961
-622876
-720635
-4021950
-3200485
-2861837
-586944
-2303438
-2817078
-3466136
1916355
-16085
-4054838
516805
-1665069
-1502345
-1003446
71016
192247
2113111
-6120650
-4154869
-2239947
-974596
-2605846
1737093
1467785
-817737
-534882
-4356795
1208060
-1448385
-1403637
-1226201
-3704948
580506
-1817202
-6011214
-1333384
-768441
184901
-1670170
-3539978
-4068627
-907920
431913
1253346
-6065237
-291016
992018
-3410419
-5346437
-1952203
-2722800
-1363388
-84615
-2035562
-3500213
-2954544
699340
-2973033
-1541010
-3681352
-2975330
2420479
-1153035
-34595
-2680010
-293998
-2684258
-2399572
-663159
-4360719
-3638320
-2862589
-4385541
-1389908
-2007516
-589117
-4900097
-3052900
-3159941
-2214616
-2024029
-2310092
-2292113
-2061357
-2927033
-2261184
-365041
-291327
-3046389
-4698807
-2963408
-1747220
-2253414
-946571
-1276187
-4260443
-1158032
-1400516
-858543
-3353463
-1765867
385511
-3089890
-2435952
-2627387
-2425421
883977
-397489
-2578460
-670468
-1239525
-2788174
-3135992
-6271281
-3700079
-1141082
-548059
-1032634
-978442
-1242883
-1646964
-252139
-3794892
-4876599
-1986951
-5257256
-4680361
-2331322
-4084434
37225
-4482179
-2366889
-5114291
553109
-1054945
-695220
169442
-1680190
-481349
282309
-5033716
-4364378
-4292700
-738308
-2439935
-5259459
152537
-108682
-2606577
-1707503
-3546158
-956574
-2152533
147271
-3547916
412965
-504007
-3092155
1940585
-2821694
-69693
-1365227
-1652031
915582
-2198572
523168
-799634
674884
592507
-1803926
-3277557
-393805
-913486
-4716763
-4555502
-915023
-1552278
-4404132
-1514690
-3783082
-2415132
-1960986
-2158476
-2397902
1059658
-689365
984171
-3209958
-307757
584508
-319812
-2977136
-1484168
-2353920
-1242707
1869144
-719611
-1515846
-3268717
-716624
-48025
-1497627
654452
-2681576
-4287153
-1690709
-415419
-728242
-4086530
-1890383
-2151473
-1320577
-3986413
-2492945
421909
-1765248
570657
-1165458
-4353957
1436745
-5788985
-2738842
-2886834
-3840594
-5398410
1301503
492991
-4356928
-1209892
-2394479
-1697959
-171849
-2343489
-262582
991960
1591807
137479
-2835028
-3793564
-2028614
-3516006
-3593881
-1679281
-6241464
-5205616
822849
-4463719
-4445472
495847
-1464933
1225233
386398
-3587015
-4144459
1815917
-1351100
1496129
-1930215
-63807
-664486
-3324659
-1402208
-5591794
-419808
-3122471
149432
-2426933
-3404897
1627791
-5079248
-516147
-4374174
-4124592
-876065
-2918338
-2976581
-1865422
-5682722
-1932681
-354121
-4614242
-1741410
-2737052
-5729571
-639020
-2714631
2406052
-3305359
1418110
-1387412
-2778596
-1100510
-2849961
-2647485
-1248254
792135
-2463987
1371251
-489867
-6472104
-3424764
-3629347
-5304215
-674728
-1389929
-2178505
-4966428
-2469992
-1571888
-3145014
-2053797
-3665206
1217724
-3974213
-2556297
-697006
-2971908
-2907646
-23379
-4737595
912561
-1272342
-1247093
-661710
763943
-1997115
-4002573
-1960883
-2816308
-2946168
-3533106
-2807125
-4118135
-4096742
-5548269
-910732
-2444042
-1135286
-939128
-2495561
-4681580
262746
174678
-1954563
468543
-3845643
1908735
255440
-1363762
-2656359
-3672443
170118
-4163388
-6940808
-2652304
193609
2394268
-1543338
-2104791
646152
-3012042
-1988541
-3569033
309470
-1087054
-2148499
-2361793
-2245089
-5619292
-1813798
-973593
-4502873
-5483979
-3866495
-1756725
-1449253
-1741674
-3590174
-2755504
-108907
-2510871
1679026
10041
-2633667
1423640
-1618646
-3533172
-2970261
-3186859
-1744779
-2706901
1367618
-4879508
1713740
-5712515
-276724
-1403800
-4876457
-2133291
-462431
-2758287
-4527686
-2399671
-5727397
-134168
-1867556
-2357857
-902711
-1574495
-4034186
-965662
-1235012
-1237714
-566660
757756
-3077060
340714
3421869
-1470902
-3278539
-1159366
-3012083
214177
-3613230
-1350793
-1477761
-2774882
-4265704
-710938
-381331
2013333
-117068
-4527112
-5679200
-2038555
-484087
-3941459
-4164204
1695717
-4004141
-5524037
-844633
-4081857
-6496172
-480695
-4648587
-3716222
741362
-2997653
-4412334
-1311311
790443
-3911575
-1310622
-1413849
1649168
-217137
-1633438
-4355682
-572715
-2184825
-321146
-1652116
-2377483
-4011426
1489008
-1223524
-3159065
-1342353
1533863
223333
-1802228
-3458611
-2371419
-3244732
962365
1187444
-679783
-1091543
-2505104
-240509
-5206410
-2252728
-3508594
-1795868
-2784405
-5264830
-5562505
-205273
-2555245
571932
-225711
-883727
-1401467
-2593239
-1603385
-1065784
-2654391
1385974
-575394
643458
-1865786
-2458349
814121
-4568304
-532112
-1890922
-2162226
-2625969
-4404952
-2739572
465556
469006
-3798751
-2616593
-5995672
-383387
713409
-2329310
439360
-412139
-2259053
-1203705
-814780
-1331697
-3427396
-1718748
1393019
-468381
-2258218
-3447501
19880
87335
-2767596
-2250538
-3633218
-633316
-452267
-5544563
-693815
-2550752
-3683718
1351858
-1219423
-2748043
-3260784
-2989486
-4412023
-6634020
-3127024
-5447363
-5383662
-2612125
-4818371
-4931896
-4171705
-1618124
-3741114
-1686702
121036
1104806
-2630292
-1125947
-2949384
-905101
514176
-3570728
-6448795
870391
-4492020
-545696
-2387909
-1653861
-3910241
-4081983
-2471303
-524513
-5015730
-4062256
718233
-4142277
-383954
-1343412
-2719680
-1111994
-2766127
-3740048
-3233110
-6061511
724757
-2560134
376146
-4481762
-4717511
-584415
494051
49391
411617
-5676349
-4929187
-235681
-973301
-2394494
-2293547
-1401046
-1758517
-3114194
-2371194
-210299
-538330
-3950224
-1772612
-2187482
-1263660
-1139775
-2317100
-1522537
-1490938
-2412088
-765620
-3463492
-1969462
-350666
635918
-3404441
-5754170
654132
-3360799
-444148
1542498
1477920
-983343
1084717
-3135809
-4664399
-2065774
-4031115
-1396271
-1414438
-2659549
-1400786
-5017465
-3369223
-2714524
-3865808
-926843
1252945
-3462630
-3930473
-394183
1978634
-3228872
-850795
-2851662
-2768622
-1593568
469623
-4506992
-1747769
-298849
-1318576
-994199
-4830467
-2352791
-2027112
79986
-5568965
-3858001
-1198555
-1806723
1393817
1383751
-3848522
-83950
-4132065
-3879223
1633035
-4250292
-6167842
-3342407
-1416829
-2343171
-2498185
-2739424
-1301672
-2968121
-3057075
-5368432
-2776258
1443935
-2663595
-103163
-67535
-4134886
-1527101
-6016347
-16855
-3258701
-2962734
-6579992
-6773583
-561340
-2459638
264695
-5156973
309490
-1374442
-3846238
34933
-668801
342262
1666585
-3444285
-2316736
-404719
-1069295
-5242850
-2513302
462957
1767470
-5738378
93561
2526501
-5761781
782401
123137
372490
-541432
-3953199
-975716
-3703133
-1427587
-2331136
-171024
-2692247
-4122881
-1778113
-54791
-321739
1195723
-1667661
419643
-1653285
-1458017
-2194026
-4646608
-2223249
-3779342
-3170111
-3712993
-2654793
62344
-7303893
-2615859
-1663758
1869008
-1621409
380585
-1758166
-2397335
-3858585
-1474565
-774136
-1551721
-2451045
-2106274
-1138298
154266
-2859913
-1364391
-3448453
-876305
-3153873
-3017444
-867749
-333164
-5956316
771191
-2639695
1752588
-1513204
-712855
-2533324
-2662793
350689
871066
379098
-4298272
-2348314
-3417322
-1209685
1731160
-1733459
-5314743
212305
-563355
-86085
-3444878
-989432
-2459595
-5157220
609703
-2322779
-520925
-1363887
1033330
-204131
113691
-329494
-4803410
-2612384
504783
-1332459
-1974159
-3529699
1160847
-800736
-2861760
256584
-1510913
-1884189
-3276068
-3711855
-2450713
-7249002
-3015183
-3695814
362758
-236642
-1111495
-1329619
-93425
356155
-1984021
-2441129
-4186153
-662413
-1796220
1209082
-2932305
-305197
-2049208
-2637267
-1274628
-2370663
-3667269
-3133008
-1079736
-3968311
-2357485
-951335
-1326527
-6881934
3306955
-3534049
-2783610
-5541051
-5241269
-883370
-3028852
-1617291
-1152009
2650266
-2032488
1597653
-1083736
-2740499
-2411026
-2225365
1079499
-2343231
-720272
-3407695
-557716
668614
272714
-671810
-4474228
-1018802
2291021
-355422
-662195
-1734192
-5079610
-766362
321798
-3998560
-1837724
-1367404
1441458
-2707151
1486518
-3282268
-5035223
-3187929
584452
-1269122
1075101
-292861
-570998
-2767613
-2461649
208244
-3309863
-471310
-4886729
-2566528
-479191
499032
1285226
-5186661
-2867295
-3026426
776194
-2496600
-1994307
-22896
-2072233
-2660445
-3487247
-1730927
-2377444
-1131342
-3323134
-932972
464799
476993
-1941373
-1387091
-601193
-89701
-2425375
-1396791
-2486713
-4738351
-4129291
-3101817
-3631010
-3270708
-3097912
-4473201
-23828
-2779684
-1587488
-968259
-4604681
-2133125
-3182363
-1422378
-4271580
-2480212
1328118
-248865
-3123870
-2752374
-1964912
-2452961
-2130242
845120
-3940628
-4942897
-2392471
-3973571
-2486480
-2576011
-4641583
-2253339
-1579084
-3628724
-151499
-2690645
-2601420
-3148480
-2302641
-382175
-4049187
-1074391
-911722
-1820521
-4240698
-2079006
-5529027
-2189066
2115364
-2125322
-6061813
-3544016
-1904903
-1367625
-1926105
1810559
550537
-3003527
-4388571
694784
-582483
-3039162
-1685466
-806941
-1490053
-3692111
181329
-3838407
840053
-2441567
-1807153
-3079770
-1266914
-2516292
-4682772
-490118
-1586107
-5595990
-2360341
-4542072
-2819936
-2574343
-965482
-1891428
-2726167
-3301660
-761664
-55225
-2752075
-1362764
-3420377
686457
-2348508
-2043381
1592380
671766
-1251635
-3361959
-1042129
-1144154
-290197
-2502519
-3498804
2378876
1407641
-3585480
-2229566
-989705
-101089
-1028830
1600098
-1425336
-3397644
-1774358
819230
-1633770
927565
-2536120
1336943
-2872800
-2121266
-3500046
-298968
-2960520
-5313121
-1720727
-3379253
-4834048
-2676312
-1380618
557415
-1237990
-7158713
-3171614
-970559
7890
-3074068
-4393082
-897055
-3886427
1570263
-3030614
-3582968
170812
403024
-164498
66314
2815180
-4158307
-198946
1040218
-1919587
-272881
-3355096
-2223086
364665
-1225278
-1390925
-1480606
-676470
-1967345
-2611581
-5869707
331547
1135164
574042
-3731300
-3199225
-3093993
-2891514
-603651
104839
414295
-834118
-3697445
-3249763
-2701430
-2360909
-1596792
-1640654
-2196319
1412432
-2305524
1586782
-1241380
-993888
-806514
-1689874
-2315603
-1391472
410172
-1780640
-1186691
579806
-1015289
-1150378
-2288269
-1193116
1368617
-5651553
-2799593
-2822340
-2081271
-2320781
-717613
-4935431
-2640564
-3239647
-3078821
-2536779
-2240409
-1323963
-3708572
-1747683
-2061302
179744
-1766560
-1816130
-679438
-1910942
-3843267
-384547
-1426711
355502
-5523069
-395132
-5428409
-1783241
-3271897
-538296
-3420859
-518302
336079
-2649353
-4182562
768112
167808
2719357
-5784507
-225811
-3238110
-218224
-3637649
-1625520
300445
-994144
-3422563
-773515
-2550781
-1487508
-2415604
-3577989
-4599106
-1231106
-4008947
-409998
-857282
-4530030
34006
-3336255
-5435155
716180
-5536157
-4180075
-2312821
-3834478
199885
-2246970
-2347742
-3630790
-4288258
-2656431
-3532379
-4253832
-768343
-5683105
419027
-3664067
-4593546
-2320296
-2988768
-725389
-2886277
-1571764
-6934893
-3020588
1615140
-5804616
-1435445
-2741298
483541
-1358903
-1197679
2396789
-1558414
408708
1516619
-919190
2287610
927941
-710048
-1211692
-3045020
-4791521
202201
-797136
2461809
-113234
-1202313
-1350278
102885
-36426
59178
193729
-3169365
-4835022
-1464594
-5362034
-1854945
1385187
-779112
1176131
-709004
-300162
-4504753
-1522465
1701368
1910767
1941798
-3501591
-1250809
-4263767
-6396846
-4018108
-3887564
-2330719
61117
-2990367
-386257
56417
-6715630
-765099
-4607889
-111039
-2156915
-1461760
-2457097
-1030404
-2008727
-96591
-18305
-1227058
-1489276
-2698818
-291727
-326316
-1070208
-1085106
1017274
-4526248
612785
-1917392
-1989172
-891598
-911133
269219
-484158
1003127
-4971569
-1208000
-2735912
-1165585
-851352
-3609860
-987970
-147883
4204
-4157719
-2882862
286738
1684481
147603
-1539422
-4356968
444098
-6013580
-2070717
-662475
-4080455
-3329406
-1271447
-3183785
-763486
-886394
-1784197
-4978283
1297433
-4089939
878577
-6787134
-2708843
833541
-3458753
-2154369
-2414268
-3128220
-4555653
355202
1860694
-3708649
-2735284
-673400
1230486
-1612662
-3079425
467309
-3473622
-5073263
-582347
888468
-5283628
-3775924
-1787963
-3391276
-5016056
-3249017
-301242
2323967
-2303390
-4476023
673251
1029274
-1907360
177116
-1007840
994979
-1170327
-437121
1865972
-1279680
-1667064
-2079429
-3369600
-2873957
-2488571
-2003750
-720661
-3420029
-34800
1223153
-2549054
-1240917
-2599043
-5247193
-4100279
-2761709
-187953
43578
-5402843
-1691415
-2075367
-1689735
2801576
-2536551
-1471384
-1215356
-2021088
-1725766
104544
-2304122
-915625
-1745202
-1295614
-1522222
-225549
-2144985
-3692088
-2939423
-1607123
-66318
-4503641
1569393
-2617559
-7175972
-2699123
-1350523
-1514419
-1931625
-3389185
-3135559
-605291
-3070156
-1158546
-6127161
-260169
-3318091
-3807003
-4140208
-2614787
-1316366
-2841808
1264998
-6958121
-3227148
-2203321
-6485153
90043
-3170940
-71369
-4270588
-301855
-2627241
1160105
-2008566
-1138676
-5948529
-1720377
-559075
-2402624
-2254652
251157
866476
-476870
628226
1882742
-899077
-2412141
220336
-6633516
-1341403
535865
-5330247
-2901091
-1352601
1996326
-712542
-5526999
-988170
524577
2430807
-5100814
-1816033
-123786
-2888814
-2814402
-2253607
959507
-3037556
-775596
-3121126
-300872
-2832762
-3546695
-3813908
-2595535
-449563
-1860094
-1300627
918102
-5789039
-1576742
-3042785
-1757622
-1293428
-1517258
-3094764
-2727917
176580
-1049722
-2707982
299586
-2753235
1017311
-2223671
1396533
-951131
-2347064
-302450
-2369079
-3619689
-2654396
-859525
375774
446847
-3662273
-3439998
-3225525
-732663
-899605
-5863229
-3535958
-1402780
-753814
-3430410
-2795361
-424918
-1474623
-5204349
-5623336
-1117339
49327
-916910
-1911037
-5103761
-2678227
-3806841
-682266
494827
-610136
2074691
461103
555934
-4625591
56881
-2068649
392114
-4180581
-1959503
-1418324
-896508
-3656497
-1609357
225029
295150
-4589804
-1969294
-155748
-1845125
-387761
-4925422
-1952905
-1808178
-2801196
-2839851
-336939
526347
-1674487
-2986550
-645661
-1466696
-653578
-3141269
1047410
-65941
-2625305
-3225241
-1264948
-1566192
-5786889
-1623875
-6017546
-1018987
-2096290
-2673809
-4005125
-1363102
-2618014
1455673
-67119
-4139927
-509662
589909
-2208662
-2513259
148959
-1354409
-2230063
-4027877
-145446
-2714420
-4304746
-1252727
175482
-3255718
-2387000
-3402557
2028033
-2211810
-5069894
1269799
-778846
-1400105
192499
-3266248
-4768499
-1836817
-5591797
-318822
1249703
-1701223
-3482758
-1995374
-3187072
-2320481
212374
-2512691
-26766
-1935666
-1027120
-2318074
-4794957
462299
42899
-1526730
-2798854
-361325
-5234205
-1216884
-6026136
-177591
-5464184
-1263486
2301820
-1275918
1484455
-3750018
-2443557
-1571228
-5435687
-2473240
-2753652
-4338854
-3021430
-2824528
-4107882
413068
-1199030
-2816824
-192733
-2939424
-5037134
296703
79513
-4040245
896330
1409029
-4049199
-2921959
-3575491
-2427733
-2672505
-2534860
-2503173
-3547337
-3731752
-511319
-3390193
859777
-3996991
-649909
-569257
-4985462
19286
1905971
-2458344
-2759195
216793
2220219
-194421
-2337562
-3184684
-518890
-2605650
-450288
-250210
-5136586
-609333
-1439659
-1051197
283146
2657250
-4446519
-2605400
-673708
-2813422
1279736
-34911
2247805
-880236
-3625144
-2739549
-1891022
-3674326
439934
-2480843
-2069132
-1814042
-3219360
-566626
-2151703
102507
-3249919
-1882337
1573758
-2411903
-1532791
1742226
-2629266
148385
-2253802
-1268041
-253266
-5190430
-3355050
2560304
-636303
-3265174
-1099481
-2157295
-3668375
1213673
-5960728
-912237
-1542544
-4792952
-772664
-1445113
-2002491
-2955704
-526225
-95825
-3105066
1023014
-3085167
-4355450
-2313966
-657402
-2114285
-4568010
-2609332
-4391954
1082366
-2745840
3165870
-90673
-4120191
-73984
-4204829
-1489729
-3216295
-755154
1149071
-39175
-2348552
-5197509
-1876270
-64037
-2158786
-1042280
-2639394
-3139841
-160998
1429786
-3758739
-524991
-3242351
-5251563
34599
-3282766
-3763955
-2905321
1628779
-4121294
58537
358224
-5656212
-4067045
326630
-2234909
-4283463
-1610126
1685067
-2687922
39846
2475148
-1912727
115649
-2264193
-1511817
-1865975
-191314
-3114588
-1896184
-607563
-2157625
-2831427
-4256687
-5278136
2661191
119151
783939
2532829
-785904
-1362338
767048
-388145
-2999415
-4494802
-5907268
185940
165226
-2771553
-6849384
-3682682
-1765941
-2678617
-4469041
-1859773
-2219221
-1938287
287641
-6636268
-76772
-2119062
-875936
-4691814
-4445566
-2919123
-5788595
-802404
-4266177
-4816208
-2925223
-82856
-267468
742492
-40129
-2881333
-2222072
-2175075
-1673073
-3212694
-2508101
-343808
-4142860
-2553806
-983094
-3925578
504449
-1307837
-2433630
163761
613613
-4027928
-916771
718062
325822
604351
2104846
-2717902
-1444001
-2255020
-2818021
-1404438
-2735779
-3724717
-2936564
-2364610
-4047306
765100
-1888141
235337
-2656040
-1055291
-3179698
-1908501
-15683
-3588045
-4569024
-3159245
1347168
-2563589
544780
-427924
-1024699
-2056032
-3932011
-2704471
-5901055
-1323931
-4638055
-1175154
-2446019
-4139723
-2026582
-1334516
-2196334
-3506490
1078942
-4166644
-1358533
-1179228
-1559181
-141128
-1942442
-5003906
-1616141
981257
-4313589
150722
-2292165
-5772729
-1508963
-6557002
-1037036
-105209
-868108
-696134
-4582472
-342647
-4515943
-2254892
-2857799
-405533
-3276350
1057005
-734295
-3970819
2043847
-233778
-782111
-684389
-1112965
-2441045
-66604
-2431993
-587685
-1985190
-1273602
70814
-236981
-689351
-903965
-119039
849040
-798851
-3911820
1629452
-2444236
300568
-6805952
-978253
-3221962
-1508502
-3060479
-592471
167724
-2589415
-4154288
-1882631
808322
-4028670
-3218562
-1137306
-3636526
-2834174
-2835131
-126023
-724504
-1027009
-3239239
-4516521
-4523200
-1191773
-2634842
-3784642
-4584905
-1179497
-2701532
967726
3686728
-1794880
-2657939
121030
-5271564
-3501059
-6782010
-1831871
2748711
-2997089
841986
-2608572
-864672
-3054205
-1101900
-7191721
-4205416
-5413897
-532388
-866734
-5154202
-4072916
302588
-1406734
-1356822
-3289331
-5296159
-3074233
-3420606
999601
316897
-4080603
-3948621
-1381508
-5184253
-1096474
-762127
-2239491
-4528617
-2767890
-5523977
-1300687
-1505829
-822667
2579942
-2037057
148744
1525864
-5053587
2456146
-907599
97236
-1431618
-3239820
1883958
-3822669
-2577349
995924
-3068420
1854052
-1585364
299172
-2380961
-59453
-4418772
-1860432
-2567356
-4410340
-4622223
-523674
-2246151
634574
-5500118
-1880293
-568296
-2557940
-484387
-4054867
564567
-1154621
-2709175
-3667751
-4499018
-3199834
-3408817
-5727036
-1723694
-3262530
-3688170
1337275
-3711025
2738533
437267
-3180523
-809693
-627904
-2936540
-1113884
124705
1048477
506047
-2313248
-2005028
-756557
-1688515
-2895802
-1384920
-3127568
-800930
-29061
-3681415
-5603201
-1888357
-4461808
-4961269
-2925370
-221964
-68893
-1454782
14266
-2269568
-3657883
703123
-4874091
1610950
-7043754
-3339687
-4607512
-646915
427923
-289033
-5517171
-1034560
-326490
-582357
1719498
-1704366
4821
-3183504
-3664861
-939735
-6518941
-4001445
-3746978
-3263170
-5444606
-2624468
-287714
-2917382
-900868
-3108037
-1083218
-3233730
-7446080
-913628
-1943593
-5574684
-3506486
-1021015
-234289
-13387
-2339076
-2978499
-3103979
-3142449
-1642520
-3291829
-1378685
-3061234
-3403006
-3081538
-983586
-2843687
696449
-2017330
-5452678
-758903
-721909
-447076
1769262
-2150249
-5135464
-6869440
-222669
-63371
-1266320
218460
-690611
-767597
-4114533
-390841
-710344
-76342
-2664277
-106625
-4131229
194375
-889274
-2665577
-239252
-2098139
-3794399
-1531683
533418
-1357642
-2622789
-150078
-724074
-1143925
-960866
882412
-517571
-4702938
-2934868
846372
-109542
-4995691
-3646140
-3988841
-1733452
121677
-4493617
-3806216
-2598769
1367635
-3555950
-4512670
-2929120
-1041151
-2488230
-1152836
-1456070
-1472780
-2209064
-2688345
-922247
-1550551
-972534
243970
-1362351
-6693955
-938085
-3095070
393162
-1604906
-1261405
94117
425492
1649243
-3700194
-4481352
-2544129
-821180
-702749
-2717157
-3028719
-1598101
-4822544
817418
-3462202
377030
397622
-771384
-209915
-3624949
-6565064
752282
-197489
-5509554
-2246663
-2537922
-1702817
-2200847
-903772
-2865094
-2463014
-3688086
-2538031
-2950586
-391921
-4743158
-1374019
1872646
-1750583
708482
-2237022
-4399336
361277
-3730253
-4675125
-842923
-3690465
-4249987
1034555
-3725445
-1709664
-1113685
-2880466
-942895
-6538447
-622263
181105
-1215615
-3653774
-1839699
-1366451
-3633609
1941229
-5066894
-2823325
-1255178
-153842
599099
1692861
-6881181
-2260425
-1239390
-3539944
-4443720
-2504206
-2728793
-1114227
-3120396
-1885720
-3764083
-2189527
-2361839
-3253039
-5499215
95570
2454698
-87656
-1316298
-3890292
-2394712
160645
-791903
-1155532
-5512652
-2879335
3549612
-543511
-1992662
-4010262
-555233
-297781
-1772345
-2434637
-2409355
1274300
-3803120
-3637981
-4545555
1038639
1023709
-754710
-2460982
-3309495
-1005718
-2513114
-4096336
271242
-4516065
-3173356
-3485147
-346705
-2746378
-1324140
-3434612
-4413698
345584
-585299
1324255
-389435
-2157313
-881294
1642094
306464
372968
-1312191
-3189661
-7344858
-2058054
-4383371
-441823
-2443068
-3315264
976875
-2695489
-2178463
-1784088
-2947470
-2629024
-240147
-1825989
-3289235
-1964471
-1873085
-563183
556317
-1004518
560420
-3228870
-2877989
-4831848
-1728951
-5093280
-420938
-2961579
-272422
-2653985
-3991144
-876712
-1970052
2703935
1455873
1424144
-1251995
-3924418
-1057397
-2557715
-5114868
-1743929
-2459715
2014293
1534271
-1686195
-3845652
-3229780
-6182752
-1724399
-2991413
-3259990
-6477437
-4326679
-2163954
-3044497
-1892885
-176614
2182181
-969322
-6551552
-2449170
-2528727
1486469
810473
-106794
-1538562
-3137054
-261130
439867
-2169163
-2167602
-1002599
-3401571
-2870377
-1926649
-2730647
822730
-5217638
-2670630
-206679
-1202951
-4145817
-1516581
-1551859
1991567
-739813
-3114655
-6112142
-1415080
-1249800
-3452368
-3576105
-36593
-2365908
-1625683
-3446880
-3465608
1656939
660180
-2579427
-6607046
-1976104
-3343829
-4271868
-1865287
-223054
-236036
191325
-465872
406064
-621489
-3954823
-449480
543048
-2640786
-4338944
1385761
1028309
2307
-2098086
-3796747
-1475876
-1627000
-2815984
442703
-3471130
-845800
-1246568
-101366
-1383788
1350995
-619696
-2291405
-1598283
-1386065
-2259542
-22846
-723729
2769428
-3010812
-1772082
-757849
-3696957
-6275693
-4460308
-3090810
-1994747
-4829145
-4135756
-2485367
351549
-4543862
-1465474
2499057
-3365638
-316691
560419
783430
-1898983
-1226904
-2622593
186607
1129011
-1842569
830787
-537285
-3221963
-3593221
2554977
-1743064
-2076982
-4259424
-6521383
1299876
1978627
1383122
1085058
-3197062
-3471388
-1422203
-65394
-5150510
-2761855
-3077241
1439217
-2433277
-1737810
-1798105
-4484648
-2541865
-1326490
358009
-1999003
-1862803
-1857490
1733032
-2702253
-3155240
-2059237
-2025162
-5452135
-2305067
-2061102
-1401833
-483511
-1716659
1481933
-1817667
-2920016
-2781018
-534043
-2746480
-2378770
-2254036
271467
-6282152
-46118
-1360733
-5918212
1885240
-2780886
-101897
-2766288
-564138
3025313
955771
-3428691
-3635513
-7463600
-2035392
-1707768
3768505
1283216
-3620474
12237
-2564025
-312144
1099545
-2476491
-1461624
-2354700
-2575307
1824811
-1116226
-2251789
-2020845
-520699
-3922350
-1673981
-3287271
-3914657
1204047
-3351715
834614
360230
-2372689
-3220847
-2141820
-2184530
-858236
-2751721
-1327874
-1131918
-2431270
-4874611
-1807929
-1599703
-4701376
-64351
-2100688
353406
-599220
-1909139
-3647855
-2262158
-2278435
-1677385
-1501538
-6675304
1017306
-5645401
-83423
-481153
750005
1234293
-537035
-2028337
-2036195
-2807637
-518317
-1203109
-3192350
-914085
-1801665
-2752008
-3633354
2192892
-2624367
-1707686
-3223616
-1591078
-2892916
-2205883
-3952333
-2811489
-352962
-1638106
-3529252
-3468726
-751376
-4267379
-3919305
-2039306
-3659871
-4501950
-2248415
-773784
-3411786
-2226753
-2547674
-2371709
-1813719
-1623271
-1262719
-2200059
2591863
-6393515
-2092665
-2001384
1172219
636660
-4616370
-1130822
2546993
-1085115
-4201914
-2703453
-1457082
-2481592
-477794
5624
-5452462
1324743
713344
-265031
576869
2920919
-1447600
-1059218
-1310624
-751662
-696539
-3964763
-94026
-4106656
-5453245
-2815096
-2099908
-3100236
-3813902
-4399276
-4449249
1149096
-4360259
-680199
1280539
1200243
-1299688
-3316814
-303370
-2589214
-3508147
-168285
-1671365
-2196306
-1582944
282120
-945860
-2233832
217492
-3400345
-5224141
-3896519
-799714
-1813342
-219597
-2396387
-2909470
-2934039
1911171
-569613
-1291719
-546903
2146311
-3582501
-3199885
-2833680
-784123
-3442391
472064
1176442
1733955
-1377093
-2786754
-3825573
-2830379
-37083
-5984660
534423
-4280853
-1169666
-1308152
1334786
-2424107
-1935464
2202715
-2832548
-6323506
-2120638
-664000
1305654
-3438322
-164996
-3106257
-2382641
-1496725
-641045
-1683781
-1944328
-2936330
-878681
-6585066
-3900464
-1868396
453442
-2381119
-1075416
-236647
-3131831
-1090073
-1952465
294288
-1025669
-4345865
-5176328
-1667309
-4478935
-3840624
835667
-2056776
-1642203
-3040331
-3628435
-3607452
-1067980
-465518
-3562226
-3237465
-2241155
-2187942
-4266966
-2486518
-2222280
-3081072
-54948
-560853
1908884
-2291938
-2544953
286301
-2596412
-2238729
1456019
-2008294
-4074919
-1187651
-203794
-3581153
-761441
2885211
302017
-2975273
-2972866
-343874
-3816502
-2310800
-1426951
-760596
-156540
-393643
-4037620
625837
-143563
-385653
1419247
-1341999
-2439197
-2207150
1847876
-2002848
-5329250
-3211400
-433618
197280
-1806371
-5312319
793606
-660572
-5978043
-2056548
-1864700
-312654
142266
-3379595
-1085364
-5936858
-4698319
-3503901
-2968143
-2396435
-1601913
-6328611
-2320130
-2469885
-3448389
-1594333
-3467701
-2533562
1972977
-954044
-2968662
1060069
-1159728
-269129
-6484817
-1803090
-3707086
-997447
-2988132
-7453893
-3190082
-6043875
-963300
-3337814
-3428575
-2013904
-394591
-2164875
-2407607
-540895
-5661581
-2776818
-3004811
-681486
1563857
-2140722
-1671210
-1131564
-3159319
-1936311
-172384
-150256
-1142984
-3016128
-7419595
-3618283
-5291216
-5734179
1532517
973616
-2910439
3278329
-2067664
-411886
-671457
-2238456
-5211759
-2643440
445860
-2590372
-1547215
-3303731
-2468957
-2476436
390221
258208
394597
-12199
1744580
-1127974
-1632541
858100
-2458654
-2953374
-2840240
-2299715
-498232
444481
-683901
-1213670
-3400289
-4139796
-1184496
-5687407
-3228828
-261573
-1004469
-3459829
-3559655
-2217814
-1361140
-2355448
65520
-1348738
1941858
1529224
1058998
492415
1549160
-1865106
-1229286
264245
-1265417
-19651
1910392
-2817686
-560524
-3594650
-2282632
-2973089
-2293314
-5432846
403518
-115606
-1319633
833468
-900241
-359418
248771
-642309
-1299103
1373631
-594864
814642
-79304
-317092
-1637409
-938247
732855
926621
-2075449
-4008131
-3344320
-1439450
-1180393
-2683048
-1202361
-3532968
-2180511
-2385591
-3710979
-1873231
-3414587
-339564
-3768100
690470
78561
-1808132
-2644410
-294542
1022750
-2029192
-836969
-6426879
-970253
249941
-856455
-4459353
-4726177
18241
870425
-1130989
1527099
-432183
-2757358
-913568
-3660334
-4494727
305614
-6115804
1487092
-416683
-3410101
-1254658
-2345237
-4546817
-3819340
-1848540
423221
-2870510
-966782
-3014613
-1482813
-2899554
-1718851
-931279
-284808
-1980865
-3881806
-3892228
-1914020
-360629
-2782321
-1271582
-704725
-718103
-1798025
-1118223
-1865670
-2871083
-373692
-1843645
-5181028
-2255524
1338538
-2929972
642481
-980946
-2545130
-1795011
-2664304
-2511790
-3356120
-3783822
-6212716
-3995082
3305950
83382
-3619870
-4563536
-1809281
-2246717
-2285367
-99851
-1184626
-186111
-6417018
-3756681
-4121335
-2412064
-5461224
-4325548
-2439954
-83510
-4944626
-6814230
-1536728
-6677219
-2458791
2264490
1468614
-1307702
-1244144
-5081815
-1126403
-1748683
-2823944
-158600
-1671627
431403
1074619
-872646
-2276183
-2112568
-1918036
-2948366
2146058
2401225
-3677311
-6341296
-259566
-2218210
-2144811
-459769
-2329675
-2339668
-1673039
-2427263
-251817
628714
-1278681
1993259
-2330546
-4335014
1098861
-622912
-4591611
-1125707
-1952891
-5036843
348541
-2686981
-3662303
2433727
-326584
-3172858
602117
105288
-2772838
-4323018
-3749686
288524
242874
-341050
-1868005
-1470900
-1311098
-842445
-3604356
-3009494
-5373960
-4326832
-1222008
-946740
-5319206
-3993845
-5311684
1007555
-1953875
-949050
-4802769
2794916
349711
-574103
-3432168
-2481785
160141
-2213117
-6489953
1317797
600505
-1014381
-1508277
-3726623
-2100650
-4558348
363157
1031527
-1882004
-1517626
868707
-4176189
-2210468
-156384
-683664
-3661934
-2406908
-136192
1094385
-1999289
389293
174474
-1386378
-1460362
-415055
-2149128
113065
-4467711
-4618284
-2720274
-2042150
766244
-1653370
1686325
-347544
-312928
-1724105
-4771281
1455472
-5851403
1611442
-1004823
-146175
-327374
-1370614
-100752
-2578198
-2732064
1230418
-1618321
1705461
-2754702
-4251795
-2150308
-1923335
-4186593
1265720
1257870
1740128
-3158609
932406
314114
-3704508
-1526283
-6324863
-921781
-3601449
832900
-4453922
-238643
-2456856
-1470394
-532255
-6573687
-4121387
-986067
1103165
-3501182
-3027237
-4256865
-3136320
-3111070
1818171
2402697
82461
-3794745
-52692
-3206636
685279
167791
-4130093
-1894854
-3680691
-3883022
-5082396
-2365687
-2711640
-3438597
-3419888
-3080799
-1884233
-3055926
-2155377
1386364
1083363
-4578442
-2837815
1083172
1724967
-2996394
-3686589
-3367122
-2501686
-5189530
1350322
-890376
-2539396
-2212835
-3666124
-1056106
-1245693
-845306
-2617132
-2376504
-1367845
-1856546
-4182529
-3775072
-1599935
-1020995
-1783447
-2364879
120173
-3387030
-1939740
-5547395
-685507
1214382
-531713
-6220942
-3265440
-240612
-1781845
-3103398
-2927277
-5570929
-2778521
-4137977
-817544
-380462
-1251765
-3895574
1241570
-2571290
-3770451
-1695565
-1206992
-905987
1618408
-3385008
-4237051
-159188
140397
-1394467
-3624546
-3010732
-2596656
-2561736
-3744382
2657147
-4386764
-3313008
-5347580
-1303519
-2796309
-335012
-2107524
-87669
-1724053
-2231931
-1759068
-1004822
-912575
-1646944
-3243230
-4851816
-1499534
78858
-342389
353449
-6077844
-1545424
-245030
-2484742
-1719127
-767002
-2105287
1831802
-4579509
-537964
-984760
-1478262
-195349
-3964631
1556225
1300983
-1338361
-3663028
-1580008
-5537140
904302
-238830
-2291668
-4239271
-1010055
-648898
-4971738
-1083190
549637
2276770
81860
-6594133
-1057563
-4713105
-2055187
-6599808
-2423341
-2291456
2795971
-2358603
-3380673
-817348
-2479064
-4145694
-4617465
1017681
-812778
896601
-2208708
-4281592
-2305620
3746792
-915676
-5455660
-1306996
-3303996
-2085404
-1361922
2198384
-452644
-3141426
642016
-2240842
-4795990
-2089674
-4991641
-3092462
140357
-3784804
-6535589
-4943710
-3005688
-4596237
-6246896
-6715357
1958084
-1955800
-2675705
-256533
-1384210
-4244499
-2219169
-3172968
-2136536
-537514
-859872
-4506101
-1744280
-1203392
1082837
-504795
1797637
-3167612
2202865
-1350207
-3654923
-5204922
-1974221
-345683
-2936546
-2379651
-2409140
-3201362
-2757472
-843016
-7058166
1324789
-2075490
-511659
-4367056
-606739
-3569247
933412
-3080177
-4165135
-4024774
-2083853
1199447
-1674664
-2532276
-2627197
-543224
-1084644
-3975333
198621
-3461555
1037519
-2986362
-5415599
335870
-755007
-61401
-4091250
-5404398
-2332395
-438636
-2941551
786031
2064580
-1543226
244794
-3068258
-2746207
-1512437
-1322749
-3527697
-3356724
-1350262
-4138054
689784
-1356538
-2784295
-1718791
-5534437
-1534697
-736817
-1502716
-413004
-3792046
-800495
-979489
-3515530
1513250
-3475731
1571916
-2949385
-1709941
-4600748
-854901
-4407145
-223160
-2452927
-2931209
-1388898
-4936393
-1414419
-3240286
-333610
-6671911
-2158194
-1466595
-1711863
-4512687
-2764557
-674520
-3314105
2333446
-3556831
-2557738
-1550672
1107414
-2427940
-2195498
-2894884
-2158941
-5730
-3907808
2406253
-4051528
-4895627
-4116027
-788002
-1333587
-1339172
1305579
-514540
-802300
-3990260
-3035473
-5700882
-2847255
-3040193
-1182058
-1093307
-4068449
-1409417
621319
1495551
426781
-1590472
-4848400
-2446413
482958
2235263
-1154937
-2032649
-3412716
-2531503
-2256906
876307
-2792134
1653569
-817590
-908462
-2505419
-3495934
-3904230
-3150539
-4497661
-4877836
-2381735
-1373425
-4156263
-726640
-1003916
-1095662
1220019
-2095149
-2695584
2317532
2042141
-609094
-3293480
-1350303
316939
-1613512
356244
2392164
-1736562
-2890076
-3158797
-232101
-1727787
-6244044
1050517
-3143580
334589
-5281024
-3444832
-2839201
-2381924
-4346503
164381
-1142176
-1024408
-5444511
-2253477
-4742920
-4315483
-3649894
-3627170
-15903
-3372128
-2268001
-5773
-3465361
784506
-2667758
-4412121
-1561978
317164
-2508626
-996325
-1713769
1149254
-1270727
1205596
-5250009
-153346
-3875920
-15832
-540441
-1332647
-713622
387296
-3265793
-4257275
-2108417
-104234
-757152
-285508
-4570352
-1041282
-436107
-1757960
-7571721
-1264214
-686773
-18760
-2100948
-869563
-2706986
-248235
274935
-1783537
-1955375
-2288239
-4819947
-2528415
-2106561
-1798233
-5238134
-148558
-3513272
-894894
-4103055
-1569148
-4995299
-2435469
-626255
-839314
-3638922
-3299618
-2246045
-360761
-2223100
-1797356
-2351037
204172
-3814413
-4537824
-5830960
1267794
-3243664
-638076
-3853932
-678318
-666915
56023
-1009355
-2339910
1315467
-320001
-1759168
-1899566
335096
216138
-2996880
-1170294
-4167032
-1487463
-415298
-3977872
-3329965
216438
198060
-1511341
531505
-1942659
-7425974
-2998144
-5156020
-2068458
-508871
811045
-3229628
-1785203
-1610090
-1774974
-130210
-4650382
136225
228991
-1313384
-1449894
-1651864
-1832903
-324861
1243695
668730
-2360774
-2171274
-652293
-108549
-1568527
-3974198
1918399
-4796856
-484535
-2982220
-4144552
-2171487
1461759
-2525109
-753734
235823
-3968843
81845
-123040
-4486662
-3171151
-1354031
318256
251162
-959436
25244
-532984
-3011299
-105172
-2712146
-1944066
145256
61127
-2270006
-461718
-736166
-758519
-160352
-1547715
-3826698
-4707050
1490685
157873
-2224067
-1409911
1270905
142941
-3018901
-5416423
-2347429
-3239114
-3182933
-4625760
-3393239
-2640291
-1390839
-889056
954793
-2800851
-620495
-4475976
-1433679
-1595842
-3440794
-513018
-1485444
-1229082
-1824871
-2280571
-3582527
-3374817
-1737804
-275531
-586623
1250530
-512703
-341480
-1767588
997240
-2972769
598039
-921401
1044728
1567817
-2237570
-763072
-2391901
-4051860
-1889222
-5558663
-5645630
-3824225
-4960687
-2187653
-5508578
-1445689
-2037247
-2719455
-2475687
-2390331
-5675291
-1231457
-3351723
-781338
1330984
-3979214
-2384299
-2419758
-6189804
-3042282
-4682636
-980522
-2759783
53978
-3590336
-3892053
-2575230
17982
-2122161
456146
-3209
-615497
-9183
-2146382
-3366896
-2125938
-3243753
-162486
-4553175
-3916335
-506515
-1714714
-5908534
-2202448
1706883
-675529
14892
-1840351
1271393
-3990521
1366538
1754876
-4558661
2067690
1418237
-2014430
1699896
1803779
-1763237
563385
-182198
-4454392
-2247710
614833
-941985
-2506958
-2495963
-1967386
519781
-795763
-3158353
6783
2433861
-3302405
-4510984
-4178805
-1446755
-4586226
-2316440
1032871
-6981821
818677
-2844755
-3098268
1128138
-1268068
-2721914
1844893
-587252
1411918
-1933578
-56665
-1017547
-2602675
47673
-5095351
-2754545
-5235804
-193792
-2462875
-5733924
-2011148
-326182
1220190
-2705375
-3926584
-5953380
128190
-1718611
-4195407
-1866667
-7284847
1384663
-4000107
310707
-2989895
1587367
489553
43742
-4257526
-1278600
-3123775
-153459
-1539008
-75402
-3302598
-2478997
-800521
-4163399
-1956755
-3266161
-2394447
-3690174
-2719979
-1485240
-957513
-1236910
-4796819
-4036896
771814
-1984881
72781
-3438284
-789349
-375099
-503024
-2162525
583166
454431
1192500
-1317701
-2725047
-5306246
-1111416
-3831614
-3490854
-1076331
-227769
-698244
-2759770
-834949
-3369712
-431112
-3456678
-3081406
-4302471
-4081724
316280
1555805
-309162
-4380956
-2843178
-2515699
-529656
-3710838
-1317550
-807650
-3386234
-1919795
-1040741
-3652629
-2937474
-6471596
289225
-632366
-1987933
-2140745
-444511
-4027747
-3349276
-4321412
-4350465
-3121994
-2513115
-851337
-3084114
-4418099
-1822943
-4900000
-627851
-1113801
242423
-2377635
1048833
-1567260
-199192
-2179984
144916
-183295
265237
-3062647
858058
-4364510
-3735833
-443851
-1013545
-1929718
-1693856
1059527
-1809089
1192225
-4730501
74022
209857
-4589739
1119006
-315522
-1008099
258111
-1366587
1552651
-1569340
-1188982
-562679
607868
-3850118
-484577
-2295270
-3742077
-3475241
-3680901
184206
-1090278
881906
-3427092
-539431
138733
-2516218
-1500164
-4441309
1491622
-2353547
254807
-2817087
-1276377
-2588542
2071797
-3320352
-416641
-1693394
-653179
221730
-3952046
-2440001
342949
299068
-2371594
-1665715
-4608091
250387
-2915585
-1761191
-3256147
-1891688
-2520929
-324618
-3530692
-110337
-3412718
-588131
-420504
-4739706
-1344954
-808108
-1853623
-2267414
-2939396
-2370030
-4189624
-537081
-4070030
-4303575
-405111
-6570959
-2406423
-1898730
478767
656359
-559634
-4303859
-59764
-132157
-3769732
-729067
1248584
562647
-20570
-1324481
-2935919
-3798196
-3120235
-3432545
-6001167
-2027674
-1039214
-464958
-2588738
-1605573
1844299
-1296048
-1551554
-1068568
-307444
-2040799
1057587
-3834816
-405518
22040
-4604163
907132
-2635106
-510608
-3404311
-1418165
-2381971
-5196207
-2713475
-1224523
552030
1235387
-3079964
-3178833
2105116
-5821461
-4094309
-2964855
-1366760
-1047406
-2631964
-2145816
-2316072
-3077423
983369
-2110912
-1731237
694834
-2417177
-1345313
-2647502
2357474
-4844598
-914003
-2333567
-2451
-1945661
-4422330
678687
1031138
876861
-3432001
-2355280
-3968093
-4398800
-4017519
-945473
-828977
1647780
393659
-5030966
-43861
-4266253
-3397904
-1133520
1434434
2023456
-1876425
-3186501
-1893849
-4216011
-1559025
799274
-3585265
-2513729
-2206050
498729
-2391098
-1477122
167775
626065
-2929996
-2815307
-2509362
264952
-245147
-3067526
-2953108
1705242
-5540056
-1766904
-685202
912785
2032319
-1238502
-2388746
-1567618
2703095
-4049092
-3070747
-1628725
-874455
-4046204
126860
-3935656
-2683962
-1342967
-3108984
-2533554
502034
-3223501
-3600863
-2525950
-969086
-3178695
1340925
241344
-6629904
-2774305
-2683000
-1299558
-1945151
-1394167
-4787457
-668235
-540526
584563
2791092
1217086
-2023214
-181023
-3596688
-5895807
-2946075
-280327
-1956943
-2892181
-3235669
1999373
-2601606
-2440254
-1680381
-1557408
-4465958
-3979748
-2006271
-3783110
-1794820
-2026140
-2626261
1926177
-5917822
-6611915
-1884406
-3068705
-2308266
-1004350
-2524245
-842138
-1885927
-1293149
-4692538
-2510988
-1333316
-6708538
-1383680
-1741699
2529982
-5462815
304154
-1292089
-1629494
-1125197
-197500
-1571006
-5135167
1014994
-2171307
-239111
-3751401
-2785870
-5115271
-4877062
-2799059
-3033582
-3307195
-5943527
-5428721
-3152789
1244274
-2060513
-1353692
-3281076
-1182674
-1464075
-1008229
233173
-3233869
-2030551
-8426
-2125860
-1269491
-2774301
-2089900
-1911744
-2040111
230512
-532395
2249744
-1289912
210159
-3274097
-4878394
-2702172
-2394276
-52791
-2720885
1130379
-1356810
-3031421
-2776224
-1440450
-2378567
-6188045
-253038
-2400133
-79801
-1428281
-2647802
-758141
-1803676
-566963
-111987
1070139
-2210978
-1727025
-1448646
-2228238
1588667
-2000886
-2629842
-5078135
-4801166
-4542260
935241
-1442217
-1546861
594822
-1383334
-3769944
832874
-3203183
-1414500
-3530417
-2448919
-3277509
-335913
-4322583
-1207140
-2426344
-3774635
-5235435
42117
-426841
-2906009
685598
390912
-886927
-1108855
-1329273
-2090024
-5200862
-997637
1261807
-1756120
-3532478
1708728
985578
-3249517
-174836
-117180
-2089163
-2003289
-3139948
-2605887
-2706925
-2960662
-7084435
-415823
-2983074
1424458
2105980
944743
768567
514693
-2398645
-2339522
-863492
874377
-1964976
-1581275
-2541040
-2370498
-3395479
-5080344
-3983553
-1913987
-4176220
-3085644
-255664
-42464
-1436921
-1054429
-366318
-3330746
-1953853
1646475
-1865556
-2258014
-1123346
-3022450
-2057972
-1036049
-5193997
170277
-3534012
-164740
577028
475303
1572107
1844947
-2727156
-78813
-1397136
-1910585
-2731826
-3688319
-983801
-2762892
-2119949
475307
-2199254
-2084722
-3574547
-2620035
235134
-2206807
-277408
-2223931
-3633457
-3036204
-3804595
-1039648
-738517
-4465021
-1313937
-6222496
1107865
-887836
-53834
-39496
-4544333
1217992
-1174426
-444038
-6199846
-6609562
1483430
-941762
1626824
1357179
-213861
730252
-1202380
-2279696
-1658147
-414046
1869909
-1071705
-4481305
-332949
293129
-2464218
-4981421
1801985
-165376
-3611236
-639561
-2153329
-3048403
-2071157
-4766725
8122
2019335
575876
-4240952
-186079
-125998
227971
295945
-128004
2974407
1716300
1026867
-1354884
-445708
-2635241
-5063032
-7581937
-637786
-1980789
-6053226
-468282
174278
-3346921
1173164
-1751552
-1013079
-2770371
-3716441
-4078745
-2283006
-3600071
-1012227
-3139595
1027632
-2917132
-3393923
-1003608
-3583372
-4240254
-4736411
536765
-3490723
-2533353
-1599263
-2464507
-1162543
1183498
1755581
-3200111
-1149094
1873624
22751
-3025523
1894776
416545
-655272
-786300
1614842
-1166819
-2595124
-3489299
-1747288
-1016386
-696045
-1957379
-1873506
-27338
672233
-1331456
-936149
567092
-3744167
-4553923
-4028722
-1245501
-2821598
200734
1190645
-2713110
-189864
-2218086
-1064588
-5710941
595551
-4216190
-471440
-1328368
-2169923
-3419295
-4446372
-1908929
-2819514
-2162530
-2533537
-12880
-2623826
-4550993
-925082
-2933334
352100
-3730621
-3833040
-1858200
-886539
-3292698
1873216
-946882
-1910843
-695021
41368
1971210
-5031422
1725839
-2387476
1846121
1421103
-1687351
-2529463
-3352260
-4032374
-3238215
-4925932
-1563781
-236142
-2547246
-832653
-504762
-104873
-2907879
972790
584150
-921844
-3543326
-3067441
-1244213
-3256499
281007
2826308
-3496895
-1561500
-3303880
-2037951
-6226247
-4211203
-248254
-854768
-138221
-4926113
-132270
-4787685
-3815971
549177
1668734
-1835398
447025
-393824
751874
-2429511
-1698153
-890310
-3064963
-1946310
-2513216
419635
-3884746
-2843514
728211
-989753
-1256937
-4716321
-5347153
-98348
-5485220
-3539879
561778
-6040783
-3579689
-194192
-3307976
-3225395
-1013793
-1078488
704897
-3260948
-4915516
-3705570
-5530977
-1496966
-3202094
1044001
274551
-2043634
-1690768
2150424
123776
2122830
1288165
-2659814
-3680650
-1537147
-1409142
-516589
-1196160
-4778060
-73320
-3036826
-477501
-6068757
-925932
1200991
-3564700
653732
294020
348642
-2092499
-1868967
-740060
1474521
-1544136
-1688323
554168
128426
-2613560
-563261
-2753725
-1395353
-531079
208542
487734
-4148196
-2542428
-311236
-4260806
-3998042
-6362941
-3168652
-178394
-261080
1764922
-604952
-2612098
-748463
-1005731
-368351
1529744
2089933
-738287
-3419766
-3872951
-2376
-556235
-5165238
-3947424
-1041899
-638821
-2234626
-658071
-1921860
-74518
-3063246
-2092051
429485
-1090211
-387218
-3509843
1209383
-267771
-597964
-201875
-1103415
-2053704
-3421138
1390199
-2034332
-542188
-1132764
-3067776
-1856224
-2196564
2292632
-313324
114836
-2690372
-1891759
-1841420
-2738034
-5557543
-1520855
466567
-2004798
-2407553
97132
-492165
-2021899
348824
-5479693
1432452
-1842814
-3625226
-3570256
-2670140
-4030079
1031581
2140006
-3507971
-566375
-2097282
136257
-1629427
1081536
-2131880
-4843530
36134
-540668
379576
1108462
-1210632
28045
-2307523
-3877219
-4244160
-2284016
-2284159
-3155705
-3366639
-4053358
-1551567
-1112602
-1488821
-988280
-1542063
-3076910
-4396740
623809
-3237121
-2386029
2513529
34743
-2906988
-511919
-496370
-2486956
-4377305
-1373973
1153323
-2777081
-3038433
-5622143
-1068190
-5221178
-3103794
-3733163
-2314750
-4543075
-386014
-3860125
-512668
-1498331
2190044
1262897
-4515660
-1164168
-830735
-448280
-2470816
609047
-291846
-2286759
-453726
-4257579
-760761
-1857449
-2790063
-2907814
190211
-1288556
-2100434
-3102258
-4695294
-2111882
-2179861
-217729
-3682196
-2810340
-5050095
-852534
-884855
-4815958
267344
-307166
-1082132
878002
-1607301
-4260121
933833
-4916501
1110986
-1997693
-2032432
-3593245
1101327
-445144
-2092580
-1011155
-1262622
-1012808
-2474098
1714679
2319113
-737587
-1394683
-2582013
-2922176
2547015
-4118956
-104947
35188
-1613292
-4956069
-5778920
454998
-1862845
-622316
1708633
-2241771
-324187
1195072
223023
-4294223
-1852418
-5081292
-1300868
-1773557
-4101979
-946788
-5501762
-4096492
-1906877
-180329
-3977686
-1882577
-1472911
-2432084
-1346876
-3305739
-963981
-3144394
-3076304
-897220
63967
-2679843
-3669320
-2693534
-6411202
-735533
895090
-5663132
-2323192
-2396152
-1937839
-1267060
-3344233
1152615
469838
-4151050
-205812
-2508027
-3274529
-47387
-4427956
-4940969
-4501074
-3732551
529803
-2695031
-176335
384055
-1412443
-813917
-4249711
404659
-2572774
-2506825
861218
-3151067
-1567065
-1666535
-1907705
-5360421
-2733937
-2117407
-4695020
-4761179
-2504144
-747715
-617484
-659971
-2845917
-2578825
-720889
-2982469
1361864
-2943300
-2198655
1164454
-548495
-4673849
-945077
-1621788
-2187352
-3076814
-2482952
-4897197
1243679
-2514318
-5461707
1076408
-2118091
729133
-2778637
-5325864
-3645209
-4635516
1642763
-4742782
-6500182
200596
2158662
-963360
2176481
-2729308
691488
-990552
389255
-21748
-342850
-4312410
-3530169
-5476857
-4789911
-2914001
-3151667
-1503733
-819271
-2660359
-980135
-599695
-1808522
-699601
-995481
-2950399
-2899514
-3262708
-1189784
-5250264
-2843937
-551432
-1665137
-538063
-835107
-864330
-4113312
-892898
-934683
-2933399
-3122876
923396
66402
-701338
-4044086
-4017665
-1836992
-219419
-6338579
-92316
-2610495
324612
1558283
-1576233
53389
-262718
2814829
-824936
-664705
1666018
-1796537
-2999876
-4388191
-164667
-5903461
-3110013
549696
1119293
-2008412
-3666473
-25710
-3486696
-2429410
89807
-1372762
-4636141
1762378
-501717
-3724594
-7113519
-5116599
1336835
2705883
-6527145
-4046509
375925
-1454110
157581
1814934
-4597385
-2374024
13266
-756460
-508620
-1358434
-6523405
-2748384
-1124643
557640
-4559899
-1682086
-1059088
241751
-4806707
-1693436
-3974554
-5090916
637361
-1120669
-854223
-1820635
-2143730
-1106811
-2073923
-4518667
-948349
-2277954
98157
20521
-5022036
-1669589
-7258
-1138487
-1036811
1120618
978454
-5516334
-1143445
-2446697
-4886338
663265
-620281
495466
-6651447
-46013
-2153845
-508813
-1469356
-328239
695869
-1247287
-3528851
-5390099
925369
-5293207
2322352
184975
-3558430
-4684823
-5876553
-2985711
1270193
-2225272
-4570156
464442
-5142568
-2124171
209022
-19381
-779285
-2986441
43105
-1386250
80559
-4533328
-3015346
-910170
192381
973458
-2975589
-900134
-4978975
1353958
-817573
-2261659
-3150901
-766256
-2630137
-3051738
-1638344
-396879
-3194374
1549048
-5236980
173360
-4554333
-1642376
-3838883
-6892568
1260544
-2068481
-1448659
-1861690
2516625
-3651527
1682703
1499369
-3559606
-2884140
-823135
-5030479
-239772
-640598
-4872832
-4731194
-1301960
-3156212
-752966
12560
-7398512
-5116311
-4232465
-1789312
1980231
1082906
-4775816
674604
-5279238
-1002102
-2147326
-1314753
-2176099
1706002
-2862719
-467440
-3159901
18540
-32504
-495063
669749
659785
690506
-1088724
677968
384612
-4411764
-1973998
-6362479
-4311257
-3906861
-6650
-3886651
-3921452
1875052
-4558478
-649522
-6905300
2898093
-4251816
-3572260
2971752
-4335247
-1301396
878591
294747
-4182964
64826
-35820
1354139
-1036188
-4875603
-1581679
1153210
-1450843
-3792730
-1763073
1237386
361924
-5588286
-2305744
2047005
-5117246
-5405306
-1452442
1348502
-994123
-3718417
-2013380
-2437298
-2154314
1598897
-1701874
2076338
-6091502
-1643872
1587970
-4127825
-1110166
-1683402
1614421
-3110176
-1092520
759255
-501608
-3157684
-2685303
-1355849
-590691
-2729763
-3724868
-2657492
-599306
-462849
-1819207
-2476792
-76118
-1877790
-1578009
-5404625
-2520064
-5091778
438879
-5435034
-724829
-4767450
-2945328
886888
-435132
-1601534
-1323262
-3770339
617282
-3986653
-4305047
-4592227
-1498724
-5348533
-3955430
748844
120746
-2082093
1209611
-5054307
-2483037
-1404983
-4979763
1388774
-2638015
-2765964
-2620649
-4354364
-3005878
-3169269
-2970407
-3534958
1561682
-1754542
-4556558
-4634009
1305695
-4566696
-1416646
-1673982
-2591846
-3960031
-1865505
831387
-1073537
-4685738
-1006817
-1772482
-1228449
2718057
-4380396
-584395
-719435
-3086909
-3609307
2107361
-5424078
953473
-6059189
-997859
-297931
-5686028
-2018680
-3211691
-3246403
723818
-2671979
-3085469
-1406516
-98798
-3210077
-2236759
377666
-2749660
-2475955
-2714726
-3243944
-2037362
-3073112
-4807302
236278
-2678083
-1797212
-4554460
-3815452
-2058638
-1903224
-3211516
-3212099
-1516732
-636824
-3033161
1257884
-4543309
-1988522
1258654
315297
-2516374
-5462852
-323005
-3348589
-1394089
-3971089
-950487
-225882
-3507655
-2412574
-3218246
-4541277
-4337000
-2738004
-628233
-1695964
-1789769
-4003389
-1084529
-6825670
-4149590
-4135653
-4190064
-1327577
-3928034
-1635602
-3094347
343097
-2940191
-2814471
-1495455
1288680
-3349299
-3119027
-6070435
-2590852
-5417779
-2579859
-2330941
-958655
438012
-3906252
-705477
1176172
-2913347
-3832676
1576657
-315966
132380
-1816166
799567
1340711
-2387550
-803292
-283173
-2647892
-1323245
714810
-1209520
-3753667
-4152284
-3592474
-2873608
-4010539
-1684312
-7427149
1895216
331970
-845145
-4178792
1510909
-1818522
-3734325
692609
250187
-1368779
-379473
-807277
-3599119
-2081262
2739707
-3607283
-2286414
-964699
-3865194
-2130244
-858817
-3107415
-2929951
-1503549
-177940
-238714
-3867159
-1779754
-3967136
-1129006
-4209131
-5917741
-4879752
-1119977
-2288090
296980
-691996
-4773094
-5278618
-618409
-609831
746729
-446983
-3208616
-4202940
-3443793
-442498
-551213
-3374378
-3973259
-1750223
-2166551
-291719
-901716
1707719
-2606467
-4587280
-468586
-3901567
-98719
367498
-1860330
-4077956
-1668863
85391
-3973101
-2045665
-2599597
-1192407
-5301560
319534
-1502848
-3513583
-1872555
-2513394
193982
-1559064
-2803051
-3497202
798159
-3289132
-4022580
1999532
-3819446
-1650542
-1657453
-73602
-3026120
-1301849
-2486597
-4338798
-3702281
-2624919
-2258379
-3584403
936844
-149812
-1291818
-159870
-50199
-3158031
-2680774
-6652624
-2615597
-3276036
843527
-3969505
-2697644
-2409029
2678765
-1001613
-3262776
-4659910
-722950
-2897940
-2370630
-2369909
-2187624
-4293291
-2543871
-1472805
-5293651
-2333467
-2086724
-1225681
-3876351
-1146050
-3431401
-927214
-1093072
-4761722
-1861378
-4320490
-529486
916573
-403220
841934
-4625
-739321
-1226790
178538
599449
-1450333
-5572502
-253982
-1546357
252315
-487346
-1393571
-2724930
-376306
587964
794957
-2922228
-453069
-481542
-1436325
-1158937
-4577091
-1051342
995623
-1888147
-2117033
-2952344
1065365
-3637655
-4259610
2266107
-1488559
-298357
-5292330
-2625026
-1111723
-1581522
1803383
1274096
-3149805
-923675
-4079637
-5626750
-3261906
-3717388
-3734087
-1206413
-874461
-4410981
-466482
-2018900
-49217
-1281777
-2044255
378493
-6808208
-476532
-3352151
-470923
-2145014
-3240541
-1310913
-3743792
-2950900
-6442649
-276028
-622259
-2655753
-3251765
-2374902
-991017
-2062285
231708
-1800634
-107561
-2831628
-4230097
388684
2550447
1139397
-2905765
-2328651
826946
-2681015
-940785
1282509
-5753015
-6138466
-1394749
-1745586
-2644620
126906
-1636857
1207550
1057775
-3832425
-4086370
-5173682
-744010
-2865012
2067120
-681225
416703
197891
-422390
-1806395
-2820709
-42672
-2585458
-1201817
-923653
441180
-4747824
-1793324
-96164
-2323198
-419167
-1046494
-2160119
-3595428
-5766290
745300
-4123188
-4840742
-526197
-642419
-1364393
-2254178
-3578956
-2368759
-2772365
-2520514
-1962991
-209552
-1096662
767300
-275772
-4760167
-2897546
-2089052
-2030476
-1172539
-4592232
-2996387
-4648481
2528286
1156894
702440
-6481304
1265345
-3334451
-3690485
-5004542
-240500
-1816327
-1998653
-291119
-2538757
-4353270
383450
-196624
-275440
1655457
-1319670
-354952
-3148726
1002832
-5925439
-4563027
-44882
-197023
-1076237
-2206292
-2075935
-46279
-3283379
1287504
1228257
-4511342
1964086
-435073
-2261759
1554235
1489845
-831521
-381521
-3631709
238323
-6339442
1456903
-6367203
-2642061
-150038
146122
830800
-1093749
-294104
-3373481
1489365
-3513981
-1405667
1309369
71760
-2562518
-2482159
-1862597
-3587240
68068
-1011688
-2310621
-1757164
-1335352
-2933343
-1591924
-3350677
-3360961
-661708
134334
-4682507
-1646859
1188564
-5284733
-3357559
-3300028
-2628847
-2441846
-1706735
-5882889
814874
-2483342
-3518477
-991669
213539
-645412
-2293950
-2770276
-2245435
-630190
-1489535
12933
-2601442
-3876383
530982
35263
2994043
-534366
-3994435
-4370028
230946
-837525
-2968307
-362402
-1278987
-2998440
89416
-4432735
-1676670
-1005996
-2232672
1313412
-2444850
-3530636
-2914505
-267719
-5453754
1026664
-5735532
-6975
-7525068
-157334
-2390650
-3590025
-1700352
-2875464
-1188686
1694996
142214
-1037082
-2809532
1331063
-2382306
-540365
-4178725
621030
-3223314
-303919
-5388459
-4107579
-2720551
1717249
-13436
-1476531
-1003824
-1887672
-5594996
160645
-5536036
-1610628
-701301
-3367713
-3460189
-2676546
-1608991
-880668
-165355
-2594793
-4289723
-2777801
-1952057
-2007635
-66897
-784660
-3775370
679075
-1099675
-2343206
-1923910
-7003907
662960
-2682419
-5647079
-2775560
224929
-2676014
724486
-2042507
855880
-4866971
-2562289
-4224558
-1299533
-5108118
-3716973
-2122885
-2096234
-3384265
-1462803
544067
-548597
-2404122
-3387461
-4968558
-1818238
2051446
-1991424
-1252050
-4056343
442322
-1093591
-1028643
-791650
-1314284
-3871680
807815
-2149369
-1934543
-1800054
-3262260
-3103771
-2147833
1592803
-2632220
-2814597
-2403638
-4032846
281043
-2056261
-3950692
-2529062
-2229321
1431034
-3723124
-3835041
-995867
-2934140
519343
-319254
-233266
-1331915
-493854
-688524
1760586
-269200
-1347792
-5112828
-5995216
-3208335
-3746340
-3337208
1047582
-5238256
368052
380979
-3940857
-338535
-447301
-2313694
-3236935
1216649
-32962
-2045441
-2377835
1982269
1991725
-1239862
468997
842748
-1404527
-1928344
-2153134
-1125976
-4765706
-3693154
-986278
-3936911
-4172327
2587197
1840749
-2262990
-2460725
-4484897
-69825
976992
-3371996
-2361533
-1295027
-2527713
2713289
-2308824
-4047150
-2408766
548690
-4104319
-207171
-2635534
279337
218810
-1670985
-2255306
1676143
-2550404
137774
-2520688
992303
-2236829
-5134390
-980201
-1418049
-2048848
2027794
743102
-1790753
-205253
-1327553
-2810887
-4070313
-3329845
-3049768
-3837654
-1963562
-1797403
-3275765
-2726976
-46550
-3092687
-4013403
-1890860
-2747432
62784
-197084
-2603689
1440735
-5375463
-1163132
-75460
-13984
-3371908
-739195
-2765420
-3543813
-2056846
-430765
1117832
-1381679
-1528580
-2264579
-1669776
-3770590
-4815822
409913
5409
-66423
-2926595
-4763358
-741786
2684525
-4799204
491554
-3400419
-869657
-5260644
-3073760
-2648498
-6740402
1055175
-1409898
-3567812
-2900576
-146765
-3265612
-1320940
-2557832
-2929266
233476
-85855
-2670592
-2338188
-935883
-2507996
-1475113
-1198128
-4184141
-2700260
-239679
1455643
205778
-5035723
-3492249
624088
-3887619
-544331
-7705595
-4108583
-1755263
-3954794
-856096
-3267820
-3604928
-4005462
-2784099
-539491
1246762
-2731489
-7144761
-695182
-2355477
-2397016
-716848
-2920411
249537
-3258732
-1034075
743103
-3145278
1164571
-2403741
-2458042
-1201071
-2650076
-642943
-3280504
1200592
-4921690
-4048743
-3564120
-4257761
-3443389
2010967
-4253343
-1228983
774861
1216655
-905174
159767
-396917
-3700826
-5432262
-2803620
-3901362
-2478025
-1611068
-1240282
-4576349
-1237396
-778317
296530
-1484826
-765211
-3287094
-1053236
-2799555
281325
-5587005
-2590924
-3955318
-1910272
-4959403
-1167259
-2799791
-3328253
524555
-1848592
-1634670
-1639536
-2857942
-3847120
1697425
-1225382
-168655
-1555940
2168450
-364101
-1530045
-4194246
-1322382
-1850381
-4923670
-515226
-2728746
-6725682
-655457
-2160594
-6833962
-3119860
-5621983
-327640
-2369323
-3279508
-2456596
-15231
-3641782
-333744
430876
-3962379
-69402
-3207498
-2711421
-2703955
-3569265
-2959315
-6339438
-3377245
-4223921
-245686
1202816
-5306405
334369
-1482531
-1982594
-4269701
-4995293
-729307
-982536
-3072380
-5518850
-2585954
-4068
-1641490
-4133323
-2647436
-4058240
-1843663
-4629458
-2654637
-2968754
-3386202
-298172
-6269212
-100818
-1141450
-1457408
-3292149
-1227549
-3016716
-3340918
-2808492
-2182507
-1386687
-3560104
-3541410
-5435225
-2123238
-2127199
1304967
-2910696
-5141709
2086969
-987277
-4797883
-489227
-4413407
204474
-1679664
175268
-4417410
886575
-1771294
-4565687
-2500030
-4277583
-5213983
864478
-1231972
-1519691
146607
653268
-2868924
-3559539
-3541717
-2438141
-3452313
-2152046
-5061638
-1755966
-3521711
-580781
-3962773
-2745319
-2869298
-4078300
431044
-2842505
646215
-6472714
-4382065
1031986
-878531
-1423805
-4158089
-5105554
-971129
-2891509
1805462
762741
-2090535
-11310
692552
278449
-4166380
-2242784
-3627125
-7762167
-2596663
925097
-3007692
-1759416
-6708189
-2671293
-719132
-414123
-4305472
-3581130
529710
-4323370
-1375613
-1429828
-2562758
-1846983
-2036678
133419
-5048579
2013951
-2039218
-2369928
882131
-1967503
-2712175
-5825772
-765965
471887
-2033770
-701971
566985
-1463064
-1631955
-5640957
-456366
1720816
1530773
-1129699
1404405
-2212609
-1873108
967718
-1146613
-3092672
-1767928
-5839427
-3659463
-1870106
-2633478
-50529
-1666589
-2776793
-1217191
-1499871
-4145359
-2943087
-3493635
-6193775
-891998
-1834132
726324
-2297174
-3312220
970630
-2773842
-3177797
-990682
-768764
-1787464
-3359238
-2649549
-4442765
-4332659
-3246273
1431373
546965
-2325699
-4135696
2315955
1923982
-2980876
-1551775
120403
-1672097
-3516592
-248515
-3889805
-1547967
2722566
1908150
-1121097
796084
-1286862
-1046921
-2684762
-1446914
-3006679
-3914359
-2748022
-1826782
-2973870
-5662257
96911
-554501
75723
-2119623
-1691836
-3208218
-3125871
-291554
-3090300
-5458997
-3504885
-205027
853536
-2042069
-4948131
-2423831
-583027
-3400056
859146
-1408968
-2034913
-3758357
1006948
476648
-1024008
-1987524
1705470
-3846450
-2660930
-593235
-3241332
-4378879
-5032540
-4517164
-5055098
1732700
-1915798
-2523681
-1839894
-2040964
666648
-1261240
1517766
-2700775
-5246545
107205
2130194
459747
-880727
-2011423
-2991835
-3399746
-784370
-4001504
-2605290
1427683
-386728
-3828046
-2286727
-1507827
848676
-4555337
-4070622
-1027848
-2259461
-539550
-2981725
-5061760
-2169621
-3910997
-3021517
-1667236
-3385706
-3588501
-255960
-3304748
-1473630
-896125
-983774
-3004383
-2620162
-1805014
-1718810
-4389105
-1143641
-2761109
75284
-2352589
278954
-1804443
-728607
-3574095
945726
-487495
-3613036
-53152
-3135534
-1237353
-4629460
-2610925
-4063215
-3853547
-2430895
-3797584
1605944
-1124577
-1078957
-322883
-377744
-3323845
-4655512
-1925466
-4870826
-3131863
-1635441
-2414942
223011
-3705777
-170362
-3169357
-2533236
-2648227
-4513926
-718140
-856648
-2587282
312457
-2521775
-2232291
-1778467
-678877
-517727
-2050298
-342230
-857418
-2680269
2004078
-3007545
-861815
-1537367
-2520028
-3939090
-545161
-3362134
1099558
-2411105
-2950593
-2543294
-4132022
-3268510
105359
-4198135
-1961038
-6041023
-1674262
-1480150
566054
-7144672
-307588
-1773136
-4154469
-1140526
-2353008
-5080469
-2755078
-1525098
-3092392
680809
-2044188
-3128730
-4948949
-11037
139130
-3432096
-1029500
642509
-3840861
-4967974
-269819
-1520657
-4590372
-2103956
-4194960
-2632733
-1102091
-384
-2756730
-1030184
-3856108
-1971004
-1467825
-3273881
-1047230
-1516788
650821
-3895633
-2516913
-1698710
-2284173
-2704590
-1492655
-2721350
-317945
620149
-4249723
-4377839
-184104
-67687
451724
-2895592
282
-3084167
-594224
-266971
-2193405
-3572251
-670279
-518345
-631857
898194
-4511324
1486952
-497533
681983
-920757
-1485029
-1185226
774713
1676149
1271655
-264429
1174482
-1463619
-4864028
-463653
-146019
1256343
-1036507
-1618281
-2070444
-186698
-3283707
-2830173
-1280972
-3359004
-2406954
-1934509
-1126618
-4580909
-51598
-4815644
-2650950
159735
1843214
-2136049
-3276742
-1194905
-199930
-3201596
-1403811
-2279341
-744799
-4174189
-2761339
899765
-1872373
-1700325
-3868153
-3674792
-2745114
495201
-802922
196269
-2778375
-3559012
-3326303
-2894873
1205645
-2309146
-1448122
-1101294
-4452275
-3279843
83460
-2042992
-83686
-1801073
-224923
-1906352
520734
-2746393
-3065560
-1106962
-539848
-5769470
-2472906
488076
-4424984
-209050
-1706940
520323
534102
-373910
-3644777
-3202400
645424
-2780084
-274412
-5948262
-1251743
-2689520
-2451292
-142138
-2684060
-2660295
-994089
919611
-729892
28928
-542592
-260157
-2039965
-2285789
-173198
-578974
-945379
-1605338
-603003
-4379069
-1519364
-6288538
332996
-410914
841286
189796
481398
1831120
-4545123
857402
-4359179
2473075
-594721
-346957
-94066
-1313642
184202
1648083
-2363608
-2621699
-3083687
693396
-1777458
-1779102
-5001477
-3886087
-487339
-5326209
746577
509135
-3567741
-2959557
-924699
-2102854
-1245657
-2769211
-2383364
698259
540266
-5313622
-3008758
-2983604
-2785215
-3155405
-2183627
-1341855
208029
-927697
2420206
-4580590
-1345353
-3156648
398871
-3092123
-2359979
-3026978
-4157297
-1063356
-778770
-3988969
-2727679
-3262818
-2379450
-2736767
1300969
-2562622
2445546
1632617
-1286650
-2822340
-3896785
-1968246
527115
-4184891
-1894888
-475618
-2954495
-3437655
-1999127
414824
-975634
-3289114
-61243
-62003
-243516
-3216030
2465157
-901801
-1669870
-1291126
-2721477
-7281055
-3252992
-3300584
-3939597
1310547
-316657
-7153291
-2543296
-2300036
-116987
-4147389
-3875285
-1438907
400310
1420844
-2455331
-3727527
475359
1828811
-2327477
-3247094
-4225090
711814
-1292059
-3089093
-907650
-7727
-3002982
1068597
-3160366
-3930695
-1478494
-1200590
-1212945
467912
-3025634
157376
-3443047
-4807291
817435
-3438138
-292005
-2102468
-1989276
-3137234
-1375206
-1711098
-1260107
1192954
-337118
-605587
-3440393
-5235541
147197
-404960
-1735533
-3082316
-6793167
-5053861
-3694097
-2830204
-4716760
-2968320
-2047013
-1557115
-2722040
-5839818
273119
515998
-2239259
-1464111
-750491
-1207383
-1371815
-656441
-3623272
-4824164
-1522910
-619378
1373132
-1179788
-4519070
2299160
-542988
-2245448
-4860670
-2078090
-4157475
-4426779
-392279
-3686029
1419404
-3855677
-1532718
21822
-1665352
-258565
-1214505
-5488508
-2454890
-1864125
401631
120233
-2240859
-2869969
-2780641
-6296642
-2667229
1350789
-1946363
1865535
-1670976
-473358
-2307912
266493
-4119655
-1601210
-798189
-3659271
2479062
-2375406
-2175879
-1068002
-2128092
-3108153
-206816
-2607129
-2717966
2895246
-3812315
-120680
-2975975
180570
729019
-2432565
-6551250
-4614553
-4334823
-2373774
-1885963
1196358
-406713
-4869111
-3221090
-1089021
591693
-3047625
-972953
-1050645
-3948472
-1000789
-2258232
-1218451
-2782500
-3819844
-3183945
-14108
-2599474
-4706588
-2947971
180031
-161670
-2868563
-220137
-18258
-2858339
-3922034
-6357752
-1716859
-3350
244767
-1612781
253407
-3466348
-63769
-421025
-5621917
-2229906
-2764338
-4990141
-2067619
430606
-3614750
858304
-2041397
-4893378
-782483
1348027
-1812045
-323322
-1791217
-5353760
-1916042
1564057
-2049659
-3745495
-2469719
-4222631
49309
-2027558
-327895
-3418503
-1432065
-2611195
-3962361
-3068709
-3444796
-1367909
-5694781
-3303511
-150051
-4416020
560307
-3607124
-3012179
147347
-876780
-1613784
-566556
604701
-2781027
-532570
900877
-409943
-3183264
-3650829
958940
-2268413
-207873
1437807
-389361
-2129648
-1221657
-99550
-2245955
747594
-115948
-2485814
-5353528
103604
72356
-3580711
-3146535
-3235263
-3114590
435295
-3829408
-4381418
-89768
-682201
-1953669
249418
-1430764
-4496322
-5243786
-5341784
-2113704
-2151645
85197
-794630
-4388673
-5718383
-2393562
293360
-3356332
-738834
-164576
426927
983318
-2401865
-3619767
-3550766
1721757
-3124345
-1069734
-1383486
670469
-2587838
276699
2270760
-2881084
-1727550
502005
-1336925
-3466783
-2776707
-1800366
1129415
90135
1058559
772083
-1173148
-3977047
-115023
-336200
-4030532
-4184880
-4683908
-3005634
-188162
568053
-5608534
-3035026
-2393566
-3606509
991428
132487
-1690933
-3823191
-2662080
-3880037
-3413145
683618
1475793
-2444828
-1332526
-2649478
2640146
-224462
-3659226
-828563
-38481
-1014159
-5821709
-3303909
-3812017
1715872
-3632817
340403
-4316141
-1676847
1429757
214976
-5124718
1908744
-2568548
-2193194
-5294274
-2710098
-242587
-1032292
-5014755
-2089568
-1061345
223065
-992771
1398054
2098596
-2318282
-3251973
-218185
-4173122
-2458043
-4834094
-4492971
-4470124
-2322486
-4544167
-999818
-2254914
-39572
-38606
1658393
-3087238
-1992165
-2513191
-3193137
2262157
419429
-1288902
-2230824
-2704687
-670485
-633575
-970638
-4602641
-2424375
196237
-4446354
-2153530
-162042
-5093411
-2802597
-4722341
511908
907453
-1196113
-5727427
-2449942
406376
-3323962
134264
-2515390
-5228256
-4161616
-3637562
507236
-3972464
-6425628
-1085683
1679716
713038
-1782751
-1178740
-1790861
-121029
-3045828
350046
-4640854
-410717
-241137
-1797410
-2659233
-4067919
23107
1083476
-1164918
-1862281
703480
-189566
-2349024
2105629
-1403150
-3074520
-2610822
-1812456
1166390
-5155834
-2700720
-2642090
-5925524
-1323340
-4393233
-3186364
-3519261
-2875313
628689
-3432421
-2999723
-867691
-3696
-2429603
-1630523
-3185085
-844425
-75312
-699435
-3681497
154252
555063
-2374743
225416
1988016
-6388482
-5223952
-2560725
-1694499
-2820269
-1980977
-1387091
1861533
-3281352
1400493
32191
-4085803
-267954
693555
657957
-4466329
-941509
-2515543
-1669825
-3029333
-51264
149723
-4191879
-2213446
1068753
-224381
806246
-4725422
-929426
-6245063
-774179
-2335268
-2978555
-2654011
-817827
-1414422
-3871807
-3082414
-5048104
-1933521
-5952863
-355563
-1995664
-1437623
-681849
-3938610
-3380948
-3620429
-1372025
-2139835
-2896833
-1718117
761253
-1763615
-3294173
1241168
1541466
-5024253
187587
-4655545
-1851926
-2920504
-4278073
-1228768
-4288358
344871
1337769
105673
-1629149
-660308
564947
-3302038
-3422680
-6167507
-2167192
82978
-253167
-1272158
-2029651
-6024963
-5286951
-1112155
-5831433
-2425372
382034
323398
-1967245
-2530379
480855
14699
-1429542
-2161158
-171437
2034738
-1575734
-5648775
1284871
281797
-2292598
-1486995
1499121
-1887101
483188
-2798514
1171383
-548199
-212054
13116
-2723562
-2917468
-6894594
-951899
-1910035
267059
-4055050
-2369064
221040
-233892
-2262707
-1641634
-2740739
-510315
-641093
-1933678
-1301635
-2415762
-3457383
4545
-1476546
-3367083
-2138843
-5598286
-626034
911301
-971847
-1252716
-1318667
-334648
1552287
-2495361
-1146007
-1015019
-75087
-2634685
899485
-4158457
-4809523
-3227168
-5312691
-1931022
1897443
1935297
-2997033
-541396
-9391
-3960929
1238931
-5404652
-365876
-422190
-3985619
-1976563
-862775
-256338
-1883863
-1012455
-2556922
-1821512
452773
9837
-5809756
-933151
-6822998
-1006291
1042089
-3078832
-3556055
-5715065
-4497837
-1488539
-1747437
-566867
1620031
-2738262
-615436
-3368579
-368871
-534713
-2333425
-3570378
-3288450
-5366501
2552597
-1325110
24563
-4048649
-4254384
375435
-4462028
1681702
-759989
-45553
-4364789
1148905
-1901351
-2759720
-3507896
-193895
-4766908
591360
-2797438
139250
-2843473
1040846
1060322
225903
-4558886
-419879
2081428
-3983078
-2592208
-3724973
-7515880
-4132369
-1717802
-2065774
-1211860
-2008566
-1403094
-4477912
-510195
-2023242
1117384
-1413865
-1403357
-1615333
-4220920
1322071
-1680490
-3038586
-517119
-3887517
-905569
-3641241
-2483272
-5336694
881789
-3766436
907017
-642272
1524842
-3392419
-2463770
-481315
-2604372
-2532071
-1867331
-4168207
-2505170
-4012413
1120061
-2581871
-119945
-3585450
-1591402
-1128781
-1564211
-2752574
-2878897
-696736
-2700368
-2573181
-2680315
-1303139
-1897158
-1934175
-3652618
-3496201
1315236
-2953705
3308322
-4880328
-957362
-4159350
-2433088
-3308632
-656209
-82271
-3216864
-734392
-802296
485468
-3680389
-436134
-1149840
-4099588
-1011068
-1676944
76394
1324963
-4184458
-3412861
1629069
-5414283
-485938
-1569866
1379791
-1169376
-2915850
-2415004
2368396
-3019333
-3517990
-1270743
-2144151
-1864502
-3768591
-2816724
-3919562
-5662460
-1701127
-824206
-5454809
-2021189
1356622
-95278
-2282627
-5086813
-1372073
-1056594
-589298
-946489
-3732693
-156935
1238575
-2940516
-1498043
-2370178
6917
-3492950
-2796248
-2072597
2010527
1581183
1654257
1213600
1109684
460782
1921675
-1474730
-1991027
-1675793
-1594599
-3459576
-4067064
1158442
1384266
-2262774
1214132
-1203539
376537
-3018661
-377509
-1279697
-2174272
159677
-3302097
-2923777
-1030896
-5765733
454413
-2355428
-1324041
-2518286
-102910
-3832482
-1984007
-3567439
-2111579
-793233
1112582
-465418
-3770711
-3372201
-2503194
-2890725
-5338272
-142526
394282
-887643
-2346681
-95431
-5295274
-6376922
943400
-2574686
-304368
-4356596
1445667
-5078595
-922715
-2174897
-4098563
413230
-3450945
276295
602137
-1298615
-1948033
-3818797
-1005513
1016878
-1750473
-691476
-5798388
-4755601
505397
-1304129
-2212730
-150387
-3105558
-4838245
-129814
1566445
-3286951
-125034
2661837
-2829352
298993
-5093291
-4630015
-2774919
-3824406
-126314
-2863954
-1811639
-3784015
-1764700
-40129
1182509
308106
-405325
-569587
-2292780
-1895086
170387
-2226031
-3212945
1261486
-3017133
-1598156
-3201630
-1486200
-2886801
-3160884
-3872038
-4140128
-3499352
-626444
-2350959
-4844021
-1244365
-5103345
-3716475
-2396603
-6558373
2059221
1206609
-3070249
-2306731
-2048490
-1904054
795575
-2281173
-2117206
456408
-396062
-2582287
-4273278
-5363805
-1904268
-1874111
188114
-4601339
-1786406
-1687331
-4766581
-1186905
-789349
142353
-2563972
-1509720
-2976622
-1478456
-2257790
-3217272
-273588
1341041
-5717621
-164541
-3473689
-1134755
-3705155
-1829289
-2882370
-678483
-2415071
-2346977
-206030
-3899923
-2946317
-1869445
-1118421
-1794672
1656745
-958379
415386
-4350722
-4373453
-2351084
-2738386
504895
-2225291
-7748467
-653809
-4249506
-868573
-3899710
-3445406
-2292531
-3267069
489131
-4396546
-2557780
2906746
-3841715
231479
-3826708
242429
-3410121
1465175
-1172991
-5324898
-4727393
2428331
-3189446
-3230397
971680
-3931357
-1547057
-3688424
-1363770
-961052
315466
1099686
54086
-3091999
-87641
-173399
-4765583
-1604328
-1323498
-486522
833057
6718
-4319705
-315996
-2358352
-2431434
-837332
-3198278
-60263
-4130244
2691930
-88924
-3192919
-967197
-2334207
-957821
-1316931
-1553529
933555
274278
-4049258
-2749884
-5541674
574833
-3339215
-5987969
-3071603
-2876434
294738
-915998
-1679195
-4650924
-210017
-2811771
-2015091
-1394080
-3977116
-3766017
1075486
-3680794
-3913222
-686001
-203348
-380171
-20428
-783691
270502
-966189
-1789429
561451
-248062
-1463428
-797554
-2941834
-2883963
-1931966
-936130
-3424118
665733
-1255310
-1220919
-3824026
794756
-2003108
-2230114
-1175017
-1210838
-2132916
-2462942
741313
237964
-3126035
-1149524
-6174001
-4917557
-2652
-2532698
-2400723
-2874478
-2189491
250375
-2051551
-272008
478811
668040
-2331178
1970704
921969
425829
-5018405
-1128277
-3415275
-2769412
-36767
-574631
1141758
756741
-2292867
-5384400
1196297
1087934
855367
-4201040
-795132
-4020608
-3888906
-1859343
-2961506
-810069
-5736713
-5632026
1760999
2141749
-2915387
-327029
-1857000
-3817604
-5867339
-1918376
-3307558
-3196318
1701737
993724
1908626
154916
644203
-2897429
926180
635340
-5003672
-2278699
-1025407
-1699462
-1873999
-5944213
-1265676
-4736293
351560
-223887
-1969093
-3456179
366499
1016614
-2164081
-1063061
82449
-4417152
-1389465
-551211
-1768058
43852
-5099072
533496
-4429394
-3474559
260940
-1165613
-3766962
-2145200
-1340327
-312204
-355866
-2560041
-4811231
-2792901
-824445
-2926486
-2349684
-6350048
-1395991
-447505
-3602651
1823533
-3194871
-4089473
-4450901
-346320
-1860666
-4154004
-1606512
-5809873
-3857418
-1436018
-430866
-2016333
-2342485
10914
-875943
-2868525
-2354841
-2629993
-327141
-1287699
-3837932
51874
-3104366
-1428265
-1984864
-2130950
2398339
2235552
-991268
-1207352
25911
-4384653
628756
-2479827
-2307329
-4473247
-2311324
-3130392
-820938
-2548144
295161
-2509193
-526465
177490
-3159915
272605
1117802
346911
-4639171
-4380081
-4884422
-2939392
-818299
-3699191
-152131
351899
-2799179
-805940
-635464
-3905361
-778163
-1283672
1522627
632850
-336911
-719620
-2351631
-757082
-5797680
-2181368
1097414
-1134633
-4807127
-4736841
-2053952
-2207695
-1830458
-1927723
-2228720
-2460671
-625480
1594878
-1832016
633714
-139254
-525881
-3634999
-6422319
987366
374288
-1991239
-34352
-1965665
-3178758
-944405
-5299651
-3577134
-2111625
-1406059
1984991
-3185196
-4943990
-1511873
-169932
-4284117
206387
-3618225
1925781
1484330
-3289594
-326374
1713721
1292852
-3408043
74378
-2077549
-2344165
-7062347
-805136
-4468778
544756
127286
-1690490
460712
-2257661
110334
-2379562
-2864451
-2615489
-2979175
-1720572
-3594320
-2040555
-3863417
-1086088
-2327950
-2769419
-561976
-2017980
-6487480
-3481980
-1102652
-2301038
-467312
-1783378
-528062
776525
-1378650
-2232934
343873
-334686
1613240
40722
-4273944
1059624
-849042
-1690781
-3006810
-1179803
-1137345
-5960564
569748
-685860
352255
-4558
-3300004
-4488403
-1876364
-1010185
-3002465
-2336165
-1944922
-1975875
773008
1093457
-668766
-3254976
-3593963
-3962409
-1484733
1736991
-2469317
-1433199
-3547937
-2381052
9074
-802884
-887749
-3155387
-3304408
-2213055
-1426086
2114945
-4404652
3203849
-1631920
-3307899
-687373
-3023090
-1632414
-48112
-413191
-1570489
-2851102
-2354118
-3323806
-1119258
-3227474
-3260241
-1923940
-2266808
-2237193
-765349
1008442
-2844925
-894968
749571
416730
-3237397
-1132687
-2056649
-1789751
-5312447
-5516786
-2760005
-4284015
226540
1305156
-3548148
-1539843
396726
-5016481
-1986144
11637
1881296
-3835574
-2603250
-2074357
-3369595
-4389618
231792
-2630178
-2225029
-187906
-115372
-237501
961991
-3184671
2118343
-868926
-5134998
-3502296
-2174526
-348927
-2772014
2791554
-1485208
-953080
1572028
1356595
-780420
-712031
1914242
-603112
-698496
1539536
-872735
-4947316
-2627130
-4920593
486041
16123
-2900380
-1034783
-2424247
221722
-5091225
1554620
-2732275
-169131
46264
-990911
-3211236
18015
-1895904
-3883449
-305297
788255
-5902460
-2872768
-742539
-3219173
-329486
-1781340
-1813994
-2587093
-2568441
2500618
347432
-4123063
-3350342
-5475130
282710
1690020
-3194932
-4143946
-1197104
-3949286
77034
-913609
2754648
-4084030
-455795
-4216437
-6747148
-2116481
118494
-1503455
-3621444
157999
477355
222572
898994
-1085452
-750637
-3628481
-2608148
-1634058
-47055
-3701217
-2103164
-3822543
-1236203
-2917178
-1849502
-3270977
-4342245
359111
-3754753
1496268
-7004104
-834107
-2016552
-2838962
-5165969
2404024
-219431
-4736354
-296171
-3394947
-2471418
809418
-6281854
-3972243
-6527609
-1492359
658048
-3180989
-1872555
-3504565
-372304
-3249821
-2652611
-2485654
-137297
-4738633
-1258184
-1663864
-980139
49344
-1732204
-933660
2098233
-3153090
-1106363
-1379028
-552785
-2553530
-2369020
1669944
-2619092
-5958405
-1890396
1355050
-898636
-1764467
-5032917
-634909
-2523644
-700539
-3813036
-6421767
-2073288
-3660106
-2905387
-3026414
-1461824
-1785327
-4024751
-5093896
-125013
-2902931
-1809126
-3872851
-5260325
-165405
-5396979
-3081701
1473372
-505354
283846
-1622061
-1192289
-4602351
-3793090
-858901
-2388601
296768
1799317
-5682000
263502
-3138002
1896477
-4122253
-2526571
-5243481
-6597005
-496136
-1823657
-3980340
-2571837
-3504231
-3922688
255854
567046
1103395
232547
-3121837
-2312715
-3016119
-2714875
-3686909
-2340388
-3516776
-3474559
-4624430
-2562952
-3533166
-90846
-1357231
-864421
-1621886
-2078791
477477
677971
-2009383
-1287497
-3227989
-1704353
2360672
-2889783
-4184046
-1482187
-2479534
-1575408
-2292274
986484
-1223296
-2621372
-3402769
-464873
-1958392
-4701564
-3032638
520977
-4610472
-1972668
-238879
3553504
-5368894
-896914
-6772420
460191
-2729788
-1757391
-1480197
1218584
-732013
-1635022
-4320188
175600
-2122064
-665811
-2614042
-1471938
-1239244
-2693835
-3161941
-1932604
-2105100
-3541885
-2942648
-2585927
-5755939
-2373666
-3690361
489661
-1971770
-4354164
-2749345
154206
-688244
-1473012
-2996077
-3157088
-4581636
822509
-2685369
-1096688
-1293689
-832560
-2840743
-940360
-4410010
-402228
-3270605
774058
-4042213
-2052744
-1956571
-878156
-75519
-3953939
-3433908
57765
-3795041
-2793226
-1726848
-3418396
-2385468
-970142
-1704100
-1017829
-1033837
-2426203
-2298552
-5506823
1346942
-4906435
120355
-1717984
-2908306
-871137
1206553
-934991
-3538469
-1691654
-3290770
1839552
-2550863
-2131622
-2013114
-239578
-674194
-304699
-3210897
2596639
-3998691
-2974773
-2779638
-2779758
-593418
-6418780
-4720110
-1013373
-797731
-2345663
-3145502
-428192
-3534836
-2888486
-1610290
-4947660
-1906587
-703477
-1946981
-5591894
-1324933
-307650
-239679
-1120889
-3137635
418672
-3442498
-1134001
-1478475
-3192763
-4701460
-2192773
-1076668
492230
-4332793
-6096246
1976727
866443
-2791239
-66481
-1625233
-2455006
-1300832
-970717
-2486399
-2300406
-4379485
-5180098
-2772523
-200673
-1805991
-3539474
-3272800
-5140456
-4874415
-4930463
-2096449
-6719289
-2872390
-3924788
-692299
33761
-2464551
-2556083
-4157381
-2715195
211253
-2354851
-3151006
49418
-965817
-2131259
561808
1634303
-1067763
786565
-1303166
404907
-1423643
-587443
345458
-347536
745355
-1669222
319413
-796248
302811
-2127939
-4772603
-1080963
-2748562
-1316068
1907032
-2860636
-2742386
1280973
-2887438
-4388030
-3097959
-344202
287498
980561
-2030623
-3455509
-1909152
-1460709
20018
-1907127
-473038
-3542360
1407013
-1756477
-977585
-823495
-2918260
-1489083
-2918782
-2863514
-874796
-6030358
-3248482
-1002014
-310693
1527374
-1058601
-4395673
37589
175890
-153140
-2810874
-895844
-202698
-3726832
2429051
-286548
-4315754
-83125
-3494487
-2858978
-2937361
-2831589
-735822
-3636851
659714
-2433467
-1049761
-1056981
625376
-6579088
-2114853
-2958465
-5108900
1273289
-1710793
-499905
-7433310
-19117
-1262579
-6902040
1438255
-2576490
-2712364
-1762447
-2988413
-1789736
-1577605
-2236229
-3699490
892659
-3067508
-3165274
-1029325
-2643121
97314
-2821248
-3508344
-1767593
-2377604
-4823291
-1987834
546242
-3883018
-726555
-4660747
1226099
-2895147
-1953071
-2337885
2243765
251833
656126
454951
-1736806
-3554458
660402
17488
-1363073
962312
310475
-1765131
-1950851
-1751830
206714
-5666500
-1307600
-953327
-1403032
-2407862
-3131688
-3693859
-4377081
-2724632
-2265659
-3718516
-948768
-4960379
-3542976
-1487244
1725569
-6542975
-46043
-3063708
-4392330
-1281738
-957173
-4045125
1790826
-2021239
-3531193
-2403175
-2589839
-2082852
-2705807
1207955
-1609802
-4265976
-3183023
-2245998
-3613816
-203112
-3636778
-1886413
-1637912
110213
-2576719
-2058663
508976
-1228369
-236583
-827310
-967236
-363742
-4652733
-3532314
-2526805
-5210510
-204085
2230797
-1682339
2456059
-4173169
-2779722
-4220049
-1264896
-4749512
-869189
-865650
-1578157
-593754
1190853
-1569767
-2571104
421084
-3675990
-2626295
-5505833
821258
-434242
-3037128
2808949
-5637172
-2257517
-94999
2219808
-954953
1489758
297738
-862775
-3781016
-370744
-578443
-1194634
-1839363
-2843992
-2566127
-2236525
-607577
1962303
-809966
143634
-3003671
1481608
-3073394
1025099
-1852739
-2109823
-2011897
2026823
-3136316
-4252433
-541468
-1519721
-1761169
-475601
-239880
-4917067
-3952197
-3402176
-802684
-1465884
-5014497
-2861362
-2645504
-3256933
-4245791
2396132
-4178886
-929717
-6598850
-2088063
-4327358
-265226
-4256723
-2269659
289564
-3285798
-1951279
-3038060
-2748717
-3465104
501206
822353
-1112844
379605
-1950826
-449729
60772
-1475080
-245635
-3681546
-3941810
1383424
878120
-844677
-6127545
-3841447
797655
-3027264
-6732844
-1715368
-3645844
-4686443
-795086
-4156026
-2966758
1337762
1296551
1054025
-25904
-4035854
-1037737
-3147103
-4972592
-2406171
1825788
325556
-3494557
-2078295
-469756
16631
1055762
-2174181
-2704446
-510700
-1824915
-85855
-5070705
-5265580
-689219
-944186
-3614636
-3110093
-2893515
-537106
-2469431
-1111774
-4736761
-281455
-1830086
-2521468
1982753
-2623439
1862038
-2682102
-3249864
-4139449
-1494671
-1899889
-3128297
-1603095
-1204541
-224078
-774380
-3226822
-994868
-2574275
-4115460
-832345
-2512900
-1485469
-1100576
-2600321
-2611500
-3953696
-926069
-3020443
-2771397
1938146
-3192786
970929
-6197515
-4560112
-1059646
-3454417
-1422554
2399531
-2557866
-3515705
512874
-4120946
-3394836
-830881
-1025687
-523867
-130516
-4226737
-516674
-4668406
-2353168
2315840
-1678367
-2027062
-967041
-1096506
-6431363
1220071
-2633561
-1334994
-4276939
-351905
-529646
2371915
-85859
-2360299
-4642696
-3929513
-808063
-3736022
1140376
-1832777
-1741823
321489
1309658
-1641225
-3515882
-3482378
-1489148
-500344
-4572329
-3149696
-552571
52610
-2528800
78231
-1771397
292194
-2647990
-3127607
-1175
-265857
-2395344
-7802972
-3746612
-3972823
-3522931
-2400404
-4842229
-927523
-662084
-3199314
2287266
-3091865
1951823
-217811
-631176
-320092
1505208
-1406078
-2447337
-4010722
-3547276
-325422
1474684
-713901
-4186660
-1550877
-772371
1060838
-6156460
-3981862
-4075905
203649
-2758848
-1818696
6948
-1528340
-5651623
-796460
-1133007
