-2727419
-3356132
1663522
-4109648
-2344453
-4359997
-3582711
-3197380
-636863
317579
-4503804
-892511
-138922
-759654
-2919783
246610
290477
-1726506
-295451
679309
-3105600
460310
-67713
-3454771
-512014
-4305925
-4089740
-79828
-3687643
1077057
-1527772
-728421
-4444512
-1195997
-308600
160959
-4333779
-4347489
-2836574
1577656
640964
-3516698
-195343
-4024957
-1266227
-2837937
-2491030
-1370851
-4064631
-1611404
-3714857
-462255
-4845433
-5161703
-1407259
-2417086
-724562
-1118077
-44089
-2899376
-5383646
944865
195772
-3342724
-3775437
714459
-4192215
-4308145
-4422630
353581
-316960
-1693478
-79531
-3013342
-2296619
-1052173
688076
-1928746
-2028221
-643560
-96742
-3951825
-4503577
-4794189
-30508
1098379
-2118052
-454888
698304
-4045417
793682
-2994566
-4017473
-2875653
-2912997
278491
-2710163
-5111854
-209430
-2054592
-1360859
87125
-2318931
120920
86836
-5135035
-1455386
-5344319
-4283830
-97286
-960764
1417881
-3108365
-2096653
96734
243229
19110
-5317812
582222
554617
-3816973
-2963814
-4439513
-334944
-1306798
-1257630
-29538
-198831
-2003294
88882
-328623
-966682
-2251383
-1314868
-2100109
-572697
487430
-205525
-2183231
-614334
-1855769
-2074476
-1531773
299751
-2955755
-2456722
-4212545
-939451
-603492
-1425569
-193552
-1040824
-830390
-780153
-455312
-4155928
-1230606
-2611747
-2725102
-711828
-4117684
1344488
-2540545
-2203195
-536276
-3685922
-4043389
1532429
-753569
-4546500
-5265520
74415
-4375633
431741
-3280705
-5041212
-1516221
-1250899
-3591103
-2544862
-982433
-1589107
1062848
675407
-4987767
222295
822269
-567962
-4719906
1556908
-2249985
-4287993
-1212612
413716
-4211401
352115
-520983
-1086432
44763
-1334451
-106151
-2234262
-1761858
-646296
-1011686
-2147556
-2014384
-2102772
-1147223
-1764916
-128429
-4682966
14425
-5687299
-815220
-1476345
-2752147
-1150115
1055750
-4804507
1230157
395937
135329
-3764657
-1385946
-4333630
-3195031
-3615575
374008
-89765
-1650166
-981296
-982650
-1626498
-1240155
-2097960
-2955420
-984317
142872
511032
456136
-2996142
70878
-3522336
-796796
-4039155
-2759624
729934
-2873201
-4427941
1004208
-33850
-3174404
486124
-1772862
657073
155591
-656969
-1364812
-812944
-2223032
-868254
-831148
-82741
-4145302
316749
-1525152
-2328401
-1108111
-483643
-518468
-1102237
-4004896
-2737242
-92949
-2250220
-1039571
-3232970
-4898452
-644310
-1564574
-2918066
-754099
230193
-1168892
-4263938
583357
889284
-30205
-2042886
-323630
-2757418
-1671450
-4317233
-3659364
-4900438
-1154404
540849
-972357
-2160319
-3894735
-3659385
-4081113
1623254
-1130913
-215557
-13549
-1253676
-5409351
425880
-2861479
-3502077
-2925575
-2706186
-5418549
-3180328
-3623757
-3792438
-3304746
-1777724
-3753431
-2610812
-92203
121304
863309
-4271633
-357717
-3769418
-2860834
-4863474
-1171788
876300
-1321203
-3566279
-2837243
-3975722
-1837846
1018115
494540
-767474
-274453
-274288
66350
-5003473
-435296
-383840
-174667
492739
-48067
-4089433
-4407472
-414532
-3839895
-1649786
-5491842
-184538
-3193717
-3193376
-1036489
360796
396206
-718827
-3795390
-991125
-3108014
-4123408
-2402277
-3006154
-160370
-270220
10200
-2769862
861077
-3011990
-2188508
-2084056
-797665
-35487
-3273641
708156
-3945751
1347920
-1156393
511035
-2920704
-161954
236450
828289
-5508271
-3392733
-3661776
-26886
-963735
-3089066
-1464566
965441
-3883434
-458162
386435
906894
-3449703
-1810861
-2084564
-1742288
-1683344
-1691899
-3324593
-890487
-4832515
-4502355
-2262514
1685391
-2595382
-3530839
-1983038
-4479799
-2728666
-1285132
905196
-4533288
-2204852
-2657198
-1099681
-70791
-1701880
-4659706
-2349186
-978375
-3319596
-3134552
-1509122
-3006471
154079
-1929154
-1503105
-4102344
-713297
-989232
-553622
-482235
-1497264
29491
57250
-2629690
-442016
-1403401
-74236
495861
-922246
-4092541
1339842
-917934
-4652222
-545362
-701481
-4814396
-2317784
883901
338166
-1674492
-5047415
60881
-3324814
-3569804
861564
-2758173
-5258936
-3434262
243261
-4497631
419913
688765
1368837
-1461488
-4873582
670336
-3378319
446226
-3476426
-4146817
-4222112
-204801
-3447661
-1205346
-204235
-3736654
-3566359
-4250047
-589746
-3947987
-2775412
509063
485036
-4285703
-2798374
-4138393
-877335
1818669
-3499312
3018060
473667
-2455270
-3435625
-5117961
264289
-654631
-3815803
-4147635
-1496848
-1177143
-1987027
-4243235
-2880644
-2309146
-3220493
-3844381
-3021161
-2499672
-1932889
-3528266
-3359367
105790
87675
44281
-4166
-2541337
-3542733
-2856346
-2692695
-411811
-3734275
-3671547
-3317642
525410
-3796156
-1582827
-1291871
-1077287
-1139341
-1879903
-953849
-1370333
-599936
-2907977
1046447
89117
-2749864
151329
733550
-3956368
-4256497
-844839
329669
-1273586
-2145829
-4208007
-3305333
-1798635
-1702194
1284806
-3430979
776144
-538058
-3460143
-1804218
-322344
-2308807
-3307737
-2230858
-170813
-2575773
-3951477
-599826
-5847632
966097
-2399180
-2490683
-3072393
306082
-1349191
-377698
-3011536
-1253786
-3342325
-1089233
-4605619
354899
-2465249
-3560983
-1576667
-185361
-3243695
-4217018
-3660826
800345
-3229544
-1083669
-3162240
-3389370
-282614
-5867176
412045
-2790233
258914
-4155194
-901968
-2841482
-3177012
-464590
1045078
-2055115
97718
-1497431
-3189676
-558368
-1221612
-179465
-24741
-112835
-1660673
711111
-4590853
-1025236
-4752496
974367
-4674214
1094943
-4758548
-2991487
-1760727
625859
-1353797
-4957922
-2982092
-3002946
804141
637038
-3034469
-4179555
-2192389
-4508292
-3444003
-2349005
4623
-4350114
-3461928
-1106218
101710
-1111673
-1024328
-1417409
-672214
-320343
-3339794
-1216088
-110055
-1084373
-3954755
-2490381
769403
-467681
-3354149
-2980251
-1153404
-463149
-859929
433051
-1142958
-4178181
-2502298
-2322053
-3048061
-3338476
-2949819
-343319
475124
-4491821
-2760568
-3166441
-815364
-1830592
549800
-3996645
510277
-3513355
-1286153
-908660
-1464133
533288
-2140844
-1327079
-103227
-139945
-105811
-4205236
-3055384
-1707342
1476827
-5265766
-3292206
782945
-4342047
-4031257
-4490960
-4712096
-3084871
-2886864
-1450761
-2529237
-7666
1881902
-1280916
51698
404854
-1003015
412506
-190016
-909066
-190492
-3859477
-1762093
-2149889
-4295301
-1401
-379974
-3628524
-4593045
-9626
-2268230
-1268494
-501833
-6061320
-353987
437080
-282195
-1129921
-3006915
341452
-993397
-480296
-1955738
-3499925
-852342
-3762074
-432894
-2218617
-520466
260982
-349664
-138481
-5604685
-1145524
-114284
905086
-3471011
-1062826
-2613741
-2153155
-4007061
-1159781
-1016884
1027421
963714
-1866815
-3359541
-3586532
-3316273
-3469276
-163586
-3765976
-2054318
399226
-3628490
-3908624
-4069445
1099700
-5123436
-320877
-4081807
-2539231
-1078896
1480129
-469562
-2556464
507099
-2821908
-3796259
-504417
-1359275
-40694
599595
1011856
-3835914
-4161810
-3600608
-3252575
-181618
-2446835
-4999481
-4435428
-4544247
43189
-3092217
-4340010
-4607855
-2646146
-4191169
-2905797
-4211513
-6880
-2537142
-2002387
-2137505
-4098569
-1613152
-1761890
-914892
-2330881
-2743006
-2392923
553054
-4146490
-1063243
-4154414
-3516026
-4267529
-3944174
-3104529
-2569434
529579
-1311836
-481814
-2842845
-2330250
-2571705
1123707
358850
-1667308
144988
-1322801
-1849311
-2421352
-613807
613231
-5234924
-2335496
-1166695
-943574
-2227207
-2719731
-3971843
-3270612
664703
222342
-1897215
-1888527
-3507022
-3190354
-769476
803835
-959671
-4232298
-4489470
259687
-568682
1071534
-2622926
-1673248
-1397767
8862
-1107231
-4732640
124803
171388
-4086624
862497
431029
311682
-3275388
-286299
-872543
-132991
-2632275
-3582861
-1106791
-3828147
-1900279
-4198436
-2410687
-2839559
-3703574
-2577855
-495646
307433
-4882172
-3883664
-3630224
-551548
759649
-2574055
1341492
-1422807
-4943386
-68809
-4573251
-2337588
353743
273707
375313
-4621820
-4176992
-3321262
1424278
-344313
-1846238
-2684220
-4172629
-2650911
-3489602
-3546011
-549260
405389
-4066983
-2143744
-4813331
-3556525
791517
513540
-64579
-2463879
452969
-232068
-283198
-2079028
-2490930
151301
-1109728
-1137049
-174177
-917213
-856260
276446
229096
325883
-2323416
-3388292
-1136929
82833
-3225436
-3123280
-4238988
-2337826
-3063911
-2580284
-182525
-1367013
-3555207
-1272661
-1425577
-935307
-3381302
-1551613
-732124
615426
845245
-1124533
1203480
-2902135
-4057148
-1034451
-534802
-4039438
252410
-1092820
-2074554
-2138744
-3211894
-1339682
-180041
-2061007
-1524571
-3392919
362019
376376
-3671726
-27949
688753
-3339280
-1601058
-149935
-947487
-4188134
-4785435
-4088848
-4736177
-1513938
-4363209
-3979277
-4366483
1493861
-3117568
-654488
1249521
-3660639
-1882344
-1121173
-413138
-4849300
1040704
-78366
-660007
-4826239
-2625212
-1170987
-3768746
-4855601
-4711105
-1586249
-1313182
-375928
-4679722
-2529715
-1387696
-1648211
-3779552
-307481
-956189
-537698
-3659369
-2795308
-3154967
-352206
437129
100789
-1655555
-4407345
-2652261
-3483814
-103565
-569695
1035148
-3205533
217539
-2052527
174817
-2628593
2428367
-2325184
-67204
-2391
19120
-2173648
-1128511
813502
-519121
712259
1626077
90751
-2803549
-2998677
-628011
-4401564
-677406
405334
-3902261
-2266158
-335275
875860
-1642245
-1876832
-589799
-4407861
362314
-1736405
-246973
1385041
-3924726
-759467
-4794772
-2582224
229185
-3585834
-1962810
414767
-2117643
-367749
-3678009
-5355032
179995
-2835617
-3498775
-983273
-1208462
-47799
-228186
255347
-2541674
-1495390
-3004193
-250095
-1510845
-2393338
266225
471900
-1448406
-3459093
-3904526
-3459910
-2190547
-3792429
-5413940
-3220989
-1150638
-680322
-4800931
-796714
-2462704
-4338464
-2827877
-1766445
49959
-493320
-3801076
-1427117
-3334666
193605
-1946932
-110328
1359128
-774384
49999
-5036709
-4034936
688249
-1178793
-4363006
-1193122
-855249
-1366015
-706199
-1726490
-1392818
-175136
-363550
217107
-5417223
-2729292
-2819903
747668
-2627857
-2385376
-1883143
-2690886
863914
-2666011
-240485
-153058
-4186399
-4504614
340252
-1683595
19127
-786299
-2198366
-1531835
-4884509
585794
-3284494
832023
38559
-868631
-3084035
-1611107
-421691
-5095913
-3684908
-2245093
962175
1274317
-3667671
-2611416
-210446
-2106136
-1029898
79533
-4545723
-393173
850138
-2086934
-740056
-3070060
-168604
-2572983
-2913250
-910659
-3984960
-2147638
-1876331
974739
-4370252
-2743665
-2575869
296649
-296990
-1901291
-880609
969613
-1647391
-5135303
-891476
-3863511
-3753298
-3315505
-1613644
-3760130
-2913054
-3132766
-546931
-3072535
-2515857
619601
-1971440
-2912689
-4092167
-2292398
1077279
469881
-4658927
-1563287
-2995643
-4341938
-458414
14728
-779698
-1899670
-2293279
-2172591
-519229
57524
193189
-4103221
-1536648
-4992085
-3299649
-2010112
-1699058
-2577789
-695994
59604
279035
-3662986
670936
-2533559
-3004680
-3295271
-671560
-2059082
-2702929
-1172525
1056139
-4603008
-3432412
-2263835
-1143773
-4057113
716838
-3388484
402020
-3343142
-4307293
-1396594
4618
-1495251
-1394217
-4350873
-5093754
661123
-728912
-781810
341893
-2193276
-485997
-319413
-1428913
-1886044
-201485
959858
-575826
-1596733
-3782641
-1291242
-3537142
-696388
-4930803
-3926002
-2853502
-2512797
270857
-85823
545949
-1049653
-2489512
-213828
-136833
-1533176
-569942
-1476029
183187
-2770221
-1994414
730534
-776474
-6103133
-4470730
-232130
-634388
-4497521
-1553791
-2526995
-4278809
-2359860
-5016299
-1288629
-943297
-2685143
-2171984
-917388
398175
595408
-2887178
-975729
577797
-3349861
-858315
1330442
-4723812
-987706
-4427265
-3116842
50730
-4550810
-2403186
1567987
-1546628
-1828230
434585
-4078817
-1908436
-562831
-4544956
-2069240
-355974
715302
-1739949
-2980334
-382426
-3037965
-2257424
-2118248
-257125
240745
-849485
-1388883
221173
-4307336
-654504
59232
-2383650
-5339233
564004
-4471729
-3448878
-823449
-3123940
-4459836
-222254
-2207415
-1505071
-1166400
-2235081
-578808
-926891
-4200579
-4033618
-2610674
-3817537
-3560278
900558
-497936
-4444117
-2668655
1408961
-4337745
-1091431
-3621907
148670
-4316432
-3043893
-4317435
-1784721
-739511
-3691921
-2840856
-3102023
559090
-584599
-1394695
128000
-3653028
-931643
278776
-3403876
-225844
651898
-55661
418105
-3148161
-1073657
621534
-3340247
812700
-3744075
-4102817
-430808
-4361840
-1647786
-4171911
-5268976
-2041696
-2099825
-1365112
-4142614
-4064648
-2820312
-738441
-139803
-4709797
-1458033
-4702379
672991
-543631
-3379467
239601
-1056347
-2658648
816909
-282434
-3079423
-1820002
-1895226
-4777639
-479761
-1069209
-3797640
-859518
-5017172
-3070509
-3339053
-1107729
-2158584
-263034
-3854992
1022147
-2077081
-2256579
-519360
-689535
-1636612
-2064755
-3975332
-4540991
-5046627
-2799634
-3137013
-2167537
-3293089
-2539772
-1027149
-272945
31744
-4436105
-2607159
-4048277
-636462
505959
-98321
284288
-3192976
-3172687
173662
-1202600
-3755923
-1969000
-950416
-2008483
-2552317
-4763350
-2754825
24328
-2252625
905060
489640
-949257
-5024400
306524
443192
-42930
-145297
-429689
-1151687
-399416
355026
-784712
-1399758
-611901
-762291
-3418879
-2267881
-2857325
-4622677
-232081
61246
-791370
-265856
-3824785
552730
723877
401351
-127019
-965739
-3778102
-1262959
-2422878
-1129351
-2281096
-177626
-893807
32805
-2271247
-3223015
-3399645
-289513
-4708224
-2614146
-778327
-2654013
821240
906538
-2058699
-3370928
-4145145
-4125845
-2348661
-4215730
-3884738
-4373222
-91619
113835
-676785
-30265
-4383754
-1036683
-821747
-5025380
-3421215
424677
-92275
-2464144
-4489054
-3717582
-2423918
-3388643
-1376256
-2285527
-192451
-945453
-4103153
-837562
-2886161
-822787
-2353538
-2351193
-376664
-561334
-2624331
-387360
-1400276
-3125969
-3108408
-2179381
-1504421
-109530
-544026
-345010
-216088
-3498606
369533
-1973368
-2074025
42408
-4443678
-4218065
-1433305
-1201156
-5452515
978128
-2597653
-740438
-2305589
-3966771
255612
-4461522
730500
-529697
136081
-3963183
-2767589
355770
-4850007
729292
-632671
798674
273739
-3549804
-786461
-223115
-501845
-159457
-2354329
-4187251
-2939793
-3921396
-1408502
-3431460
-619557
-2099723
-2846398
-1406179
-3889635
-2067038
595120
-339463
-530545
-2317406
399356
-265461
-3025880
772932
202442
-1157753
-1929553
118245
6618
-2054273
-1384092
-4352053
-2769464
-3681109
-510664
-3414962
558330
-2449610
-2767756
-3920570
-1383666
-436317
-1352925
-1814836
-1892978
-3893789
-1476197
-4538803
-5045345
-3323445
-2386234
-1215976
-565894
-1191592
-1515229
-1962339
-1639963
-1504947
-772567
24396
-2070649
-2125020
-885729
-719682
-1547247
153097
1627081
187673
-1696547
-1537615
-2699006
-39653
-1239959
410529
-806168
-600671
-1130751
-3954346
-125742
-2360751
-3422914
-347838
-107587
-2809539
-2676474
-2852625
-2978506
-1332518
-372468
-1979275
-712393
-19411
-1665316
-4831293
-507529
-3109867
1476112
-228756
-3004225
-540941
179160
-4273546
975565
-1275197
-913855
-1352155
-1426345
1525655
-2575725
-2525826
-3240046
140752
-4805809
-4465131
-716268
-431106
-3819885
576808
-3240940
-4004295
1546603
-1037141
-504591
30148
-759799
-4277786
-3847364
-2492899
-1790481
151723
-2879673
-698939
-3702664
-242930
426821
-5560873
-5368217
-1233599
-5530453
-4015653
-1602657
291255
-260465
-1394425
-2954778
-3061824
-5610793
-3708926
-54665
-3179195
-3449670
16094
387631
-352927
-5016447
-3286877
-3284314
320414
-59771
-2289824
-3289774
377122
-2448790
-250661
-2230808
-3740995
-930651
791665
-646810
-646489
-3733595
-1283163
-3275695
-3502958
-3824523
-4912714
-2484878
-1383289
-960010
546504
-3777481
589878
-3194093
-141787
-764078
-558810
-4556145
560810
-2279994
-1960804
-3830535
-731792
-3026337
-3661766
-1513066
-347350
-3446710
-1332107
-1995882
193709
-1401650
-674579
-3994714
558056
-4178666
-3370980
-3180447
-4850492
-140943
106249
-620696
-3133189
-1054468
-2411790
-208286
-4932917
-4491526
-446590
-1191374
-2198878
695030
-3284060
-2333819
-246987
-1901464
-3812624
903136
-532234
376154
-1297904
-3569436
-133436
255078
-2294361
-4066512
-3146349
1139594
-3199113
-2382783
-3121737
265897
-4221830
1208079
321169
-2846625
-252290
-459306
-2146403
-1262138
-2897642
-785355
-1840100
-910271
1809179
-3298676
83174
94842
-2861861
-514188
202802
-2721291
-772347
-583763
-139945
69602
-152908
-2588664
-1969391
-2662209
-2018253
-3503382
-752619
596866
-4361255
94534
-2565555
542467
-925298
531893
-2451854
-3245120
-1460220
-2248487
-4695387
-4341769
-3750641
-5200303
-547681
-341691
-962639
-1315793
-836377
-311179
-422147
-2448027
-1981109
-3935477
-3533718
-2929674
-3314605
-2424499
-4870199
-2512686
-357658
-210791
155117
-2948658
-333205
-1256287
-1042982
-3337176
314572
-3094424
-554529
-3945990
-4953708
-2090953
-2656483
-4445245
-1615081
-3038026
-4637160
-3849033
-3637968
191276
-1181291
-3976327
-220043
-1414342
778698
406677
-3183986
-2056536
-3415137
-2085446
-342747
-3137114
-246890
-4279916
945756
-1089580
-1892404
-2188388
778295
-4082745
-3018862
-2497222
-3801457
-4783242
378712
-2724732
-1259617
152026
-943361
-463655
-3266657
-1440030
-3592601
-3586337
-3175291
-2134183
-3336441
-2995388
-2520266
-540802
-4087154
-472823
-3654940
-1613008
-2268579
148482
-2602258
636462
-709669
-2857349
869171
-909958
-5672683
-3580349
676832
-1599164
679606
380327
-2607613
-3084373
-452172
-705537
-4835911
258781
-3251844
412124
-2555694
-1913885
162892
235973
-2778538
532247
282213
-3309262
-3166213
-4491102
621213
-942251
-4200191
-3518553
-1421808
-1091512
-5691700
-157975
552964
-2661800
-3176546
-4316086
-3178588
-2226546
-5871838
-4384136
1258843
-3175075
-2200914
-2281111
-2113118
290748
-2691006
-571812
-166806
-1114571
-1369199
-4992465
-1219352
-4428834
-25465
-1119517
-3523321
-410486
-3659976
114696
103265
-3061047
-4358985
-1937766
-1452273
-4968001
-808101
-4657192
290693
-730188
-634065
-1230403
-1335119
-956302
-403593
785215
-2205661
-2441911
-2487396
-5623921
-224946
692399
-3753363
-4469173
-2298744
1202319
-655163
-146280
-1994424
-3008487
-3339458
-258061
-226421
-1699411
-570892
-111664
60768
-490538
-2290056
-3144943
-1258584
655118
-60783
-3087138
-1455971
-23064
-4394302
-1536301
1169846
-1572405
1191639
434116
109843
-1073795
-4078090
-3366698
345285
240270
-35857
158929
-2187549
-97943
-3688182
-2761024
-762531
-629307
-2173668
-859022
-4196526
-2191704
-2691204
196373
-117646
-3392015
-2547011
-1268913
-4881690
274360
-166286
502087
-2444935
-371637
-1735921
-2522322
-3687559
-1918296
-3090376
94537
-4476834
-1050452
-3403360
-604689
-1233012
-273003
-115133
-497013
-1950331
-1728700
242215
-2826030
-5363624
1280271
-1885174
-335753
-643777
-3861852
-4089186
-3636236
-4068716
-2185673
-1037156
-4026593
-1097487
-1585628
-4024359
-2922793
78345
-3354746
-3673366
-3650599
-3405255
569486
-913210
-1975729
-13917
-5752338
-724432
-3490100
-632
-487234
-1872243
-241268
-1412567
-4200925
377949
-2098899
-1526144
-3444877
-4121911
-496221
1083835
-500223
181967
-1080083
439949
1017972
576494
-4431501
-1479775
-2981676
-4023577
-3127276
-96309
368465
-2745107
-3085903
601409
-3599548
-2472693
499361
-481080
-1038309
-80313
-4830454
1407106
-2307172
-486467
627088
-2980212
291
-3497038
-2398953
-376375
-2283803
-4435016
-260993
-3194142
-588336
-3645754
-1714916
-3481019
-2584767
-1297451
-1369633
-3498814
-4690962
-3325023
-5081649
1517738
-2392625
-541969
-38129
-4344054
-194326
21864
380391
-3795278
-1862811
-656809
-2088789
390953
-2323949
-3753718
-3138666
-192177
548779
-1766590
-3809421
-977201
-2508911
-4016727
-124243
-3647487
-2973071
-1394755
-808540
135862
-993383
-285395
-4073795
-1134211
-3181537
-4352394
-4537069
-3607290
281984
763154
-4590220
-1864859
-799955
-1403831
-2115647
7016
-3724622
-3752223
-767600
-1717656
-109069
-3607690
-770242
-20754
-3896357
-1948843
-82506
417127
-1328369
1265796
-35291
294908
-232506
-268056
-636349
1082430
-1039622
-3495452
-3719650
748384
-343075
-3944792
-186217
-3007359
-4456973
-829868
-3964710
-348763
-1326044
-2573487
-319512
-1102868
-987930
-4360934
-3866516
-1492768
-2785310
-65954
-3382554
-383053
-1320307
-2318494
15990
1959354
-4139357
-1035862
-274959
-327076
568074
-3047563
-4056014
351659
-5491465
415457
-356536
-3140748
-1480061
-1550521
-171608
-2611581
-1648363
-4021028
-356060
1001830
-2550850
-4091258
-4041155
-3545999
-1322545
-3212499
-3043422
-1367609
-1500540
-481635
-3046649
-4279152
-476491
-3917055
-2209169
418324
-43699
-812208
-2531030
-4460567
10504
-3728521
-1011120
-3590362
-4312216
-1037663
538833
-2960324
-546504
-429923
-2290440
-298431
-1419391
493269
-830110
765242
717694
-1732172
549688
-4872052
1380560
-1073747
-1143264
-3444817
-876874
-4445073
-209794
-4993263
1118956
178412
637213
-4700450
-3220766
-2571223
-1235877
-2542695
-3365790
85837
-4242670
-3786699
-3210665
-2399122
-3973552
-3432383
-3592704
-199486
-290333
-1435694
-4009272
-1695593
-3087011
-22694
791828
-473654
-2945389
17744
-4560322
-2597436
-584136
-3883581
676547
-1766739
81228
-4061498
-2570470
-472541
76028
-1904582
-2468975
121455
149142
-1282969
-4358054
1374458
202988
-3257001
127824
-161657
-4459542
-4341795
-4135425
-3917757
-1862720
202224
-5562090
-1818861
-3195514
-3796044
-1175319
-3793622
-207733
-4121753
-3807589
-1186314
-1049996
-123057
-389288
-250623
-456642
-1492648
-512738
-1616495
-2714703
225865
-193218
-866296
403380
-1937049
250348
-924228
-3552148
-4090193
-4857117
-1754075
-3848873
-59139
-2655711
-1400740
-2415254
-714146
-1539505
-4254222
-3992122
-4177287
-3630978
-642797
-2924080
-3232077
729016
-2493569
-1855150
-910385
-4171669
781376
-3348183
-3456253
-1749490
-4832080
-1226077
-495470
-4307707
-2424305
-4380511
140320
-3669378
-5034148
398914
-26838
-1113149
187199
-3099546
-733678
-67069
1317282
-112880
-3518089
-3062281
-2891451
-2147914
-3335872
-4643445
-2010575
-4995677
-897000
-4291658
-2469862
685592
-40682
234483
-762761
357913
-90936
-4096152
148342
-4383571
-4674221
-2980192
-3767101
-784494
-2313941
-2754929
-643493
-2812854
-3351412
-2454885
94416
-308838
-3177221
623675
-1053939
-2434291
-944417
-2412740
-824568
-2580889
-653959
-2234257
-384041
-309864
-771731
-1527050
-4413872
-3602887
-2992757
2147645
-3699670
572292
-4106048
-1216391
-458236
-2178536
-2093398
-3886383
-664382
-368200
-4432233
65053
-4071873
-1569161
-3772078
-227278
1150931
-4054636
-2825189
788404
575474
1056268
-48487
-1132500
-4062483
-3238358
-3535886
-912469
-4647003
-1874280
-772710
-1282231
660284
-1569633
-4827123
-1200863
1741478
847027
-3844328
-4435469
-3443112
209787
12420
769307
-4089544
658813
-4371223
-4144665
-2848063
-3557569
-369206
526101
-634425
-1990727
-3486887
-55063
-4311640
-3295692
-784941
-1935964
-3895503
-798413
-870058
-1532951
-2143386
-349280
438267
-1483380
158582
-3410689
569583
-460216
-250628
23251
-2055445
-2297071
-3619222
-61759
235959
275858
495504
-4572955
-494351
-1416118
-2783464
-611446
6094
-409383
-585075
-4510335
-188870
-3978374
-955065
-386413
-4465988
-4454465
-2460930
-3180466
-3022702
-2309945
509935
259774
-4496036
-4212225
-1519238
-1599707
-1937300
784493
-2436855
-291027
-2970437
-1746045
230849
-3437687
-295943
-4418140
-364978
-831941
-4698507
-77974
-3790340
-3141802
109908
-3060313
-4195786
-155423
-1974233
-3377428
-1304983
-3593868
-2874024
-3538168
-1715366
-4152116
-354380
491145
-537168
639976
-2373386
-1310169
1948467
-1502348
-3392346
-1952256
-12083
-498433
-4017163
-307593
-359870
-559533
623266
-4495015
49071
-2742480
-4645652
-1845934
-940311
-531164
-124810
207413
418874
-2912583
-728900
-4926262
490699
-634332
-3050159
-905107
-2817982
-4988647
-1017654
-2778958
288125
-3401417
-2724193
-4222642
-4105762
-3098321
210040
-348787
1268162
-1635494
-2299257
-3513243
-2224940
-2100615
-3277266
-1467422
344087
-2542518
-3151951
-2689180
-4614636
-1691257
-416421
-3475844
-2763906
-888702
-4150687
-2688284
-1691924
-2280492
713512
-2921395
-3480792
-3733589
-2233169
-1435347
-4725201
-680860
78272
116043
-365484
-2591790
382083
681177
-3051887
-1368182
-4376068
-651167
974692
-2556653
-931762
-3406651
-686831
-4918308
-2161713
-2194985
-1438665
-4288320
-2233835
22205
-6146826
-4198116
-2645433
-799871
-4043802
-1660660
-6713
-486841
-391771
-607000
-1752713
-1791567
-1052603
-984834
176413
-1304982
-1705693
-2332799
-2744928
-1000104
-932002
611866
-3649342
-2676372
-5438349
-2056976
1368348
-2697996
-330829
-3824816
-3919553
-3685617
-500838
-251383
-3466073
-2089677
-644029
-703462
-2200561
-287908
-69707
-648320
-1040397
275758
-2415369
-849180
1530721
63373
-3692216
-1205359
-334321
-1647778
-3474138
-4193063
-2030592
-54360
-2700931
-5669786
-1058747
-970961
-3613016
-446682
-69003
-3069435
-2137221
-1392628
-3598914
-2867114
-4436689
-2605088
365221
-1485772
-5352776
-4233928
215173
-4129796
1056299
-2055663
-3416661
-247421
-2921209
-358425
-1308765
-1128418
-2995863
-3417733
-2292509
506505
-1564915
-622892
-4257642
-2793420
-2688562
690974
-3074462
-1003553
-3761962
-1316766
-5287776
-2645289
-209515
-704578
679680
-3882974
-294798
39027
-5275849
-608189
-2231267
562439
-1375672
-523482
1927
-275816
-5364127
-3520537
-4249351
-3777558
1097247
918989
-485130
-1011469
-2923306
-1742143
-2611724
-251594
-1288918
577584
-516537
-920191
-3779054
-4158637
705066
-4284014
-810967
-1708979
-4319313
-4004144
-1344183
-2782843
-3452633
-3685744
-636363
1628680
-707997
-873038
346020
-463965
912477
-2178317
880901
779613
189631
-653616
-4046337
-4621216
-457655
-889663
-3158024
-4148870
-2289918
356644
-5299806
-84829
-423125
-4024723
-473062
655729
-1279706
-2513826
269872
-3844951
-4633014
-3660168
-787680
-908509
-232346
-220187
-5021287
-115134
811538
46035
508779
-2891758
-1854565
-3250506
-3797530
-4039238
-3872009
-4147832
389785
-4192819
-542887
-1951604
-335279
-4002601
1029955
-3674939
-602227
-993752
-4946131
-4600139
-213799
-913055
-3996004
-3785130
-3576391
-1224585
-17689
-3894488
-32082
-3779151
136572
-3886179
-2989166
-1940764
-3045928
-4437115
-3708191
752441
44534
-171566
-2633603
-1729146
-842221
-4372368
-1328843
-2663827
488378
-3822858
-2581885
196613
-3543315
-1049399
170834
-3281940
-4389900
456367
-3510376
-3307288
-3017031
757873
513826
-547284
-949716
-353994
-4289045
-2585017
-2316236
602098
-183446
-3584493
-1660201
-2353308
-97340
-4371456
-2169289
-1648182
-722873
-2884020
-3486119
-573944
-4107778
-4632499
-2347868
-2317673
-1642757
-1923507
-1256688
335684
239173
-1003103
-1956233
-829511
-1265219
-325858
-4401767
-2253130
-625037
-735754
-3128584
-417116
-4186202
-1262255
300618
-3051398
322341
254012
-4015296
-232427
-59194
-4306186
-1585279
-3117639
-320346
877423
-688072
-3116763
-876428
-403704
-3144454
-1310798
-2015797
720437
-3794545
-159128
-3397789
-1983321
-259812
-33306
-896462
-4243863
-736172
385951
-2459176
-2080986
545299
1281773
1166161
440907
-2719104
-577821
60968
-5284231
-571833
-3195553
1050067
-3891656
-973223
-999346
-778645
-2250570
-1258323
-3702393
-680253
1577928
-4666815
520839
-1670703
113564
324998
441424
-4115179
208452
-4019259
-1357010
-796229
-4255916
45538
-1094576
-4214882
-3438733
226698
-155377
-4569147
1297894
-3139872
-4089818
-3122434
-2893940
1009213
-730864
-2559607
-3976345
-237830
14951
201014
-2693278
437122
-600357
-2540262
-75268
257046
-3669267
49950
-4351673
-3674159
598581
984241
-2099620
713531
190358
1124679
-970842
-4661347
1724154
-418628
-4270212
-1669159
-604634
383961
-2197063
937125
-958235
-271725
249374
-1590148
153122
-2252927
-2578946
-883889
-3254392
-2803441
-3254937
1154268
-1085595
-54668
-423508
-4395377
-3397461
126209
1206257
-4624116
-405229
-572854
569275
-6144186
-879151
-4315823
-932433
-1658919
1174564
319015
-2923412
-4669066
992491
-1572859
-1093765
-2021137
-3948143
-5365
-1175377
-3851219
-4814597
471676
-3165752
-733658
-2329120
-1321875
-4088661
-115198
249999
-4439262
-2162125
-122442
488590
116261
-693670
-2400656
-1876267
-2997852
-3281517
-3511055
-72297
-3305838
-3252841
-2097328
-1865782
-4593279
-1832595
-542829
-715089
563724
-542776
-835547
-1852702
418128
-4887201
493450
-3586148
-594268
-80089
375994
-2582918
-56701
-2383099
-331540
575171
-4288043
-3885552
-3464866
735938
-2353229
-293844
667007
-2033288
-2747671
-1738735
-1447696
-3495730
-703896
-3713192
-3954147
-2666329
-1431426
-2583203
-3924296
-4184407
1535466
-4525102
597468
133281
-1368514
-3177930
-665369
-5236707
235859
-2398082
-4342399
-3881006
-4089047
857383
-4004321
387059
-2443367
-576825
-1028895
-4219137
-187414
-679839
75611
352348
-1998497
724606
-2823658
18912
-1365850
-2306857
-2308857
-3216259
372653
83290
-2157924
-3289912
506885
-4144826
742188
-3076488
163684
-2011357
-1921306
672613
-1622904
-2225722
-4626425
-1864868
-5121691
-342615
149166
-3408202
820732
-1455731
-582107
-2392519
-445892
-4017168
-1929118
-1324168
200886
-2058157
-1188389
76452
-1035143
-1336545
-3939953
-3841656
-950516
-3763680
-1239020
-107974
-1326825
-1672374
-854133
-3491480
233898
-3660652
-7099
-92650
-347996
-2546022
-1435397
-3505491
-2470024
-2865785
132946
-3532583
-193238
-2307034
-1833550
1978283
-602502
-2162123
-2143691
-3739986
1105569
-606639
-2037499
601266
-802557
-2094569
-2055891
-3566932
-973898
-4589987
-1836166
-4118666
236527
-661213
-169922
-144743
-1530391
-4301825
-3277679
-684442
-716494
-520979
-3043283
291332
-1830227
653363
-4166137
1279817
-284829
802637
-996091
23268
-2647267
-3349218
-419995
-3054842
687663
2654860
198241
-3443143
889034
-2131235
-2937187
-1938191
-4322201
397581
-4241380
-2870407
-4002811
-4006996
861106
-3489994
-2261167
419203
-3910175
-3665994
-1200945
-944788
-2756369
1518524
-4688394
-3959947
-4670612
-546599
-1638278
-186033
-148847
-2228898
577285
-3011302
-255830
-5654711
83544
632705
-4205123
-659960
-959817
-4572879
-1219819
-424752
433114
-2419871
-4033856
-945258
-3729626
-252289
-2579933
-2932611
-1651595
176892
-1692851
-5415448
-324707
-311207
-2652518
1599394
-966255
-1077561
-313165
-450024
-244409
-3833505
-4425810
-2480585
-317227
567359
-1230348
919194
-714713
31907
385593
-1228484
-2000004
-4893723
-4291912
-207251
-3800601
-159821
-1992022
-423668
-258247
-1758820
64782
-476470
-240459
-1966
-3691713
-2073185
-2142497
-2379868
-2130510
-10758
507038
-3461609
-4298686
-3349099
-1986957
-2473183
-4110613
2013599
-2290300
1730483
509310
585876
-1104757
1384107
-3723527
-1589226
-2823958
-843833
-4168313
-3831158
-511585
220092
511420
451262
311762
-264907
-3523209
1043235
-4583594
-908702
1089607
-3986173
-2730676
-4522378
-2367820
-4145757
-1228569
-3295939
-2746894
445105
-1536910
-2750168
-4773898
-3200631
-651319
432390
-804614
-3170323
-285807
-913195
165680
-3495198
-5013293
-4184210
-3706719
-152628
-1027206
480372
-1510911
-3814348
-1152209
-1202370
-1033647
-4690640
-3097379
311659
917538
-1716116
1159848
-1922601
-1899252
227095
-3341212
70567
-14475
-3865873
-3725467
-2584038
-5275676
486035
-4324042
-584135
-2604345
1114591
-1110331
-966632
-5716823
-897708
131321
-342725
1127796
-1000464
-1392104
-2571779
-4914837
-1096468
-1739309
-4767235
-812524
-1598671
-305870
270418
-4146004
-366057
-4166840
-1365214
-1372894
-2452750
-1987858
-3397043
-149610
-435859
-744932
412381
-378884
-4525307
-4416789
-1955384
-516198
736855
432375
-485794
-2117358
-4935519
-3760482
-1167008
-5160579
-2956299
-2974891
1266024
-23660
-3171542
-2566441
-3532426
-2840671
-527105
-3656300
-3550682
364194
-79150
337692
-3659997
-1868498
-428979
-634024
-2053419
-3093609
160229
-5160087
348613
-4262283
-3311720
199799
-2417311
197131
-1584098
-195165
-1229983
-2107544
-2512517
64097
-465447
1191774
874283
284591
-1094431
111501
-1387736
473208
-2209505
-200212
467772
-2031616
634113
-2432667
-1076118
-2825628
2039765
-285918
-3900495
-754101
-4836639
-4211433
-291849
91007
-595208
-461272
-4156810
4120
-3973860
920393
109457
-1646605
47998
-2188283
-408963
-4070262
-1401088
-3200636
-706888
-621328
-1410177
-675890
-5256933
-1576653
-3968929
483555
-2174307
-1289446
-888043
-2188114
-5062742
-1745557
-5084758
-5056930
-3388674
1274595
-3613761
-3302744
111747
-1801951
-4681147
-377625
-2798340
-332099
-534831
511119
-455844
-1731361
-1013843
-4016330
-183031
-3700825
-3690405
-293931
-3109452
-88876
-2141733
-617205
-4174527
-888947
-2404729
-2733424
-3036924
10687
-3378018
-2743276
-1488020
-5015329
-2555353
-5658098
-720939
-3367967
-1896419
61691
-1614680
-4547224
-3208078
-3222324
-4889470
1120148
424652
-2555808
-130745
-3864624
282722
-3432318
382408
-2093926
-2887325
-508741
-2949286
-236092
-4915856
-138746
-944027
-2582272
-3017820
-1332897
-1357373
731531
-4418587
-4220840
-534308
-2332643
-998518
-3672175
1298041
-2595519
246021
98388
-5236100
157880
-2156104
-1986949
-3192266
-4307475
373715
-3672809
-2318917
-1771925
-3454513
43672
225731
-1729897
117139
251304
-5086134
41290
254063
-761869
-2227847
-4606799
-3569360
-916039
-2949117
-1706264
-498516
-588074
-9835
-1936611
658851
483159
-581721
-1778828
615181
-2561230
-136137
-3498239
758772
-4626719
-599576
-5424014
-312943
-1582289
-1048652
1150299
-557645
-1375536
-4567254
-909511
-4419159
-3132592
-2856301
-1230387
271450
-3786458
-4225161
-2719786
-513622
2089
-960252
-98421
-2405109
1399980
286281
545368
-3189027
371708
-3404387
-710861
-4218152
-4525779
-1707057
60419
-986961
-2302643
-48980
-4026583
282911
-511027
-309190
212349
-1987681
-2346025
-3413681
268138
-535776
-3974688
-2364248
-4343471
-2694605
-537140
-1160632
-597899
-3931299
-4380377
-702085
-2576272
-125959
-1025141
-247198
887428
-1967185
-3972791
372274
-338984
-634134
260054
-3349344
367949
-244183
-888773
-2608244
1766824
-314826
922864
138920
262395
-522345
288691
-1170151
-3776437
-2787413
13652
-633452
-506848
-1918183
-2269748
-4141008
-3776
-1510766
-334795
-1603608
-3192164
-2263564
2255998
-2654568
288225
-96957
-90467
564788
115779
540423
-3522728
-4196051
-1827007
-931465
-151430
582995
-2290487
463274
-1963225
-2663574
-855623
586505
-1471867
713133
-454317
-877909
-1917685
-1215346
93461
-1980303
-5459271
-4175877
-2398151
-1550160
-811474
-1371502
-2259749
-1592542
-2925900
-2301575
739341
-262882
-1909048
-1015838
-3902995
-3231324
-1311234
-4156060
-4545183
-4131975
-439739
884099
-3549526
-2619156
-2896729
-16970
1026205
-497977
-2072405
1363871
-3752850
-3330093
-676958
-559974
-146746
897326
-2636643
-2116495
221260
302360
-1942859
328357
-872245
-5900623
-2042375
70401
-3717752
-4936753
-1692445
-3627140
-3167164
-4971748
-642964
-3492479
-320565
-2128621
-4377291
-1188966
-1095152
-3758325
-2996862
-5137637
-1109540
10910
-38592
-1487235
-2876953
-5279638
-2185033
-4598995
-3629649
-772230
289587
-658864
-4401564
-2865863
-567656
-1713223
-599198
-4887453
-1657604
730482
-3252957
96625
-1488007
-3511104
-1085618
266058
-4848140
-4113092
-3874658
-494330
-427115
-5210505
-2718828
-643279
-1655053
276379
-1253654
-3187469
-2286171
-1632966
-2383951
-2478948
17474
-594449
-1236342
219438
-5518924
-303511
-2883157
783911
420311
793296
45701
-5454857
-3304582
-300552
-2187906
-4302123
-3890373
-1051414
-1090422
-1427413
-2326690
-1587142
-99432
1202715
-3673726
-745557
-1712956
-3584906
-3834210
-1019713
-891300
-625297
706538
-5398317
-462958
-349815
100133
-887686
-3348355
-1371707
79823
-3424032
-1761520
-1421026
-2738191
-3189587
-1026303
-4446628
-4080014
-1799398
-5192394
290341
-831173
-2920901
-182696
-149749
-4086775
-684504
-2674979
-2705345
723543
-1661996
123936
-3748219
-966113
-580947
-4765450
-3855912
-444823
330410
-2827685
-3405926
-517931
-4345709
-2968710
-4594292
-2494060
-4966079
-2803076
-4225130
-3252539
-293742
262797
-3214339
-1176998
-1903293
-4282432
-709083
1475593
-1614270
-310666
-421006
852224
729807
-3590050
-664531
-5285034
372370
-1135757
-1016735
-1860759
-665685
-2728992
-479446
367072
688663
-1556976
-2738410
-4878531
-1832255
-253715
-1719078
-1047185
-444561
97733
-3612783
-2424807
-1882425
-1389000
-737615
123289
-46287
-3882621
-2235630
-3725796
-480466
452764
-147311
1108107
-1543786
-3401049
1385173
-960371
-1956517
-733588
-2028955
-542183
-4310614
-2796074
-1885630
475438
-1257514
268817
13166
14986
24864
360119
-5560283
-1649441
-520667
-409793
-98382
-668717
650446
740783
-2963963
-5125497
-2310663
548152
-3245368
-415803
-557988
416164
107596
-3217494
-3356367
-3839
780265
-310538
430579
-3040664
-2995080
-3149753
-1655197
-424728
-2600348
-466800
-2201002
-519962
-251933
485787
-46447
-2748084
-2466552
-4700028
-1439482
-4945
-425306
-3040868
33207
-3220079
283898
-1024732
-4552592
511189
-1323902
-1835707
960587
335058
1197114
-344608
-3449412
-4751987
-4013131
-3999388
-3477906
-3094649
-829390
-4107093
-4480617
-373749
-785686
-3422545
-818578
1053136
659622
-4993587
-636735
-1722898
-2680238
1227990
-396872
-219853
-4609125
-3668032
-5041589
-2896940
-1634158
-992375
-1983673
-2384116
-1628559
-929858
-2925421
-337761
-3767451
-4249955
-964260
96823
-4558102
-105191
-3438456
-1605846
-2012565
-967515
-3070197
492450
-4394762
-3636223
-3461730
9203
-2164375
-1431970
-1015599
-4231706
-2910728
105812
1113265
-5143759
-3996903
-3234661
-996122
-193311
-3133685
-729182
-582516
-662412
-1132252
-3480143
-467698
-592439
202857
-4318616
-3759345
-442105
-3228858
-3622332
-1371788
-1980831
-459908
-3062367
-2180614
990499
-19687
1318545
-2419974
-91071
-2140821
1000920
-3352321
-3589072
-504448
-4884158
-2101585
-86411
-30516
-219247
-3471827
-2634398
-4649064
-3925922
-3030416
-3076775
-3235578
-1067221
-1428898
100812
-2868572
-3857036
722302
-178867
-4036984
-4909497
-3816754
51925
-352189
-2083229
718086
-505126
169548
-3245533
936357
-3938436
-1239081
-879704
-749878
-2564879
422257
-2529298
-3607974
-5004248
-1502981
-378887
-3941749
873653
-100379
-596237
-2497616
-2879133
-2553054
-726272
76768
268069
-2725511
-4275395
204314
-2937295
-425038
-4615270
-2472681
-706263
555610
-316362
-2816144
-4067014
-4735612
-819321
-3795281
-15799
-3261417
-4930579
-1828051
-2731154
41166
-1404297
-3042540
288748
522312
-559328
-3558896
-3448733
-2282231
-740729
-2265823
-498278
1005208
-2446064
1085344
-2708066
-1561842
849256
-661652
153700
356716
-404409
2227705
-1790721
-4117731
-773236
-1230796
-1285679
-1425335
-2793600
844959
-3900596
-3865475
-2495127
-3543106
-267782
-5050726
511878
-1473772
305437
1699155
-3869167
-137952
581176
-2182263
147319
880623
-3527508
567548
-4805505
-2673842
-3086271
-3938274
471175
-192092
-3871527
871407
-1145933
-2404353
448827
-4057622
-986962
238458
-875606
-364501
-4853900
-3700282
-1458915
383868
-3305692
-5308202
-1248911
-941552
120561
-4124336
-3961182
-46770
687416
-1731861
-2446672
-282676
-1830067
-2795170
-298687
-3446734
-1588258
-2155339
-1925305
-1640952
133224
-798253
-542898
-2587698
-415207
-1335673
568842
-4253602
-455567
-1013871
561191
-915898
-2383304
-3937806
539063
1132621
-3822592
647099
-2070518
-1382435
-3958090
748233
-98736
-545658
506052
-5889947
-4404599
-2706001
117973
-800704
-3840184
-2477099
-2603223
-141219
-2763985
206732
1594356
-1272093
-3129899
174672
-1425331
-434970
-469575
-3814752
-3370672
-1437045
-3284760
-1431990
-2110297
314600
-4005454
-691716
-87622
-621839
-3268583
-1645030
-67858
-4939951
208490
646888
-2084013
-2862010
667987
-2674709
-219861
-2371848
-3995175
-4587977
-2952088
-404089
-4353676
-3886009
-1232174
-4339033
-618369
306124
-4578471
-4351069
-148792
-649749
-3030380
-1026900
-2709719
-944563
-3382181
399198
-3345064
-1772313
-1946986
659451
30023
-1425774
-4179947
-122582
-3658474
-3107267
-50161
-1746905
-312604
-1775991
-1356317
-3135529
52662
-2395501
-994552
-2721407
-3567186
-221225
528344
-2926496
-2881352
-2862564
789185
-1787362
-4512947
-3987443
-3758994
-4431732
-3847697
-503186
-4258680
-3054429
-1626443
-5072228
-528113
-3639510
-1346226
-847511
-4103930
-2651691
-4091616
-112920
-2638579
1325217
-410773
-134187
-2117397
16908
151768
-3017679
-3112422
-3855410
-2977484
-4239535
-409077
638792
633053
-2439236
-662549
-3003340
-2628125
-1318907
-405191
-4322690
-1295930
-1521817
-1901809
-3384425
-2434703
-1683227
-3380715
-42671
818691
-81399
-1353350
-295049
-2406139
-833900
-2212767
-1974040
173954
-223458
-987936
669791
-4226543
83819
-2580248
424280
-2206374
13719
1103474
-5418694
683659
-5104405
-2259321
-513932
-2792717
-4694393
-2969480
-1344541
-4577986
-618757
-3658934
-2565742
74188
-3314582
-599307
-3851996
-3140528
539015
-5188758
-4074688
-251922
232021
1105516
-2101414
-29344
-1107108
-1022702
-3163147
-1991083
52358
-127249
-3897585
144540
-4176189
-723504
-4230661
-2167179
-4292385
-359451
-4520578
-1788476
-782124
-3306982
-836212
-81324
-901488
-2921381
835656
-426564
-3827600
-1314830
-5049948
-1861941
-599783
904342
-203354
-50697
631222
1317522
-1833008
56263
-3132418
-2282790
-874301
-3042046
-2370741
-3205752
-38184
-2481270
-4607168
-2454720
-2279794
-3389209
-4617148
-2440199
50741
-2573614
-363008
672815
-5692694
944272
-363137
5803
-535586
-4608348
-4178809
-4006949
-70550
-440043
-4312414
-2369551
-391650
-2012781
-3266702
-5097003
-422549
-4411849
-3280158
-1471267
-2807773
-165970
-3797826
-91172
-375149
-4633981
-1565395
-2770975
-953067
-3328975
-1259476
-1743737
158636
124338
-4461448
-1948534
191831
636082
-700835
166366
-1410768
-2283592
-4202148
-465832
-1644741
-3479919
2195951
187412
-3586117
-5764472
-3218545
-2053646
-438791
153661
-1963234
-3487355
-743154
-771557
776255
-16773
45068
-3120766
-3426240
-244077
-3290587
-3580820
-906477
280100
-561385
-384853
141059
-552073
-1918945
812160
851282
-3529537
-2243866
-1133638
-2935364
-3499339
-1464387
-2699259
-4535947
-3849754
-1082858
-2629024
-2798529
-3773080
-2578641
819856
-4725122
-4606344
492923
-4509263
-4629058
-1802438
-33102
240346
-2535722
1621325
-4064339
-4100129
-595052
-3966651
-2574416
-2081856
-4569036
-1464352
-416000
-290558
-2908156
-3466910
-1999255
-909920
102140
-1599318
-927457
-4501647
-4155848
-438531
-4423724
-148723
-504268
-369992
-1675525
-3745242
-2128016
-3837257
883998
-473053
-750719
327067
504920
1251135
-4914075
-117399
-1392774
81780
-2948417
-1107241
-180470
-3079563
-5185793
-3314035
-2753994
-2794708
-2692545
-3020711
-4258988
-2393111
47845
-3949094
-2347074
-2644020
-1756459
-1335165
-488904
-4513521
-3513079
-2399583
688906
-783723
25834
-352115
-805945
-3330695
928102
-236632
-3020810
-1034992
-821734
1252738
-2300381
-430484
-2038989
-1052735
-1141012
-1699823
-3238962
-185702
-90740
-712152
-30853
-3631119
-3057795
308998
-2605238
-5698719
-3734854
580546
-380259
-197444
-1792159
-115594
-3753915
-180914
-3326065
22506
-706688
-3736454
-1222631
1193884
817653
-143792
87398
-655017
-4553525
-234591
-4272278
-3997481
223834
-2754595
-3748784
-2329859
814124
-3758903
467603
-254557
-28086
-67246
-1975538
-1656940
-2872096
-4933987
-4023727
-68419
-1142453
-4069230
362004
-332574
214341
-2559077
273749
-2133719
-3145918
-200977
-4443068
-1434279
-2113640
-566183
-2075815
1212105
305928
-311093
-3310858
1595030
-690679
-2353381
-2982664
-4941671
-1666076
-1087916
-1658003
193993
-3341483
-927881
-1955575
-3325889
878320
39993
253177
-823087
-2013271
-2116804
-1250843
-2077892
-4335907
-4318152
841128
-2186648
-2074542
-997692
-948115
-417698
-3756127
129677
-2819938
-3512680
335353
-224340
-117489
-3500259
-619617
-1228171
-3847470
92788
-3797684
-3854521
-231476
-248195
-584576
-4149042
-1593381
-858948
-3510275
-759619
66695
-3295374
-2206428
3151
-4130953
-4038601
503445
-4035671
133619
-534322
-3954731
-2928692
-3920077
-1987856
-1786772
-2394029
-2612778
155687
-947159
-4076001
-3675423
-4546539
-3078303
-2463339
-3993213
-691614
-5126189
-881233
-5020537
-2728141
-1839152
-481131
-4544767
215205
766631
-3852651
423787
-689971
-4252644
-2058753
-71329
-1363206
-3801778
-455168
-330161
-192747
-760644
-670774
107689
-3364520
-2354839
-3085656
-3784171
120948
-3699145
-4204008
517265
-2961564
-1215703
-3101825
-4561430
-3841265
-943920
-3921380
472698
-4608770
323491
-2640095
1247027
-2392517
-2164202
-2148073
75413
-1033906
-858725
-2690291
710463
-2813996
-4023638
-500232
732409
-3346578
-149876
-567951
-1418650
-5082924
268431
-3993579
290536
251070
549131
-865895
-3613824
-260406
-1126001
-625404
-3045982
2923
-1339245
488898
-243605
-963790
67370
911016
-2825912
-3050713
-1773850
363356
-5335054
-3474893
-835302
-776233
-111214
-4332684
897842
-196548
-4711582
-1101228
-3655789
-5131148
-3057367
-76499
-3862204
-621603
-4024497
-2401500
-3073938
-2655595
-4733673
-674448
-2267735
-1590275
-5028095
-515723
-2978218
-727662
-3945713
798858
80197
-200128
70921
164214
-1587980
-2992307
-2540572
-11785
-4732792
-3031009
1032724
-365996
-3705734
-3853955
-368508
-3486511
-1343995
-2646957
-2230479
-2083638
-769521
240386
-880084
-391723
-2109770
-4066958
702668
-3147235
-5668927
-4664782
-2165469
144059
-390596
-3097108
-5701549
-4119676
-3363609
-3108577
-2271379
-2826787
-1022421
-1634642
-2098735
-446877
-1698454
1280215
-5567193
822562
-2864930
-3365840
-3756385
-2442004
687276
-3427459
-3415390
-3555290
-136375
-4446176
-4425744
179329
-424959
467618
-3798983
63718
-353724
-1890748
-235233
-112506
1594745
-3346670
-3171397
-4496157
587199
-3771857
-90799
-3386258
-520352
-543649
-185866
-2211612
-8914
-4171951
-1932179
260500
-2461936
-451501
-2819980
682938
-4252501
-2408627
-836673
-3168325
-3676093
-3148045
113129
-384829
68202
841353
260089
-3899767
781682
-1178880
348862
-4024240
-2435758
-859715
-4147767
-3003485
-2735069
-2435828
-2875452
-1698478
-3307931
-4799179
-408216
-1028965
-2666790
-1027336
-293819
535904
-1754642
-3516875
-1624688
-2899005
873209
-3088269
1068385
561988
-2678435
-2833811
108920
-2254301
381169
-5043218
-136767
-2230633
-2382389
-190095
-712631
-2783362
-832686
-2939907
-877530
185386
-2496645
-41886
-442797
-2004676
-529400
-606327
-1627336
-2689505
-4151666
-1451862
-548429
-103950
-5890361
1284816
-3811352
-2676001
-284491
172238
-2523729
-278562
-3168099
-4152360
593149
-1889961
412820
-2963361
-4581078
-2017003
1061549
-3600907
-5783488
-4272827
-3272589
191705
-385095
-4598149
-625226
174225
-1293547
-300061
-1546017
-115340
-526015
-2626745
869202
376334
-5000983
-1510368
-2738679
-1071065
-3949352
383790
-1077175
476549
949754
-4360008
151642
-1152092
-949862
-2805760
-51334
-4256773
-2582755
-4117510
-940025
-1227202
-2269718
493557
-2012760
-581695
-4149239
680819
-4056464
-268872
-391121
-2658996
-52526
-1286176
527483
-252578
-1771544
-2250243
1171440
-4777071
-4458495
-198427
-4038966
-3924792
-692256
382536
-1405883
-3858002
-2651547
-683763
-323740
-2327674
-3870568
-3071240
-2032425
-1253766
839699
-48565
-3758433
-468514
-81541
-2057940
-1685757
-586855
-4798491
-797159
-94026
-3388286
-944079
-1046265
-4434135
-1600981
-3072755
-1783193
-2588207
-2743146
1206236
-2669222
-123984
-525034
273698
-4340605
-3502105
-3648487
1069994
-1018084
-1250469
-4532899
-3447038
-841647
-4128574
-1115517
-1592702
-2331286
-3153813
1226892
-3693362
-820910
-3914358
-1600339
-332318
-1627449
596461
-6036480
-3748760
-2811516
-171075
-3976418
-3951400
-40268
-1436149
-1027752
-2906674
-4452778
-4659305
-583068
-1325458
1384690
101409
-2193958
876201
-2535018
-3419474
-1657006
-387847
-1322693
-4977788
-538927
-4338930
-2563631
-4047535
-1336043
-2362968
-4548175
1368864
-932290
-2496079
-3161457
-1734481
-3437835
428851
-48237
-4684473
-1401748
-5364485
167419
-476572
-3314471
-1348810
-1821283
-3066862
-3571842
-92676
-1111517
-3111
-4121487
-3023493
618424
-1620121
29572
-3488325
-4732664
-2926393
-2458376
-2551467
-1626573
-3676902
-1175557
-712965
-1315494
-997097
76948
112410
-1883563
-1613676
344629
73802
579012
-2922185
606018
-1980416
-3659236
-3806428
-22052
-1667876
-1552065
-4464083
-4335427
-2332749
334045
-202459
-2582521
-4348998
-4917480
122997
-4265332
698464
-455859
83677
-510931
-2519596
-3608858
-117013
-616579
-1891935
-3267248
-5325898
-1007839
-4109127
-4087911
-3653985
-4666065
-1258463
34218
824699
199773
-2209266
-711824
-1800449
-2287804
-3226149
-793973
-4797943
-1474881
-551231
-1277605
-2081245
-645151
-2438808
-2284757
-3783401
-4439578
-2215950
-947630
-2351847
107999
-3082791
-3962164
-3420039
-346676
-753968
-2147998
-3075549
184589
-3036654
-2383334
-3378476
-158191
465284
-1645312
-1574862
-813323
-4550946
-1030369
-1513416
26722
-1269356
-1354080
-3630478
-3057380
-491312
-2225767
-1186010
418108
-2859492
-2098955
-3526615
-2175579
-1082766
-2683205
-3900886
-3612552
503053
-201986
-980698
76744
-1617016
-1662253
-3674116
-1327140
-876185
-4532812
-357330
96980
-4046362
-2040468
-731190
-1185341
-844482
-3966767
-1496016
-64424
-4296702
-4049356
-638088
-3151434
-3390832
-940769
-2105946
-2135817
-463776
-2886156
-2054120
-676324
408597
-2166612
-2244621
-228602
277321
-2706733
-118594
-3761860
-2076347
-3891004
694602
-2328238
-4147741
-1639544
-5225923
-2533714
85833
-2101703
-5192043
-3137369
-3340493
448039
-3845322
894816
-1813401
-2834331
-2939913
-4122881
-1161079
-3478854
-3388597
21729
-3068476
-3905851
-136022
-3094953
-1561837
-970640
-1705658
-3106164
-3833707
-531898
-2383170
-4321060
-3439020
-1941854
-1311735
-2350350
-2834307
-291370
-2722707
622150
-49565
-2728087
-2656354
-4359063
-871746
-1725082
-2027638
82046
-4484878
-218288
-1891567
-86442
-4167876
54725
-2541179
111636
-3569519
-483863
-5444711
778259
-1215931
-4421012
477449
-618583
-3395405
-445654
-4259539
-787240
-904929
-1696220
-564410
1402433
-59130
-207701
483349
-3425949
-4275067
-3785256
-1075619
-1435530
-4410405
-2380656
783853
-3597193
720366
398437
-2923944
-2657016
-288040
-271179
284623
-2078465
-3866684
-2574013
-1407522
-815876
-386558
-313829
-2131519
-291707
-1180164
-667949
-4313574
-1901805
-4175433
549692
-800799
-366420
228321
-4156058
585084
-4997202
742836
-2333435
-2183021
-279893
-2004274
-5174692
797258
-2542316
-2592412
169161
-3859020
-124408
-3278882
-4502769
-3936208
1799638
-1774715
-2040816
-4268584
-5289114
-1532274
-351236
-2981397
-4115842
-3427653
982987
-3107353
-4465140
288701
1435215
-344733
-1229084
-2667903
-182130
-346231
-816303
-673381
-4219936
-2302982
-1969709
-1315635
479632
-4193694
-2916028
-4966710
-4322380
-4578628
-3307174
513129
-4250531
-2999277
-3531178
-3622502
-5037126
-4105353
-2944441
-1052373
502828
91511
-385177
-263112
-4972232
-21214
-2155279
2445258
-4016976
-3545339
219699
-3410718
-5247641
-3210068
-3690121
-4341011
-1136449
113617
319275
-598259
-2713887
-3727722
378714
572783
-2295717
-1739947
-3196666
-2969879
355102
-467960
-2681786
317398
584559
-1477373
-1441473
27682
-1079204
109513
248784
608165
1116107
-3204593
-1599882
-3895668
-815848
-338991
-3032538
1339187
-4078512
267318
7336
-1444525
-4790348
-1766720
-1317632
-1931513
-1235771
-2068600
-2787782
-3191407
432199
-2228277
-563903
331438
-3667441
-424962
-3140215
-5061057
-117150
-3819542
-1602698
500638
-4045199
-3768652
-4986770
-3952689
-1719532
-1532128
-2208133
-200881
677236
813075
-1619183
-3441469
679312
-1424909
-283312
-2432391
-3129854
-4042893
671392
-595569
-3039078
1946907
-3051266
-3392982
-4615467
549338
-2842270
-544231
-827396
-188588
-1293475
-899766
-1184378
-427187
31578
-4128156
-4385798
-3556845
-1632009
-2389914
-4259246
48534
-3439029
-2736320
-294304
-2173420
361133
-2165133
-690973
-3997493
-1841892
-446295
-3395627
-4353672
748635
-3318441
-4143731
3333
-2549396
-298737
1147529
-31504
-3673410
-3348992
-869004
452170
-1179848
-3382386
-708417
-146244
-2461296
-3046698
223331
-334737
-76983
87550
-2730992
-678052
-359444
832261
-2763013
694745
-1293145
-340457
-639345
278643
-861443
-1888267
-159021
792708
-918035
696816
-2531112
-1297986
-4060294
-466812
153587
-720560
-1416266
-558072
-201854
-4074655
-3571933
-2740257
-1410404
555915
735593
-2061848
-120296
-4493023
-823012
54280
-228460
-908446
-2288443
-477401
-118493
-3987895
-3903647
968218
-5585509
-662238
-466286
-383695
-860047
-835860
-2499842
-211592
-67533
301451
-1034542
-32547
-1166807
-1118289
-154765
-583511
-808437
-1580508
-1724419
-398333
-4622461
114909
-2719806
-929218
-2872736
-2434690
-3283053
-3207440
-864190
-3158842
-3442202
536413
-3816527
-458602
-93464
602753
-65212
-3474333
525135
-2191914
-2999812
-890994
864392
-2414789
-3257315
935511
-2890162
-2514331
-1557873
-2745968
-4459242
-2098283
-4700548
-973696
-3907488
-874480
420265
-472331
-2311484
-4600951
-180778
-18385
-362535
-1040072
-1041392
-3508981
-3222509
-1097094
168599
-2032057
-4767017
-430806
-758976
-3421521
-1832459
-2677670
-524121
-762231
-845918
1552931
-3460602
-543476
187394
-3592948
-3595854
-182269
-4402972
173415
-835140
-4107785
-4193875
-71717
-5839190
-4131605
-180368
-1737179
-744863
1865922
-2145374
917127
-704526
-4643025
-3313202
-1514465
-2989603
-4052882
-3089338
-2230190
-669917
-3620875
335909
741295
-2151621
-730628
-529397
-1372053
-1214007
-1600363
805038
-1598120
-106296
-4363036
-1612164
165567
-958916
-1648304
-3383186
-3608008
-1282710
-166283
-2155738
-2502786
1768633
-1454610
-846968
1044817
-3123743
117388
-960133
-446612
-1069540
-1162261
-4349444
-2951548
-1464189
-4543576
-27619
-1191852
-4232592
-5129760
721384
-4163131
-3261010
-2287931
-601966
-3663663
-2173761
230695
-539661
714838
-1024800
-2695729
1027563
-4073729
-2639383
-4422245
-381086
-3883434
387913
-2765655
132001
215582
-5147264
1594501
-2175619
-2140168
-3156167
61416
-211403
-4004509
314285
-2041805
-1743116
-2046585
-1480387
1605020
-1126711
-4291056
204526
-484473
-1144476
379894
-2524063
-2858628
-2808910
-1099849
-3408072
-980688
222441
1085436
-1367015
-2614481
-4441325
-4687655
-1457083
-9412
-4373405
-3415251
665512
-469515
828279
-4101204
-10192
-2606018
36442
-2215369
-655623
-3715305
477082
191283
-2014534
-4379133
-5234758
-3933190
-3727283
-1776472
-81136
-3144029
-5533750
-4557504
-208421
-3926456
-1666512
1397082
-3528439
-3982004
-3123053
-3653521
-1835280
-2293651
1612709
14983
-4292106
-3752457
-1503371
1612117
-1235754
-2064419
-1996420
-3410996
-4797149
-3211095
-1831229
-4716362
-2750091
-3674892
-4114275
-1667401
-3078567
-766570
-1067650
-274434
-3547634
-2369484
-1046332
593692
747948
997649
-969746
-754183
-2366395
64631
-4391915
-5129824
-4862570
-1419477
807524
-1380371
403665
526549
-1065236
-1295292
-2524428
-1605708
-1506650
369097
-3050857
195221
-51016
-1965064
-3070593
-3152173
-968821
-2661703
-481148
1207998
-4575236
778547
-2895846
-2753678
851704
-1964221
-2841012
149805
-3312405
-4304511
-2637584
-1496650
-886144
-211697
-3453047
640548
-30140
-3147959
-5247958
-4213044
-579666
-2101709
164255
-3002127
-1678789
-172254
-3252578
-3370641
-1769665
-857695
400368
771767
-1865174
-3022830
-1503004
778784
657140
-2286835
-1820597
-414767
-3671973
-1766858
-329317
132830
-224406
-840789
1185826
-93481
-2489695
578414
834437
-1917287
-4837749
-646213
-4323657
-2842840
483384
-3576472
-905197
-1559329
-2473443
-3517823
-836545
-2078890
-264832
378005
567444
-2192601
-406507
-1635440
504610
-678446
-1467162
-1467506
-2670255
-2639729
-155800
-2704151
-3959455
-1023953
-3943198
-348943
-5185433
-3989451
-6488
-3000715
-679054
619
-3375094
-566348
1349085
-1844137
-3446510
-513041
-4373204
-21738
-5172160
783317
-251235
409593
-5009692
-2014956
-3914875
-2610626
-1924184
220979
-4507014
-3137558
-139353
-1841897
19355
-3828249
-2138337
-2811994
-1266036
-4223199
543195
-773263
-2202414
-1896163
-1547123
-4174901
-4260318
-418623
-4471651
-331243
-2930041
-2584778
382988
-1231028
873524
581472
-850220
-1123114
-3901214
-2829760
-2204570
-3506670
343353
-604715
-2548510
-2585486
-3090303
-474766
-445830
-241813
-4122550
-439781
-462792
-1803123
-3509558
-1689825
-1888450
-2038
-219837
-249134
-591868
156404
-3292416
197964
-210588
-3652110
-4942375
417496
97523
-645815
-1616825
-3124760
-836371
-42719
-5440622
-3212775
1353102
-363933
293141
-2441306
-852757
-3184128
-3705838
-2429580
-489516
-310336
-922344
-4273218
-2257602
-198332
460068
-997469
-2866683
-2759142
-2331180
-369364
1057085
982469
-3358900
-3763025
-3847150
-4066783
-209538
-646794
-4185618
-4195157
-3175060
-3349127
-2697168
-3392191
-2444515
-5374868
-3743683
-4330913
-1901445
-1497779
232542
-4259472
-1682921
62279
-1073613
-3358342
224116
-2934490
-3646111
-3364385
-1024567
-2654876
779998
-4955109
-3812553
-423163
-773460
-1059431
160688
-2015378
1043088
83910
-2573767
-2427564
-408475
-2853265
-299039
-422960
-1101
-4554286
-2634951
-1489774
-1225878
-291834
-1151835
-4136376
-1543603
342097
561402
1312918
-969262
-2020500
-116578
-3836158
-1289741
70333
-4489399
368148
-181320
-1701832
-3634292
-505882
-5081247
-245570
-4845125
-3246823
317201
-2435372
543787
-1922481
-1823388
-1948564
723830
-3903283
129406
-3819174
398340
-491534
-665479
-5022916
261672
-560352
-1556477
-186245
86070
-4720772
-4808508
-5554459
343664
-1197374
-154058
-2789871
-432827
-4507743
-1629473
442707
426534
-2877158
-2632601
-2750016
-815708
671881
-257628
-3030814
-3333900
-54585
-2977928
-2766889
192219
-2256769
-2449446
-1877104
-1609475
-236925
-1563843
220987
-3585649
-2127597
-2666779
1064273
-4768756
-901385
-3476196
-425437
-2109215
394342
-3172814
-2194573
-131112
-3992818
506497
231482
-2864223
-2827745
-3714737
-1197365
-695179
742395
-2256853
-2128576
-450582
275288
14244
-1513832
-662485
-1597651
-2269400
-2960968
-321205
-1442841
-214542
-2552769
-1657385
637516
-1545292
-3962780
-1681508
-4530665
17256
178236
-2176171
-540666
-464415
-4865909
-3766993
-659738
-653086
-3769849
-2866006
-4313030
-2332157
-4594740
-927175
665744
-1872210
-2121968
-3400554
-118104
-2722103
395413
176672
-97581
445663
-3946120
-810868
-513057
-4467192
415169
-3103838
649469
-1218770
-2496040
-3627563
-1150523
-2724293
-3484570
-3591418
-2062044
11146
-897011
-186484
-4855062
-1828592
-809135
2209774
-2455501
43899
-2096885
-624122
86051
-869401
-4348710
-1918137
-5161980
-2102876
-1144963
-5658251
-3169155
-570641
1325117
-682003
-1057379
-585032
-3844818
-4438885
506498
-2390510
-1972738
724035
556251
-4741530
504472
-4229526
-2756997
-2612029
-337470
-4885813
-3552245
-5420986
-232478
-1481398
-3799347
-383052
449296
-2864645
-3837610
-4270740
2276683
-3001275
-2130524
-2669920
200988
-356632
-974819
-4248285
293153
-1664625
1346431
-755340
306945
-4135172
698652
-3508411
-4767221
-1629600
-5560073
614399
-620981
-20795
-142821
745128
-2443525
-3786423
-4248278
-3984814
-1177321
-3503109
-1079283
326881
656176
-4239429
205261
-3732995
-3201240
-3262676
-3469387
-553245
-1797654
-406417
-5014079
-2652875
-1446326
-322308
-3023539
-1678250
-1492173
-356101
-1870845
-3038118
-1473565
-2130399
-3235348
-3920342
-3335980
-2799590
-2641905
796246
-3944914
-1941134
-5202993
-2032911
-2157955
-4179674
-4625939
-278736
-1934821
-3606503
999309
-3600015
-2684623
-3936296
-348981
-3445777
-441626
-1010055
-123082
405579
-1701504
-2191966
-4568232
-494956
-3821110
-2299003
-5058165
-1695129
-2968253
-1025099
253920
-355399
-909455
214983
-3378994
-1615913
-196501
-4323551
132574
-291346
-1314302
-4325274
-1030528
-1526356
-2533381
-3042608
-971465
-177329
-3710526
-812517
-2338210
-3682041
714982
111200
889041
-3051050
-4505087
474520
-3786430
-4671107
-737227
-4250928
-4124359
71167
-2639556
-1127966
-405523
-1716298
1013940
-3025139
-2762489
-1466385
-1071085
-820717
-442588
-209415
-1109051
-933694
1172320
-3768203
-2517173
-1961734
267734
440533
-2119595
-341345
-3354473
-1232826
-3878749
-3202127
-2591018
306370
769419
-759595
581446
-2500074
-1555340
-1415746
525080
-3702029
-3381579
961210
-199309
-2262244
287035
-5464834
-1957856
-983490
-1585341
-3287642
-1496864
-1744097
-739583
-893233
-3281688
-1098086
515832
-3294210
-2589312
-2079377
-85404
-1319024
-1173186
821800
-144956
174286
-4121887
-3427714
-421642
-4782372
-4238795
-748749
-3901397
-2727794
-2485450
-3914741
-3021683
-2107586
-1599303
-3595522
-1042548
-2074943
-3885396
-2076123
-2982894
-2728678
-498802
-2054440
-4508891
-4880478
-3593289
276795
-917176
-3209361
-1143623
1308958
-2280885
325095
-796475
-2184233
-1353044
-2599548
42996
-4821618
-3370267
-2459446
102643
-3988123
1796846
-1992712
-4398717
-486346
-3927236
376822
-676299
-2953084
743666
-3575036
-696996
-790762
-1752289
-4303901
-2246387
-939839
407097
-1615519
-4634333
-227922
-3747788
-1962776
981383
-1637495
-2591718
679122
-432011
-1115496
-3832838
262647
-3319387
1360818
37956
328682
-97058
-835401
-2436968
-762712
-1038885
-1507336
253485
-441759
-3037394
660262
-3987428
-2687843
-3081280
-1284256
-4724633
-2873208
-4624190
-486349
-1429831
-456029
-607739
-493509
-4369726
-3961511
325189
-737241
-2776737
-3806053
273914
188436
-4909259
-1213317
-1009225
-115871
-231065
-2577902
174167
-1655640
-3029291
-2988027
-3588744
-3722961
-2507061
-4025866
-3389205
-4397572
-3012570
-324190
-260096
-2612302
-4227712
-2269756
-3564227
-2438927
-594029
208287
-86406
-1049872
-331791
-3199813
229659
-5401611
-2332575
-3391263
-3754049
-526554
1104767
-540986
461076
-3749930
-2066594
495531
-4063008
-2040826
-1403364
-952524
-272218
-1940045
-2671675
-1970831
-767421
-2711251
12717
-1574558
-4385672
-3710465
-253498
-2765044
-4023185
-2538994
71216
-469680
-161315
1026847
-3945153
875684
-1465575
-5602576
-230674
1018649
-260480
-2028742
-463469
-2068645
-1026567
-3137807
-52204
-63433
711795
-840699
63888
-3787628
-529038
-2527636
-3779007
-1220955
-2232401
-1341990
960693
-4279205
-805039
-2433090
-1425452
-5956851
-4056426
-432790
-454755
-444194
-862287
-3067234
-332985
-2454079
-2778847
-3472280
-496816
-1013660
-606875
-2667806
-4886289
-835601
-3537672
-2202027
-1653836
-3932806
-4301235
-1856112
-3898866
-518678
-1245881
-4481449
-3764918
494702
-3049249
-2016073
-2118829
-4913865
-1564488
182369
-354247
332870
-4143011
-3106381
-751452
-1342425
-351502
-2572515
164713
-295991
-564339
-45996
-3667966
842892
-2897250
-78409
409333
-896255
-1092036
-4823765
-1604585
-2650932
-4726306
734754
-1905157
-638711
-3952325
-1098168
95483
1736236
-4261915
-4385077
-5229932
-3173637
-2226464
1218358
-726778
-1005448
-618768
874195
-997140
-564222
-4283789
667869
-572422
-96047
-3500111
214227
-488105
-4107312
287703
-3463261
-2851287
149592
-3924619
929623
-486022
-3041628
-3508062
-1072613
-2030979
-447162
-2668030
-3259
-1187196
-285915
-3947780
-1981152
-2210770
-1475939
-1497329
398787
-2197685
-1147668
1418619
-3210059
-4438562
297106
-4410805
-2718112
-5045547
914319
526918
-3419461
24787
-3401495
457090
-4269945
-225816
-2181870
503102
-2567150
-604888
-293925
-1681410
-3339164
-1417325
-3112985
-5604749
355472
-4987336
-3422277
-721972
778393
-5367454
73641
-4062054
-906474
433263
-2295611
-142337
-3357594
506226
-3758253
-3572300
-785940
-548100
238582
-1368449
-266200
-1765487
-2389395
-1412656
-3426812
-3209645
-4691857
-84347
-634125
-1746330
-4301964
167155
-4931629
-504771
539111
-2162868
639823
1433324
-3133314
-764931
-4071962
-440809
-5448489
-2400593
-3295719
-1090707
-1181522
-4151877
-1587995
-3383366
-2628447
-1995168
-3422629
-4092644
-3437504
-2187091
-5222971
-4082254
-3604546
-127960
-4279198
-187141
-696378
-2828847
-4100160
-2689958
-4167895
-2106868
-476486
-534119
53173
-4578136
-4956673
-1589486
96747
-586006
-5884001
-2879767
-1363482
1576202
-3395482
-4034215
-122453
-1317701
-4063665
-2348298
-499662
-939293
-2887391
-1551969
-5321424
-2338487
-1671925
-1992194
-308088
-4946646
-1257444
-3719075
-1469909
-400671
-857696
-1312346
-2197610
-1550109
120278
-3547480
92923
-4069945
-1821929
790653
-1389516
602255
-2648639
-1050223
-2077568
-4045021
-1362077
-1929789
-4449264
491086
724897
-1544336
-1096637
-4575825
103190
807113
-4210279
-2041015
-3113417
-1585130
-4436548
-2283815
-913278
-3952846
-478065
-233986
-549658
-1559199
-2029306
-1056696
-3954044
143004
-361782
-300467
-3760465
-3064918
-353168
545256
-5004422
-1621953
459086
-651376
195517
-4986164
-875383
-2867624
-4260800
253512
-3347989
-82850
-2332383
-4267254
-3241163
-2609032
-327792
-2063708
-198167
-1168596
-72287
-1850170
107970
-4206343
-127166
-118968
220203
-3944750
-1959233
-2979478
-31918
-1478070
-539784
-3345021
-899697
336126
-1883603
-2493659
-1524960
-509935
-1341705
-538119
-2748628
-4306835
-3329193
-2412774
-3041353
-1243891
-376807
-286350
-1537691
-2568838
-870399
-3921208
-2428994
-3718334
-2082249
-4430750
116546
-5474464
-1751579
-1694223
-186887
-1647570
238760
-4572271
-2214641
-4768747
-184258
-2806420
163103
-733362
986900
38618
-941963
1238195
63224
-905664
430131
395610
-3775243
408121
-1041497
-1546240
-1221634
-882071
-383725
-885940
-3425573
-555115
-4869836
-834607
-2874896
-1690768
-3077242
-3251758
-106987
133910
-722074
-1387243
-1770953
-2082165
-4839825
802896
-3723213
-523629
-1558307
-84898
-1734934
207260
-3175064
452036
-475885
-4184423
1429075
-1630983
-2207057
-2573063
-5570642
-4460066
158774
273272
-1234940
-4347796
-4523412
-2556575
-40906
433881
-3314533
-518552
-2676351
-3056168
-1972285
-3327712
-2159595
-2374832
-2595515
-1926049
-3697379
-54364
-2394449
-4398916
55563
-4014110
-4665144
-2653407
-3559037
300561
-2748296
140568
-100387
-3975086
1125427
-2696004
-1921155
-3042870
900984
-1019373
-20814
-2778358
-530684
495046
-3199784
-1745401
-4199620
429897
-2545991
-1707673
-457812
-2555226
-1659574
-985561
-1556019
549920
-3939568
-4256615
-1148431
-2398852
-319854
-1450786
560612
810047
-2371904
-703320
459234
-4009609
-188131
-625469
-1056518
652148
1453840
-2834524
-3123212
-3865620
-3461591
824742
-599416
-3549006
-3797979
-1072292
-4574873
-1072734
-857132
100878
295105
-245074
-5828383
-185478
-2809783
-242635
-2470461
1165373
-206369
2050745
-1627476
-2479228
-951426
-3142727
-1960162
-4618654
273249
-4099126
-2368656
-4103399
383354
1030908
-1811109
-2131677
-335466
166618
-2840162
-3064551
-1745595
-1286281
-2711064
-919672
-216373
-3067397
408646
-3872229
-3231094
-155454
-1301915
-739644
-2724131
-2432382
-2388200
-2726256
-2233956
-819811
270759
229267
-1442327
-903480
786218
-3341604
-2226557
-3204947
97906
1505043
-100202
-2778693
-3141444
-4045162
-4512571
-4409217
-423403
-595915
-69080
1147375
22799
-2004943
-164441
-2789776
-2573853
-5083659
-2137715
-5471761
-1906312
-267094
-794908
-2617661
1334335
-4816947
-1846445
-156352
-1467260
132845
730542
-1011582
-4326663
999597
-5143750
-1242839
-2059230
-858805
-3580836
-118366
-387494
-942510
-4553370
-1656056
605891
192478
736529
-2785861
-641205
-1466009
-4264577
-853382
-509956
1393561
-111582
407266
618477
1010818
-5923203
-54562
-1716552
-920003
-4843721
-3380992
-1703304
-3852328
-4847895
180396
-2811253
-3068650
460765
-695742
720462
-1685785
-4432424
-2170666
-3140446
1068308
-2949233
-1289695
-4229584
-1016944
-118233
-1652688
202637
-1151887
-2795286
-686731
-2772660
-2392660
-379889
-196279
-1506987
-3237272
-2423850
-236715
837970
-2508649
247090
-855830
-3131929
-781332
-4518607
-3283101
-3631858
-1580353
-4875509
-409763
-565217
-1658027
-2118261
-3528699
-4094662
929605
-445738
-371249
-601719
-2269239
-2114597
1341536
-4321183
-2124760
171108
-1042888
-2384631
-3984325
-1914271
-1551035
83657
-4806096
-128722
-134057
-4010137
-616939
-350386
-1238992
-3052360
-812750
-2175378
-2176078
-4644454
-1380489
-338588
-817896
-1301210
-2416537
-213897
-1137900
-787550
-5207368
-672611
-79223
-480747
562685
-3334204
-4325793
-1248907
-1104504
-33509
-4507378
-473258
-97087
-950669
1586408
-2781274
-3576083
-1709111
-577284
-269113
685106
-624150
-4114457
-2078721
-1248761
-2919804
-983211
-226122
-4182064
248727
-4754257
-2847031
-725809
-4774998
-765946
-860124
418417
-2887252
-1582683
-1752738
-499891
1650233
-2263446
-2056264
-4245969
860267
-2180186
42632
-4010981
162176
776306
-3307594
-2613389
-4238600
-4910768
-839619
-2282097
-915218
-4823813
-3362964
7149
-329970
95313
-45721
521523
-229383
507289
-787395
-2975942
-2612887
323516
-1985650
-1061099
-2719763
2233
-2228463
-5534944
-3299510
-811569
-4363655
-4592296
695953
-3496272
-2335192
-3486510
266110
-3351473
-2717683
611839
424518
-626630
580754
299791
435922
-3756310
-3884909
-586623
358442
-527009
-854359
165533
-2902040
-3127106
-3317792
583486
-683883
-1061653
-2986814
-3336532
-904893
-348461
-3012621
-1441099
-853081
-4319293
789615
-158250
-744495
-5046688
-5016056
-1108313
-2872038
-2003282
-1043144
-2704597
-4731086
-4676983
376276
-129995
-1083361
-991874
-1070194
-5324173
-66424
-3760863
-2104595
-2178795
-1614467
-1546931
-2017569
-1632936
-2172666
-354621
-2265831
-474302
-3701972
-1776489
-2422098
531031
338195
-2350045
-1158166
-4413450
-3883692
-1650474
-2188337
-3086415
-1821002
-5437117
-2695932
-406925
-4621038
-341151
-3553478
-2347414
-3231601
-4439695
-4022003
-1395944
-277791
866977
-430193
52551
-845953
-1970734
-2995223
481391
227273
-4513720
-167801
-3437256
-763468
-275247
516657
-1514501
558441
-3684514
-2790830
-3401487
-2750412
-3333451
-678341
-2402710
-4321899
129196
-3670672
-3792301
-1284925
-2015259
-4479183
-87688
-2712772
-1130973
-106959
-2457231
-3444146
-5020534
-1374744
-2922845
-2998740
-571963
-4227561
-4065778
-283328
-111589
-1685096
67682
-2885158
-1866887
-2136385
1010
-3706846
-4156550
-2883257
-41776
-4734130
-2290711
-673176
-3549155
-4490541
800277
-522674
63883
-4084120
-1377672
-2214933
-1705893
377917
335469
126051
123149
163653
9532
-3330194
-5623485
-3643911
-1581548
-1747973
-3950211
67775
-799133
228123
-2620646
-4104825
-5932445
-1667606
1695915
-765803
-4125311
-5192970
-125812
-3004166
-1512880
757849
200293
-248218
-514081
-1276016
-3640693
-1559313
-2410914
-1700694
-3535154
-5268492
6445
-2604383
-2203355
141741
-2983553
-3847765
-1462825
-334915
-1155928
-4956273
-289411
-507522
-805195
21472
1086149
-207823
-4247892
-1432940
-5177697
-2093902
296157
-4251882
-209230
-1649799
-1180741
-3207367
-3746318
503747
-1607879
-3513921
-497890
-90472
5374
-2363154
753637
-3863919
-4328984
-3838693
-1861340
-413783
-471229
-179790
-4992896
-409314
-2781897
-3281817
-3612907
-1591603
1193928
-933462
-3195079
-2821835
-1250176
-1845151
1021433
-1354357
-83790
-4544362
-2778212
-2175030
217538
-3971330
-699667
-2431620
-5552440
-3846787
-19027
-2465726
-4089535
-402965
535904
-3810902
1136131
-323913
-42220
-141420
-2954674
113466
403931
774463
526113
948576
-2898210
-534676
-1776993
-4456794
-698915
-2186277
-834860
-768829
-4167101
-85784
-1445082
-5010607
-4062654
-402960
-2051038
-1543639
650603
-3783949
-2606367
-3302535
-4068495
-4627021
-556449
10525
-4607342
-504582
-375939
-2963590
-576880
-1963134
30476
-2429395
-4407815
-1653462
-4460500
68606
463160
-1082705
-670341
744498
-3478664
-248024
877087
-3113027
-3566001
1106954
-106799
1263755
-3351160
-76670
34791
-533912
1222539
-4192431
902643
-2030852
-261609
-4394108
-3707360
-3662834
-176892
-724705
-1413799
-2058234
-3221403
-3616512
-581637
616556
-4455123
-3762090
-4140815
-2375269
69735
1517952
-159441
-4947658
-114015
-2564488
1141296
-2925195
-3849183
644475
-3005964
-3743080
-750626
-3786818
-4242997
-1321163
-202559
-2684199
-3627028
-5076961
-4233460
135486
-711966
-2551283
156556
164065
-2567388
-1394948
-1611602
-4486383
39071
-3149262
-260469
-2958379
-2111192
-929616
484120
-144538
-3469256
-1723860
-613816
675633
-4662592
93218
64417
-2075732
-960664
-728578
205092
-293275
-5545088
-648170
-69263
-2881483
394086
-3614742
-3171591
744543
-446813
-4083861
804698
-385692
-2572156
-3548500
-160054
-2078950
149350
-1248505
-230485
-356081
-1777163
-3188661
-1317651
-2616302
-234382
-485357
-4798898
-4645536
-1495263
-2018822
-4152782
530342
401020
-648056
7166
-1926345
-2869858
123409
-713098
-5461086
-898228
488963
889123
493542
-1257761
1476634
-18177
1583412
-1070987
55049
-3864253
281545
-1267150
-228801
-333719
776953
-4442165
304512
-5506842
-1120196
-804820
-3914077
-2170252
-2532541
-3164739
-3885309
-2492852
540801
463734
-1883486
-2815953
-4347202
-3031918
-250322
918072
323554
-3357616
-4424227
-826943
-4248495
-778554
-38117
-1013190
462674
-902325
-4451503
-1178591
-4272610
1110573
-2003719
-3041157
-3582435
-1353619
-353713
218026
-4978036
-3249535
-3060459
-3266485
-2753444
-704304
223978
-898352
905208
-4776140
910363
580903
-385647
-4472166
-2252469
583316
-3120990
-4421751
-1554122
-4516094
-985156
-4976908
-645491
-233725
-2811946
-4355977
-1183212
-1636350
-4194280
-165311
-3406431
168633
-277563
-4947880
-4826996
719644
-22520
-1355665
-2075213
-439631
-2905156
-1685057
-2474743
-677871
-159958
-1240919
-3507513
-609601
-925832
163984
-1122688
-482946
-4253667
-991580
-3725686
-2708276
-3465966
297608
517343
-473410
-3746442
81065
-1531506
-232630
-1069281
439403
-4238398
-312810
-39769
-1102504
355130
518594
-2043863
-4089124
10388
305379
-140644
107389
-4149447
-502068
-1402893
148905
-1255762
-1555638
-3126754
-184123
-430160
-5321828
1132935
-2521717
-2270925
-3302320
-182517
-1064987
-3174401
307269
-1765638
-2858767
-3276817
-394905
-5079986
-2618644
-1442558
404959
-2548587
-4981248
397864
-5289696
-4165836
-4261256
-1521846
-4315427
409170
-2126265
-2692080
-4697182
-1536253
-1752834
-3757731
1782411
-2507199
-3605835
1408187
-2344185
170275
1729611
-4431518
-5052040
824760
-1023178
-460603
-2678066
-1885596
-2418314
-2563526
-88564
-2585459
1514772
-2921934
-538266
-1929312
1466201
-2151908
-1607570
-2009386
-174947
1101456
-1306963
-1082182
438656
-4104683
-2457131
-3361726
-4331926
-2561128
-409029
-3249382
555977
-2461694
-34942
-2872607
-653908
834135
-5440707
-1101669
-801454
-3185927
-4225833
-4826078
465801
872525
-3019956
-55879
-2364259
-515999
-3439812
-814524
-4849803
-623658
101714
-3085780
-2167566
-3800826
-3429667
-3381478
-4748913
-321751
-91444
-1626179
-3989805
-3292358
-3071590
-1004081
-1032071
-2084339
-3956716
-3058859
-3442004
719385
327960
-777467
-5555831
-140181
-1838186
-233460
-856750
-647972
-98123
-5086124
714686
-982576
-3469847
-4350406
-395212
-551087
-3286780
-4290653
-2077544
-3876914
-2224161
-328741
-660147
-3251099
-3195773
-728334
-3243430
-1486740
-5198188
194777
-4799012
-659600
-3873182
-474315
-528748
-502880
-3325558
-3378642
-2523463
-4055329
-1500411
-240390
-2922552
-1982853
-3501182
-236803
-2959543
-696880
-4339242
-460275
-401888
-434048
-3976639
-2421650
-2252949
-353115
-1945153
-3610065
-2776579
-3478970
173746
-480570
-3270143
-817082
-4186302
-2223084
-3993298
-4150087
-1497450
-3286533
-4135059
-4130024
239727
811277
-97608
-519022
-262883
-3265228
-4510146
-352412
-156161
-3172003
-1786626
-2717370
-1478968
-2562439
-2012381
151609
-1205932
-507274
-2790345
-4582646
-3907388
-4900907
-164200
-90198
-2281621
214913
-2948665
-491986
231386
-870896
-3804213
-1621477
-1033523
-355838
-128227
-1219053
-2990384
-150206
-1771457
354062
-3999259
-719627
-53841
-1966840
-3203788
-2037947
-2065032
807906
-488879
205888
-187317
-268095
-2655705
-3334752
-2262133
-4169099
-63022
77961
-475418
-3971860
-5290930
-781774
-157728
-3433121
-5425275
-2420277
-2445520
-3255387
-687707
-4535728
-3727623
-1264074
-3504838
-1531487
765256
-822312
-4701935
-4087591
-546030
-191835
290233
-963709
-398274
-846238
-2286589
-2719925
-4338613
-354494
-2115722
1168411
-3498724
-875114
-4205000
-1760630
-4616152
-363459
229630
879691
-3659119
-1339548
-3526267
-2439587
-766232
219738
-2517349
1069155
-1026356
-2012374
-3248129
-2181553
-3811297
-555296
-4722484
-108197
38451
-2416976
26887
1497478
-5464666
-1210415
-215622
-3017936
-3330725
-945914
-3504313
-2897854
-2366188
231577
-2304088
-2853995
-1890363
-1776191
-964540
-680941
2013126
-333081
-2840892
-3466736
-4955665
-3029938
-3119061
-3355182
-1594951
-4731120
-362871
-614830
-175011
-4007735
3244
-751124
-3156591
-2689121
-2615012
-647851
-1200947
-498118
74032
-4091567
-1894368
-4403752
-5598042
-1955966
-2866529
-4217468
-948226
-2584715
-4384896
-3265124
-2220955
-1462732
928456
-2299383
-1690955
-2992194
-2819814
-2957283
-37430
374399
-2079158
-114907
-3942884
-4541675
-687155
-3852519
-1058001
-3151450
-3617810
-1616585
-4469169
-1917399
-3110215
-4262229
-457502
-4461785
9535
435298
411940
-65480
-2961884
-149578
-155062
-694037
-410255
666979
-3129493
-994396
-1537723
-2647981
-951431
-2283123
217229
-1152133
-5976564
549067
-1174487
-1803567
1056388
-1975044
454407
-2660788
-645485
-5227325
-3095453
-1198728
-883307
514430
-1278437
-3960513
-2696783
1305206
1013304
-1550331
-2450538
576133
-3005543
-81024
-541975
551513
-1368202
-4621929
170556
-3881562
-1919619
-755955
-515403
-3454050
-3272750
-1452943
-3336103
-3650422
-3027066
-99504
-428002
-2547507
-3128646
-4096386
33362
-336543
-1309231
-4490397
-4841246
-3655288
42598
714403
-622551
-4189943
-2563083
-703180
-880831
888900
-246542
-90281
109744
-2846556
-412958
-1902286
52004
-3565714
-4000648
-5275957
77515
-3869223
-4151391
-1621756
577635
-2337629
-594858
-2461455
-1388846
-3785215
468295
-729691
-5287202
-640601
-1637971
-1446306
-2677417
-2675781
473312
-3906221
-2742128
578017
-1602047
-65117
-233488
-1231563
-2034572
-5336015
-1479010
259377
-167803
106852
-319044
225180
-453497
-3123024
-4011234
-2186505
-1543529
-11854
-3738625
223849
-4457520
-3011715
-1409581
-1071258
-1152118
-961521
296924
-610320
-2969864
-1069063
-235376
-416839
-3886382
-3315265
761627
-4842171
-3413769
1224006
-1041533
-1936019
-4289922
-4282330
290062
-2319131
199347
-941320
-1512570
-110290
-3110426
168055
483369
-5482563
-40950
-1072233
-1632199
963829
-1235935
-3947218
-3720395
-2925660
-3007166
-1946591
-3307595
362894
1200306
227884
-4015031
-1673111
-661925
-3495553
-2331611
-1494020
-1738197
-993366
-3087969
-95925
-2984633
423917
81999
199640
-1017967
-137851
-4043607
-253012
-4903411
260672
395643
-2736939
719110
-225823
-429449
-3266717
-2822087
185226
-469044
682268
-4430370
-3851205
-206922
-375223
-3234525
-630730
-3595641
-239285
-275056
-997460
-3098458
-162512
-2760915
-3940136
-75991
-1968142
-3888084
588785
-5315582
-2571351
326345
631276
-643510
195583
-357313
-924297
-3301824
-4443229
-3730864
-518586
-3349396
-2382426
-3241015
-4218900
145453
-2247798
-3939774
-471290
-1137573
-1057015
-4994226
-4609200
-2313257
-2406294
-3305504
863784
27639
568361
334893
-223012
-2597351
-4157924
1402625
-289458
-392011
1067926
101106
-2951612
-605547
419216
-294978
-1816012
-413535
-4314093
-721828
456215
-3654064
-2003853
-750876
-878966
1784861
386556
-4271094
-2021455
159806
-4598442
-773341
-675532
-4190996
-526069
458058
-580465
-661905
-1471434
-3517207
-3542862
-147386
-1508688
-628941
-3705906
-3482730
-2878335
-734463
-3351848
566799
1457636
-1440730
-3128856
-4215588
-2230923
-5191391
-2273030
2054976
763505
-2953684
-863478
-1494900
-3078106
-268631
-216323
-1042673
280465
676140
-4109963
-4614161
618432
-3946698
-931330
-3114537
-1976106
-2975371
-4475821
-2332235
-4163819
-3302745
-1459168
-3199450
-1078020
-1134760
-2016855
-571765
-2429676
-4726569
-2031731
-2572502
213727
-3457882
-1387946
-2858008
-2220664
356657
-1391613
-1539144
-2402777
-2189659
520880
-1638346
-1523235
-2595357
-3655807
-1440863
237674
-2873696
-1605555
111153
-406395
664918
-2573399
-4218958
-2347135
-4412464
-3598673
-618302
-4615402
76795
-893994
-4931003
-868415
-1089996
-4791024
-1338071
-14162
-3974810
-1809523
-772024
-3982829
679035
-4762624
-3494809
-464094
-2421377
-727408
-4780604
1602562
-134758
-349726
-4649642
-3178545
-2679868
128067
-3515176
-2465514
-2137451
-2452498
1122096
-2993546
-3215254
-4018005
1248756
-759703
-1328509
-1643706
-766369
1184560
-2563653
-2769628
-3985624
1512612
-1205408
2953063
-2224879
-2188885
-1298066
-1999654
-1494006
-2634333
-4050694
-6036907
174563
1075636
850103
-885549
-1414146
1529974
631947
-3566748
-6204960
-2847611
-3588191
-3460227
-518568
-19884
-4468928
22804
-2572397
371328
-3482910
2251514
-1375368
-1611928
-577797
-1731145
-1864665
636917
691866
-527410
-3013786
-229123
-2666610
1189373
-1442551
-3041436
-786340
-4290774
-3748685
-514850
-307914
-3907643
-3294091
-4171521
-5113072
14817
405339
-3461551
874974
-3281565
-70698
-306926
349190
-177887
847928
-1479649
-1274046
127771
-2641818
-2491594
-2500030
-468848
-1583250
-2510947
-3651681
286586
311735
-1060168
-423777
-1782069
-913229
-3787974
-2771370
-4345289
-2443788
-2215628
137681
-2404741
-2272823
-245013
-3578455
-1451876
-2911945
-5200829
-3720587
309044
-3075231
-1260110
593632
-965156
-4812814
-315287
-559125
-12236
-702148
-3077967
-3398631
-188117
341802
-1286324
-1777017
-332311
-3616828
1160584
-3959115
-2640265
378090
-2560767
-86759
-4580429
-4302808
553912
-91398
-3710046
-2845220
-1226067
-1339846
-1309205
-739357
-1414335
-3848837
-3460319
-1292503
-3480516
-1984287
-1108910
900140
333535
145762
-2833244
593822
165416
-3963950
-1451243
-916633
-3924186
-5143474
-4169780
-2335698
-584536
-3506014
-1281366
-12886
-798337
-3293510
604776
-3015701
390392
-4413951
-2417499
432281
1596933
-2668700
-2770566
-3919822
615519
-4488693
-3112346
1430893
-3823246
-3753923
220415
-1133564
-2701695
-1516492
-417965
-27266
-1618994
-2457599
-4532940
304251
-179270
-1701831
-1243138
-4650163
-1755294
-4126600
-4252110
-3651789
-2728762
822679
-4434162
-2381706
163115
-3797155
-3236052
1278896
-2485216
436623
345040
-3873065
-3590436
-1880716
-727816
-581937
-5012599
-697492
-4321684
-1256914
-242784
-1083186
52848
-323316
132337
-1789256
-171294
-1427465
-1955518
-474733
-1669993
-1470991
1265453
-5123606
-4660743
172619
-3157854
-4914846
705614
-3024451
-669309
-3557127
442489
-2408822
1125492
-3700084
-4206425
-4556730
453748
-2499703
-3141034
-510694
-2590483
-4103349
-3571553
83379
1463273
681496
-3052302
1241447
-672650
219360
-1172805
-3833689
-4560721
905667
314537
-4187559
-2755662
-2723479
822802
1109253
-2112956
-2804036
-5222322
-639057
-4923043
-2512975
-4151505
-3461955
-4038934
-203016
-184219
211888
-114326
-1114899
168514
-2303572
-3708482
-2773778
-2071284
-5445369
-284954
-4812886
-548315
-4360553
-192901
-2537510
-2242248
-3959636
-2991138
-2277298
822967
-3922543
1409232
-2468394
760660
-3356361
-3565094
-29631
-441101
-782736
-4527085
952023
-2418244
-2845673
-347814
-202188
-4291929
-2989924
-512937
-2792519
-3946718
693196
-3363604
-760039
-3688761
-1550810
1208889
757421
-1597882
-365039
-2957694
-1860257
-377317
-401352
-4087096
-756838
-1619846
-4195964
1531789
-4716132
-4126288
-230739
-4135351
-3259421
-4119400
-1144334
-2311144
1017774
-707864
-129558
569736
435412
-1164684
-3124446
-1175726
-105161
617130
-2699001
327102
-3133595
348765
779953
-502407
-3665520
-724306
-483535
21780
-1705084
-736478
-4358178
-654568
-4156597
-1059101
-810022
-1040056
1429775
-554309
-138025
1538551
-257687
-164564
-3177639
-2294150
-553865
-653435
-1119136
-1853031
-251154
-2540926
-2739539
-1644450
795768
243872
478118
-1410900
-926014
43585
986661
-282285
5577
211941
-4311272
-3101418
280571
-234599
-3672101
-1885356
-2979034
-4349846
-2860912
-4416471
-5035741
-1346152
-806547
-2040734
-4851652
-166024
-5036589
-4400816
-3059931
-387918
-139279
-1672326
-114569
-692725
-3656222
-406501
-3149808
548810
-5280779
-1652747
-1856308
-489368
-1392620
-1316361
-2838655
-3290792
-111333
-3288069
-3048111
-3404727
-3930389
-571287
-3126743
-3596077
1286583
-3152286
-222506
-3870876
-128255
-449647
-1371846
-3635405
-3981796
22528
114331
-657602
-2911242
-5022397
482192
-3311870
-518675
-2490873
-1575744
-2397596
117845
-3510481
-102412
-988795
-3941630
-1168228
-505326
-1787878
-4617291
447630
-1435872
-3898833
-4334175
-5059246
-2076317
-330121
-2335992
-2950407
-530285
1355919
-2983897
-4312964
-2027777
-3567466
276170
98934
-2740729
-3439186
-2004974
-849998
122270
783630
-1540325
-309035
1077370
-480900
-4097241
854089
-706075
-3422510
-2179489
488609
-2437970
-1331212
-115498
114629
-3819947
-3984977
66635
-1093655
-2160357
-2360630
-3765469
-3300939
-3253201
-3378568
-1270264
-1456248
-2880816
290971
-1269534
800305
-492297
-3314717
-1245468
-3141277
-992563
365439
737497
-790436
-2731079
-601356
-1495146
-517335
-1671093
-3948916
-3501919
-423562
603147
-3492562
-3693987
-2008663
609295
-4075050
-3726602
-3915290
-232092
-506731
-3955751
-659033
-1349996
-4533044
-1525809
-4238001
-3162641
-3706413
-2504864
87404
-1587597
-156419
-3257729
-3822530
-2314638
-3778556
-4304513
-2745678
-1251497
-4751567
-2702391
-4409373
-1814535
-4343394
493072
-2346091
-2636449
-3739572
-1631790
79753
-1015454
-4293497
-5055416
-152975
-1037659
-4015378
-4427478
254402
269463
-2322290
-1257095
-4389358
-1962579
-890289
-2864245
-2022170
-185556
5601
-3028469
-3086082
-3902774
-54396
-2703901
-2212445
-4153498
-315015
-3383175
1314937
-2349060
-3031358
-5447949
339034
-397838
562947
677761
-576935
-3401114
-894097
-2106256
-305913
-266883
-109347
-1370813
-3185578
