2916
451584
228484
441
41616
15376
170569
929296
829921
55225
9409
613089
958441
1024
135424
279841
649636
429025
64516
154449
91204
508369
994009
76176
1156
391876
448900
423801
784996
343396
154449
27556
546121
380689
289444
2304
42436
303601
855625
962361
732736
683929
521284
465124
427716
11025
318096
55696
4225
288369
53361
309136
369664
236196
313600
1089
480249
929296
4
815409
152100
77284
178084
49
105625
321489
879844
285156
142884
829921
609961
280900
185761
389376
2500
792100
853776
850084
644809
7225
163216
17161
46656
338724
540225
361
6561
253009
93636
506944
968256
10000
824464
219961
8100
47089
499849
313600
564001
715716
252004
76176
14161
390625
300304
99856
135424
931225
700569
136161
22500
373321
165649
329476
136900
12100
13456
819025
192721
26569
154449
72361
5184
50176
568516
171396
127449
414736
212521
978121
984064
186624
929296
275625
403225
198025
638401
169
366025
611524
938961
91809
212521
77284
893025
262144
635209
157609
169
57600
708964
786769
850084
24336
189225
1444
91809
114921
819025
693889
21316
133956
611524
81225
196249
944784
555025
393129
87616
414736
399424
568516
1024
384400
294849
889249
71824
103041
495616
28561
354025
7744
47961
298116
5929
169
12769
373321
4489
544644
257049
65025
94864
8281
908209
501264
47961
39601
429025
42025
87025
628849
792100
710649
1225
772641
90000
478864
20449
434281
883600
597529
484
289
682276
753424
729
692224
289
628849
385641
712336
438244
6241
161604
143641
193600
301401
881721
576081
18496
820836
115600
393129
4489
102400
123904
47524
15625
64
324
698896
4225
8836
349281
749956
756900
338724
722500
524176
595984
2209
703921
390625
430336
399424
404496
758641
670761
937024
100489
501264
820836
23716
123904
41616
422500
288369
36864
189225
188356
4096
105625
81225
948676
320356
38416
824464
430336
73441
373321
851929
113569
6084
246016
616225
1089
28900
17161
625681
712336
42436
129600
139129
611524
285156
288369
487204
140625
7569
685584
822649
443556
933156
508369
484
942841
490000
321489
207025
42849
82944
16129
606841
380689
190969
440896
582169
16900
769129
85849
63001
18496
550564
960400
80656
89401
622521
62001
407044
608400
508369
16900
820836
2916
954529
547600
237169
288369
61504
917764
308025
11664
5041
126736
284089
384400
204304
229441
74529
5625
161604
822649
32041
70756
452929
148225
221841
305809
439569
128164
451584
770884
744769
646416
78400
7225
680625
516961
876096
627264
120409
281961
984064
39601
86436
59536
58081
88209
582169
962361
986049
233289
256
2025
483025
817216
10404
146689
221841
806404
978121
174724
322624
627264
362404
848241
712336
1600
159201
896809
78400
919681
19321
547600
267289
330625
105625
514089
146689
495616
8281
546121
115600
990025
207025
24336
252004
131044
561001
378225
309136
883600
357604
182329
45796
77841
288369
97344
379456
844561
264196
743044
62001
552049
6889
32041
853776
797449
23716
23409
64516
708964
866761
844561
1
1764
147456
550564
790321
442225
116964
303601
933156
6241
509796
137641
380689
2116
672400
233289
422500
342225
465124
431649
986049
172225
891136
39601
189225
4096
57121
140625
1521
339889
739600
84100
401956
6561
26244
205209
322624
29929
148996
246016
559504
76176
66564
201601
820836
808201
837225
54289
546121
101124
331776
549081
61504
921600
646416
3136
724201
625
927369
178929
334084
191844
211600
205209
157609
677329
597529
22801
4489
177241
287296
126025
719104
196249
5929
95481
314721
2916
690561
432964
168921
1024
632025
543169
409600
216225
268324
91204
751689
935089
165649
304704
576081
107584
27225
4900
175561
292681
188356
206116
323761
669124
147456
8836
304704
2601
896809
2209
171396
452929
429025
86436
863041
672400
403225
32400
369664
182329
625681
7921
978121
413449
75076
16
799236
121801
904401
164836
753424
210681
82944
790321
144400
511225
196249
670761
660969
132496
327184
552049
238144
231361
63504
17689
87025
11881
7921
16384
613089
268324
320356
28561
207025
85264
71824
26244
12100
488601
10816
106276
12544
440896
758641
935089
381924
113569
861184
25600
729316
18496
124609
480249
103041
23104
635209
140625
121
652864
595984
300304
376996
78961
29241
348100
499849
511225
514089
217156
923521
573049
476100
573049
529
38416
33856
34596
685584
299209
192721
123201
164025
456976
97969
762129
165649
285156
298116
960400
7396
153664
583696
25600
190969
811801
30276
287296
982081
40000
171396
931225
660969
591361
385641
988036
43264
430336
23716
908209
19044
381924
667489
49729
25600
361
60025
59049
3481
335241
582169
258064
69696
344569
708964
17424
883600
543169
984064
516961
974169
682276
96100
579121
477481
861184
664225
398161
301401
810000
10201
183184
318096
52900
561001
42849
102400
273529
633616
44521
502681
416025
108241
14400
238144
142129
883600
6400
487204
484
665856
571536
776161
864900
2916
10609
41209
88209
75076
737881
15376
331776
654481
203401
223729
872356
55225
1089
346921
1296
96100
28561
458329
540225
354025
1444
262144
94864
24649
364816
410881
26569
22500
622521
801025
165649
204304
49729
374544
660969
95481
492804
81225
343396
576081
715716
343396
51076
266256
784
165649
935089
354025
917764
749956
529
88209
388129
81796
410881
669124
46656
664225
43681
335241
316969
471969
412164
58564
643204
1000000
344569
81
102400
14884
741321
675684
426409
2209
501264
964324
788544
171396
197136
725904
9216
366025
106276
898704
583696
71289
544644
769129
898704
385641
6241
857476
36481
33489
656100
153664
72900
755161
824464
5929
748225
476100
14161
321489
678976
2304
148225
535824
366025
680625
850084
952576
390625
73441
9801
363609
896809
172225
829921
267289
78400
13225
758641
159201
717409
2209
118336
913936
549081
94864
27889
848241
25921
7056
323761
238144
360000
42025
456976
59049
594441
272484
119716
625681
245025
438244
450241
396900
68644
432964
640000
605284
364816
876096
101124
199809
597529
463761
55696
278784
597529
573049
27225
755161
313600
361201
556516
144
131769
515524
403225
56169
656100
429025
466489
79524
414736
155236
6561
887364
394384
434281
583696
219961
361201
715716
320356
17689
331776
571536
184041
620944
20736
96721
116964
910116
302500
654481
19044
238144
232324
19044
244036
667489
556516
776161
213444
440896
49284
76729
224676
280900
318096
795664
67081
441
8649
241081
398161
579121
859329
140625
534361
770884
144400
176400
720801
3025
21609
226576
109561
933156
96100
44100
128164
312481
446224
349281
864900
603729
3969
157609
160801
864900
788544
522729
857476
315844
792100
760384
222784
63504
753424
203401
815409
166464
851929
777924
408321
810000
254016
31329
156025
426409
769129
36100
942841
430336
900
21609
1
1002001
